2025-07-29 11:00:05,446 - INFO - 🌤️  每日自动天气数据收集开始
2025-07-29 11:00:05,447 - INFO - ============================================================
2025-07-29 11:00:05,447 - INFO - ⏰ 执行时间: 2025-07-29 11:00:05
2025-07-29 11:00:05,447 - INFO - 🎯 目标: 自动收集昨天所有13个地区(济南市+12个区县)的天气数据并存入数据库
2025-07-29 11:00:05,447 - INFO - ============================================================
2025-07-29 11:00:05,447 - INFO - 🔍 检查系统状态...
2025-07-29 11:00:06,806 - INFO - ✅ MySQL连接正常
2025-07-29 11:00:09,346 - INFO - ✅ 网络连接正常
2025-07-29 11:00:09,346 - INFO - ✅ 系统状态检查完成
2025-07-29 11:00:09,347 - INFO - 
🔄 执行步骤1: 生成JWT Token...
2025-07-29 11:00:09,347 - INFO - 🔑 自动生成JWT Token...
2025-07-29 11:00:09,363 - INFO - ✅ JWT Token生成成功，有效期10小时
2025-07-29 11:00:09,363 - INFO - ✅ 步骤1完成 - JWT Token生成成功
2025-07-29 11:00:09,363 - INFO - 
🔄 执行步骤2: 获取昨天所有13个地区的天气数据...
2025-07-29 11:00:09,363 - INFO - 🌤️ 开始获取昨天所有13个地区的天气数据...
2025-07-29 11:00:09,363 - INFO - 正在获取 济南市(101120101) 20250728 的天气数据...
2025-07-29 11:00:10,138 - INFO - ✅ 济南市 成功获取 24 条记录
2025-07-29 11:00:10,138 - INFO - 正在获取 长清区(101120102) 20250728 的天气数据...
2025-07-29 11:00:11,136 - INFO - ✅ 长清区 成功获取 24 条记录
2025-07-29 11:00:11,137 - INFO - 正在获取 商河县(101120103) 20250728 的天气数据...
2025-07-29 11:00:12,074 - INFO - ✅ 商河县 成功获取 24 条记录
2025-07-29 11:00:12,075 - INFO - 正在获取 章丘区(101120104) 20250728 的天气数据...
2025-07-29 11:00:12,734 - INFO - ✅ 章丘区 成功获取 24 条记录
2025-07-29 11:00:12,734 - INFO - 正在获取 平阴县(101120105) 20250728 的天气数据...
2025-07-29 11:00:13,427 - INFO - ✅ 平阴县 成功获取 24 条记录
2025-07-29 11:00:13,427 - INFO - 正在获取 济阳区(101120106) 20250728 的天气数据...
2025-07-29 11:00:15,019 - INFO - ✅ 济阳区 成功获取 24 条记录
2025-07-29 11:00:15,020 - INFO - 正在获取 历下区(101120107) 20250728 的天气数据...
2025-07-29 11:00:15,676 - INFO - ✅ 历下区 成功获取 24 条记录
2025-07-29 11:00:15,676 - INFO - 正在获取 市中区(101120108) 20250728 的天气数据...
2025-07-29 11:00:17,101 - INFO - ✅ 市中区 成功获取 24 条记录
2025-07-29 11:00:17,101 - INFO - 正在获取 槐荫区(101120109) 20250728 的天气数据...
2025-07-29 11:00:17,576 - INFO - ✅ 槐荫区 成功获取 24 条记录
2025-07-29 11:00:17,581 - INFO - 正在获取 天桥区(101120110) 20250728 的天气数据...
2025-07-29 11:00:18,119 - INFO - ✅ 天桥区 成功获取 24 条记录
2025-07-29 11:00:18,121 - INFO - 正在获取 历城区(101120111) 20250728 的天气数据...
2025-07-29 11:00:18,545 - INFO - ✅ 历城区 成功获取 24 条记录
2025-07-29 11:00:18,545 - INFO - 正在获取 莱芜区(101121601) 20250728 的天气数据...
2025-07-29 11:00:18,942 - INFO - ✅ 莱芜区 成功获取 24 条记录
2025-07-29 11:00:18,943 - INFO - 正在获取 钢城区(101121603) 20250728 的天气数据...
2025-07-29 11:00:19,585 - INFO - ✅ 钢城区 成功获取 24 条记录
2025-07-29 11:00:19,586 - INFO - ✅ 总计成功获取 13/13 个地区的天气数据，共 312 条记录
2025-07-29 11:00:19,586 - INFO - ✅ 步骤2完成 - 天气数据获取成功
2025-07-29 11:00:19,586 - INFO - 
🔄 执行步骤3: 保存数据到数据库...
2025-07-29 11:00:19,586 - INFO - 💾 开始保存所有地区的天气数据到数据库...
2025-07-29 11:00:19,612 - INFO - ✅ 数据库初始化完成
2025-07-29 11:00:19,612 - INFO - 正在保存 济南市(101120101) 的 24 条记录...
2025-07-29 11:00:19,628 - WARNING - ⚠️ 济南市 数据保存返回格式异常
2025-07-29 11:00:19,628 - INFO - 正在保存 长清区(101120102) 的 24 条记录...
2025-07-29 11:00:19,635 - INFO - ✅ 长清区 保存完成: 新增24条，更新0条
2025-07-29 11:00:19,635 - INFO - 正在保存 商河县(101120103) 的 24 条记录...
2025-07-29 11:00:19,642 - INFO - ✅ 商河县 保存完成: 新增24条，更新0条
2025-07-29 11:00:19,643 - INFO - 正在保存 章丘区(101120104) 的 24 条记录...
2025-07-29 11:00:19,651 - INFO - ✅ 章丘区 保存完成: 新增24条，更新0条
2025-07-29 11:00:19,651 - INFO - 正在保存 平阴县(101120105) 的 24 条记录...
2025-07-29 11:00:19,656 - INFO - ✅ 平阴县 保存完成: 新增24条，更新0条
2025-07-29 11:00:19,657 - INFO - 正在保存 济阳区(101120106) 的 24 条记录...
2025-07-29 11:00:19,662 - INFO - ✅ 济阳区 保存完成: 新增24条，更新0条
2025-07-29 11:00:19,662 - INFO - 正在保存 历下区(101120107) 的 24 条记录...
2025-07-29 11:00:19,668 - INFO - ✅ 历下区 保存完成: 新增24条，更新0条
2025-07-29 11:00:19,668 - INFO - 正在保存 市中区(101120108) 的 24 条记录...
2025-07-29 11:00:19,674 - INFO - ✅ 市中区 保存完成: 新增24条，更新0条
2025-07-29 11:00:19,674 - INFO - 正在保存 槐荫区(101120109) 的 24 条记录...
2025-07-29 11:00:19,679 - INFO - ✅ 槐荫区 保存完成: 新增24条，更新0条
2025-07-29 11:00:19,679 - INFO - 正在保存 天桥区(101120110) 的 24 条记录...
2025-07-29 11:00:19,685 - INFO - ✅ 天桥区 保存完成: 新增24条，更新0条
2025-07-29 11:00:19,685 - INFO - 正在保存 历城区(101120111) 的 24 条记录...
2025-07-29 11:00:19,690 - INFO - ✅ 历城区 保存完成: 新增24条，更新0条
2025-07-29 11:00:19,691 - INFO - 正在保存 莱芜区(101121601) 的 24 条记录...
2025-07-29 11:00:19,697 - INFO - ✅ 莱芜区 保存完成: 新增24条，更新0条
2025-07-29 11:00:19,697 - INFO - 正在保存 钢城区(101121603) 的 24 条记录...
2025-07-29 11:00:19,703 - INFO - ✅ 钢城区 保存完成: 新增24条，更新0条
2025-07-29 11:00:19,703 - INFO - ✅ 所有地区小时数据保存完成: 总计新增288条，更新0条
2025-07-29 11:00:19,710 - INFO - ✅ 每日汇总计算完成
2025-07-29 11:00:19,710 - INFO - ✅ 步骤3完成 - 数据保存成功
2025-07-29 11:00:19,710 - INFO - 
🔄 执行步骤4: 生成统计报告...
2025-07-29 11:00:19,710 - INFO - 📊 获取数据库统计信息...
2025-07-29 11:00:20,047 - INFO - 📈 数据库统计信息:
2025-07-29 11:00:20,048 - ERROR - ❌ 获取统计信息失败: 'hourly_count'
2025-07-29 11:00:20,048 - WARNING - ⚠️ 步骤4失败 - 统计报告生成失败
2025-07-29 11:00:20,048 - INFO - 
============================================================
2025-07-29 11:00:20,048 - INFO - 🎉 每日自动执行完全成功！
2025-07-29 11:00:20,048 - INFO - 📊 执行结果:
2025-07-29 11:00:20,048 - INFO -    - JWT Token生成: ✅
2025-07-29 11:00:20,048 - INFO -    - 天气数据获取(13个地区): ✅
2025-07-29 11:00:20,048 - INFO -    - 数据库保存(13个地区): ✅
2025-07-29 11:00:20,048 - INFO -    - 统计报告: ✅
2025-07-29 11:00:20,048 - INFO - 📅 下次执行时间: 明天早上9:30
2025-07-29 11:00:20,048 - INFO - ============================================================
2025-07-29 11:00:20,049 - INFO - ✅ 每日自动执行完成，无需人工干预
2025-07-29 17:54:06,861 - INFO - 🔑 自动生成JWT Token...
2025-07-29 17:54:06,862 - INFO - ✅ JWT Token生成成功，有效期10小时
