2025-07-24 15:12:44,256 - INFO - 🌤️  每日自动天气数据收集开始
2025-07-24 15:12:44,256 - INFO - ============================================================
2025-07-24 15:12:44,256 - INFO - ⏰ 执行时间: 2025-07-24 15:12:44
2025-07-24 15:12:44,256 - INFO - 🎯 目标: 自动收集昨天的天气数据并存入数据库
2025-07-24 15:12:44,256 - INFO - ============================================================
2025-07-24 15:12:44,256 - INFO - 🔍 检查系统状态...
2025-07-24 15:12:44,832 - INFO - ✅ MySQL连接正常
2025-07-24 15:12:45,335 - INFO - ✅ 网络连接正常
2025-07-24 15:12:45,335 - INFO - ✅ 系统状态检查完成
2025-07-24 15:12:45,336 - INFO - 
🔄 执行步骤1: 生成JWT Token...
2025-07-24 15:12:45,336 - INFO - 🔑 自动生成JWT Token...
2025-07-24 15:12:45,352 - INFO - ✅ JWT Token生成成功，有效期10小时
2025-07-24 15:12:45,352 - INFO - ✅ 步骤1完成 - JWT Token生成成功
2025-07-24 15:12:45,352 - INFO - 
🔄 执行步骤2: 获取昨天的天气数据...
2025-07-24 15:12:45,352 - INFO - 🌤️ 开始获取昨天的天气数据...
2025-07-24 15:12:45,352 - INFO - 正在获取 20250723 的天气数据...
2025-07-24 15:12:45,791 - INFO - ✅ 成功获取天气数据，共 24 条记录
2025-07-24 15:12:45,792 - INFO - ✅ 步骤2完成 - 天气数据获取成功
2025-07-24 15:12:45,792 - INFO - 
🔄 执行步骤3: 保存数据到数据库...
2025-07-24 15:12:45,792 - INFO - 💾 开始保存天气数据到数据库...
2025-07-24 15:12:45,816 - INFO - ✅ 数据库初始化完成
2025-07-24 15:12:45,837 - WARNING - ⚠️ 小时数据保存返回格式异常
2025-07-24 15:12:45,837 - INFO - ✅ 小时数据保存尝试完成
2025-07-24 15:12:45,846 - INFO - ✅ 每日汇总计算完成
2025-07-24 15:12:45,846 - INFO - ✅ 步骤3完成 - 数据保存成功
2025-07-24 15:12:45,847 - INFO - 
🔄 执行步骤4: 生成统计报告...
2025-07-24 15:12:45,847 - INFO - 📊 获取数据库统计信息...
2025-07-24 15:12:45,974 - INFO - 📈 数据库统计信息:
2025-07-24 15:12:45,974 - INFO -    小时数据: 288 条
2025-07-24 15:12:45,974 - INFO -    每日数据: 12 条
2025-07-24 15:12:45,974 - INFO -    最新小时数据: 2025-07-23 23:00:00
2025-07-24 15:12:45,974 - INFO -    最新每日数据: 2025-07-23
2025-07-24 15:12:45,974 - INFO - ✅ 步骤4完成 - 统计报告生成成功
2025-07-24 15:12:45,974 - INFO - 
============================================================
2025-07-24 15:12:45,974 - INFO - 🎉 每日自动执行完全成功！
2025-07-24 15:12:45,974 - INFO - 📊 执行结果:
2025-07-24 15:12:45,974 - INFO -    - JWT Token生成: ✅
2025-07-24 15:12:45,974 - INFO -    - 天气数据获取: ✅
2025-07-24 15:12:45,974 - INFO -    - 数据库保存: ✅
2025-07-24 15:12:45,974 - INFO -    - 统计报告: ✅
2025-07-24 15:12:45,974 - INFO - 📅 下次执行时间: 明天早上9:30
2025-07-24 15:12:45,974 - INFO - ============================================================
2025-07-24 15:12:45,974 - INFO - ✅ 每日自动执行完成，无需人工干预
2025-07-24 15:17:09,450 - INFO - 🌤️  每日自动天气数据收集开始
2025-07-24 15:17:09,450 - INFO - ============================================================
2025-07-24 15:17:09,450 - INFO - ⏰ 执行时间: 2025-07-24 15:17:09
2025-07-24 15:17:09,450 - INFO - 🎯 目标: 自动收集昨天的天气数据并存入数据库
2025-07-24 15:17:09,450 - INFO - ============================================================
2025-07-24 15:17:09,450 - INFO - 🔍 检查系统状态...
2025-07-24 15:17:09,726 - INFO - ✅ MySQL连接正常
2025-07-24 15:17:09,945 - INFO - ✅ 网络连接正常
2025-07-24 15:17:09,945 - INFO - ✅ 系统状态检查完成
2025-07-24 15:17:09,945 - INFO - 
🔄 执行步骤1: 生成JWT Token...
2025-07-24 15:17:09,945 - INFO - 🔑 自动生成JWT Token...
2025-07-24 15:17:09,959 - INFO - ✅ JWT Token生成成功，有效期10小时
2025-07-24 15:17:09,959 - INFO - ✅ 步骤1完成 - JWT Token生成成功
2025-07-24 15:17:09,959 - INFO - 
🔄 执行步骤2: 获取昨天的天气数据...
2025-07-24 15:17:09,960 - INFO - 🌤️ 开始获取昨天的天气数据...
2025-07-24 15:17:09,960 - INFO - 正在获取 20250723 的天气数据...
2025-07-24 15:17:10,181 - INFO - ✅ 成功获取天气数据，共 24 条记录
2025-07-24 15:17:10,182 - INFO - ✅ 步骤2完成 - 天气数据获取成功
2025-07-24 15:17:10,182 - INFO - 
🔄 执行步骤3: 保存数据到数据库...
2025-07-24 15:17:10,182 - INFO - 💾 开始保存天气数据到数据库...
2025-07-24 15:17:10,190 - INFO - ✅ 数据库初始化完成
2025-07-24 15:17:10,201 - WARNING - ⚠️ 小时数据保存返回格式异常
2025-07-24 15:17:10,201 - INFO - ✅ 小时数据保存尝试完成
2025-07-24 15:17:10,205 - INFO - ✅ 每日汇总计算完成
2025-07-24 15:17:10,205 - INFO - ✅ 步骤3完成 - 数据保存成功
2025-07-24 15:17:10,205 - INFO - 
🔄 执行步骤4: 生成统计报告...
2025-07-24 15:17:10,205 - INFO - 📊 获取数据库统计信息...
2025-07-24 15:17:10,310 - INFO - 📈 数据库统计信息:
2025-07-24 15:17:10,310 - INFO -    小时数据: 288 条
2025-07-24 15:17:10,310 - INFO -    每日数据: 12 条
2025-07-24 15:17:10,310 - INFO -    最新小时数据: 2025-07-23 23:00:00
2025-07-24 15:17:10,310 - INFO -    最新每日数据: 2025-07-23
2025-07-24 15:17:10,310 - INFO - ✅ 步骤4完成 - 统计报告生成成功
2025-07-24 15:17:10,310 - INFO - 
============================================================
2025-07-24 15:17:10,310 - INFO - 🎉 每日自动执行完全成功！
2025-07-24 15:17:10,310 - INFO - 📊 执行结果:
2025-07-24 15:17:10,310 - INFO -    - JWT Token生成: ✅
2025-07-24 15:17:10,310 - INFO -    - 天气数据获取: ✅
2025-07-24 15:17:10,310 - INFO -    - 数据库保存: ✅
2025-07-24 15:17:10,310 - INFO -    - 统计报告: ✅
2025-07-24 15:17:10,310 - INFO - 📅 下次执行时间: 明天早上9:30
2025-07-24 15:17:10,310 - INFO - ============================================================
2025-07-24 15:17:10,310 - INFO - ✅ 每日自动执行完成，无需人工干预
