/Users/incarnation/Desktop/气象预测货物销售状况/mysql_db_utils.py:232: UserWarning: pandas only supports SQLAlchemy connectable (engine/connection) or database string URI or sqlite3 DBAPI2 connection. Other DBAPI2 objects are not tested. Please consider using SQLAlchemy.
  hourly_count = pd.read_sql_query(
/Users/incarnation/Desktop/气象预测货物销售状况/mysql_db_utils.py:236: UserWarning: pandas only supports SQLAlchemy connectable (engine/connection) or database string URI or sqlite3 DBAPI2 connection. Other DBAPI2 objects are not tested. Please consider using SQLAlchemy.
  daily_count = pd.read_sql_query(
/Users/incarnation/Desktop/气象预测货物销售状况/mysql_db_utils.py:241: UserWarning: pandas only supports SQLAlchemy connectable (engine/connection) or database string URI or sqlite3 DBAPI2 connection. Other DBAPI2 objects are not tested. Please consider using SQLAlchemy.
  latest_hourly = pd.read_sql_query(
/Users/incarnation/Desktop/气象预测货物销售状况/mysql_db_utils.py:245: UserWarning: pandas only supports SQLAlchemy connectable (engine/connection) or database string URI or sqlite3 DBAPI2 connection. Other DBAPI2 objects are not tested. Please consider using SQLAlchemy.
  latest_daily = pd.read_sql_query(
/Users/incarnation/Desktop/气象预测货物销售状况/mysql_db_utils.py:232: UserWarning: pandas only supports SQLAlchemy connectable (engine/connection) or database string URI or sqlite3 DBAPI2 connection. Other DBAPI2 objects are not tested. Please consider using SQLAlchemy.
  hourly_count = pd.read_sql_query(
/Users/incarnation/Desktop/气象预测货物销售状况/mysql_db_utils.py:236: UserWarning: pandas only supports SQLAlchemy connectable (engine/connection) or database string URI or sqlite3 DBAPI2 connection. Other DBAPI2 objects are not tested. Please consider using SQLAlchemy.
  daily_count = pd.read_sql_query(
/Users/incarnation/Desktop/气象预测货物销售状况/mysql_db_utils.py:241: UserWarning: pandas only supports SQLAlchemy connectable (engine/connection) or database string URI or sqlite3 DBAPI2 connection. Other DBAPI2 objects are not tested. Please consider using SQLAlchemy.
  latest_hourly = pd.read_sql_query(
/Users/incarnation/Desktop/气象预测货物销售状况/mysql_db_utils.py:245: UserWarning: pandas only supports SQLAlchemy connectable (engine/connection) or database string URI or sqlite3 DBAPI2 connection. Other DBAPI2 objects are not tested. Please consider using SQLAlchemy.
  latest_daily = pd.read_sql_query(
/Users/incarnation/Desktop/准动（银豹）/气象预测货物销售状况/mysql_db_utils.py:232: UserWarning: pandas only supports SQLAlchemy connectable (engine/connection) or database string URI or sqlite3 DBAPI2 connection. Other DBAPI2 objects are not tested. Please consider using SQLAlchemy.
  hourly_count = pd.read_sql_query(
/Users/incarnation/Desktop/准动（银豹）/气象预测货物销售状况/mysql_db_utils.py:236: UserWarning: pandas only supports SQLAlchemy connectable (engine/connection) or database string URI or sqlite3 DBAPI2 connection. Other DBAPI2 objects are not tested. Please consider using SQLAlchemy.
  daily_count = pd.read_sql_query(
/Users/incarnation/Desktop/准动（银豹）/气象预测货物销售状况/mysql_db_utils.py:241: UserWarning: pandas only supports SQLAlchemy connectable (engine/connection) or database string URI or sqlite3 DBAPI2 connection. Other DBAPI2 objects are not tested. Please consider using SQLAlchemy.
  latest_hourly = pd.read_sql_query(
/Users/incarnation/Desktop/准动（银豹）/气象预测货物销售状况/mysql_db_utils.py:245: UserWarning: pandas only supports SQLAlchemy connectable (engine/connection) or database string URI or sqlite3 DBAPI2 connection. Other DBAPI2 objects are not tested. Please consider using SQLAlchemy.
  latest_daily = pd.read_sql_query(
/Users/incarnation/Desktop/准动（银豹）/气象预测货物销售状况/mysql_db_utils.py:232: UserWarning: pandas only supports SQLAlchemy connectable (engine/connection) or database string URI or sqlite3 DBAPI2 connection. Other DBAPI2 objects are not tested. Please consider using SQLAlchemy.
  hourly_count = pd.read_sql_query(
/Users/incarnation/Desktop/准动（银豹）/气象预测货物销售状况/mysql_db_utils.py:236: UserWarning: pandas only supports SQLAlchemy connectable (engine/connection) or database string URI or sqlite3 DBAPI2 connection. Other DBAPI2 objects are not tested. Please consider using SQLAlchemy.
  daily_count = pd.read_sql_query(
/Users/incarnation/Desktop/准动（银豹）/气象预测货物销售状况/mysql_db_utils.py:241: UserWarning: pandas only supports SQLAlchemy connectable (engine/connection) or database string URI or sqlite3 DBAPI2 connection. Other DBAPI2 objects are not tested. Please consider using SQLAlchemy.
  latest_hourly = pd.read_sql_query(
/Users/incarnation/Desktop/准动（银豹）/气象预测货物销售状况/mysql_db_utils.py:245: UserWarning: pandas only supports SQLAlchemy connectable (engine/connection) or database string URI or sqlite3 DBAPI2 connection. Other DBAPI2 objects are not tested. Please consider using SQLAlchemy.
  latest_daily = pd.read_sql_query(
/Users/incarnation/Desktop/准动（银豹）/气象预测货物销售状况/mysql_db_utils.py:232: UserWarning: pandas only supports SQLAlchemy connectable (engine/connection) or database string URI or sqlite3 DBAPI2 connection. Other DBAPI2 objects are not tested. Please consider using SQLAlchemy.
  hourly_count = pd.read_sql_query(
/Users/incarnation/Desktop/准动（银豹）/气象预测货物销售状况/mysql_db_utils.py:236: UserWarning: pandas only supports SQLAlchemy connectable (engine/connection) or database string URI or sqlite3 DBAPI2 connection. Other DBAPI2 objects are not tested. Please consider using SQLAlchemy.
  daily_count = pd.read_sql_query(
/Users/incarnation/Desktop/准动（银豹）/气象预测货物销售状况/mysql_db_utils.py:241: UserWarning: pandas only supports SQLAlchemy connectable (engine/connection) or database string URI or sqlite3 DBAPI2 connection. Other DBAPI2 objects are not tested. Please consider using SQLAlchemy.
  latest_hourly = pd.read_sql_query(
/Users/incarnation/Desktop/准动（银豹）/气象预测货物销售状况/mysql_db_utils.py:245: UserWarning: pandas only supports SQLAlchemy connectable (engine/connection) or database string URI or sqlite3 DBAPI2 connection. Other DBAPI2 objects are not tested. Please consider using SQLAlchemy.
  latest_daily = pd.read_sql_query(
/Users/incarnation/Desktop/准动（银豹）/气象预测货物销售状况/mysql_db_utils.py:232: UserWarning: pandas only supports SQLAlchemy connectable (engine/connection) or database string URI or sqlite3 DBAPI2 connection. Other DBAPI2 objects are not tested. Please consider using SQLAlchemy.
  hourly_count = pd.read_sql_query(
/Users/incarnation/Desktop/准动（银豹）/气象预测货物销售状况/mysql_db_utils.py:236: UserWarning: pandas only supports SQLAlchemy connectable (engine/connection) or database string URI or sqlite3 DBAPI2 connection. Other DBAPI2 objects are not tested. Please consider using SQLAlchemy.
  daily_count = pd.read_sql_query(
/Users/incarnation/Desktop/准动（银豹）/气象预测货物销售状况/mysql_db_utils.py:241: UserWarning: pandas only supports SQLAlchemy connectable (engine/connection) or database string URI or sqlite3 DBAPI2 connection. Other DBAPI2 objects are not tested. Please consider using SQLAlchemy.
  latest_hourly = pd.read_sql_query(
/Users/incarnation/Desktop/准动（银豹）/气象预测货物销售状况/mysql_db_utils.py:245: UserWarning: pandas only supports SQLAlchemy connectable (engine/connection) or database string URI or sqlite3 DBAPI2 connection. Other DBAPI2 objects are not tested. Please consider using SQLAlchemy.
  latest_daily = pd.read_sql_query(
/Users/incarnation/Desktop/准动（银豹）/气象预测货物销售状况/mysql_db_utils.py:423: UserWarning: pandas only supports SQLAlchemy connectable (engine/connection) or database string URI or sqlite3 DBAPI2 connection. Other DBAPI2 objects are not tested. Please consider using SQLAlchemy.
  city_hourly_count = pd.read_sql_query(
/Users/incarnation/Desktop/准动（银豹）/气象预测货物销售状况/mysql_db_utils.py:427: UserWarning: pandas only supports SQLAlchemy connectable (engine/connection) or database string URI or sqlite3 DBAPI2 connection. Other DBAPI2 objects are not tested. Please consider using SQLAlchemy.
  city_daily_count = pd.read_sql_query(
/Users/incarnation/Desktop/准动（银豹）/气象预测货物销售状况/mysql_db_utils.py:432: UserWarning: pandas only supports SQLAlchemy connectable (engine/connection) or database string URI or sqlite3 DBAPI2 connection. Other DBAPI2 objects are not tested. Please consider using SQLAlchemy.
  districts_hourly_count = pd.read_sql_query(
/Users/incarnation/Desktop/准动（银豹）/气象预测货物销售状况/mysql_db_utils.py:436: UserWarning: pandas only supports SQLAlchemy connectable (engine/connection) or database string URI or sqlite3 DBAPI2 connection. Other DBAPI2 objects are not tested. Please consider using SQLAlchemy.
  districts_daily_count = pd.read_sql_query(
/Users/incarnation/Desktop/准动（银豹）/气象预测货物销售状况/mysql_db_utils.py:441: UserWarning: pandas only supports SQLAlchemy connectable (engine/connection) or database string URI or sqlite3 DBAPI2 connection. Other DBAPI2 objects are not tested. Please consider using SQLAlchemy.
  city_latest_hourly = pd.read_sql_query(
/Users/incarnation/Desktop/准动（银豹）/气象预测货物销售状况/mysql_db_utils.py:445: UserWarning: pandas only supports SQLAlchemy connectable (engine/connection) or database string URI or sqlite3 DBAPI2 connection. Other DBAPI2 objects are not tested. Please consider using SQLAlchemy.
  city_latest_daily = pd.read_sql_query(
/Users/incarnation/Desktop/准动（银豹）/气象预测货物销售状况/mysql_db_utils.py:449: UserWarning: pandas only supports SQLAlchemy connectable (engine/connection) or database string URI or sqlite3 DBAPI2 connection. Other DBAPI2 objects are not tested. Please consider using SQLAlchemy.
  districts_latest_hourly = pd.read_sql_query(
/Users/incarnation/Desktop/准动（银豹）/气象预测货物销售状况/mysql_db_utils.py:453: UserWarning: pandas only supports SQLAlchemy connectable (engine/connection) or database string URI or sqlite3 DBAPI2 connection. Other DBAPI2 objects are not tested. Please consider using SQLAlchemy.
  districts_latest_daily = pd.read_sql_query(
/Users/incarnation/Desktop/准动（银豹）/气象预测货物销售状况/mysql_db_utils.py:411: UserWarning: pandas only supports SQLAlchemy connectable (engine/connection) or database string URI or sqlite3 DBAPI2 connection. Other DBAPI2 objects are not tested. Please consider using SQLAlchemy.
  city_hourly_count = pd.read_sql_query(
/Users/incarnation/Desktop/准动（银豹）/气象预测货物销售状况/mysql_db_utils.py:415: UserWarning: pandas only supports SQLAlchemy connectable (engine/connection) or database string URI or sqlite3 DBAPI2 connection. Other DBAPI2 objects are not tested. Please consider using SQLAlchemy.
  city_daily_count = pd.read_sql_query(
/Users/incarnation/Desktop/准动（银豹）/气象预测货物销售状况/mysql_db_utils.py:420: UserWarning: pandas only supports SQLAlchemy connectable (engine/connection) or database string URI or sqlite3 DBAPI2 connection. Other DBAPI2 objects are not tested. Please consider using SQLAlchemy.
  districts_hourly_count = pd.read_sql_query(
/Users/incarnation/Desktop/准动（银豹）/气象预测货物销售状况/mysql_db_utils.py:424: UserWarning: pandas only supports SQLAlchemy connectable (engine/connection) or database string URI or sqlite3 DBAPI2 connection. Other DBAPI2 objects are not tested. Please consider using SQLAlchemy.
  districts_daily_count = pd.read_sql_query(
/Users/incarnation/Desktop/准动（银豹）/气象预测货物销售状况/mysql_db_utils.py:429: UserWarning: pandas only supports SQLAlchemy connectable (engine/connection) or database string URI or sqlite3 DBAPI2 connection. Other DBAPI2 objects are not tested. Please consider using SQLAlchemy.
  city_latest_hourly = pd.read_sql_query(
/Users/incarnation/Desktop/准动（银豹）/气象预测货物销售状况/mysql_db_utils.py:433: UserWarning: pandas only supports SQLAlchemy connectable (engine/connection) or database string URI or sqlite3 DBAPI2 connection. Other DBAPI2 objects are not tested. Please consider using SQLAlchemy.
  city_latest_daily = pd.read_sql_query(
/Users/incarnation/Desktop/准动（银豹）/气象预测货物销售状况/mysql_db_utils.py:437: UserWarning: pandas only supports SQLAlchemy connectable (engine/connection) or database string URI or sqlite3 DBAPI2 connection. Other DBAPI2 objects are not tested. Please consider using SQLAlchemy.
  districts_latest_hourly = pd.read_sql_query(
/Users/incarnation/Desktop/准动（银豹）/气象预测货物销售状况/mysql_db_utils.py:441: UserWarning: pandas only supports SQLAlchemy connectable (engine/connection) or database string URI or sqlite3 DBAPI2 connection. Other DBAPI2 objects are not tested. Please consider using SQLAlchemy.
  districts_latest_daily = pd.read_sql_query(
