2025-07-25 10:25:24,523 - INFO - 🌤️  每日自动天气数据收集开始
2025-07-25 10:25:24,523 - INFO - ============================================================
2025-07-25 10:25:24,523 - INFO - ⏰ 执行时间: 2025-07-25 10:25:24
2025-07-25 10:25:24,524 - INFO - 🎯 目标: 自动收集昨天的天气数据并存入数据库
2025-07-25 10:25:24,524 - INFO - ============================================================
2025-07-25 10:25:24,524 - INFO - 🔍 检查系统状态...
2025-07-25 10:25:25,516 - INFO - ✅ MySQL连接正常
2025-07-25 10:25:26,151 - INFO - ✅ 网络连接正常
2025-07-25 10:25:26,151 - INFO - ✅ 系统状态检查完成
2025-07-25 10:25:26,151 - INFO - 
🔄 执行步骤1: 生成JWT Token...
2025-07-25 10:25:26,151 - INFO - 🔑 自动生成JWT Token...
2025-07-25 10:25:26,159 - INFO - ✅ JWT Token生成成功，有效期10小时
2025-07-25 10:25:26,160 - INFO - ✅ 步骤1完成 - JWT Token生成成功
2025-07-25 10:25:26,160 - INFO - 
🔄 执行步骤2: 获取昨天的天气数据...
2025-07-25 10:25:26,160 - INFO - 🌤️ 开始获取昨天的天气数据...
2025-07-25 10:25:26,160 - INFO - 正在获取 20250724 的天气数据...
2025-07-25 10:25:26,767 - INFO - ✅ 成功获取天气数据，共 24 条记录
2025-07-25 10:25:26,767 - INFO - ✅ 步骤2完成 - 天气数据获取成功
2025-07-25 10:25:26,768 - INFO - 
🔄 执行步骤3: 保存数据到数据库...
2025-07-25 10:25:26,768 - INFO - 💾 开始保存天气数据到数据库...
2025-07-25 10:25:26,791 - INFO - ✅ 数据库初始化完成
2025-07-25 10:25:26,805 - WARNING - ⚠️ 小时数据保存返回格式异常
2025-07-25 10:25:26,805 - INFO - ✅ 小时数据保存尝试完成
2025-07-25 10:25:26,815 - INFO - ✅ 每日汇总计算完成
2025-07-25 10:25:26,815 - INFO - ✅ 步骤3完成 - 数据保存成功
2025-07-25 10:25:26,815 - INFO - 
🔄 执行步骤4: 生成统计报告...
2025-07-25 10:25:26,815 - INFO - 📊 获取数据库统计信息...
2025-07-25 10:25:27,040 - INFO - 📈 数据库统计信息:
2025-07-25 10:25:27,041 - INFO -    小时数据: 312 条
2025-07-25 10:25:27,041 - INFO -    每日数据: 13 条
2025-07-25 10:25:27,041 - INFO -    最新小时数据: 2025-07-24 23:00:00
2025-07-25 10:25:27,041 - INFO -    最新每日数据: 2025-07-24
2025-07-25 10:25:27,041 - INFO - ✅ 步骤4完成 - 统计报告生成成功
2025-07-25 10:25:27,041 - INFO - 
============================================================
2025-07-25 10:25:27,041 - INFO - 🎉 每日自动执行完全成功！
2025-07-25 10:25:27,041 - INFO - 📊 执行结果:
2025-07-25 10:25:27,041 - INFO -    - JWT Token生成: ✅
2025-07-25 10:25:27,041 - INFO -    - 天气数据获取: ✅
2025-07-25 10:25:27,041 - INFO -    - 数据库保存: ✅
2025-07-25 10:25:27,041 - INFO -    - 统计报告: ✅
2025-07-25 10:25:27,041 - INFO - 📅 下次执行时间: 明天早上9:30
2025-07-25 10:25:27,041 - INFO - ============================================================
2025-07-25 10:25:27,041 - INFO - ✅ 每日自动执行完成，无需人工干预
2025-07-25 11:00:05,799 - INFO - 🌤️  每日自动天气数据收集开始
2025-07-25 11:00:05,800 - INFO - ============================================================
2025-07-25 11:00:05,800 - INFO - ⏰ 执行时间: 2025-07-25 11:00:05
2025-07-25 11:00:05,800 - INFO - 🎯 目标: 自动收集昨天的天气数据并存入数据库
2025-07-25 11:00:05,800 - INFO - ============================================================
2025-07-25 11:00:05,800 - INFO - 🔍 检查系统状态...
2025-07-25 11:00:06,929 - INFO - ✅ MySQL连接正常
2025-07-25 11:00:09,966 - INFO - ✅ 网络连接正常
2025-07-25 11:00:09,966 - INFO - ✅ 系统状态检查完成
2025-07-25 11:00:09,968 - INFO - 
🔄 执行步骤1: 生成JWT Token...
2025-07-25 11:00:09,968 - INFO - 🔑 自动生成JWT Token...
2025-07-25 11:00:09,995 - INFO - ✅ JWT Token生成成功，有效期10小时
2025-07-25 11:00:09,995 - INFO - ✅ 步骤1完成 - JWT Token生成成功
2025-07-25 11:00:09,995 - INFO - 
🔄 执行步骤2: 获取昨天的天气数据...
2025-07-25 11:00:09,995 - INFO - 🌤️ 开始获取昨天的天气数据...
2025-07-25 11:00:09,995 - INFO - 正在获取 20250724 的天气数据...
2025-07-25 11:00:12,702 - INFO - ✅ 成功获取天气数据，共 24 条记录
2025-07-25 11:00:12,702 - INFO - ✅ 步骤2完成 - 天气数据获取成功
2025-07-25 11:00:12,703 - INFO - 
🔄 执行步骤3: 保存数据到数据库...
2025-07-25 11:00:12,703 - INFO - 💾 开始保存天气数据到数据库...
2025-07-25 11:00:12,711 - INFO - ✅ 数据库初始化完成
2025-07-25 11:00:12,726 - WARNING - ⚠️ 小时数据保存返回格式异常
2025-07-25 11:00:12,726 - INFO - ✅ 小时数据保存尝试完成
2025-07-25 11:00:12,730 - INFO - ✅ 每日汇总计算完成
2025-07-25 11:00:12,730 - INFO - ✅ 步骤3完成 - 数据保存成功
2025-07-25 11:00:12,730 - INFO - 
🔄 执行步骤4: 生成统计报告...
2025-07-25 11:00:12,731 - INFO - 📊 获取数据库统计信息...
2025-07-25 11:00:13,074 - INFO - 📈 数据库统计信息:
2025-07-25 11:00:13,074 - INFO -    小时数据: 312 条
2025-07-25 11:00:13,075 - INFO -    每日数据: 13 条
2025-07-25 11:00:13,075 - INFO -    最新小时数据: 2025-07-24 23:00:00
2025-07-25 11:00:13,075 - INFO -    最新每日数据: 2025-07-24
2025-07-25 11:00:13,075 - INFO - ✅ 步骤4完成 - 统计报告生成成功
2025-07-25 11:00:13,075 - INFO - 
============================================================
2025-07-25 11:00:13,075 - INFO - 🎉 每日自动执行完全成功！
2025-07-25 11:00:13,075 - INFO - 📊 执行结果:
2025-07-25 11:00:13,075 - INFO -    - JWT Token生成: ✅
2025-07-25 11:00:13,076 - INFO -    - 天气数据获取: ✅
2025-07-25 11:00:13,076 - INFO -    - 数据库保存: ✅
2025-07-25 11:00:13,076 - INFO -    - 统计报告: ✅
2025-07-25 11:00:13,076 - INFO - 📅 下次执行时间: 明天早上9:30
2025-07-25 11:00:13,076 - INFO - ============================================================
2025-07-25 11:00:13,076 - INFO - ✅ 每日自动执行完成，无需人工干预
