2025-07-23 09:30:05,977 - INFO - 🌤️  每日自动天气数据收集开始
2025-07-23 09:30:05,977 - INFO - ============================================================
2025-07-23 09:30:05,978 - INFO - ⏰ 执行时间: 2025-07-23 09:30:05
2025-07-23 09:30:05,978 - INFO - 🎯 目标: 自动收集昨天的天气数据并存入数据库
2025-07-23 09:30:05,978 - INFO - ============================================================
2025-07-23 09:30:05,978 - INFO - 🔍 检查系统状态...
2025-07-23 09:30:07,220 - INFO - ✅ MySQL连接正常
2025-07-23 09:30:07,686 - INFO - ✅ 网络连接正常
2025-07-23 09:30:07,686 - INFO - ✅ 系统状态检查完成
2025-07-23 09:30:07,686 - INFO - 
🔄 执行步骤1: 生成JWT Token...
2025-07-23 09:30:07,686 - INFO - 🔑 自动生成JWT Token...
2025-07-23 09:30:07,717 - INFO - ✅ JWT Token生成成功，有效期10小时
2025-07-23 09:30:07,717 - INFO - ✅ 步骤1完成 - JWT Token生成成功
2025-07-23 09:30:07,717 - INFO - 
🔄 执行步骤2: 获取昨天的天气数据...
2025-07-23 09:30:07,717 - INFO - 🌤️ 开始获取昨天的天气数据...
2025-07-23 09:30:07,717 - INFO - 正在获取 20250722 的天气数据...
2025-07-23 09:30:08,615 - INFO - ✅ 成功获取天气数据，共 24 条记录
2025-07-23 09:30:08,615 - INFO - ✅ 步骤2完成 - 天气数据获取成功
2025-07-23 09:30:08,615 - INFO - 
🔄 执行步骤3: 保存数据到数据库...
2025-07-23 09:30:08,615 - INFO - 💾 开始保存天气数据到数据库...
✅ MySQL数据库表结构初始化完成
2025-07-23 09:30:08,624 - INFO - ✅ 数据库初始化完成
⚠️  保存小时数据失败: string indices must be integers, not 'str'
⚠️  保存小时数据失败: string indices must be integers, not 'str'
⚠️  保存小时数据失败: string indices must be integers, not 'str'
⚠️  保存小时数据失败: string indices must be integers, not 'str'
⚠️  保存小时数据失败: string indices must be integers, not 'str'
⚠️  保存小时数据失败: string indices must be integers, not 'str'
⚠️  保存小时数据失败: string indices must be integers, not 'str'
⚠️  保存小时数据失败: string indices must be integers, not 'str'
⚠️  保存小时数据失败: string indices must be integers, not 'str'
✅ 小时数据保存完成: 新增0条，更新0条
2025-07-23 09:30:08,627 - WARNING - ⚠️ 小时数据保存返回格式异常
2025-07-23 09:30:08,627 - INFO - ✅ 小时数据保存尝试完成
✅ 每日天气汇总计算完成
2025-07-23 09:30:08,637 - INFO - ✅ 每日汇总计算完成
2025-07-23 09:30:08,637 - INFO - ✅ 步骤3完成 - 数据保存成功
2025-07-23 09:30:08,637 - INFO - 
🔄 执行步骤4: 生成统计报告...
2025-07-23 09:30:08,637 - INFO - 📊 获取数据库统计信息...
2025-07-23 09:30:08,978 - INFO - 📈 数据库统计信息:
2025-07-23 09:30:08,978 - INFO -    小时数据: 240 条
2025-07-23 09:30:08,978 - INFO -    每日数据: 10 条
2025-07-23 09:30:08,979 - INFO -    最新小时数据: 2025-07-21 23:00:00
2025-07-23 09:30:08,979 - INFO -    最新每日数据: 2025-07-21
2025-07-23 09:30:08,979 - INFO - ✅ 步骤4完成 - 统计报告生成成功
2025-07-23 09:30:08,979 - INFO - 
============================================================
2025-07-23 09:30:08,979 - INFO - 🎉 每日自动执行完全成功！
2025-07-23 09:30:08,979 - INFO - 📊 执行结果:
2025-07-23 09:30:08,980 - INFO -    - JWT Token生成: ✅
2025-07-23 09:30:08,980 - INFO -    - 天气数据获取: ✅
2025-07-23 09:30:08,980 - INFO -    - 数据库保存: ✅
2025-07-23 09:30:08,980 - INFO -    - 统计报告: ✅
2025-07-23 09:30:08,980 - INFO - 📅 下次执行时间: 明天早上9:30
2025-07-23 09:30:08,980 - INFO - ============================================================
2025-07-23 09:30:08,980 - INFO - ✅ 每日自动执行完成，无需人工干预
2025-07-23 11:00:06,027 - INFO - 🌤️  每日自动天气数据收集开始
2025-07-23 11:00:06,028 - INFO - ============================================================
2025-07-23 11:00:06,028 - INFO - ⏰ 执行时间: 2025-07-23 11:00:06
2025-07-23 11:00:06,028 - INFO - 🎯 目标: 自动收集昨天的天气数据并存入数据库
2025-07-23 11:00:06,028 - INFO - ============================================================
2025-07-23 11:00:06,028 - INFO - 🔍 检查系统状态...
2025-07-23 11:00:06,917 - INFO - ✅ MySQL连接正常
2025-07-23 11:00:07,501 - INFO - ✅ 网络连接正常
2025-07-23 11:00:07,501 - INFO - ✅ 系统状态检查完成
2025-07-23 11:00:07,502 - INFO - 
🔄 执行步骤1: 生成JWT Token...
2025-07-23 11:00:07,502 - INFO - 🔑 自动生成JWT Token...
2025-07-23 11:00:07,524 - INFO - ✅ JWT Token生成成功，有效期10小时
2025-07-23 11:00:07,524 - INFO - ✅ 步骤1完成 - JWT Token生成成功
2025-07-23 11:00:07,524 - INFO - 
🔄 执行步骤2: 获取昨天的天气数据...
2025-07-23 11:00:07,524 - INFO - 🌤️ 开始获取昨天的天气数据...
2025-07-23 11:00:07,524 - INFO - 正在获取 20250722 的天气数据...
2025-07-23 11:00:08,585 - INFO - ✅ 成功获取天气数据，共 24 条记录
2025-07-23 11:00:08,586 - INFO - ✅ 步骤2完成 - 天气数据获取成功
2025-07-23 11:00:08,586 - INFO - 
🔄 执行步骤3: 保存数据到数据库...
2025-07-23 11:00:08,586 - INFO - 💾 开始保存天气数据到数据库...
✅ MySQL数据库表结构初始化完成
2025-07-23 11:00:08,604 - INFO - ✅ 数据库初始化完成
✅ 小时数据保存完成: 新增24条，更新0条
2025-07-23 11:00:08,620 - WARNING - ⚠️ 小时数据保存返回格式异常
2025-07-23 11:00:08,620 - INFO - ✅ 小时数据保存尝试完成
✅ 每日天气汇总计算完成
2025-07-23 11:00:08,627 - INFO - ✅ 每日汇总计算完成
2025-07-23 11:00:08,627 - INFO - ✅ 步骤3完成 - 数据保存成功
2025-07-23 11:00:08,627 - INFO - 
🔄 执行步骤4: 生成统计报告...
2025-07-23 11:00:08,627 - INFO - 📊 获取数据库统计信息...
2025-07-23 11:00:08,888 - INFO - 📈 数据库统计信息:
2025-07-23 11:00:08,889 - INFO -    小时数据: 264 条
2025-07-23 11:00:08,889 - INFO -    每日数据: 11 条
2025-07-23 11:00:08,889 - INFO -    最新小时数据: 2025-07-22 23:00:00
2025-07-23 11:00:08,889 - INFO -    最新每日数据: 2025-07-22
2025-07-23 11:00:08,889 - INFO - ✅ 步骤4完成 - 统计报告生成成功
2025-07-23 11:00:08,889 - INFO - 
============================================================
2025-07-23 11:00:08,889 - INFO - 🎉 每日自动执行完全成功！
2025-07-23 11:00:08,889 - INFO - 📊 执行结果:
2025-07-23 11:00:08,889 - INFO -    - JWT Token生成: ✅
2025-07-23 11:00:08,889 - INFO -    - 天气数据获取: ✅
2025-07-23 11:00:08,889 - INFO -    - 数据库保存: ✅
2025-07-23 11:00:08,889 - INFO -    - 统计报告: ✅
2025-07-23 11:00:08,889 - INFO - 📅 下次执行时间: 明天早上9:30
2025-07-23 11:00:08,889 - INFO - ============================================================
2025-07-23 11:00:08,889 - INFO - ✅ 每日自动执行完成，无需人工干预
2025-07-25 11:00:05,799 - INFO - 🌤️  每日自动天气数据收集开始
2025-07-25 11:00:05,800 - INFO - ============================================================
2025-07-25 11:00:05,800 - INFO - ⏰ 执行时间: 2025-07-25 11:00:05
2025-07-25 11:00:05,800 - INFO - 🎯 目标: 自动收集昨天的天气数据并存入数据库
2025-07-25 11:00:05,800 - INFO - ============================================================
2025-07-25 11:00:05,800 - INFO - 🔍 检查系统状态...
2025-07-25 11:00:06,929 - INFO - ✅ MySQL连接正常
2025-07-25 11:00:09,966 - INFO - ✅ 网络连接正常
2025-07-25 11:00:09,966 - INFO - ✅ 系统状态检查完成
2025-07-25 11:00:09,968 - INFO - 
🔄 执行步骤1: 生成JWT Token...
2025-07-25 11:00:09,968 - INFO - 🔑 自动生成JWT Token...
2025-07-25 11:00:09,995 - INFO - ✅ JWT Token生成成功，有效期10小时
2025-07-25 11:00:09,995 - INFO - ✅ 步骤1完成 - JWT Token生成成功
2025-07-25 11:00:09,995 - INFO - 
🔄 执行步骤2: 获取昨天的天气数据...
2025-07-25 11:00:09,995 - INFO - 🌤️ 开始获取昨天的天气数据...
2025-07-25 11:00:09,995 - INFO - 正在获取 20250724 的天气数据...
2025-07-25 11:00:12,702 - INFO - ✅ 成功获取天气数据，共 24 条记录
2025-07-25 11:00:12,702 - INFO - ✅ 步骤2完成 - 天气数据获取成功
2025-07-25 11:00:12,703 - INFO - 
🔄 执行步骤3: 保存数据到数据库...
2025-07-25 11:00:12,703 - INFO - 💾 开始保存天气数据到数据库...
✅ MySQL数据库表结构初始化完成
2025-07-25 11:00:12,711 - INFO - ✅ 数据库初始化完成
✅ 小时数据保存完成: 新增0条，更新24条
2025-07-25 11:00:12,726 - WARNING - ⚠️ 小时数据保存返回格式异常
2025-07-25 11:00:12,726 - INFO - ✅ 小时数据保存尝试完成
✅ 每日天气汇总计算完成
2025-07-25 11:00:12,730 - INFO - ✅ 每日汇总计算完成
2025-07-25 11:00:12,730 - INFO - ✅ 步骤3完成 - 数据保存成功
2025-07-25 11:00:12,730 - INFO - 
🔄 执行步骤4: 生成统计报告...
2025-07-25 11:00:12,731 - INFO - 📊 获取数据库统计信息...
2025-07-25 11:00:13,074 - INFO - 📈 数据库统计信息:
2025-07-25 11:00:13,074 - INFO -    小时数据: 312 条
2025-07-25 11:00:13,075 - INFO -    每日数据: 13 条
2025-07-25 11:00:13,075 - INFO -    最新小时数据: 2025-07-24 23:00:00
2025-07-25 11:00:13,075 - INFO -    最新每日数据: 2025-07-24
2025-07-25 11:00:13,075 - INFO - ✅ 步骤4完成 - 统计报告生成成功
2025-07-25 11:00:13,075 - INFO - 
============================================================
2025-07-25 11:00:13,075 - INFO - 🎉 每日自动执行完全成功！
2025-07-25 11:00:13,075 - INFO - 📊 执行结果:
2025-07-25 11:00:13,075 - INFO -    - JWT Token生成: ✅
2025-07-25 11:00:13,076 - INFO -    - 天气数据获取: ✅
2025-07-25 11:00:13,076 - INFO -    - 数据库保存: ✅
2025-07-25 11:00:13,076 - INFO -    - 统计报告: ✅
2025-07-25 11:00:13,076 - INFO - 📅 下次执行时间: 明天早上9:30
2025-07-25 11:00:13,076 - INFO - ============================================================
2025-07-25 11:00:13,076 - INFO - ✅ 每日自动执行完成，无需人工干预
2025-07-26 11:09:59,133 - INFO - 🌤️  每日自动天气数据收集开始
2025-07-26 11:09:59,134 - INFO - ============================================================
2025-07-26 11:09:59,134 - INFO - ⏰ 执行时间: 2025-07-26 11:09:59
2025-07-26 11:09:59,134 - INFO - 🎯 目标: 自动收集昨天的天气数据并存入数据库
2025-07-26 11:09:59,134 - INFO - ============================================================
2025-07-26 11:09:59,134 - INFO - 🔍 检查系统状态...
2025-07-26 11:10:00,293 - INFO - ✅ MySQL连接正常
2025-07-26 11:10:00,996 - INFO - ✅ 网络连接正常
2025-07-26 11:10:00,997 - INFO - ✅ 系统状态检查完成
2025-07-26 11:10:00,997 - INFO - 
🔄 执行步骤1: 生成JWT Token...
2025-07-26 11:10:00,997 - INFO - 🔑 自动生成JWT Token...
2025-07-26 11:10:01,023 - INFO - ✅ JWT Token生成成功，有效期10小时
2025-07-26 11:10:01,024 - INFO - ✅ 步骤1完成 - JWT Token生成成功
2025-07-26 11:10:01,024 - INFO - 
🔄 执行步骤2: 获取昨天的天气数据...
2025-07-26 11:10:01,024 - INFO - 🌤️ 开始获取昨天的天气数据...
2025-07-26 11:10:01,024 - INFO - 正在获取 20250725 的天气数据...
2025-07-26 11:10:02,071 - INFO - ✅ 成功获取天气数据，共 24 条记录
2025-07-26 11:10:02,072 - INFO - ✅ 步骤2完成 - 天气数据获取成功
2025-07-26 11:10:02,072 - INFO - 
🔄 执行步骤3: 保存数据到数据库...
2025-07-26 11:10:02,072 - INFO - 💾 开始保存天气数据到数据库...
✅ MySQL数据库表结构初始化完成
2025-07-26 11:10:02,091 - INFO - ✅ 数据库初始化完成
✅ 小时数据保存完成: 新增24条，更新0条
2025-07-26 11:10:02,098 - WARNING - ⚠️ 小时数据保存返回格式异常
2025-07-26 11:10:02,098 - INFO - ✅ 小时数据保存尝试完成
✅ 每日天气汇总计算完成
2025-07-26 11:10:02,100 - INFO - ✅ 每日汇总计算完成
2025-07-26 11:10:02,100 - INFO - ✅ 步骤3完成 - 数据保存成功
2025-07-26 11:10:02,100 - INFO - 
🔄 执行步骤4: 生成统计报告...
2025-07-26 11:10:02,100 - INFO - 📊 获取数据库统计信息...
2025-07-26 11:10:02,430 - INFO - 📈 数据库统计信息:
2025-07-26 11:10:02,430 - INFO -    小时数据: 24 条
2025-07-26 11:10:02,430 - INFO -    每日数据: 1 条
2025-07-26 11:10:02,431 - INFO -    最新小时数据: 2025-07-25 23:00:00
2025-07-26 11:10:02,431 - INFO -    最新每日数据: 2025-07-25
2025-07-26 11:10:02,431 - INFO - ✅ 步骤4完成 - 统计报告生成成功
2025-07-26 11:10:02,431 - INFO - 
============================================================
2025-07-26 11:10:02,431 - INFO - 🎉 每日自动执行完全成功！
2025-07-26 11:10:02,431 - INFO - 📊 执行结果:
2025-07-26 11:10:02,431 - INFO -    - JWT Token生成: ✅
2025-07-26 11:10:02,431 - INFO -    - 天气数据获取: ✅
2025-07-26 11:10:02,431 - INFO -    - 数据库保存: ✅
2025-07-26 11:10:02,431 - INFO -    - 统计报告: ✅
2025-07-26 11:10:02,431 - INFO - 📅 下次执行时间: 明天早上9:30
2025-07-26 11:10:02,431 - INFO - ============================================================
2025-07-26 11:10:02,431 - INFO - ✅ 每日自动执行完成，无需人工干预
2025-07-27 11:14:37,682 - INFO - 🌤️  每日自动天气数据收集开始
2025-07-27 11:14:37,683 - INFO - ============================================================
2025-07-27 11:14:37,683 - INFO - ⏰ 执行时间: 2025-07-27 11:14:37
2025-07-27 11:14:37,683 - INFO - 🎯 目标: 自动收集昨天的天气数据并存入数据库
2025-07-27 11:14:37,683 - INFO - ============================================================
2025-07-27 11:14:37,683 - INFO - 🔍 检查系统状态...
2025-07-27 11:14:38,808 - INFO - ✅ MySQL连接正常
2025-07-27 11:14:39,069 - INFO - ✅ 网络连接正常
2025-07-27 11:14:39,069 - INFO - ✅ 系统状态检查完成
2025-07-27 11:14:39,069 - INFO - 
🔄 执行步骤1: 生成JWT Token...
2025-07-27 11:14:39,069 - INFO - 🔑 自动生成JWT Token...
2025-07-27 11:14:39,088 - INFO - ✅ JWT Token生成成功，有效期10小时
2025-07-27 11:14:39,088 - INFO - ✅ 步骤1完成 - JWT Token生成成功
2025-07-27 11:14:39,088 - INFO - 
🔄 执行步骤2: 获取昨天的天气数据...
2025-07-27 11:14:39,088 - INFO - 🌤️ 开始获取昨天的天气数据...
2025-07-27 11:14:39,088 - INFO - 正在获取 20250726 的天气数据...
2025-07-27 11:14:39,866 - INFO - ✅ 成功获取天气数据，共 24 条记录
2025-07-27 11:14:39,866 - INFO - ✅ 步骤2完成 - 天气数据获取成功
2025-07-27 11:14:39,867 - INFO - 
🔄 执行步骤3: 保存数据到数据库...
2025-07-27 11:14:39,867 - INFO - 💾 开始保存天气数据到数据库...
✅ MySQL数据库表结构初始化完成
2025-07-27 11:14:39,876 - INFO - ✅ 数据库初始化完成
✅ 小时数据保存完成: 新增24条，更新0条
2025-07-27 11:14:39,891 - WARNING - ⚠️ 小时数据保存返回格式异常
2025-07-27 11:14:39,891 - INFO - ✅ 小时数据保存尝试完成
✅ 每日天气汇总计算完成
2025-07-27 11:14:39,898 - INFO - ✅ 每日汇总计算完成
2025-07-27 11:14:39,899 - INFO - ✅ 步骤3完成 - 数据保存成功
2025-07-27 11:14:39,899 - INFO - 
🔄 执行步骤4: 生成统计报告...
2025-07-27 11:14:39,899 - INFO - 📊 获取数据库统计信息...
2025-07-27 11:14:40,248 - INFO - 📈 数据库统计信息:
2025-07-27 11:14:40,249 - INFO -    小时数据: 48 条
2025-07-27 11:14:40,249 - INFO -    每日数据: 2 条
2025-07-27 11:14:40,249 - INFO -    最新小时数据: 2025-07-26 23:00:00
2025-07-27 11:14:40,249 - INFO -    最新每日数据: 2025-07-26
2025-07-27 11:14:40,249 - INFO - ✅ 步骤4完成 - 统计报告生成成功
2025-07-27 11:14:40,249 - INFO - 
============================================================
2025-07-27 11:14:40,249 - INFO - 🎉 每日自动执行完全成功！
2025-07-27 11:14:40,249 - INFO - 📊 执行结果:
2025-07-27 11:14:40,249 - INFO -    - JWT Token生成: ✅
2025-07-27 11:14:40,250 - INFO -    - 天气数据获取: ✅
2025-07-27 11:14:40,250 - INFO -    - 数据库保存: ✅
2025-07-27 11:14:40,250 - INFO -    - 统计报告: ✅
2025-07-27 11:14:40,250 - INFO - 📅 下次执行时间: 明天早上9:30
2025-07-27 11:14:40,250 - INFO - ============================================================
2025-07-27 11:14:40,250 - INFO - ✅ 每日自动执行完成，无需人工干预
2025-07-28 11:00:06,123 - INFO - 🌤️  每日自动天气数据收集开始
2025-07-28 11:00:06,124 - INFO - ============================================================
2025-07-28 11:00:06,124 - INFO - ⏰ 执行时间: 2025-07-28 11:00:06
2025-07-28 11:00:06,124 - INFO - 🎯 目标: 自动收集昨天的天气数据并存入数据库
2025-07-28 11:00:06,124 - INFO - ============================================================
2025-07-28 11:00:06,124 - INFO - 🔍 检查系统状态...
2025-07-28 11:00:07,168 - INFO - ✅ MySQL连接正常
2025-07-28 11:00:07,468 - INFO - ✅ 网络连接正常
2025-07-28 11:00:07,468 - INFO - ✅ 系统状态检查完成
2025-07-28 11:00:07,469 - INFO - 
🔄 执行步骤1: 生成JWT Token...
2025-07-28 11:00:07,469 - INFO - 🔑 自动生成JWT Token...
2025-07-28 11:00:07,494 - INFO - ✅ JWT Token生成成功，有效期10小时
2025-07-28 11:00:07,494 - INFO - ✅ 步骤1完成 - JWT Token生成成功
2025-07-28 11:00:07,494 - INFO - 
🔄 执行步骤2: 获取昨天的天气数据...
2025-07-28 11:00:07,494 - INFO - 🌤️ 开始获取昨天的天气数据...
2025-07-28 11:00:07,494 - INFO - 正在获取 20250727 的天气数据...
2025-07-28 11:00:07,767 - INFO - ✅ 成功获取天气数据，共 24 条记录
2025-07-28 11:00:07,767 - INFO - ✅ 步骤2完成 - 天气数据获取成功
2025-07-28 11:00:07,767 - INFO - 
🔄 执行步骤3: 保存数据到数据库...
2025-07-28 11:00:07,768 - INFO - 💾 开始保存天气数据到数据库...
✅ MySQL数据库表结构初始化完成
2025-07-28 11:00:07,794 - INFO - ✅ 数据库初始化完成
✅ 小时数据保存完成: 新增24条，更新0条
2025-07-28 11:00:07,810 - WARNING - ⚠️ 小时数据保存返回格式异常
2025-07-28 11:00:07,810 - INFO - ✅ 小时数据保存尝试完成
✅ 每日天气汇总计算完成
2025-07-28 11:00:07,826 - INFO - ✅ 每日汇总计算完成
2025-07-28 11:00:07,826 - INFO - ✅ 步骤3完成 - 数据保存成功
2025-07-28 11:00:07,826 - INFO - 
🔄 执行步骤4: 生成统计报告...
2025-07-28 11:00:07,826 - INFO - 📊 获取数据库统计信息...
2025-07-28 11:00:08,193 - INFO - 📈 数据库统计信息:
2025-07-28 11:00:08,193 - INFO -    小时数据: 72 条
2025-07-28 11:00:08,193 - INFO -    每日数据: 3 条
2025-07-28 11:00:08,193 - INFO -    最新小时数据: 2025-07-27 23:00:00
2025-07-28 11:00:08,194 - INFO -    最新每日数据: 2025-07-27
2025-07-28 11:00:08,194 - INFO - ✅ 步骤4完成 - 统计报告生成成功
2025-07-28 11:00:08,194 - INFO - 
============================================================
2025-07-28 11:00:08,194 - INFO - 🎉 每日自动执行完全成功！
2025-07-28 11:00:08,194 - INFO - 📊 执行结果:
2025-07-28 11:00:08,194 - INFO -    - JWT Token生成: ✅
2025-07-28 11:00:08,194 - INFO -    - 天气数据获取: ✅
2025-07-28 11:00:08,194 - INFO -    - 数据库保存: ✅
2025-07-28 11:00:08,194 - INFO -    - 统计报告: ✅
2025-07-28 11:00:08,194 - INFO - 📅 下次执行时间: 明天早上9:30
2025-07-28 11:00:08,194 - INFO - ============================================================
2025-07-28 11:00:08,194 - INFO - ✅ 每日自动执行完成，无需人工干预
2025-07-29 11:00:05,446 - INFO - 🌤️  每日自动天气数据收集开始
2025-07-29 11:00:05,447 - INFO - ============================================================
2025-07-29 11:00:05,447 - INFO - ⏰ 执行时间: 2025-07-29 11:00:05
2025-07-29 11:00:05,447 - INFO - 🎯 目标: 自动收集昨天所有13个地区(济南市+12个区县)的天气数据并存入数据库
2025-07-29 11:00:05,447 - INFO - ============================================================
2025-07-29 11:00:05,447 - INFO - 🔍 检查系统状态...
2025-07-29 11:00:06,806 - INFO - ✅ MySQL连接正常
2025-07-29 11:00:09,346 - INFO - ✅ 网络连接正常
2025-07-29 11:00:09,346 - INFO - ✅ 系统状态检查完成
2025-07-29 11:00:09,347 - INFO - 
🔄 执行步骤1: 生成JWT Token...
2025-07-29 11:00:09,347 - INFO - 🔑 自动生成JWT Token...
2025-07-29 11:00:09,363 - INFO - ✅ JWT Token生成成功，有效期10小时
2025-07-29 11:00:09,363 - INFO - ✅ 步骤1完成 - JWT Token生成成功
2025-07-29 11:00:09,363 - INFO - 
🔄 执行步骤2: 获取昨天所有13个地区的天气数据...
2025-07-29 11:00:09,363 - INFO - 🌤️ 开始获取昨天所有13个地区的天气数据...
2025-07-29 11:00:09,363 - INFO - 正在获取 济南市(101120101) 20250728 的天气数据...
2025-07-29 11:00:10,138 - INFO - ✅ 济南市 成功获取 24 条记录
2025-07-29 11:00:10,138 - INFO - 正在获取 长清区(101120102) 20250728 的天气数据...
2025-07-29 11:00:11,136 - INFO - ✅ 长清区 成功获取 24 条记录
2025-07-29 11:00:11,137 - INFO - 正在获取 商河县(101120103) 20250728 的天气数据...
2025-07-29 11:00:12,074 - INFO - ✅ 商河县 成功获取 24 条记录
2025-07-29 11:00:12,075 - INFO - 正在获取 章丘区(101120104) 20250728 的天气数据...
2025-07-29 11:00:12,734 - INFO - ✅ 章丘区 成功获取 24 条记录
2025-07-29 11:00:12,734 - INFO - 正在获取 平阴县(101120105) 20250728 的天气数据...
2025-07-29 11:00:13,427 - INFO - ✅ 平阴县 成功获取 24 条记录
2025-07-29 11:00:13,427 - INFO - 正在获取 济阳区(101120106) 20250728 的天气数据...
2025-07-29 11:00:15,019 - INFO - ✅ 济阳区 成功获取 24 条记录
2025-07-29 11:00:15,020 - INFO - 正在获取 历下区(101120107) 20250728 的天气数据...
2025-07-29 11:00:15,676 - INFO - ✅ 历下区 成功获取 24 条记录
2025-07-29 11:00:15,676 - INFO - 正在获取 市中区(101120108) 20250728 的天气数据...
2025-07-29 11:00:17,101 - INFO - ✅ 市中区 成功获取 24 条记录
2025-07-29 11:00:17,101 - INFO - 正在获取 槐荫区(101120109) 20250728 的天气数据...
2025-07-29 11:00:17,576 - INFO - ✅ 槐荫区 成功获取 24 条记录
2025-07-29 11:00:17,581 - INFO - 正在获取 天桥区(101120110) 20250728 的天气数据...
2025-07-29 11:00:18,119 - INFO - ✅ 天桥区 成功获取 24 条记录
2025-07-29 11:00:18,121 - INFO - 正在获取 历城区(101120111) 20250728 的天气数据...
2025-07-29 11:00:18,545 - INFO - ✅ 历城区 成功获取 24 条记录
2025-07-29 11:00:18,545 - INFO - 正在获取 莱芜区(101121601) 20250728 的天气数据...
2025-07-29 11:00:18,942 - INFO - ✅ 莱芜区 成功获取 24 条记录
2025-07-29 11:00:18,943 - INFO - 正在获取 钢城区(101121603) 20250728 的天气数据...
2025-07-29 11:00:19,585 - INFO - ✅ 钢城区 成功获取 24 条记录
2025-07-29 11:00:19,586 - INFO - ✅ 总计成功获取 13/13 个地区的天气数据，共 312 条记录
2025-07-29 11:00:19,586 - INFO - ✅ 步骤2完成 - 天气数据获取成功
2025-07-29 11:00:19,586 - INFO - 
🔄 执行步骤3: 保存数据到数据库...
2025-07-29 11:00:19,586 - INFO - 💾 开始保存所有地区的天气数据到数据库...
✅ MySQL数据库表结构初始化完成（包含区县表）
2025-07-29 11:00:19,612 - INFO - ✅ 数据库初始化完成
2025-07-29 11:00:19,612 - INFO - 正在保存 济南市(101120101) 的 24 条记录...
✅ 小时数据保存完成: 新增24条，更新0条
2025-07-29 11:00:19,628 - WARNING - ⚠️ 济南市 数据保存返回格式异常
2025-07-29 11:00:19,628 - INFO - 正在保存 长清区(101120102) 的 24 条记录...
✅ 区县长清区小时数据保存完成: 新增24条，更新0条
2025-07-29 11:00:19,635 - INFO - ✅ 长清区 保存完成: 新增24条，更新0条
2025-07-29 11:00:19,635 - INFO - 正在保存 商河县(101120103) 的 24 条记录...
✅ 区县商河县小时数据保存完成: 新增24条，更新0条
2025-07-29 11:00:19,642 - INFO - ✅ 商河县 保存完成: 新增24条，更新0条
2025-07-29 11:00:19,643 - INFO - 正在保存 章丘区(101120104) 的 24 条记录...
✅ 区县章丘区小时数据保存完成: 新增24条，更新0条
2025-07-29 11:00:19,651 - INFO - ✅ 章丘区 保存完成: 新增24条，更新0条
2025-07-29 11:00:19,651 - INFO - 正在保存 平阴县(101120105) 的 24 条记录...
✅ 区县平阴县小时数据保存完成: 新增24条，更新0条
2025-07-29 11:00:19,656 - INFO - ✅ 平阴县 保存完成: 新增24条，更新0条
2025-07-29 11:00:19,657 - INFO - 正在保存 济阳区(101120106) 的 24 条记录...
✅ 区县济阳区小时数据保存完成: 新增24条，更新0条
2025-07-29 11:00:19,662 - INFO - ✅ 济阳区 保存完成: 新增24条，更新0条
2025-07-29 11:00:19,662 - INFO - 正在保存 历下区(101120107) 的 24 条记录...
✅ 区县历下区小时数据保存完成: 新增24条，更新0条
2025-07-29 11:00:19,668 - INFO - ✅ 历下区 保存完成: 新增24条，更新0条
2025-07-29 11:00:19,668 - INFO - 正在保存 市中区(101120108) 的 24 条记录...
✅ 区县市中区小时数据保存完成: 新增24条，更新0条
2025-07-29 11:00:19,674 - INFO - ✅ 市中区 保存完成: 新增24条，更新0条
2025-07-29 11:00:19,674 - INFO - 正在保存 槐荫区(101120109) 的 24 条记录...
✅ 区县槐荫区小时数据保存完成: 新增24条，更新0条
2025-07-29 11:00:19,679 - INFO - ✅ 槐荫区 保存完成: 新增24条，更新0条
2025-07-29 11:00:19,679 - INFO - 正在保存 天桥区(101120110) 的 24 条记录...
✅ 区县天桥区小时数据保存完成: 新增24条，更新0条
2025-07-29 11:00:19,685 - INFO - ✅ 天桥区 保存完成: 新增24条，更新0条
2025-07-29 11:00:19,685 - INFO - 正在保存 历城区(101120111) 的 24 条记录...
✅ 区县历城区小时数据保存完成: 新增24条，更新0条
2025-07-29 11:00:19,690 - INFO - ✅ 历城区 保存完成: 新增24条，更新0条
2025-07-29 11:00:19,691 - INFO - 正在保存 莱芜区(101121601) 的 24 条记录...
✅ 区县莱芜区小时数据保存完成: 新增24条，更新0条
2025-07-29 11:00:19,697 - INFO - ✅ 莱芜区 保存完成: 新增24条，更新0条
2025-07-29 11:00:19,697 - INFO - 正在保存 钢城区(101121603) 的 24 条记录...
✅ 区县钢城区小时数据保存完成: 新增24条，更新0条
2025-07-29 11:00:19,703 - INFO - ✅ 钢城区 保存完成: 新增24条，更新0条
2025-07-29 11:00:19,703 - INFO - ✅ 所有地区小时数据保存完成: 总计新增288条，更新0条
✅ 每日天气汇总计算完成
2025-07-29 11:00:19,710 - INFO - ✅ 每日汇总计算完成
2025-07-29 11:00:19,710 - INFO - ✅ 步骤3完成 - 数据保存成功
2025-07-29 11:00:19,710 - INFO - 
🔄 执行步骤4: 生成统计报告...
2025-07-29 11:00:19,710 - INFO - 📊 获取数据库统计信息...
2025-07-29 11:00:20,047 - INFO - 📈 数据库统计信息:
2025-07-29 11:00:20,048 - ERROR - ❌ 获取统计信息失败: 'hourly_count'
2025-07-29 11:00:20,048 - WARNING - ⚠️ 步骤4失败 - 统计报告生成失败
2025-07-29 11:00:20,048 - INFO - 
============================================================
2025-07-29 11:00:20,048 - INFO - 🎉 每日自动执行完全成功！
2025-07-29 11:00:20,048 - INFO - 📊 执行结果:
2025-07-29 11:00:20,048 - INFO -    - JWT Token生成: ✅
2025-07-29 11:00:20,048 - INFO -    - 天气数据获取(13个地区): ✅
2025-07-29 11:00:20,048 - INFO -    - 数据库保存(13个地区): ✅
2025-07-29 11:00:20,048 - INFO -    - 统计报告: ✅
2025-07-29 11:00:20,048 - INFO - 📅 下次执行时间: 明天早上9:30
2025-07-29 11:00:20,048 - INFO - ============================================================
2025-07-29 11:00:20,049 - INFO - ✅ 每日自动执行完成，无需人工干预
2025-07-30 11:00:05,699 - INFO - 🌤️  每日自动天气数据收集开始
2025-07-30 11:00:05,700 - INFO - ============================================================
2025-07-30 11:00:05,700 - INFO - ⏰ 执行时间: 2025-07-30 11:00:05
2025-07-30 11:00:05,700 - INFO - 🎯 目标: 自动收集昨天所有13个地区(济南市+12个区县)的天气数据并存入数据库
2025-07-30 11:00:05,700 - INFO - ============================================================
2025-07-30 11:00:05,700 - INFO - 🔍 检查系统状态...
2025-07-30 11:00:07,124 - INFO - ✅ MySQL连接正常
2025-07-30 11:00:08,320 - INFO - ✅ 网络连接正常
2025-07-30 11:00:08,320 - INFO - ✅ 系统状态检查完成
2025-07-30 11:00:08,320 - INFO - 
🔄 执行步骤1: 生成JWT Token...
2025-07-30 11:00:08,320 - INFO - 🔑 自动生成JWT Token...
2025-07-30 11:00:08,341 - INFO - ✅ JWT Token生成成功，有效期10小时
2025-07-30 11:00:08,341 - INFO - ✅ 步骤1完成 - JWT Token生成成功
2025-07-30 11:00:08,341 - INFO - 
🔄 执行步骤2: 获取昨天所有13个地区的天气数据...
2025-07-30 11:00:08,341 - INFO - 🌤️ 开始获取昨天所有13个地区的天气数据...
2025-07-30 11:00:08,342 - INFO - 正在获取 济南(101120101) 20250729 的天气数据...
2025-07-30 11:00:10,842 - INFO - ✅ 济南 成功获取 24 条记录
2025-07-30 11:00:10,843 - INFO - 正在获取 长清(101120102) 20250729 的天气数据...
2025-07-30 11:00:12,518 - INFO - ✅ 长清 成功获取 24 条记录
2025-07-30 11:00:12,519 - INFO - 正在获取 商河(101120103) 20250729 的天气数据...
2025-07-30 11:00:13,928 - INFO - ✅ 商河 成功获取 24 条记录
2025-07-30 11:00:13,929 - INFO - 正在获取 章丘(101120104) 20250729 的天气数据...
2025-07-30 11:00:14,619 - INFO - ✅ 章丘 成功获取 24 条记录
2025-07-30 11:00:14,619 - INFO - 正在获取 平阴(101120105) 20250729 的天气数据...
2025-07-30 11:00:15,101 - INFO - ✅ 平阴 成功获取 24 条记录
2025-07-30 11:00:15,101 - INFO - 正在获取 济阳(101120106) 20250729 的天气数据...
2025-07-30 11:00:17,533 - INFO - ✅ 济阳 成功获取 24 条记录
2025-07-30 11:00:17,534 - INFO - 正在获取 历下(101120107) 20250729 的天气数据...
2025-07-30 11:00:18,242 - INFO - ✅ 历下 成功获取 24 条记录
2025-07-30 11:00:18,243 - INFO - 正在获取 市中(101120108) 20250729 的天气数据...
2025-07-30 11:00:18,712 - INFO - ✅ 市中 成功获取 24 条记录
2025-07-30 11:00:18,713 - INFO - 正在获取 槐荫(101120109) 20250729 的天气数据...
2025-07-30 11:00:19,137 - INFO - ✅ 槐荫 成功获取 24 条记录
2025-07-30 11:00:19,138 - INFO - 正在获取 天桥(101120110) 20250729 的天气数据...
2025-07-30 11:00:19,600 - INFO - ✅ 天桥 成功获取 24 条记录
2025-07-30 11:00:19,600 - INFO - 正在获取 历城(101120111) 20250729 的天气数据...
2025-07-30 11:00:20,031 - INFO - ✅ 历城 成功获取 24 条记录
2025-07-30 11:00:20,031 - INFO - 正在获取 莱芜(101121601) 20250729 的天气数据...
2025-07-30 11:00:20,436 - INFO - ✅ 莱芜 成功获取 24 条记录
2025-07-30 11:00:20,436 - INFO - 正在获取 钢城(101121603) 20250729 的天气数据...
2025-07-30 11:00:20,901 - INFO - ✅ 钢城 成功获取 24 条记录
2025-07-30 11:00:20,901 - INFO - ✅ 总计成功获取 13/13 个地区的天气数据，共 312 条记录
2025-07-30 11:00:20,901 - INFO - ✅ 步骤2完成 - 天气数据获取成功
2025-07-30 11:00:20,902 - INFO - 
🔄 执行步骤3: 保存数据到数据库...
2025-07-30 11:00:20,902 - INFO - 💾 开始保存所有地区的天气数据到数据库...
✅ MySQL数据库表结构初始化完成（包含区县表）
2025-07-30 11:00:20,918 - INFO - ✅ 数据库初始化完成
2025-07-30 11:00:20,918 - INFO - 正在保存 济南(101120101) 的 24 条记录...
✅ 小时数据保存完成: 新增22条，更新2条
2025-07-30 11:00:20,937 - WARNING - ⚠️ 济南 数据保存返回格式异常
2025-07-30 11:00:20,939 - INFO - 正在保存 长清(101120102) 的 24 条记录...
✅ 区县长清小时数据保存完成: 新增24条，更新0条
2025-07-30 11:00:20,949 - INFO - ✅ 长清 保存完成: 新增24条，更新0条
2025-07-30 11:00:20,949 - INFO - 正在保存 商河(101120103) 的 24 条记录...
✅ 区县商河小时数据保存完成: 新增24条，更新0条
2025-07-30 11:00:20,958 - INFO - ✅ 商河 保存完成: 新增24条，更新0条
2025-07-30 11:00:20,958 - INFO - 正在保存 章丘(101120104) 的 24 条记录...
✅ 区县章丘小时数据保存完成: 新增24条，更新0条
2025-07-30 11:00:20,965 - INFO - ✅ 章丘 保存完成: 新增24条，更新0条
2025-07-30 11:00:20,965 - INFO - 正在保存 平阴(101120105) 的 24 条记录...
✅ 区县平阴小时数据保存完成: 新增24条，更新0条
2025-07-30 11:00:20,972 - INFO - ✅ 平阴 保存完成: 新增24条，更新0条
2025-07-30 11:00:20,972 - INFO - 正在保存 济阳(101120106) 的 24 条记录...
✅ 区县济阳小时数据保存完成: 新增24条，更新0条
2025-07-30 11:00:20,979 - INFO - ✅ 济阳 保存完成: 新增24条，更新0条
2025-07-30 11:00:20,979 - INFO - 正在保存 历下(101120107) 的 24 条记录...
✅ 区县历下小时数据保存完成: 新增22条，更新2条
2025-07-30 11:00:20,985 - INFO - ✅ 历下 保存完成: 新增22条，更新2条
2025-07-30 11:00:20,985 - INFO - 正在保存 市中(101120108) 的 24 条记录...
✅ 区县市中小时数据保存完成: 新增24条，更新0条
2025-07-30 11:00:20,993 - INFO - ✅ 市中 保存完成: 新增24条，更新0条
2025-07-30 11:00:20,993 - INFO - 正在保存 槐荫(101120109) 的 24 条记录...
✅ 区县槐荫小时数据保存完成: 新增24条，更新0条
2025-07-30 11:00:20,999 - INFO - ✅ 槐荫 保存完成: 新增24条，更新0条
2025-07-30 11:00:20,999 - INFO - 正在保存 天桥(101120110) 的 24 条记录...
✅ 区县天桥小时数据保存完成: 新增24条，更新0条
2025-07-30 11:00:21,005 - INFO - ✅ 天桥 保存完成: 新增24条，更新0条
2025-07-30 11:00:21,005 - INFO - 正在保存 历城(101120111) 的 24 条记录...
✅ 区县历城小时数据保存完成: 新增24条，更新0条
2025-07-30 11:00:21,010 - INFO - ✅ 历城 保存完成: 新增24条，更新0条
2025-07-30 11:00:21,011 - INFO - 正在保存 莱芜(101121601) 的 24 条记录...
✅ 区县莱芜小时数据保存完成: 新增24条，更新0条
2025-07-30 11:00:21,016 - INFO - ✅ 莱芜 保存完成: 新增24条，更新0条
2025-07-30 11:00:21,016 - INFO - 正在保存 钢城(101121603) 的 24 条记录...
✅ 区县钢城小时数据保存完成: 新增24条，更新0条
2025-07-30 11:00:21,021 - INFO - ✅ 钢城 保存完成: 新增24条，更新0条
2025-07-30 11:00:21,021 - INFO - ✅ 所有地区小时数据保存完成: 总计新增286条，更新2条
✅ 每日天气汇总计算完成
2025-07-30 11:00:21,024 - INFO - ✅ 济南市每日汇总计算完成
✅ 区县每日天气汇总计算完成
2025-07-30 11:00:21,032 - INFO - ✅ 区县每日汇总计算完成
2025-07-30 11:00:21,033 - INFO - ✅ 步骤3完成 - 数据保存成功
2025-07-30 11:00:21,033 - INFO - 
🔄 执行步骤4: 生成统计报告...
2025-07-30 11:00:21,033 - INFO - 📊 获取数据库统计信息...
2025-07-30 11:00:21,389 - INFO - 📈 数据库统计信息:
2025-07-30 11:00:21,390 - INFO -    济南市小时数据: 432 条
2025-07-30 11:00:21,390 - INFO -    济南市日数据: 18 条
2025-07-30 11:00:21,390 - INFO -    区县小时数据: 3456 条
2025-07-30 11:00:21,390 - INFO -    区县日数据: 144 条
2025-07-30 11:00:21,390 - INFO -    济南市最新小时数据: 2025-07-29 23:00:00
2025-07-30 11:00:21,390 - INFO -    济南市最新日数据: 2025-07-29
2025-07-30 11:00:21,390 - INFO -    区县最新小时数据: 2025-07-29 23:00:00
2025-07-30 11:00:21,390 - INFO -    区县最新日数据: 2025-07-29
2025-07-30 11:00:21,390 - INFO - ✅ 步骤4完成 - 统计报告生成成功
2025-07-30 11:00:21,391 - INFO - 
============================================================
2025-07-30 11:00:21,391 - INFO - 🎉 每日自动执行完全成功！
2025-07-30 11:00:21,391 - INFO - 📊 执行结果:
2025-07-30 11:00:21,391 - INFO -    - JWT Token生成: ✅
2025-07-30 11:00:21,391 - INFO -    - 天气数据获取(13个地区): ✅
2025-07-30 11:00:21,391 - INFO -    - 数据库保存(13个地区): ✅
2025-07-30 11:00:21,391 - INFO -    - 统计报告: ✅
2025-07-30 11:00:21,391 - INFO - 📅 下次执行时间: 明天早上9:30
2025-07-30 11:00:21,391 - INFO - ============================================================
2025-07-30 11:00:21,391 - INFO - ✅ 每日自动执行完成，无需人工干预
2025-07-31 11:00:04,805 - INFO - 🌤️  每日自动天气数据收集开始
2025-07-31 11:00:04,808 - INFO - ============================================================
2025-07-31 11:00:04,808 - INFO - ⏰ 执行时间: 2025-07-31 11:00:04
2025-07-31 11:00:04,808 - INFO - 🎯 目标: 自动收集昨天所有13个地区(济南市+12个区县)的天气数据并存入数据库
2025-07-31 11:00:04,808 - INFO - ============================================================
2025-07-31 11:00:04,808 - INFO - 🔍 检查系统状态...
2025-07-31 11:00:05,883 - INFO - ✅ MySQL连接正常
2025-07-31 11:00:07,354 - INFO - ✅ 网络连接正常
2025-07-31 11:00:07,354 - INFO - ✅ 系统状态检查完成
2025-07-31 11:00:07,355 - INFO - 
🔄 执行步骤1: 生成JWT Token...
2025-07-31 11:00:07,355 - INFO - 🔑 自动生成JWT Token...
2025-07-31 11:00:07,382 - INFO - ✅ JWT Token生成成功，有效期10小时
2025-07-31 11:00:07,383 - INFO - ✅ 步骤1完成 - JWT Token生成成功
2025-07-31 11:00:07,383 - INFO - 
🔄 执行步骤2: 获取昨天所有13个地区的天气数据...
2025-07-31 11:00:07,383 - INFO - 🌤️ 开始获取昨天所有13个地区的天气数据...
2025-07-31 11:00:07,383 - INFO - 正在获取 济南(101120101) 20250730 的天气数据...
2025-07-31 11:00:16,964 - INFO - ✅ 济南 成功获取小时数据 24 条，每日数据 1 条
2025-07-31 11:00:16,965 - INFO - 正在获取 长清(101120102) 20250730 的天气数据...
2025-07-31 11:00:17,417 - INFO - ✅ 长清 成功获取小时数据 24 条，每日数据 1 条
2025-07-31 11:00:17,417 - INFO - 正在获取 商河(101120103) 20250730 的天气数据...
2025-07-31 11:00:17,806 - INFO - ✅ 商河 成功获取小时数据 24 条，每日数据 1 条
2025-07-31 11:00:17,807 - INFO - 正在获取 章丘(101120104) 20250730 的天气数据...
2025-07-31 11:00:19,240 - INFO - ✅ 章丘 成功获取小时数据 24 条，每日数据 1 条
2025-07-31 11:00:19,240 - INFO - 正在获取 平阴(101120105) 20250730 的天气数据...
2025-07-31 11:00:19,639 - INFO - ✅ 平阴 成功获取小时数据 24 条，每日数据 1 条
2025-07-31 11:00:19,640 - INFO - 正在获取 济阳(101120106) 20250730 的天气数据...
2025-07-31 11:00:20,063 - INFO - ✅ 济阳 成功获取小时数据 24 条，每日数据 1 条
2025-07-31 11:00:20,063 - INFO - 正在获取 历下(101120107) 20250730 的天气数据...
2025-07-31 11:00:20,465 - INFO - ✅ 历下 成功获取小时数据 24 条，每日数据 1 条
2025-07-31 11:00:20,465 - INFO - 正在获取 市中(101120108) 20250730 的天气数据...
2025-07-31 11:00:21,852 - INFO - ✅ 市中 成功获取小时数据 24 条，每日数据 1 条
2025-07-31 11:00:21,853 - INFO - 正在获取 槐荫(101120109) 20250730 的天气数据...
2025-07-31 11:00:22,157 - INFO - ✅ 槐荫 成功获取小时数据 24 条，每日数据 1 条
2025-07-31 11:00:22,157 - INFO - 正在获取 天桥(101120110) 20250730 的天气数据...
2025-07-31 11:00:29,640 - INFO - ✅ 天桥 成功获取小时数据 24 条，每日数据 1 条
2025-07-31 11:00:29,640 - INFO - 正在获取 历城(101120111) 20250730 的天气数据...
2025-07-31 11:00:30,103 - INFO - ✅ 历城 成功获取小时数据 24 条，每日数据 1 条
2025-07-31 11:00:30,104 - INFO - 正在获取 莱芜(101121601) 20250730 的天气数据...
2025-07-31 11:00:30,502 - INFO - ✅ 莱芜 成功获取小时数据 24 条，每日数据 1 条
2025-07-31 11:00:30,502 - INFO - 正在获取 钢城(101121603) 20250730 的天气数据...
2025-07-31 11:00:30,914 - INFO - ✅ 钢城 成功获取小时数据 24 条，每日数据 1 条
2025-07-31 11:00:30,915 - INFO - ✅ 总计成功获取 13/13 个地区的数据
2025-07-31 11:00:30,915 - INFO -    - 小时数据: 312 条
2025-07-31 11:00:30,915 - INFO -    - 每日数据: 13 条
2025-07-31 11:00:30,915 - INFO - ✅ 步骤2完成 - 天气数据获取成功
2025-07-31 11:00:30,915 - INFO - 
🔄 执行步骤3: 保存数据到数据库...
2025-07-31 11:00:30,915 - INFO - 💾 开始保存所有地区的天气数据到数据库...
✅ MySQL数据库表结构初始化完成（统一表结构）
2025-07-31 11:00:30,922 - INFO - ✅ 数据库初始化完成
2025-07-31 11:00:30,922 - INFO - 📊 保存小时天气数据...
2025-07-31 11:00:30,922 - INFO - 正在保存 济南(101120101) 的小时数据 24 条...
✅ 区县济南小时数据保存完成: 新增0条，更新24条
2025-07-31 11:00:30,933 - INFO - ✅ 济南 小时数据保存完成: 新增0条，更新24条
2025-07-31 11:00:30,933 - INFO - 正在保存 长清(101120102) 的小时数据 24 条...
✅ 区县长清小时数据保存完成: 新增0条，更新24条
2025-07-31 11:00:30,939 - INFO - ✅ 长清 小时数据保存完成: 新增0条，更新24条
2025-07-31 11:00:30,939 - INFO - 正在保存 商河(101120103) 的小时数据 24 条...
✅ 区县商河小时数据保存完成: 新增0条，更新24条
2025-07-31 11:00:30,944 - INFO - ✅ 商河 小时数据保存完成: 新增0条，更新24条
2025-07-31 11:00:30,944 - INFO - 正在保存 章丘(101120104) 的小时数据 24 条...
✅ 区县章丘小时数据保存完成: 新增0条，更新24条
2025-07-31 11:00:30,948 - INFO - ✅ 章丘 小时数据保存完成: 新增0条，更新24条
2025-07-31 11:00:30,948 - INFO - 正在保存 平阴(101120105) 的小时数据 24 条...
✅ 区县平阴小时数据保存完成: 新增0条，更新24条
2025-07-31 11:00:30,953 - INFO - ✅ 平阴 小时数据保存完成: 新增0条，更新24条
2025-07-31 11:00:30,953 - INFO - 正在保存 济阳(101120106) 的小时数据 24 条...
✅ 区县济阳小时数据保存完成: 新增0条，更新24条
2025-07-31 11:00:30,958 - INFO - ✅ 济阳 小时数据保存完成: 新增0条，更新24条
2025-07-31 11:00:30,958 - INFO - 正在保存 历下(101120107) 的小时数据 24 条...
✅ 区县历下小时数据保存完成: 新增0条，更新24条
2025-07-31 11:00:30,965 - INFO - ✅ 历下 小时数据保存完成: 新增0条，更新24条
2025-07-31 11:00:30,965 - INFO - 正在保存 市中(101120108) 的小时数据 24 条...
✅ 区县市中小时数据保存完成: 新增0条，更新24条
2025-07-31 11:00:30,971 - INFO - ✅ 市中 小时数据保存完成: 新增0条，更新24条
2025-07-31 11:00:30,971 - INFO - 正在保存 槐荫(101120109) 的小时数据 24 条...
✅ 区县槐荫小时数据保存完成: 新增0条，更新24条
2025-07-31 11:00:30,977 - INFO - ✅ 槐荫 小时数据保存完成: 新增0条，更新24条
2025-07-31 11:00:30,977 - INFO - 正在保存 天桥(101120110) 的小时数据 24 条...
✅ 区县天桥小时数据保存完成: 新增0条，更新24条
2025-07-31 11:00:30,982 - INFO - ✅ 天桥 小时数据保存完成: 新增0条，更新24条
2025-07-31 11:00:30,982 - INFO - 正在保存 历城(101120111) 的小时数据 24 条...
✅ 区县历城小时数据保存完成: 新增0条，更新24条
2025-07-31 11:00:30,986 - INFO - ✅ 历城 小时数据保存完成: 新增0条，更新24条
2025-07-31 11:00:30,987 - INFO - 正在保存 莱芜(101121601) 的小时数据 24 条...
✅ 区县莱芜小时数据保存完成: 新增0条，更新24条
2025-07-31 11:00:30,991 - INFO - ✅ 莱芜 小时数据保存完成: 新增0条，更新24条
2025-07-31 11:00:30,991 - INFO - 正在保存 钢城(101121603) 的小时数据 24 条...
✅ 区县钢城小时数据保存完成: 新增0条，更新24条
2025-07-31 11:00:30,995 - INFO - ✅ 钢城 小时数据保存完成: 新增0条，更新24条
2025-07-31 11:00:30,995 - INFO - ✅ 所有地区小时数据保存完成: 总计新增0条，更新312条
2025-07-31 11:00:30,995 - INFO - 📅 保存每日天气数据...
2025-07-31 11:00:30,996 - INFO - 正在保存 济南(101120101) 的每日数据...
✅ 济南 每日数据保存完成: 新增0条，更新1条
2025-07-31 11:00:30,997 - INFO - 正在保存 长清(101120102) 的每日数据...
✅ 长清 每日数据保存完成: 新增0条，更新1条
2025-07-31 11:00:30,998 - INFO - 正在保存 商河(101120103) 的每日数据...
✅ 商河 每日数据保存完成: 新增0条，更新1条
2025-07-31 11:00:30,999 - INFO - 正在保存 章丘(101120104) 的每日数据...
✅ 章丘 每日数据保存完成: 新增0条，更新1条
2025-07-31 11:00:31,000 - INFO - 正在保存 平阴(101120105) 的每日数据...
✅ 平阴 每日数据保存完成: 新增0条，更新1条
2025-07-31 11:00:31,001 - INFO - 正在保存 济阳(101120106) 的每日数据...
✅ 济阳 每日数据保存完成: 新增0条，更新1条
2025-07-31 11:00:31,003 - INFO - 正在保存 历下(101120107) 的每日数据...
✅ 历下 每日数据保存完成: 新增0条，更新1条
2025-07-31 11:00:31,004 - INFO - 正在保存 市中(101120108) 的每日数据...
✅ 市中 每日数据保存完成: 新增0条，更新1条
2025-07-31 11:00:31,005 - INFO - 正在保存 槐荫(101120109) 的每日数据...
✅ 槐荫 每日数据保存完成: 新增0条，更新1条
2025-07-31 11:00:31,006 - INFO - 正在保存 天桥(101120110) 的每日数据...
✅ 天桥 每日数据保存完成: 新增0条，更新1条
2025-07-31 11:00:31,008 - INFO - 正在保存 历城(101120111) 的每日数据...
✅ 历城 每日数据保存完成: 新增0条，更新1条
2025-07-31 11:00:31,009 - INFO - 正在保存 莱芜(101121601) 的每日数据...
✅ 莱芜 每日数据保存完成: 新增0条，更新1条
2025-07-31 11:00:31,010 - INFO - 正在保存 钢城(101121603) 的每日数据...
✅ 钢城 每日数据保存完成: 新增0条，更新1条
2025-07-31 11:00:31,011 - INFO - ✅ 所有地区每日数据保存完成: 总计新增0条，更新13条
2025-07-31 11:00:31,011 - INFO - ✅ 步骤3完成 - 数据保存成功
2025-07-31 11:00:31,011 - INFO - 
🔄 执行步骤4: 生成统计报告...
2025-07-31 11:00:31,011 - INFO - 📊 获取数据库统计信息...
2025-07-31 11:00:31,353 - INFO - 📈 数据库统计信息:
2025-07-31 11:00:31,353 - INFO -    济南市小时数据: 24 条
2025-07-31 11:00:31,353 - INFO -    济南市日数据: 1 条
2025-07-31 11:00:31,354 - INFO -    区县小时数据: 288 条
2025-07-31 11:00:31,354 - INFO -    区县日数据: 12 条
2025-07-31 11:00:31,354 - INFO -    济南市最新小时数据: 2025-07-30 23:00:00
2025-07-31 11:00:31,354 - INFO -    济南市最新日数据: 2025-07-30
2025-07-31 11:00:31,354 - INFO -    区县最新小时数据: 2025-07-30 23:00:00
2025-07-31 11:00:31,354 - INFO -    区县最新日数据: 2025-07-30
2025-07-31 11:00:31,354 - INFO - ✅ 步骤4完成 - 统计报告生成成功
2025-07-31 11:00:31,354 - INFO - 
============================================================
2025-07-31 11:00:31,354 - INFO - 🎉 每日自动执行完全成功！
2025-07-31 11:00:31,354 - INFO - 📊 执行结果:
2025-07-31 11:00:31,354 - INFO -    - JWT Token生成: ✅
2025-07-31 11:00:31,355 - INFO -    - 天气数据获取(13个地区): ✅
2025-07-31 11:00:31,355 - INFO -    - 数据库保存(13个地区): ✅
2025-07-31 11:00:31,355 - INFO -    - 统计报告: ✅
2025-07-31 11:00:31,355 - INFO - 📅 下次执行时间: 明天早上9:30
2025-07-31 11:00:31,355 - INFO - ============================================================
2025-07-31 11:00:31,355 - INFO - ✅ 每日自动执行完成，无需人工干预
