2025-07-26 11:09:59,133 - INFO - 🌤️  每日自动天气数据收集开始
2025-07-26 11:09:59,134 - INFO - ============================================================
2025-07-26 11:09:59,134 - INFO - ⏰ 执行时间: 2025-07-26 11:09:59
2025-07-26 11:09:59,134 - INFO - 🎯 目标: 自动收集昨天的天气数据并存入数据库
2025-07-26 11:09:59,134 - INFO - ============================================================
2025-07-26 11:09:59,134 - INFO - 🔍 检查系统状态...
2025-07-26 11:10:00,293 - INFO - ✅ MySQL连接正常
2025-07-26 11:10:00,996 - INFO - ✅ 网络连接正常
2025-07-26 11:10:00,997 - INFO - ✅ 系统状态检查完成
2025-07-26 11:10:00,997 - INFO - 
🔄 执行步骤1: 生成JWT Token...
2025-07-26 11:10:00,997 - INFO - 🔑 自动生成JWT Token...
2025-07-26 11:10:01,023 - INFO - ✅ JWT Token生成成功，有效期10小时
2025-07-26 11:10:01,024 - INFO - ✅ 步骤1完成 - JWT Token生成成功
2025-07-26 11:10:01,024 - INFO - 
🔄 执行步骤2: 获取昨天的天气数据...
2025-07-26 11:10:01,024 - INFO - 🌤️ 开始获取昨天的天气数据...
2025-07-26 11:10:01,024 - INFO - 正在获取 20250725 的天气数据...
2025-07-26 11:10:02,071 - INFO - ✅ 成功获取天气数据，共 24 条记录
2025-07-26 11:10:02,072 - INFO - ✅ 步骤2完成 - 天气数据获取成功
2025-07-26 11:10:02,072 - INFO - 
🔄 执行步骤3: 保存数据到数据库...
2025-07-26 11:10:02,072 - INFO - 💾 开始保存天气数据到数据库...
2025-07-26 11:10:02,091 - INFO - ✅ 数据库初始化完成
2025-07-26 11:10:02,098 - WARNING - ⚠️ 小时数据保存返回格式异常
2025-07-26 11:10:02,098 - INFO - ✅ 小时数据保存尝试完成
2025-07-26 11:10:02,100 - INFO - ✅ 每日汇总计算完成
2025-07-26 11:10:02,100 - INFO - ✅ 步骤3完成 - 数据保存成功
2025-07-26 11:10:02,100 - INFO - 
🔄 执行步骤4: 生成统计报告...
2025-07-26 11:10:02,100 - INFO - 📊 获取数据库统计信息...
2025-07-26 11:10:02,430 - INFO - 📈 数据库统计信息:
2025-07-26 11:10:02,430 - INFO -    小时数据: 24 条
2025-07-26 11:10:02,430 - INFO -    每日数据: 1 条
2025-07-26 11:10:02,431 - INFO -    最新小时数据: 2025-07-25 23:00:00
2025-07-26 11:10:02,431 - INFO -    最新每日数据: 2025-07-25
2025-07-26 11:10:02,431 - INFO - ✅ 步骤4完成 - 统计报告生成成功
2025-07-26 11:10:02,431 - INFO - 
============================================================
2025-07-26 11:10:02,431 - INFO - 🎉 每日自动执行完全成功！
2025-07-26 11:10:02,431 - INFO - 📊 执行结果:
2025-07-26 11:10:02,431 - INFO -    - JWT Token生成: ✅
2025-07-26 11:10:02,431 - INFO -    - 天气数据获取: ✅
2025-07-26 11:10:02,431 - INFO -    - 数据库保存: ✅
2025-07-26 11:10:02,431 - INFO -    - 统计报告: ✅
2025-07-26 11:10:02,431 - INFO - 📅 下次执行时间: 明天早上9:30
2025-07-26 11:10:02,431 - INFO - ============================================================
2025-07-26 11:10:02,431 - INFO - ✅ 每日自动执行完成，无需人工干预
