2025-07-23 09:30:05,977 - INFO - 🌤️  每日自动天气数据收集开始
2025-07-23 09:30:05,977 - INFO - ============================================================
2025-07-23 09:30:05,978 - INFO - ⏰ 执行时间: 2025-07-23 09:30:05
2025-07-23 09:30:05,978 - INFO - 🎯 目标: 自动收集昨天的天气数据并存入数据库
2025-07-23 09:30:05,978 - INFO - ============================================================
2025-07-23 09:30:05,978 - INFO - 🔍 检查系统状态...
2025-07-23 09:30:07,220 - INFO - ✅ MySQL连接正常
2025-07-23 09:30:07,686 - INFO - ✅ 网络连接正常
2025-07-23 09:30:07,686 - INFO - ✅ 系统状态检查完成
2025-07-23 09:30:07,686 - INFO - 
🔄 执行步骤1: 生成JWT Token...
2025-07-23 09:30:07,686 - INFO - 🔑 自动生成JWT Token...
2025-07-23 09:30:07,717 - INFO - ✅ JWT Token生成成功，有效期10小时
2025-07-23 09:30:07,717 - INFO - ✅ 步骤1完成 - JWT Token生成成功
2025-07-23 09:30:07,717 - INFO - 
🔄 执行步骤2: 获取昨天的天气数据...
2025-07-23 09:30:07,717 - INFO - 🌤️ 开始获取昨天的天气数据...
2025-07-23 09:30:07,717 - INFO - 正在获取 20250722 的天气数据...
2025-07-23 09:30:08,615 - INFO - ✅ 成功获取天气数据，共 24 条记录
2025-07-23 09:30:08,615 - INFO - ✅ 步骤2完成 - 天气数据获取成功
2025-07-23 09:30:08,615 - INFO - 
🔄 执行步骤3: 保存数据到数据库...
2025-07-23 09:30:08,615 - INFO - 💾 开始保存天气数据到数据库...
2025-07-23 09:30:08,624 - INFO - ✅ 数据库初始化完成
2025-07-23 09:30:08,627 - WARNING - ⚠️ 小时数据保存返回格式异常
2025-07-23 09:30:08,627 - INFO - ✅ 小时数据保存尝试完成
2025-07-23 09:30:08,637 - INFO - ✅ 每日汇总计算完成
2025-07-23 09:30:08,637 - INFO - ✅ 步骤3完成 - 数据保存成功
2025-07-23 09:30:08,637 - INFO - 
🔄 执行步骤4: 生成统计报告...
2025-07-23 09:30:08,637 - INFO - 📊 获取数据库统计信息...
2025-07-23 09:30:08,978 - INFO - 📈 数据库统计信息:
2025-07-23 09:30:08,978 - INFO -    小时数据: 240 条
2025-07-23 09:30:08,978 - INFO -    每日数据: 10 条
2025-07-23 09:30:08,979 - INFO -    最新小时数据: 2025-07-21 23:00:00
2025-07-23 09:30:08,979 - INFO -    最新每日数据: 2025-07-21
2025-07-23 09:30:08,979 - INFO - ✅ 步骤4完成 - 统计报告生成成功
2025-07-23 09:30:08,979 - INFO - 
============================================================
2025-07-23 09:30:08,979 - INFO - 🎉 每日自动执行完全成功！
2025-07-23 09:30:08,979 - INFO - 📊 执行结果:
2025-07-23 09:30:08,980 - INFO -    - JWT Token生成: ✅
2025-07-23 09:30:08,980 - INFO -    - 天气数据获取: ✅
2025-07-23 09:30:08,980 - INFO -    - 数据库保存: ✅
2025-07-23 09:30:08,980 - INFO -    - 统计报告: ✅
2025-07-23 09:30:08,980 - INFO - 📅 下次执行时间: 明天早上9:30
2025-07-23 09:30:08,980 - INFO - ============================================================
2025-07-23 09:30:08,980 - INFO - ✅ 每日自动执行完成，无需人工干预
2025-07-23 09:46:10,284 - INFO - 🌤️  每日自动天气数据收集开始
2025-07-23 09:46:10,284 - INFO - ============================================================
2025-07-23 09:46:10,284 - INFO - ⏰ 执行时间: 2025-07-23 09:46:10
2025-07-23 09:46:10,284 - INFO - 🎯 目标: 自动收集昨天的天气数据并存入数据库
2025-07-23 09:46:10,284 - INFO - ============================================================
2025-07-23 09:46:10,284 - INFO - 🔍 检查系统状态...
2025-07-23 09:46:10,472 - INFO - ✅ MySQL连接正常
2025-07-23 09:46:10,732 - INFO - ✅ 网络连接正常
2025-07-23 09:46:10,732 - INFO - ✅ 系统状态检查完成
2025-07-23 09:46:10,732 - INFO - 
🔄 执行步骤1: 生成JWT Token...
2025-07-23 09:46:10,732 - INFO - 🔑 自动生成JWT Token...
2025-07-23 09:46:10,747 - INFO - ✅ JWT Token生成成功，有效期10小时
2025-07-23 09:46:10,748 - INFO - ✅ 步骤1完成 - JWT Token生成成功
2025-07-23 09:46:10,748 - INFO - 
🔄 执行步骤2: 获取昨天的天气数据...
2025-07-23 09:46:10,748 - INFO - 🌤️ 开始获取昨天的天气数据...
2025-07-23 09:46:10,748 - INFO - 正在获取 20250722 的天气数据...
2025-07-23 09:46:11,580 - INFO - ✅ 成功获取天气数据，共 24 条记录
2025-07-23 09:46:11,580 - INFO - ✅ 步骤2完成 - 天气数据获取成功
2025-07-23 09:46:11,580 - INFO - 
🔄 执行步骤3: 保存数据到数据库...
2025-07-23 09:46:11,580 - INFO - 💾 开始保存天气数据到数据库...
2025-07-23 09:46:11,588 - INFO - ✅ 数据库初始化完成
2025-07-23 09:46:11,589 - WARNING - ⚠️ 小时数据保存返回格式异常
2025-07-23 09:46:11,589 - INFO - ✅ 小时数据保存尝试完成
2025-07-23 09:46:11,597 - INFO - ✅ 每日汇总计算完成
2025-07-23 09:46:11,597 - INFO - ✅ 步骤3完成 - 数据保存成功
2025-07-23 09:46:11,597 - INFO - 
🔄 执行步骤4: 生成统计报告...
2025-07-23 09:46:11,597 - INFO - 📊 获取数据库统计信息...
2025-07-23 09:46:11,685 - INFO - 📈 数据库统计信息:
2025-07-23 09:46:11,685 - INFO -    小时数据: 240 条
2025-07-23 09:46:11,685 - INFO -    每日数据: 10 条
2025-07-23 09:46:11,685 - INFO -    最新小时数据: 2025-07-21 23:00:00
2025-07-23 09:46:11,685 - INFO -    最新每日数据: 2025-07-21
2025-07-23 09:46:11,685 - INFO - ✅ 步骤4完成 - 统计报告生成成功
2025-07-23 09:46:11,685 - INFO - 
============================================================
2025-07-23 09:46:11,685 - INFO - 🎉 每日自动执行完全成功！
2025-07-23 09:46:11,685 - INFO - 📊 执行结果:
2025-07-23 09:46:11,685 - INFO -    - JWT Token生成: ✅
2025-07-23 09:46:11,685 - INFO -    - 天气数据获取: ✅
2025-07-23 09:46:11,685 - INFO -    - 数据库保存: ✅
2025-07-23 09:46:11,686 - INFO -    - 统计报告: ✅
2025-07-23 09:46:11,686 - INFO - 📅 下次执行时间: 明天早上9:30
2025-07-23 09:46:11,686 - INFO - ============================================================
2025-07-23 09:46:11,686 - INFO - ✅ 每日自动执行完成，无需人工干预
2025-07-23 09:47:23,288 - INFO - 🌤️  每日自动天气数据收集开始
2025-07-23 09:47:23,288 - INFO - ============================================================
2025-07-23 09:47:23,288 - INFO - ⏰ 执行时间: 2025-07-23 09:47:23
2025-07-23 09:47:23,288 - INFO - 🎯 目标: 自动收集昨天的天气数据并存入数据库
2025-07-23 09:47:23,288 - INFO - ============================================================
2025-07-23 09:47:23,288 - INFO - 🔍 检查系统状态...
2025-07-23 09:47:23,565 - INFO - ✅ MySQL连接正常
2025-07-23 09:47:23,976 - INFO - ✅ 网络连接正常
2025-07-23 09:47:23,976 - INFO - ✅ 系统状态检查完成
2025-07-23 09:47:23,976 - INFO - 
🔄 执行步骤1: 生成JWT Token...
2025-07-23 09:47:23,976 - INFO - 🔑 自动生成JWT Token...
2025-07-23 09:47:23,990 - INFO - ✅ JWT Token生成成功，有效期10小时
2025-07-23 09:47:23,990 - INFO - ✅ 步骤1完成 - JWT Token生成成功
2025-07-23 09:47:23,990 - INFO - 
🔄 执行步骤2: 获取昨天的天气数据...
2025-07-23 09:47:23,990 - INFO - 🌤️ 开始获取昨天的天气数据...
2025-07-23 09:47:23,990 - INFO - 正在获取 20250722 的天气数据...
2025-07-23 09:47:24,811 - INFO - ✅ 成功获取天气数据，共 24 条记录
2025-07-23 09:47:24,811 - INFO - ✅ 步骤2完成 - 天气数据获取成功
2025-07-23 09:47:24,811 - INFO - 
🔄 执行步骤3: 保存数据到数据库...
2025-07-23 09:47:24,811 - INFO - 💾 开始保存天气数据到数据库...
2025-07-23 09:47:24,815 - INFO - ✅ 数据库初始化完成
2025-07-23 09:47:24,831 - WARNING - ⚠️ 小时数据保存返回格式异常
2025-07-23 09:47:24,831 - INFO - ✅ 小时数据保存尝试完成
2025-07-23 09:47:24,834 - INFO - ✅ 每日汇总计算完成
2025-07-23 09:47:24,834 - INFO - ✅ 步骤3完成 - 数据保存成功
2025-07-23 09:47:24,834 - INFO - 
🔄 执行步骤4: 生成统计报告...
2025-07-23 09:47:24,834 - INFO - 📊 获取数据库统计信息...
2025-07-23 09:47:24,962 - INFO - 📈 数据库统计信息:
2025-07-23 09:47:24,962 - INFO -    小时数据: 264 条
2025-07-23 09:47:24,962 - INFO -    每日数据: 11 条
2025-07-23 09:47:24,962 - INFO -    最新小时数据: 2025-07-22 23:00:00
2025-07-23 09:47:24,962 - INFO -    最新每日数据: 2025-07-22
2025-07-23 09:47:24,962 - INFO - ✅ 步骤4完成 - 统计报告生成成功
2025-07-23 09:47:24,962 - INFO - 
============================================================
2025-07-23 09:47:24,962 - INFO - 🎉 每日自动执行完全成功！
2025-07-23 09:47:24,962 - INFO - 📊 执行结果:
2025-07-23 09:47:24,962 - INFO -    - JWT Token生成: ✅
2025-07-23 09:47:24,962 - INFO -    - 天气数据获取: ✅
2025-07-23 09:47:24,962 - INFO -    - 数据库保存: ✅
2025-07-23 09:47:24,962 - INFO -    - 统计报告: ✅
2025-07-23 09:47:24,962 - INFO - 📅 下次执行时间: 明天早上9:30
2025-07-23 09:47:24,962 - INFO - ============================================================
2025-07-23 09:47:24,962 - INFO - ✅ 每日自动执行完成，无需人工干预
2025-07-23 10:32:00,387 - INFO - 🌤️  每日自动天气数据收集开始
2025-07-23 10:32:00,388 - INFO - ============================================================
2025-07-23 10:32:00,388 - INFO - ⏰ 执行时间: 2025-07-23 10:32:00
2025-07-23 10:32:00,388 - INFO - 🎯 目标: 自动收集昨天的天气数据并存入数据库
2025-07-23 10:32:00,388 - INFO - ============================================================
2025-07-23 10:32:00,388 - INFO - 🔍 检查系统状态...
2025-07-23 10:32:00,636 - INFO - ✅ MySQL连接正常
2025-07-23 10:32:00,935 - INFO - ✅ 网络连接正常
2025-07-23 10:32:00,935 - INFO - ✅ 系统状态检查完成
2025-07-23 10:32:00,935 - INFO - 
🔄 执行步骤1: 生成JWT Token...
2025-07-23 10:32:00,935 - INFO - 🔑 自动生成JWT Token...
2025-07-23 10:32:00,950 - INFO - ✅ JWT Token生成成功，有效期10小时
2025-07-23 10:32:00,950 - INFO - ✅ 步骤1完成 - JWT Token生成成功
2025-07-23 10:32:00,950 - INFO - 
🔄 执行步骤2: 获取昨天的天气数据...
2025-07-23 10:32:00,950 - INFO - 🌤️ 开始获取昨天的天气数据...
2025-07-23 10:32:00,950 - INFO - 正在获取 20250722 的天气数据...
2025-07-23 10:32:01,990 - INFO - ✅ 成功获取天气数据，共 24 条记录
2025-07-23 10:32:01,991 - INFO - ✅ 步骤2完成 - 天气数据获取成功
2025-07-23 10:32:01,991 - INFO - 
🔄 执行步骤3: 保存数据到数据库...
2025-07-23 10:32:01,991 - INFO - 💾 开始保存天气数据到数据库...
2025-07-23 10:32:01,996 - INFO - ✅ 数据库初始化完成
2025-07-23 10:32:02,010 - WARNING - ⚠️ 小时数据保存返回格式异常
2025-07-23 10:32:02,010 - INFO - ✅ 小时数据保存尝试完成
2025-07-23 10:32:02,014 - INFO - ✅ 每日汇总计算完成
2025-07-23 10:32:02,014 - INFO - ✅ 步骤3完成 - 数据保存成功
2025-07-23 10:32:02,014 - INFO - 
🔄 执行步骤4: 生成统计报告...
2025-07-23 10:32:02,015 - INFO - 📊 获取数据库统计信息...
2025-07-23 10:32:02,106 - INFO - 📈 数据库统计信息:
2025-07-23 10:32:02,106 - INFO -    小时数据: 264 条
2025-07-23 10:32:02,106 - INFO -    每日数据: 11 条
2025-07-23 10:32:02,106 - INFO -    最新小时数据: 2025-07-22 23:00:00
2025-07-23 10:32:02,106 - INFO -    最新每日数据: 2025-07-22
2025-07-23 10:32:02,106 - INFO - ✅ 步骤4完成 - 统计报告生成成功
2025-07-23 10:32:02,106 - INFO - 
============================================================
2025-07-23 10:32:02,106 - INFO - 🎉 每日自动执行完全成功！
2025-07-23 10:32:02,106 - INFO - 📊 执行结果:
2025-07-23 10:32:02,106 - INFO -    - JWT Token生成: ✅
2025-07-23 10:32:02,106 - INFO -    - 天气数据获取: ✅
2025-07-23 10:32:02,106 - INFO -    - 数据库保存: ✅
2025-07-23 10:32:02,106 - INFO -    - 统计报告: ✅
2025-07-23 10:32:02,106 - INFO - 📅 下次执行时间: 明天早上9:30
2025-07-23 10:32:02,106 - INFO - ============================================================
2025-07-23 10:32:02,106 - INFO - ✅ 每日自动执行完成，无需人工干预
2025-07-23 11:00:06,027 - INFO - 🌤️  每日自动天气数据收集开始
2025-07-23 11:00:06,028 - INFO - ============================================================
2025-07-23 11:00:06,028 - INFO - ⏰ 执行时间: 2025-07-23 11:00:06
2025-07-23 11:00:06,028 - INFO - 🎯 目标: 自动收集昨天的天气数据并存入数据库
2025-07-23 11:00:06,028 - INFO - ============================================================
2025-07-23 11:00:06,028 - INFO - 🔍 检查系统状态...
2025-07-23 11:00:06,917 - INFO - ✅ MySQL连接正常
2025-07-23 11:00:07,501 - INFO - ✅ 网络连接正常
2025-07-23 11:00:07,501 - INFO - ✅ 系统状态检查完成
2025-07-23 11:00:07,502 - INFO - 
🔄 执行步骤1: 生成JWT Token...
2025-07-23 11:00:07,502 - INFO - 🔑 自动生成JWT Token...
2025-07-23 11:00:07,524 - INFO - ✅ JWT Token生成成功，有效期10小时
2025-07-23 11:00:07,524 - INFO - ✅ 步骤1完成 - JWT Token生成成功
2025-07-23 11:00:07,524 - INFO - 
🔄 执行步骤2: 获取昨天的天气数据...
2025-07-23 11:00:07,524 - INFO - 🌤️ 开始获取昨天的天气数据...
2025-07-23 11:00:07,524 - INFO - 正在获取 20250722 的天气数据...
2025-07-23 11:00:08,585 - INFO - ✅ 成功获取天气数据，共 24 条记录
2025-07-23 11:00:08,586 - INFO - ✅ 步骤2完成 - 天气数据获取成功
2025-07-23 11:00:08,586 - INFO - 
🔄 执行步骤3: 保存数据到数据库...
2025-07-23 11:00:08,586 - INFO - 💾 开始保存天气数据到数据库...
2025-07-23 11:00:08,604 - INFO - ✅ 数据库初始化完成
2025-07-23 11:00:08,620 - WARNING - ⚠️ 小时数据保存返回格式异常
2025-07-23 11:00:08,620 - INFO - ✅ 小时数据保存尝试完成
2025-07-23 11:00:08,627 - INFO - ✅ 每日汇总计算完成
2025-07-23 11:00:08,627 - INFO - ✅ 步骤3完成 - 数据保存成功
2025-07-23 11:00:08,627 - INFO - 
🔄 执行步骤4: 生成统计报告...
2025-07-23 11:00:08,627 - INFO - 📊 获取数据库统计信息...
2025-07-23 11:00:08,888 - INFO - 📈 数据库统计信息:
2025-07-23 11:00:08,889 - INFO -    小时数据: 264 条
2025-07-23 11:00:08,889 - INFO -    每日数据: 11 条
2025-07-23 11:00:08,889 - INFO -    最新小时数据: 2025-07-22 23:00:00
2025-07-23 11:00:08,889 - INFO -    最新每日数据: 2025-07-22
2025-07-23 11:00:08,889 - INFO - ✅ 步骤4完成 - 统计报告生成成功
2025-07-23 11:00:08,889 - INFO - 
============================================================
2025-07-23 11:00:08,889 - INFO - 🎉 每日自动执行完全成功！
2025-07-23 11:00:08,889 - INFO - 📊 执行结果:
2025-07-23 11:00:08,889 - INFO -    - JWT Token生成: ✅
2025-07-23 11:00:08,889 - INFO -    - 天气数据获取: ✅
2025-07-23 11:00:08,889 - INFO -    - 数据库保存: ✅
2025-07-23 11:00:08,889 - INFO -    - 统计报告: ✅
2025-07-23 11:00:08,889 - INFO - 📅 下次执行时间: 明天早上9:30
2025-07-23 11:00:08,889 - INFO - ============================================================
2025-07-23 11:00:08,889 - INFO - ✅ 每日自动执行完成，无需人工干预
