2025-07-31 10:54:21,595 - INFO - 🌤️  每日自动天气数据收集开始
2025-07-31 10:54:21,595 - INFO - ============================================================
2025-07-31 10:54:21,595 - INFO - ⏰ 执行时间: 2025-07-31 10:54:21
2025-07-31 10:54:21,595 - INFO - 🎯 目标: 自动收集昨天所有13个地区(济南市+12个区县)的天气数据并存入数据库
2025-07-31 10:54:21,595 - INFO - ============================================================
2025-07-31 10:54:21,595 - INFO - 🔍 检查系统状态...
2025-07-31 10:54:21,864 - INFO - ✅ MySQL连接正常
2025-07-31 10:54:44,773 - INFO - ✅ 网络连接正常
2025-07-31 10:54:44,773 - INFO - ✅ 系统状态检查完成
2025-07-31 10:54:44,774 - INFO - 
🔄 执行步骤1: 生成JWT Token...
2025-07-31 10:54:44,774 - INFO - 🔑 自动生成JWT Token...
2025-07-31 10:54:44,793 - INFO - ✅ JWT Token生成成功，有效期10小时
2025-07-31 10:54:44,793 - INFO - ✅ 步骤1完成 - JWT Token生成成功
2025-07-31 10:54:44,793 - INFO - 
🔄 执行步骤2: 获取昨天所有13个地区的天气数据...
2025-07-31 10:54:44,793 - INFO - 🌤️ 开始获取昨天所有13个地区的天气数据...
2025-07-31 10:54:44,794 - INFO - 正在获取 济南(101120101) 20250730 的天气数据...
2025-07-31 10:54:45,185 - INFO - ✅ 济南 成功获取小时数据 24 条，每日数据 1 条
2025-07-31 10:54:45,186 - INFO - 正在获取 长清(101120102) 20250730 的天气数据...
2025-07-31 10:54:45,646 - INFO - ✅ 长清 成功获取小时数据 24 条，每日数据 1 条
2025-07-31 10:54:45,647 - INFO - 正在获取 商河(101120103) 20250730 的天气数据...
2025-07-31 10:54:46,050 - INFO - ✅ 商河 成功获取小时数据 24 条，每日数据 1 条
2025-07-31 10:54:46,051 - INFO - 正在获取 章丘(101120104) 20250730 的天气数据...
2025-07-31 10:54:46,442 - INFO - ✅ 章丘 成功获取小时数据 24 条，每日数据 1 条
2025-07-31 10:54:46,442 - INFO - 正在获取 平阴(101120105) 20250730 的天气数据...
2025-07-31 10:54:46,933 - INFO - ✅ 平阴 成功获取小时数据 24 条，每日数据 1 条
2025-07-31 10:54:46,934 - INFO - 正在获取 济阳(101120106) 20250730 的天气数据...
2025-07-31 10:54:47,381 - INFO - ✅ 济阳 成功获取小时数据 24 条，每日数据 1 条
2025-07-31 10:54:47,381 - INFO - 正在获取 历下(101120107) 20250730 的天气数据...
2025-07-31 10:54:47,823 - INFO - ✅ 历下 成功获取小时数据 24 条，每日数据 1 条
2025-07-31 10:54:47,824 - INFO - 正在获取 市中(101120108) 20250730 的天气数据...
2025-07-31 10:54:48,268 - INFO - ✅ 市中 成功获取小时数据 24 条，每日数据 1 条
2025-07-31 10:54:48,269 - INFO - 正在获取 槐荫(101120109) 20250730 的天气数据...
2025-07-31 10:54:48,679 - INFO - ✅ 槐荫 成功获取小时数据 24 条，每日数据 1 条
2025-07-31 10:54:48,679 - INFO - 正在获取 天桥(101120110) 20250730 的天气数据...
2025-07-31 10:54:49,104 - INFO - ✅ 天桥 成功获取小时数据 24 条，每日数据 1 条
2025-07-31 10:54:49,104 - INFO - 正在获取 历城(101120111) 20250730 的天气数据...
2025-07-31 10:54:49,542 - INFO - ✅ 历城 成功获取小时数据 24 条，每日数据 1 条
2025-07-31 10:54:49,543 - INFO - 正在获取 莱芜(101121601) 20250730 的天气数据...
2025-07-31 10:54:49,997 - INFO - ✅ 莱芜 成功获取小时数据 24 条，每日数据 1 条
2025-07-31 10:54:49,998 - INFO - 正在获取 钢城(101121603) 20250730 的天气数据...
2025-07-31 10:54:50,423 - INFO - ✅ 钢城 成功获取小时数据 24 条，每日数据 1 条
2025-07-31 10:54:50,424 - INFO - ✅ 总计成功获取 13/13 个地区的数据
2025-07-31 10:54:50,424 - INFO -    - 小时数据: 312 条
2025-07-31 10:54:50,424 - INFO -    - 每日数据: 13 条
2025-07-31 10:54:50,424 - INFO - ✅ 步骤2完成 - 天气数据获取成功
2025-07-31 10:54:50,424 - INFO - 
🔄 执行步骤3: 保存数据到数据库...
2025-07-31 10:54:50,424 - INFO - 💾 开始保存所有地区的天气数据到数据库...
2025-07-31 10:54:50,429 - INFO - ✅ 数据库初始化完成
2025-07-31 10:54:50,429 - INFO - 📊 保存小时天气数据...
2025-07-31 10:54:50,429 - INFO - 正在保存 济南(101120101) 的小时数据 24 条...
2025-07-31 10:54:50,438 - INFO - ✅ 济南 小时数据保存完成: 新增0条，更新24条
2025-07-31 10:54:50,438 - INFO - 正在保存 长清(101120102) 的小时数据 24 条...
2025-07-31 10:54:50,445 - INFO - ✅ 长清 小时数据保存完成: 新增24条，更新0条
2025-07-31 10:54:50,445 - INFO - 正在保存 商河(101120103) 的小时数据 24 条...
2025-07-31 10:54:50,452 - INFO - ✅ 商河 小时数据保存完成: 新增24条，更新0条
2025-07-31 10:54:50,452 - INFO - 正在保存 章丘(101120104) 的小时数据 24 条...
2025-07-31 10:54:50,458 - INFO - ✅ 章丘 小时数据保存完成: 新增24条，更新0条
2025-07-31 10:54:50,458 - INFO - 正在保存 平阴(101120105) 的小时数据 24 条...
2025-07-31 10:54:50,465 - INFO - ✅ 平阴 小时数据保存完成: 新增24条，更新0条
2025-07-31 10:54:50,465 - INFO - 正在保存 济阳(101120106) 的小时数据 24 条...
2025-07-31 10:54:50,471 - INFO - ✅ 济阳 小时数据保存完成: 新增24条，更新0条
2025-07-31 10:54:50,471 - INFO - 正在保存 历下(101120107) 的小时数据 24 条...
2025-07-31 10:54:50,478 - INFO - ✅ 历下 小时数据保存完成: 新增24条，更新0条
2025-07-31 10:54:50,478 - INFO - 正在保存 市中(101120108) 的小时数据 24 条...
2025-07-31 10:54:50,485 - INFO - ✅ 市中 小时数据保存完成: 新增24条，更新0条
2025-07-31 10:54:50,485 - INFO - 正在保存 槐荫(101120109) 的小时数据 24 条...
2025-07-31 10:54:50,490 - INFO - ✅ 槐荫 小时数据保存完成: 新增24条，更新0条
2025-07-31 10:54:50,490 - INFO - 正在保存 天桥(101120110) 的小时数据 24 条...
2025-07-31 10:54:50,496 - INFO - ✅ 天桥 小时数据保存完成: 新增24条，更新0条
2025-07-31 10:54:50,496 - INFO - 正在保存 历城(101120111) 的小时数据 24 条...
2025-07-31 10:54:50,501 - INFO - ✅ 历城 小时数据保存完成: 新增24条，更新0条
2025-07-31 10:54:50,501 - INFO - 正在保存 莱芜(101121601) 的小时数据 24 条...
2025-07-31 10:54:50,505 - INFO - ✅ 莱芜 小时数据保存完成: 新增24条，更新0条
2025-07-31 10:54:50,505 - INFO - 正在保存 钢城(101121603) 的小时数据 24 条...
2025-07-31 10:54:50,510 - INFO - ✅ 钢城 小时数据保存完成: 新增24条，更新0条
2025-07-31 10:54:50,510 - INFO - ✅ 所有地区小时数据保存完成: 总计新增288条，更新24条
2025-07-31 10:54:50,510 - INFO - 📅 保存每日天气数据...
2025-07-31 10:54:50,510 - INFO - 正在保存 济南(101120101) 的每日数据...
2025-07-31 10:54:50,511 - INFO - 正在保存 长清(101120102) 的每日数据...
2025-07-31 10:54:50,512 - INFO - 正在保存 商河(101120103) 的每日数据...
2025-07-31 10:54:50,512 - INFO - 正在保存 章丘(101120104) 的每日数据...
2025-07-31 10:54:50,513 - INFO - 正在保存 平阴(101120105) 的每日数据...
2025-07-31 10:54:50,514 - INFO - 正在保存 济阳(101120106) 的每日数据...
2025-07-31 10:54:50,515 - INFO - 正在保存 历下(101120107) 的每日数据...
2025-07-31 10:54:50,515 - INFO - 正在保存 市中(101120108) 的每日数据...
2025-07-31 10:54:50,516 - INFO - 正在保存 槐荫(101120109) 的每日数据...
2025-07-31 10:54:50,517 - INFO - 正在保存 天桥(101120110) 的每日数据...
2025-07-31 10:54:50,518 - INFO - 正在保存 历城(101120111) 的每日数据...
2025-07-31 10:54:50,518 - INFO - 正在保存 莱芜(101121601) 的每日数据...
2025-07-31 10:54:50,519 - INFO - 正在保存 钢城(101121603) 的每日数据...
2025-07-31 10:54:50,521 - INFO - ✅ 所有地区每日数据保存完成: 总计新增12条，更新1条
2025-07-31 10:54:50,521 - INFO - ✅ 步骤3完成 - 数据保存成功
2025-07-31 10:54:50,521 - INFO - 
🔄 执行步骤4: 生成统计报告...
2025-07-31 10:54:50,521 - INFO - 📊 获取数据库统计信息...
2025-07-31 10:54:50,639 - INFO - 📈 数据库统计信息:
2025-07-31 10:54:50,639 - INFO -    济南市小时数据: 24 条
2025-07-31 10:54:50,639 - INFO -    济南市日数据: 1 条
2025-07-31 10:54:50,639 - INFO -    区县小时数据: 288 条
2025-07-31 10:54:50,640 - INFO -    区县日数据: 12 条
2025-07-31 10:54:50,640 - INFO -    济南市最新小时数据: 2025-07-30 23:00:00
2025-07-31 10:54:50,640 - INFO -    济南市最新日数据: 2025-07-30
2025-07-31 10:54:50,640 - INFO -    区县最新小时数据: 2025-07-30 23:00:00
2025-07-31 10:54:50,640 - INFO -    区县最新日数据: 2025-07-30
2025-07-31 10:54:50,640 - INFO - ✅ 步骤4完成 - 统计报告生成成功
2025-07-31 10:54:50,640 - INFO - 
============================================================
2025-07-31 10:54:50,640 - INFO - 🎉 每日自动执行完全成功！
2025-07-31 10:54:50,640 - INFO - 📊 执行结果:
2025-07-31 10:54:50,640 - INFO -    - JWT Token生成: ✅
2025-07-31 10:54:50,640 - INFO -    - 天气数据获取(13个地区): ✅
2025-07-31 10:54:50,640 - INFO -    - 数据库保存(13个地区): ✅
2025-07-31 10:54:50,640 - INFO -    - 统计报告: ✅
2025-07-31 10:54:50,640 - INFO - 📅 下次执行时间: 明天早上9:30
2025-07-31 10:54:50,640 - INFO - ============================================================
2025-07-31 10:54:50,640 - INFO - ✅ 每日自动执行完成，无需人工干预
2025-07-31 11:00:04,805 - INFO - 🌤️  每日自动天气数据收集开始
2025-07-31 11:00:04,808 - INFO - ============================================================
2025-07-31 11:00:04,808 - INFO - ⏰ 执行时间: 2025-07-31 11:00:04
2025-07-31 11:00:04,808 - INFO - 🎯 目标: 自动收集昨天所有13个地区(济南市+12个区县)的天气数据并存入数据库
2025-07-31 11:00:04,808 - INFO - ============================================================
2025-07-31 11:00:04,808 - INFO - 🔍 检查系统状态...
2025-07-31 11:00:05,883 - INFO - ✅ MySQL连接正常
2025-07-31 11:00:07,354 - INFO - ✅ 网络连接正常
2025-07-31 11:00:07,354 - INFO - ✅ 系统状态检查完成
2025-07-31 11:00:07,355 - INFO - 
🔄 执行步骤1: 生成JWT Token...
2025-07-31 11:00:07,355 - INFO - 🔑 自动生成JWT Token...
2025-07-31 11:00:07,382 - INFO - ✅ JWT Token生成成功，有效期10小时
2025-07-31 11:00:07,383 - INFO - ✅ 步骤1完成 - JWT Token生成成功
2025-07-31 11:00:07,383 - INFO - 
🔄 执行步骤2: 获取昨天所有13个地区的天气数据...
2025-07-31 11:00:07,383 - INFO - 🌤️ 开始获取昨天所有13个地区的天气数据...
2025-07-31 11:00:07,383 - INFO - 正在获取 济南(101120101) 20250730 的天气数据...
2025-07-31 11:00:16,964 - INFO - ✅ 济南 成功获取小时数据 24 条，每日数据 1 条
2025-07-31 11:00:16,965 - INFO - 正在获取 长清(101120102) 20250730 的天气数据...
2025-07-31 11:00:17,417 - INFO - ✅ 长清 成功获取小时数据 24 条，每日数据 1 条
2025-07-31 11:00:17,417 - INFO - 正在获取 商河(101120103) 20250730 的天气数据...
2025-07-31 11:00:17,806 - INFO - ✅ 商河 成功获取小时数据 24 条，每日数据 1 条
2025-07-31 11:00:17,807 - INFO - 正在获取 章丘(101120104) 20250730 的天气数据...
2025-07-31 11:00:19,240 - INFO - ✅ 章丘 成功获取小时数据 24 条，每日数据 1 条
2025-07-31 11:00:19,240 - INFO - 正在获取 平阴(101120105) 20250730 的天气数据...
2025-07-31 11:00:19,639 - INFO - ✅ 平阴 成功获取小时数据 24 条，每日数据 1 条
2025-07-31 11:00:19,640 - INFO - 正在获取 济阳(101120106) 20250730 的天气数据...
2025-07-31 11:00:20,063 - INFO - ✅ 济阳 成功获取小时数据 24 条，每日数据 1 条
2025-07-31 11:00:20,063 - INFO - 正在获取 历下(101120107) 20250730 的天气数据...
2025-07-31 11:00:20,465 - INFO - ✅ 历下 成功获取小时数据 24 条，每日数据 1 条
2025-07-31 11:00:20,465 - INFO - 正在获取 市中(101120108) 20250730 的天气数据...
2025-07-31 11:00:21,852 - INFO - ✅ 市中 成功获取小时数据 24 条，每日数据 1 条
2025-07-31 11:00:21,853 - INFO - 正在获取 槐荫(101120109) 20250730 的天气数据...
2025-07-31 11:00:22,157 - INFO - ✅ 槐荫 成功获取小时数据 24 条，每日数据 1 条
2025-07-31 11:00:22,157 - INFO - 正在获取 天桥(101120110) 20250730 的天气数据...
2025-07-31 11:00:29,640 - INFO - ✅ 天桥 成功获取小时数据 24 条，每日数据 1 条
2025-07-31 11:00:29,640 - INFO - 正在获取 历城(101120111) 20250730 的天气数据...
2025-07-31 11:00:30,103 - INFO - ✅ 历城 成功获取小时数据 24 条，每日数据 1 条
2025-07-31 11:00:30,104 - INFO - 正在获取 莱芜(101121601) 20250730 的天气数据...
2025-07-31 11:00:30,502 - INFO - ✅ 莱芜 成功获取小时数据 24 条，每日数据 1 条
2025-07-31 11:00:30,502 - INFO - 正在获取 钢城(101121603) 20250730 的天气数据...
2025-07-31 11:00:30,914 - INFO - ✅ 钢城 成功获取小时数据 24 条，每日数据 1 条
2025-07-31 11:00:30,915 - INFO - ✅ 总计成功获取 13/13 个地区的数据
2025-07-31 11:00:30,915 - INFO -    - 小时数据: 312 条
2025-07-31 11:00:30,915 - INFO -    - 每日数据: 13 条
2025-07-31 11:00:30,915 - INFO - ✅ 步骤2完成 - 天气数据获取成功
2025-07-31 11:00:30,915 - INFO - 
🔄 执行步骤3: 保存数据到数据库...
2025-07-31 11:00:30,915 - INFO - 💾 开始保存所有地区的天气数据到数据库...
2025-07-31 11:00:30,922 - INFO - ✅ 数据库初始化完成
2025-07-31 11:00:30,922 - INFO - 📊 保存小时天气数据...
2025-07-31 11:00:30,922 - INFO - 正在保存 济南(101120101) 的小时数据 24 条...
2025-07-31 11:00:30,933 - INFO - ✅ 济南 小时数据保存完成: 新增0条，更新24条
2025-07-31 11:00:30,933 - INFO - 正在保存 长清(101120102) 的小时数据 24 条...
2025-07-31 11:00:30,939 - INFO - ✅ 长清 小时数据保存完成: 新增0条，更新24条
2025-07-31 11:00:30,939 - INFO - 正在保存 商河(101120103) 的小时数据 24 条...
2025-07-31 11:00:30,944 - INFO - ✅ 商河 小时数据保存完成: 新增0条，更新24条
2025-07-31 11:00:30,944 - INFO - 正在保存 章丘(101120104) 的小时数据 24 条...
2025-07-31 11:00:30,948 - INFO - ✅ 章丘 小时数据保存完成: 新增0条，更新24条
2025-07-31 11:00:30,948 - INFO - 正在保存 平阴(101120105) 的小时数据 24 条...
2025-07-31 11:00:30,953 - INFO - ✅ 平阴 小时数据保存完成: 新增0条，更新24条
2025-07-31 11:00:30,953 - INFO - 正在保存 济阳(101120106) 的小时数据 24 条...
2025-07-31 11:00:30,958 - INFO - ✅ 济阳 小时数据保存完成: 新增0条，更新24条
2025-07-31 11:00:30,958 - INFO - 正在保存 历下(101120107) 的小时数据 24 条...
2025-07-31 11:00:30,965 - INFO - ✅ 历下 小时数据保存完成: 新增0条，更新24条
2025-07-31 11:00:30,965 - INFO - 正在保存 市中(101120108) 的小时数据 24 条...
2025-07-31 11:00:30,971 - INFO - ✅ 市中 小时数据保存完成: 新增0条，更新24条
2025-07-31 11:00:30,971 - INFO - 正在保存 槐荫(101120109) 的小时数据 24 条...
2025-07-31 11:00:30,977 - INFO - ✅ 槐荫 小时数据保存完成: 新增0条，更新24条
2025-07-31 11:00:30,977 - INFO - 正在保存 天桥(101120110) 的小时数据 24 条...
2025-07-31 11:00:30,982 - INFO - ✅ 天桥 小时数据保存完成: 新增0条，更新24条
2025-07-31 11:00:30,982 - INFO - 正在保存 历城(101120111) 的小时数据 24 条...
2025-07-31 11:00:30,986 - INFO - ✅ 历城 小时数据保存完成: 新增0条，更新24条
2025-07-31 11:00:30,987 - INFO - 正在保存 莱芜(101121601) 的小时数据 24 条...
2025-07-31 11:00:30,991 - INFO - ✅ 莱芜 小时数据保存完成: 新增0条，更新24条
2025-07-31 11:00:30,991 - INFO - 正在保存 钢城(101121603) 的小时数据 24 条...
2025-07-31 11:00:30,995 - INFO - ✅ 钢城 小时数据保存完成: 新增0条，更新24条
2025-07-31 11:00:30,995 - INFO - ✅ 所有地区小时数据保存完成: 总计新增0条，更新312条
2025-07-31 11:00:30,995 - INFO - 📅 保存每日天气数据...
2025-07-31 11:00:30,996 - INFO - 正在保存 济南(101120101) 的每日数据...
2025-07-31 11:00:30,997 - INFO - 正在保存 长清(101120102) 的每日数据...
2025-07-31 11:00:30,998 - INFO - 正在保存 商河(101120103) 的每日数据...
2025-07-31 11:00:30,999 - INFO - 正在保存 章丘(101120104) 的每日数据...
2025-07-31 11:00:31,000 - INFO - 正在保存 平阴(101120105) 的每日数据...
2025-07-31 11:00:31,001 - INFO - 正在保存 济阳(101120106) 的每日数据...
2025-07-31 11:00:31,003 - INFO - 正在保存 历下(101120107) 的每日数据...
2025-07-31 11:00:31,004 - INFO - 正在保存 市中(101120108) 的每日数据...
2025-07-31 11:00:31,005 - INFO - 正在保存 槐荫(101120109) 的每日数据...
2025-07-31 11:00:31,006 - INFO - 正在保存 天桥(101120110) 的每日数据...
2025-07-31 11:00:31,008 - INFO - 正在保存 历城(101120111) 的每日数据...
2025-07-31 11:00:31,009 - INFO - 正在保存 莱芜(101121601) 的每日数据...
2025-07-31 11:00:31,010 - INFO - 正在保存 钢城(101121603) 的每日数据...
2025-07-31 11:00:31,011 - INFO - ✅ 所有地区每日数据保存完成: 总计新增0条，更新13条
2025-07-31 11:00:31,011 - INFO - ✅ 步骤3完成 - 数据保存成功
2025-07-31 11:00:31,011 - INFO - 
🔄 执行步骤4: 生成统计报告...
2025-07-31 11:00:31,011 - INFO - 📊 获取数据库统计信息...
2025-07-31 11:00:31,353 - INFO - 📈 数据库统计信息:
2025-07-31 11:00:31,353 - INFO -    济南市小时数据: 24 条
2025-07-31 11:00:31,353 - INFO -    济南市日数据: 1 条
2025-07-31 11:00:31,354 - INFO -    区县小时数据: 288 条
2025-07-31 11:00:31,354 - INFO -    区县日数据: 12 条
2025-07-31 11:00:31,354 - INFO -    济南市最新小时数据: 2025-07-30 23:00:00
2025-07-31 11:00:31,354 - INFO -    济南市最新日数据: 2025-07-30
2025-07-31 11:00:31,354 - INFO -    区县最新小时数据: 2025-07-30 23:00:00
2025-07-31 11:00:31,354 - INFO -    区县最新日数据: 2025-07-30
2025-07-31 11:00:31,354 - INFO - ✅ 步骤4完成 - 统计报告生成成功
2025-07-31 11:00:31,354 - INFO - 
============================================================
2025-07-31 11:00:31,354 - INFO - 🎉 每日自动执行完全成功！
2025-07-31 11:00:31,354 - INFO - 📊 执行结果:
2025-07-31 11:00:31,354 - INFO -    - JWT Token生成: ✅
2025-07-31 11:00:31,355 - INFO -    - 天气数据获取(13个地区): ✅
2025-07-31 11:00:31,355 - INFO -    - 数据库保存(13个地区): ✅
2025-07-31 11:00:31,355 - INFO -    - 统计报告: ✅
2025-07-31 11:00:31,355 - INFO - 📅 下次执行时间: 明天早上9:30
2025-07-31 11:00:31,355 - INFO - ============================================================
2025-07-31 11:00:31,355 - INFO - ✅ 每日自动执行完成，无需人工干预
2025-07-31 16:52:16,751 - INFO - 🧪 开始小规模测试：前5个城市数据获取
2025-07-31 16:52:16,751 - INFO - 🔑 生成JWT Token...
2025-07-31 16:52:16,751 - INFO - 🔑 自动生成JWT Token...
2025-07-31 16:52:16,776 - INFO - ✅ JWT Token生成成功，有效期10小时
2025-07-31 16:52:16,776 - INFO - 📍 获取城市列表...
2025-07-31 16:52:16,781 - INFO - 🎯 测试城市列表:
2025-07-31 16:52:16,781 - INFO -    1. 济南 (101120101)
2025-07-31 16:52:16,781 - INFO -    2. 长清 (101120102)
2025-07-31 16:52:16,781 - INFO -    3. 商河 (101120103)
2025-07-31 16:52:16,781 - INFO -    4. 章丘 (101120104)
2025-07-31 16:52:16,781 - INFO -    5. 平阴 (101120105)
2025-07-31 16:52:16,781 - INFO - 📅 目标日期: 20250730
2025-07-31 16:52:16,781 - INFO - 
🔄 测试 1/5: 济南 (101120101)
2025-07-31 16:52:16,781 - INFO - 正在获取 济南(101120101) 20250730 的天气数据...
2025-07-31 16:52:17,362 - INFO - ✅ 济南 成功获取小时数据 24 条，每日数据 1 条
2025-07-31 16:52:17,363 - INFO -    ✅ 成功 - 小时数据: 24条, 每日数据: 1条
2025-07-31 16:52:17,363 - INFO - 
🔄 测试 2/5: 长清 (101120102)
2025-07-31 16:52:17,363 - INFO - 正在获取 长清(101120102) 20250730 的天气数据...
2025-07-31 16:52:17,803 - INFO - ✅ 长清 成功获取小时数据 24 条，每日数据 1 条
2025-07-31 16:52:17,803 - INFO -    ✅ 成功 - 小时数据: 24条, 每日数据: 1条
2025-07-31 16:52:17,803 - INFO - 
🔄 测试 3/5: 商河 (101120103)
2025-07-31 16:52:17,803 - INFO - 正在获取 商河(101120103) 20250730 的天气数据...
2025-07-31 16:52:18,246 - INFO - ✅ 商河 成功获取小时数据 24 条，每日数据 1 条
2025-07-31 16:52:18,246 - INFO -    ✅ 成功 - 小时数据: 24条, 每日数据: 1条
2025-07-31 16:52:18,246 - INFO - 
🔄 测试 4/5: 章丘 (101120104)
2025-07-31 16:52:18,246 - INFO - 正在获取 章丘(101120104) 20250730 的天气数据...
2025-07-31 16:52:18,740 - INFO - ✅ 章丘 成功获取小时数据 24 条，每日数据 1 条
2025-07-31 16:52:18,740 - INFO -    ✅ 成功 - 小时数据: 24条, 每日数据: 1条
2025-07-31 16:52:18,741 - INFO - 
🔄 测试 5/5: 平阴 (101120105)
2025-07-31 16:52:18,741 - INFO - 正在获取 平阴(101120105) 20250730 的天气数据...
2025-07-31 16:52:19,252 - INFO - ✅ 平阴 成功获取小时数据 24 条，每日数据 1 条
2025-07-31 16:52:19,252 - INFO -    ✅ 成功 - 小时数据: 24条, 每日数据: 1条
2025-07-31 16:52:19,252 - INFO - 
==================================================
2025-07-31 16:52:19,253 - INFO - 🧪 小规模测试完成！
2025-07-31 16:52:19,253 - INFO - 📊 测试结果:
2025-07-31 16:52:19,253 - INFO -    - 测试城市: 5个
2025-07-31 16:52:19,253 - INFO -    - 成功城市: 5个
2025-07-31 16:52:19,253 - INFO -    - 成功率: 100.0%
2025-07-31 16:52:19,253 - INFO -    - 小时数据总数: 120条
2025-07-31 16:52:19,253 - INFO -    - 每日数据总数: 5条
2025-07-31 16:52:19,253 - INFO - ==================================================
2025-07-31 16:55:54,951 - INFO - 🌤️  每日自动天气数据收集开始
2025-07-31 16:55:54,951 - INFO - ============================================================
2025-07-31 16:55:54,951 - INFO - ⏰ 执行时间: 2025-07-31 16:55:54
2025-07-31 16:55:54,951 - INFO - 🎯 目标: 自动收集昨天所有152个地区(济南13个区县+山东省139个其他城市)的天气数据并存入数据库
2025-07-31 16:55:54,951 - INFO - ============================================================
2025-07-31 16:55:54,951 - INFO - 🔍 检查系统状态...
2025-07-31 16:55:54,991 - INFO - ✅ MySQL连接正常
2025-07-31 16:55:58,471 - INFO - ✅ 网络连接正常
2025-07-31 16:55:58,471 - INFO - ✅ 系统状态检查完成
2025-07-31 16:55:58,471 - INFO - 
🔄 执行步骤1: 生成JWT Token...
2025-07-31 16:55:58,471 - INFO - 🔑 自动生成JWT Token...
2025-07-31 16:55:58,478 - INFO - ✅ JWT Token生成成功，有效期10小时
2025-07-31 16:55:58,478 - INFO - ✅ 步骤1完成 - JWT Token生成成功
2025-07-31 16:55:58,478 - INFO - 
🔄 执行步骤2: 获取昨天所有152个地区的天气数据...
2025-07-31 16:55:58,478 - INFO - 🌤️ 开始获取昨天所有152个地区的天气数据...
2025-07-31 16:55:58,484 - INFO - 📊 数据获取配置:
2025-07-31 16:55:58,484 - INFO -    - 总地区数: 152
2025-07-31 16:55:58,484 - INFO -    - 批次大小: 20
2025-07-31 16:55:58,484 - INFO -    - 批次延时: 2秒
2025-07-31 16:55:58,484 - INFO -    - 预计批次数: 8
2025-07-31 16:55:58,484 - INFO - 🔄 处理批次 1: 地区 1-20
2025-07-31 16:55:58,484 - INFO -    正在获取 济南(101120101) 数据... (1/152)
2025-07-31 16:55:58,484 - INFO - 正在获取 济南(101120101) 20250730 的天气数据...
2025-07-31 16:55:58,883 - INFO - ✅ 济南 成功获取小时数据 24 条，每日数据 1 条
2025-07-31 16:55:58,883 - INFO -    ✅ 济南 数据获取成功
2025-07-31 16:55:58,883 - INFO -    正在获取 长清(101120102) 数据... (2/152)
2025-07-31 16:55:58,883 - INFO - 正在获取 长清(101120102) 20250730 的天气数据...
2025-07-31 16:55:59,274 - INFO - ✅ 长清 成功获取小时数据 24 条，每日数据 1 条
2025-07-31 16:55:59,275 - INFO -    ✅ 长清 数据获取成功
2025-07-31 16:55:59,275 - INFO -    正在获取 商河(101120103) 数据... (3/152)
2025-07-31 16:55:59,275 - INFO - 正在获取 商河(101120103) 20250730 的天气数据...
2025-07-31 16:55:59,679 - INFO - ✅ 商河 成功获取小时数据 24 条，每日数据 1 条
2025-07-31 16:55:59,680 - INFO -    ✅ 商河 数据获取成功
2025-07-31 16:55:59,680 - INFO -    正在获取 章丘(101120104) 数据... (4/152)
2025-07-31 16:55:59,680 - INFO - 正在获取 章丘(101120104) 20250730 的天气数据...
2025-07-31 16:56:00,083 - INFO - ✅ 章丘 成功获取小时数据 24 条，每日数据 1 条
2025-07-31 16:56:00,084 - INFO -    ✅ 章丘 数据获取成功
2025-07-31 16:56:00,084 - INFO -    正在获取 平阴(101120105) 数据... (5/152)
2025-07-31 16:56:00,084 - INFO - 正在获取 平阴(101120105) 20250730 的天气数据...
2025-07-31 16:56:00,675 - INFO - ✅ 平阴 成功获取小时数据 24 条，每日数据 1 条
2025-07-31 16:56:00,675 - INFO -    ✅ 平阴 数据获取成功
2025-07-31 16:56:00,676 - INFO -    正在获取 济阳(101120106) 数据... (6/152)
2025-07-31 16:56:00,676 - INFO - 正在获取 济阳(101120106) 20250730 的天气数据...
2025-07-31 16:56:01,071 - INFO - ✅ 济阳 成功获取小时数据 24 条，每日数据 1 条
2025-07-31 16:56:01,072 - INFO -    ✅ 济阳 数据获取成功
2025-07-31 16:56:01,072 - INFO -    正在获取 历下(101120107) 数据... (7/152)
2025-07-31 16:56:01,073 - INFO - 正在获取 历下(101120107) 20250730 的天气数据...
2025-07-31 16:56:01,484 - INFO - ✅ 历下 成功获取小时数据 24 条，每日数据 1 条
2025-07-31 16:56:01,484 - INFO -    ✅ 历下 数据获取成功
2025-07-31 16:56:01,485 - INFO -    正在获取 市中(101120108) 数据... (8/152)
2025-07-31 16:56:01,485 - INFO - 正在获取 市中(101120108) 20250730 的天气数据...
2025-07-31 16:56:01,906 - INFO - ✅ 市中 成功获取小时数据 24 条，每日数据 1 条
2025-07-31 16:56:01,906 - INFO -    ✅ 市中 数据获取成功
2025-07-31 16:56:01,906 - INFO -    正在获取 槐荫(101120109) 数据... (9/152)
2025-07-31 16:56:01,906 - INFO - 正在获取 槐荫(101120109) 20250730 的天气数据...
2025-07-31 16:56:02,337 - INFO - ✅ 槐荫 成功获取小时数据 24 条，每日数据 1 条
2025-07-31 16:56:02,338 - INFO -    ✅ 槐荫 数据获取成功
2025-07-31 16:56:02,338 - INFO -    正在获取 天桥(101120110) 数据... (10/152)
2025-07-31 16:56:02,338 - INFO - 正在获取 天桥(101120110) 20250730 的天气数据...
2025-07-31 16:56:02,800 - INFO - ✅ 天桥 成功获取小时数据 24 条，每日数据 1 条
2025-07-31 16:56:02,801 - INFO -    ✅ 天桥 数据获取成功
2025-07-31 16:56:02,801 - INFO -    正在获取 历城(101120111) 数据... (11/152)
2025-07-31 16:56:02,801 - INFO - 正在获取 历城(101120111) 20250730 的天气数据...
2025-07-31 16:56:03,254 - INFO - ✅ 历城 成功获取小时数据 24 条，每日数据 1 条
2025-07-31 16:56:03,254 - INFO -    ✅ 历城 数据获取成功
2025-07-31 16:56:03,254 - INFO -    正在获取 莱芜(101121601) 数据... (12/152)
2025-07-31 16:56:03,254 - INFO - 正在获取 莱芜(101121601) 20250730 的天气数据...
2025-07-31 16:56:03,678 - INFO - ✅ 莱芜 成功获取小时数据 24 条，每日数据 1 条
2025-07-31 16:56:03,679 - INFO -    ✅ 莱芜 数据获取成功
2025-07-31 16:56:03,679 - INFO -    正在获取 钢城(101121603) 数据... (13/152)
2025-07-31 16:56:03,679 - INFO - 正在获取 钢城(101121603) 20250730 的天气数据...
2025-07-31 16:56:04,100 - INFO - ✅ 钢城 成功获取小时数据 24 条，每日数据 1 条
2025-07-31 16:56:04,100 - INFO -    ✅ 钢城 数据获取成功
2025-07-31 16:56:04,100 - INFO -    正在获取 青岛(101120201) 数据... (14/152)
2025-07-31 16:56:04,101 - INFO - 正在获取 青岛(101120201) 20250730 的天气数据...
2025-07-31 16:56:04,529 - INFO - ✅ 青岛 成功获取小时数据 24 条，每日数据 1 条
2025-07-31 16:56:04,529 - INFO -    ✅ 青岛 数据获取成功
2025-07-31 16:56:04,529 - INFO -    正在获取 崂山(101120202) 数据... (15/152)
2025-07-31 16:56:04,529 - INFO - 正在获取 崂山(101120202) 20250730 的天气数据...
2025-07-31 16:56:04,934 - INFO - ✅ 崂山 成功获取小时数据 24 条，每日数据 1 条
2025-07-31 16:56:04,934 - INFO -    ✅ 崂山 数据获取成功
2025-07-31 16:56:04,934 - INFO -    正在获取 市南(101120203) 数据... (16/152)
2025-07-31 16:56:04,934 - INFO - 正在获取 市南(101120203) 20250730 的天气数据...
2025-07-31 16:56:05,347 - INFO - ✅ 市南 成功获取小时数据 24 条，每日数据 1 条
2025-07-31 16:56:05,347 - INFO -    ✅ 市南 数据获取成功
2025-07-31 16:56:05,347 - INFO -    正在获取 即墨(101120204) 数据... (17/152)
2025-07-31 16:56:05,347 - INFO - 正在获取 即墨(101120204) 20250730 的天气数据...
2025-07-31 16:56:05,762 - INFO - ✅ 即墨 成功获取小时数据 24 条，每日数据 1 条
2025-07-31 16:56:05,763 - INFO -    ✅ 即墨 数据获取成功
2025-07-31 16:56:05,763 - INFO -    正在获取 胶州(101120205) 数据... (18/152)
2025-07-31 16:56:05,763 - INFO - 正在获取 胶州(101120205) 20250730 的天气数据...
2025-07-31 16:56:06,323 - INFO - ✅ 胶州 成功获取小时数据 24 条，每日数据 1 条
2025-07-31 16:56:06,324 - INFO -    ✅ 胶州 数据获取成功
2025-07-31 16:56:06,324 - INFO -    正在获取 黄岛(101120206) 数据... (19/152)
2025-07-31 16:56:06,324 - INFO - 正在获取 黄岛(101120206) 20250730 的天气数据...
2025-07-31 16:56:06,753 - INFO - ✅ 黄岛 成功获取小时数据 24 条，每日数据 1 条
2025-07-31 16:56:06,754 - INFO -    ✅ 黄岛 数据获取成功
2025-07-31 16:56:06,754 - INFO -    正在获取 莱西(101120207) 数据... (20/152)
2025-07-31 16:56:06,754 - INFO - 正在获取 莱西(101120207) 20250730 的天气数据...
2025-07-31 16:56:07,159 - INFO - ✅ 莱西 成功获取小时数据 24 条，每日数据 1 条
2025-07-31 16:56:07,160 - INFO -    ✅ 莱西 数据获取成功
2025-07-31 16:56:07,160 - INFO - ⏳ 批次完成，等待 2 秒后继续...
2025-07-31 16:56:09,161 - INFO - 🔄 处理批次 2: 地区 21-40
2025-07-31 16:56:09,161 - INFO -    正在获取 平度(101120208) 数据... (21/152)
2025-07-31 16:56:09,161 - INFO - 正在获取 平度(101120208) 20250730 的天气数据...
2025-07-31 16:56:09,667 - INFO - ✅ 平度 成功获取小时数据 24 条，每日数据 1 条
2025-07-31 16:56:09,667 - INFO -    ✅ 平度 数据获取成功
2025-07-31 16:56:09,667 - INFO -    正在获取 市北(101120209) 数据... (22/152)
2025-07-31 16:56:09,667 - INFO - 正在获取 市北(101120209) 20250730 的天气数据...
2025-07-31 16:56:10,079 - INFO - ✅ 市北 成功获取小时数据 24 条，每日数据 1 条
2025-07-31 16:56:10,079 - INFO -    ✅ 市北 数据获取成功
2025-07-31 16:56:10,080 - INFO -    正在获取 李沧(101120210) 数据... (23/152)
2025-07-31 16:56:10,080 - INFO - 正在获取 李沧(101120210) 20250730 的天气数据...
2025-07-31 16:56:10,505 - INFO - ✅ 李沧 成功获取小时数据 24 条，每日数据 1 条
2025-07-31 16:56:10,505 - INFO -    ✅ 李沧 数据获取成功
2025-07-31 16:56:10,505 - INFO -    正在获取 城阳(101120211) 数据... (24/152)
2025-07-31 16:56:10,505 - INFO - 正在获取 城阳(101120211) 20250730 的天气数据...
2025-07-31 16:56:10,924 - INFO - ✅ 城阳 成功获取小时数据 24 条，每日数据 1 条
2025-07-31 16:56:10,925 - INFO -    ✅ 城阳 数据获取成功
2025-07-31 16:56:10,926 - INFO -    正在获取 淄博(101120301) 数据... (25/152)
2025-07-31 16:56:10,926 - INFO - 正在获取 淄博(101120301) 20250730 的天气数据...
2025-07-31 16:56:11,403 - INFO - ✅ 淄博 成功获取小时数据 24 条，每日数据 1 条
2025-07-31 16:56:11,404 - INFO -    ✅ 淄博 数据获取成功
2025-07-31 16:56:11,404 - INFO -    正在获取 淄川(101120302) 数据... (26/152)
2025-07-31 16:56:11,404 - INFO - 正在获取 淄川(101120302) 20250730 的天气数据...
2025-07-31 16:56:11,861 - INFO - ✅ 淄川 成功获取小时数据 24 条，每日数据 1 条
2025-07-31 16:56:11,862 - INFO -    ✅ 淄川 数据获取成功
2025-07-31 16:56:11,862 - INFO -    正在获取 博山(101120303) 数据... (27/152)
2025-07-31 16:56:11,862 - INFO - 正在获取 博山(101120303) 20250730 的天气数据...
2025-07-31 16:56:12,274 - INFO - ✅ 博山 成功获取小时数据 24 条，每日数据 1 条
2025-07-31 16:56:12,275 - INFO -    ✅ 博山 数据获取成功
2025-07-31 16:56:12,275 - INFO -    正在获取 高青(101120304) 数据... (28/152)
2025-07-31 16:56:12,275 - INFO - 正在获取 高青(101120304) 20250730 的天气数据...
2025-07-31 16:56:12,868 - INFO - ✅ 高青 成功获取小时数据 24 条，每日数据 1 条
2025-07-31 16:56:12,869 - INFO -    ✅ 高青 数据获取成功
2025-07-31 16:56:12,869 - INFO -    正在获取 周村(101120305) 数据... (29/152)
2025-07-31 16:56:12,869 - INFO - 正在获取 周村(101120305) 20250730 的天气数据...
2025-07-31 16:56:13,296 - INFO - ✅ 周村 成功获取小时数据 24 条，每日数据 1 条
2025-07-31 16:56:13,297 - INFO -    ✅ 周村 数据获取成功
2025-07-31 16:56:13,297 - INFO -    正在获取 沂源(101120306) 数据... (30/152)
2025-07-31 16:56:13,297 - INFO - 正在获取 沂源(101120306) 20250730 的天气数据...
2025-07-31 16:56:13,760 - INFO - ✅ 沂源 成功获取小时数据 24 条，每日数据 1 条
2025-07-31 16:56:13,761 - INFO -    ✅ 沂源 数据获取成功
2025-07-31 16:56:13,761 - INFO -    正在获取 桓台(101120307) 数据... (31/152)
2025-07-31 16:56:13,761 - INFO - 正在获取 桓台(101120307) 20250730 的天气数据...
2025-07-31 16:56:14,219 - INFO - ✅ 桓台 成功获取小时数据 24 条，每日数据 1 条
2025-07-31 16:56:14,220 - INFO -    ✅ 桓台 数据获取成功
2025-07-31 16:56:14,220 - INFO -    正在获取 临淄(101120308) 数据... (32/152)
2025-07-31 16:56:14,220 - INFO - 正在获取 临淄(101120308) 20250730 的天气数据...
2025-07-31 16:56:14,613 - INFO - ✅ 临淄 成功获取小时数据 24 条，每日数据 1 条
2025-07-31 16:56:14,613 - INFO -    ✅ 临淄 数据获取成功
2025-07-31 16:56:14,614 - INFO -    正在获取 张店(101120309) 数据... (33/152)
2025-07-31 16:56:14,614 - INFO - 正在获取 张店(101120309) 20250730 的天气数据...
2025-07-31 16:56:15,091 - INFO - ✅ 张店 成功获取小时数据 24 条，每日数据 1 条
2025-07-31 16:56:15,092 - INFO -    ✅ 张店 数据获取成功
2025-07-31 16:56:15,092 - INFO -    正在获取 德州(101120401) 数据... (34/152)
2025-07-31 16:56:15,092 - INFO - 正在获取 德州(101120401) 20250730 的天气数据...
2025-07-31 16:56:15,555 - INFO - ✅ 德州 成功获取小时数据 24 条，每日数据 1 条
2025-07-31 16:56:15,556 - INFO -    ✅ 德州 数据获取成功
2025-07-31 16:56:15,556 - INFO -    正在获取 武城(101120402) 数据... (35/152)
2025-07-31 16:56:15,556 - INFO - 正在获取 武城(101120402) 20250730 的天气数据...
2025-07-31 16:56:15,987 - INFO - ✅ 武城 成功获取小时数据 24 条，每日数据 1 条
2025-07-31 16:56:15,987 - INFO -    ✅ 武城 数据获取成功
2025-07-31 16:56:15,987 - INFO -    正在获取 临邑(101120403) 数据... (36/152)
2025-07-31 16:56:15,987 - INFO - 正在获取 临邑(101120403) 20250730 的天气数据...
2025-07-31 16:56:16,400 - INFO - ✅ 临邑 成功获取小时数据 24 条，每日数据 1 条
2025-07-31 16:56:16,401 - INFO -    ✅ 临邑 数据获取成功
2025-07-31 16:56:16,401 - INFO -    正在获取 齐河(101120405) 数据... (37/152)
2025-07-31 16:56:16,401 - INFO - 正在获取 齐河(101120405) 20250730 的天气数据...
2025-07-31 16:56:16,797 - INFO - ✅ 齐河 成功获取小时数据 24 条，每日数据 1 条
2025-07-31 16:56:16,798 - INFO -    ✅ 齐河 数据获取成功
2025-07-31 16:56:16,798 - INFO -    正在获取 乐陵(101120406) 数据... (38/152)
2025-07-31 16:56:16,798 - INFO - 正在获取 乐陵(101120406) 20250730 的天气数据...
2025-07-31 16:56:17,250 - INFO - ✅ 乐陵 成功获取小时数据 24 条，每日数据 1 条
2025-07-31 16:56:17,250 - INFO -    ✅ 乐陵 数据获取成功
2025-07-31 16:56:17,250 - INFO -    正在获取 庆云(101120407) 数据... (39/152)
2025-07-31 16:56:17,251 - INFO - 正在获取 庆云(101120407) 20250730 的天气数据...
2025-07-31 16:56:17,718 - INFO - ✅ 庆云 成功获取小时数据 24 条，每日数据 1 条
2025-07-31 16:56:17,719 - INFO -    ✅ 庆云 数据获取成功
2025-07-31 16:56:17,719 - INFO -    正在获取 平原(101120408) 数据... (40/152)
2025-07-31 16:56:17,719 - INFO - 正在获取 平原(101120408) 20250730 的天气数据...
2025-07-31 16:56:18,258 - INFO - ✅ 平原 成功获取小时数据 24 条，每日数据 1 条
2025-07-31 16:56:18,258 - INFO -    ✅ 平原 数据获取成功
2025-07-31 16:56:18,258 - INFO - ⏳ 批次完成，等待 2 秒后继续...
2025-07-31 16:56:20,260 - INFO - 🔄 处理批次 3: 地区 41-60
2025-07-31 16:56:20,260 - INFO -    正在获取 宁津(101120409) 数据... (41/152)
2025-07-31 16:56:20,260 - INFO - 正在获取 宁津(101120409) 20250730 的天气数据...
2025-07-31 16:56:20,678 - INFO - ✅ 宁津 成功获取小时数据 24 条，每日数据 1 条
2025-07-31 16:56:20,678 - INFO -    ✅ 宁津 数据获取成功
2025-07-31 16:56:20,678 - INFO -    正在获取 夏津(101120410) 数据... (42/152)
2025-07-31 16:56:20,678 - INFO - 正在获取 夏津(101120410) 20250730 的天气数据...
2025-07-31 16:56:21,077 - INFO - ✅ 夏津 成功获取小时数据 24 条，每日数据 1 条
2025-07-31 16:56:21,078 - INFO -    ✅ 夏津 数据获取成功
2025-07-31 16:56:21,078 - INFO -    正在获取 禹城(101120411) 数据... (43/152)
2025-07-31 16:56:21,078 - INFO - 正在获取 禹城(101120411) 20250730 的天气数据...
2025-07-31 16:56:21,507 - INFO - ✅ 禹城 成功获取小时数据 24 条，每日数据 1 条
2025-07-31 16:56:21,507 - INFO -    ✅ 禹城 数据获取成功
2025-07-31 16:56:21,507 - INFO -    正在获取 德城(101120412) 数据... (44/152)
2025-07-31 16:56:21,508 - INFO - 正在获取 德城(101120412) 20250730 的天气数据...
2025-07-31 16:56:21,942 - INFO - ✅ 德城 成功获取小时数据 24 条，每日数据 1 条
2025-07-31 16:56:21,943 - INFO -    ✅ 德城 数据获取成功
2025-07-31 16:56:21,943 - INFO -    正在获取 陵城(101120413) 数据... (45/152)
2025-07-31 16:56:21,943 - INFO - 正在获取 陵城(101120413) 20250730 的天气数据...
2025-07-31 16:56:22,340 - INFO - ✅ 陵城 成功获取小时数据 24 条，每日数据 1 条
2025-07-31 16:56:22,341 - INFO -    ✅ 陵城 数据获取成功
2025-07-31 16:56:22,341 - INFO -    正在获取 烟台(101120501) 数据... (46/152)
2025-07-31 16:56:22,341 - INFO - 正在获取 烟台(101120501) 20250730 的天气数据...
2025-07-31 16:56:22,739 - INFO - ✅ 烟台 成功获取小时数据 24 条，每日数据 1 条
2025-07-31 16:56:22,740 - INFO -    ✅ 烟台 数据获取成功
2025-07-31 16:56:22,740 - INFO -    正在获取 莱州(101120502) 数据... (47/152)
2025-07-31 16:56:22,740 - INFO - 正在获取 莱州(101120502) 20250730 的天气数据...
2025-07-31 16:56:23,166 - INFO - ✅ 莱州 成功获取小时数据 24 条，每日数据 1 条
2025-07-31 16:56:23,166 - INFO -    ✅ 莱州 数据获取成功
2025-07-31 16:56:23,166 - INFO -    正在获取 蓬莱(101120504) 数据... (48/152)
2025-07-31 16:56:23,166 - INFO - 正在获取 蓬莱(101120504) 20250730 的天气数据...
2025-07-31 16:56:23,632 - INFO - ✅ 蓬莱 成功获取小时数据 24 条，每日数据 1 条
2025-07-31 16:56:23,632 - INFO -    ✅ 蓬莱 数据获取成功
2025-07-31 16:56:23,632 - INFO -    正在获取 龙口(101120505) 数据... (49/152)
2025-07-31 16:56:23,632 - INFO - 正在获取 龙口(101120505) 20250730 的天气数据...
2025-07-31 16:56:24,081 - INFO - ✅ 龙口 成功获取小时数据 24 条，每日数据 1 条
2025-07-31 16:56:24,082 - INFO -    ✅ 龙口 数据获取成功
2025-07-31 16:56:24,082 - INFO -    正在获取 招远(101120506) 数据... (50/152)
2025-07-31 16:56:24,082 - INFO - 正在获取 招远(101120506) 20250730 的天气数据...
2025-07-31 16:56:24,501 - INFO - ✅ 招远 成功获取小时数据 24 条，每日数据 1 条
2025-07-31 16:56:24,501 - INFO -    ✅ 招远 数据获取成功
2025-07-31 16:56:24,501 - INFO -    正在获取 栖霞(101120507) 数据... (51/152)
2025-07-31 16:56:24,501 - INFO - 正在获取 栖霞(101120507) 20250730 的天气数据...
2025-07-31 16:56:24,925 - INFO - ✅ 栖霞 成功获取小时数据 24 条，每日数据 1 条
2025-07-31 16:56:24,926 - INFO -    ✅ 栖霞 数据获取成功
2025-07-31 16:56:24,926 - INFO -    正在获取 福山(101120508) 数据... (52/152)
2025-07-31 16:56:24,926 - INFO - 正在获取 福山(101120508) 20250730 的天气数据...
2025-07-31 16:56:25,375 - INFO - ✅ 福山 成功获取小时数据 24 条，每日数据 1 条
2025-07-31 16:56:25,376 - INFO -    ✅ 福山 数据获取成功
2025-07-31 16:56:25,376 - INFO -    正在获取 牟平(101120509) 数据... (53/152)
2025-07-31 16:56:25,376 - INFO - 正在获取 牟平(101120509) 20250730 的天气数据...
2025-07-31 16:56:25,815 - INFO - ✅ 牟平 成功获取小时数据 24 条，每日数据 1 条
2025-07-31 16:56:25,815 - INFO -    ✅ 牟平 数据获取成功
2025-07-31 16:56:25,816 - INFO -    正在获取 莱阳(101120510) 数据... (54/152)
2025-07-31 16:56:25,816 - INFO - 正在获取 莱阳(101120510) 20250730 的天气数据...
2025-07-31 16:56:26,210 - INFO - ✅ 莱阳 成功获取小时数据 24 条，每日数据 1 条
2025-07-31 16:56:26,211 - INFO -    ✅ 莱阳 数据获取成功
2025-07-31 16:56:26,211 - INFO -    正在获取 海阳(101120511) 数据... (55/152)
2025-07-31 16:56:26,211 - INFO - 正在获取 海阳(101120511) 20250730 的天气数据...
2025-07-31 16:56:26,617 - INFO - ✅ 海阳 成功获取小时数据 24 条，每日数据 1 条
2025-07-31 16:56:26,618 - INFO -    ✅ 海阳 数据获取成功
2025-07-31 16:56:26,618 - INFO -    正在获取 芝罘(101120512) 数据... (56/152)
2025-07-31 16:56:26,618 - INFO - 正在获取 芝罘(101120512) 20250730 的天气数据...
2025-07-31 16:56:27,070 - INFO - ✅ 芝罘 成功获取小时数据 24 条，每日数据 1 条
2025-07-31 16:56:27,071 - INFO -    ✅ 芝罘 数据获取成功
2025-07-31 16:56:27,071 - INFO -    正在获取 莱山(101120513) 数据... (57/152)
2025-07-31 16:56:27,071 - INFO - 正在获取 莱山(101120513) 20250730 的天气数据...
2025-07-31 16:56:27,472 - INFO - ✅ 莱山 成功获取小时数据 24 条，每日数据 1 条
2025-07-31 16:56:27,472 - INFO -    ✅ 莱山 数据获取成功
2025-07-31 16:56:27,472 - INFO -    正在获取 潍坊(101120601) 数据... (58/152)
2025-07-31 16:56:27,472 - INFO - 正在获取 潍坊(101120601) 20250730 的天气数据...
2025-07-31 16:56:27,882 - INFO - ✅ 潍坊 成功获取小时数据 24 条，每日数据 1 条
2025-07-31 16:56:27,883 - INFO -    ✅ 潍坊 数据获取成功
2025-07-31 16:56:27,883 - INFO -    正在获取 青州(101120602) 数据... (59/152)
2025-07-31 16:56:27,883 - INFO - 正在获取 青州(101120602) 20250730 的天气数据...
2025-07-31 16:56:28,292 - INFO - ✅ 青州 成功获取小时数据 24 条，每日数据 1 条
2025-07-31 16:56:28,292 - INFO -    ✅ 青州 数据获取成功
2025-07-31 16:56:28,292 - INFO -    正在获取 寿光(101120603) 数据... (60/152)
2025-07-31 16:56:28,292 - INFO - 正在获取 寿光(101120603) 20250730 的天气数据...
2025-07-31 16:56:28,737 - INFO - ✅ 寿光 成功获取小时数据 24 条，每日数据 1 条
2025-07-31 16:56:28,737 - INFO -    ✅ 寿光 数据获取成功
2025-07-31 16:56:28,737 - INFO - ⏳ 批次完成，等待 2 秒后继续...
2025-07-31 16:56:30,741 - INFO - 🔄 处理批次 4: 地区 61-80
2025-07-31 16:56:30,741 - INFO -    正在获取 临朐(101120604) 数据... (61/152)
2025-07-31 16:56:30,741 - INFO - 正在获取 临朐(101120604) 20250730 的天气数据...
2025-07-31 16:56:31,262 - INFO - ✅ 临朐 成功获取小时数据 24 条，每日数据 1 条
2025-07-31 16:56:31,262 - INFO -    ✅ 临朐 数据获取成功
2025-07-31 16:56:31,262 - INFO -    正在获取 昌乐(101120605) 数据... (62/152)
2025-07-31 16:56:31,262 - INFO - 正在获取 昌乐(101120605) 20250730 的天气数据...
2025-07-31 16:56:31,669 - INFO - ✅ 昌乐 成功获取小时数据 24 条，每日数据 1 条
2025-07-31 16:56:31,669 - INFO -    ✅ 昌乐 数据获取成功
2025-07-31 16:56:31,669 - INFO -    正在获取 昌邑(101120606) 数据... (63/152)
2025-07-31 16:56:31,669 - INFO - 正在获取 昌邑(101120606) 20250730 的天气数据...
2025-07-31 16:56:32,079 - INFO - ✅ 昌邑 成功获取小时数据 24 条，每日数据 1 条
2025-07-31 16:56:32,079 - INFO -    ✅ 昌邑 数据获取成功
2025-07-31 16:56:32,080 - INFO -    正在获取 安丘(101120607) 数据... (64/152)
2025-07-31 16:56:32,080 - INFO - 正在获取 安丘(101120607) 20250730 的天气数据...
2025-07-31 16:56:32,535 - INFO - ✅ 安丘 成功获取小时数据 24 条，每日数据 1 条
2025-07-31 16:56:32,535 - INFO -    ✅ 安丘 数据获取成功
2025-07-31 16:56:32,536 - INFO -    正在获取 高密(101120608) 数据... (65/152)
2025-07-31 16:56:32,536 - INFO - 正在获取 高密(101120608) 20250730 的天气数据...
2025-07-31 16:56:32,982 - INFO - ✅ 高密 成功获取小时数据 24 条，每日数据 1 条
2025-07-31 16:56:32,983 - INFO -    ✅ 高密 数据获取成功
2025-07-31 16:56:32,983 - INFO -    正在获取 诸城(101120609) 数据... (66/152)
2025-07-31 16:56:32,983 - INFO - 正在获取 诸城(101120609) 20250730 的天气数据...
2025-07-31 16:56:33,402 - INFO - ✅ 诸城 成功获取小时数据 24 条，每日数据 1 条
2025-07-31 16:56:33,402 - INFO -    ✅ 诸城 数据获取成功
2025-07-31 16:56:33,402 - INFO -    正在获取 潍城(101120610) 数据... (67/152)
2025-07-31 16:56:33,402 - INFO - 正在获取 潍城(101120610) 20250730 的天气数据...
2025-07-31 16:56:33,807 - INFO - ✅ 潍城 成功获取小时数据 24 条，每日数据 1 条
2025-07-31 16:56:33,807 - INFO -    ✅ 潍城 数据获取成功
2025-07-31 16:56:33,808 - INFO -    正在获取 寒亭(101120611) 数据... (68/152)
2025-07-31 16:56:33,808 - INFO - 正在获取 寒亭(101120611) 20250730 的天气数据...
2025-07-31 16:56:34,294 - INFO - ✅ 寒亭 成功获取小时数据 24 条，每日数据 1 条
2025-07-31 16:56:34,294 - INFO -    ✅ 寒亭 数据获取成功
2025-07-31 16:56:34,294 - INFO -    正在获取 坊子(101120612) 数据... (69/152)
2025-07-31 16:56:34,295 - INFO - 正在获取 坊子(101120612) 20250730 的天气数据...
2025-07-31 16:56:34,708 - INFO - ✅ 坊子 成功获取小时数据 24 条，每日数据 1 条
2025-07-31 16:56:34,708 - INFO -    ✅ 坊子 数据获取成功
2025-07-31 16:56:34,708 - INFO -    正在获取 奎文(101120613) 数据... (70/152)
2025-07-31 16:56:34,708 - INFO - 正在获取 奎文(101120613) 20250730 的天气数据...
2025-07-31 16:56:35,111 - INFO - ✅ 奎文 成功获取小时数据 24 条，每日数据 1 条
2025-07-31 16:56:35,111 - INFO -    ✅ 奎文 数据获取成功
2025-07-31 16:56:35,111 - INFO -    正在获取 济宁(101120701) 数据... (71/152)
2025-07-31 16:56:35,111 - INFO - 正在获取 济宁(101120701) 20250730 的天气数据...
2025-07-31 16:56:35,558 - INFO - ✅ 济宁 成功获取小时数据 24 条，每日数据 1 条
2025-07-31 16:56:35,558 - INFO -    ✅ 济宁 数据获取成功
2025-07-31 16:56:35,558 - INFO -    正在获取 嘉祥(101120702) 数据... (72/152)
2025-07-31 16:56:35,558 - INFO - 正在获取 嘉祥(101120702) 20250730 的天气数据...
2025-07-31 16:56:35,971 - INFO - ✅ 嘉祥 成功获取小时数据 24 条，每日数据 1 条
2025-07-31 16:56:35,971 - INFO -    ✅ 嘉祥 数据获取成功
2025-07-31 16:56:35,972 - INFO -    正在获取 微山(101120703) 数据... (73/152)
2025-07-31 16:56:35,972 - INFO - 正在获取 微山(101120703) 20250730 的天气数据...
2025-07-31 16:56:36,455 - INFO - ✅ 微山 成功获取小时数据 24 条，每日数据 1 条
2025-07-31 16:56:36,456 - INFO -    ✅ 微山 数据获取成功
2025-07-31 16:56:36,456 - INFO -    正在获取 鱼台(101120704) 数据... (74/152)
2025-07-31 16:56:36,456 - INFO - 正在获取 鱼台(101120704) 20250730 的天气数据...
2025-07-31 16:56:36,892 - INFO - ✅ 鱼台 成功获取小时数据 24 条，每日数据 1 条
2025-07-31 16:56:36,892 - INFO -    ✅ 鱼台 数据获取成功
2025-07-31 16:56:36,892 - INFO -    正在获取 兖州(101120705) 数据... (75/152)
2025-07-31 16:56:36,893 - INFO - 正在获取 兖州(101120705) 20250730 的天气数据...
2025-07-31 16:56:37,405 - INFO - ✅ 兖州 成功获取小时数据 24 条，每日数据 1 条
2025-07-31 16:56:37,406 - INFO -    ✅ 兖州 数据获取成功
2025-07-31 16:56:37,406 - INFO -    正在获取 金乡(101120706) 数据... (76/152)
2025-07-31 16:56:37,406 - INFO - 正在获取 金乡(101120706) 20250730 的天气数据...
2025-07-31 16:56:37,975 - INFO - ✅ 金乡 成功获取小时数据 24 条，每日数据 1 条
2025-07-31 16:56:37,975 - INFO -    ✅ 金乡 数据获取成功
2025-07-31 16:56:37,975 - INFO -    正在获取 汶上(101120707) 数据... (77/152)
2025-07-31 16:56:37,975 - INFO - 正在获取 汶上(101120707) 20250730 的天气数据...
2025-07-31 16:56:38,458 - INFO - ✅ 汶上 成功获取小时数据 24 条，每日数据 1 条
2025-07-31 16:56:38,458 - INFO -    ✅ 汶上 数据获取成功
2025-07-31 16:56:38,458 - INFO -    正在获取 泗水(101120708) 数据... (78/152)
2025-07-31 16:56:38,458 - INFO - 正在获取 泗水(101120708) 20250730 的天气数据...
2025-07-31 16:56:38,892 - INFO - ✅ 泗水 成功获取小时数据 24 条，每日数据 1 条
2025-07-31 16:56:38,892 - INFO -    ✅ 泗水 数据获取成功
2025-07-31 16:56:38,893 - INFO -    正在获取 梁山(101120709) 数据... (79/152)
2025-07-31 16:56:38,893 - INFO - 正在获取 梁山(101120709) 20250730 的天气数据...
2025-07-31 16:56:39,312 - INFO - ✅ 梁山 成功获取小时数据 24 条，每日数据 1 条
2025-07-31 16:56:39,312 - INFO -    ✅ 梁山 数据获取成功
2025-07-31 16:56:39,313 - INFO -    正在获取 曲阜(101120710) 数据... (80/152)
2025-07-31 16:56:39,313 - INFO - 正在获取 曲阜(101120710) 20250730 的天气数据...
2025-07-31 16:56:39,714 - INFO - ✅ 曲阜 成功获取小时数据 24 条，每日数据 1 条
2025-07-31 16:56:39,715 - INFO -    ✅ 曲阜 数据获取成功
2025-07-31 16:56:39,715 - INFO - ⏳ 批次完成，等待 2 秒后继续...
2025-07-31 16:56:41,717 - INFO - 🔄 处理批次 5: 地区 81-100
2025-07-31 16:56:41,717 - INFO -    正在获取 邹城(101120711) 数据... (81/152)
2025-07-31 16:56:41,717 - INFO - 正在获取 邹城(101120711) 20250730 的天气数据...
2025-07-31 16:56:42,153 - INFO - ✅ 邹城 成功获取小时数据 24 条，每日数据 1 条
2025-07-31 16:56:42,154 - INFO -    ✅ 邹城 数据获取成功
2025-07-31 16:56:42,154 - INFO -    正在获取 任城(101120712) 数据... (82/152)
2025-07-31 16:56:42,154 - INFO - 正在获取 任城(101120712) 20250730 的天气数据...
2025-07-31 16:56:42,585 - INFO - ✅ 任城 成功获取小时数据 24 条，每日数据 1 条
2025-07-31 16:56:42,586 - INFO -    ✅ 任城 数据获取成功
2025-07-31 16:56:42,586 - INFO -    正在获取 泰安(101120801) 数据... (83/152)
2025-07-31 16:56:42,586 - INFO - 正在获取 泰安(101120801) 20250730 的天气数据...
2025-07-31 16:56:43,043 - INFO - ✅ 泰安 成功获取小时数据 24 条，每日数据 1 条
2025-07-31 16:56:43,043 - INFO -    ✅ 泰安 数据获取成功
2025-07-31 16:56:43,044 - INFO -    正在获取 新泰(101120802) 数据... (84/152)
2025-07-31 16:56:43,044 - INFO - 正在获取 新泰(101120802) 20250730 的天气数据...
2025-07-31 16:56:43,495 - INFO - ✅ 新泰 成功获取小时数据 24 条，每日数据 1 条
2025-07-31 16:56:43,495 - INFO -    ✅ 新泰 数据获取成功
2025-07-31 16:56:43,495 - INFO -    正在获取 泰山(101120803) 数据... (85/152)
2025-07-31 16:56:43,495 - INFO - 正在获取 泰山(101120803) 20250730 的天气数据...
2025-07-31 16:56:43,914 - INFO - ✅ 泰山 成功获取小时数据 24 条，每日数据 1 条
2025-07-31 16:56:43,914 - INFO -    ✅ 泰山 数据获取成功
2025-07-31 16:56:43,914 - INFO -    正在获取 肥城(101120804) 数据... (86/152)
2025-07-31 16:56:43,914 - INFO - 正在获取 肥城(101120804) 20250730 的天气数据...
2025-07-31 16:56:44,331 - INFO - ✅ 肥城 成功获取小时数据 24 条，每日数据 1 条
2025-07-31 16:56:44,331 - INFO -    ✅ 肥城 数据获取成功
2025-07-31 16:56:44,332 - INFO -    正在获取 东平(101120805) 数据... (87/152)
2025-07-31 16:56:44,332 - INFO - 正在获取 东平(101120805) 20250730 的天气数据...
2025-07-31 16:56:44,740 - INFO - ✅ 东平 成功获取小时数据 24 条，每日数据 1 条
2025-07-31 16:56:44,741 - INFO -    ✅ 东平 数据获取成功
2025-07-31 16:56:44,742 - INFO -    正在获取 宁阳(101120806) 数据... (88/152)
2025-07-31 16:56:44,742 - INFO - 正在获取 宁阳(101120806) 20250730 的天气数据...
2025-07-31 16:56:45,179 - INFO - ✅ 宁阳 成功获取小时数据 24 条，每日数据 1 条
2025-07-31 16:56:45,179 - INFO -    ✅ 宁阳 数据获取成功
2025-07-31 16:56:45,179 - INFO -    正在获取 岱岳(101120807) 数据... (89/152)
2025-07-31 16:56:45,179 - INFO - 正在获取 岱岳(101120807) 20250730 的天气数据...
2025-07-31 16:56:45,633 - INFO - ✅ 岱岳 成功获取小时数据 24 条，每日数据 1 条
2025-07-31 16:56:45,633 - INFO -    ✅ 岱岳 数据获取成功
2025-07-31 16:56:45,633 - INFO -    正在获取 临沂(101120901) 数据... (90/152)
2025-07-31 16:56:45,633 - INFO - 正在获取 临沂(101120901) 20250730 的天气数据...
2025-07-31 16:56:46,081 - INFO - ✅ 临沂 成功获取小时数据 24 条，每日数据 1 条
2025-07-31 16:56:46,082 - INFO -    ✅ 临沂 数据获取成功
2025-07-31 16:56:46,082 - INFO -    正在获取 莒南(101120902) 数据... (91/152)
2025-07-31 16:56:46,082 - INFO - 正在获取 莒南(101120902) 20250730 的天气数据...
2025-07-31 16:56:46,497 - INFO - ✅ 莒南 成功获取小时数据 24 条，每日数据 1 条
2025-07-31 16:56:46,498 - INFO -    ✅ 莒南 数据获取成功
2025-07-31 16:56:46,498 - INFO -    正在获取 沂南(101120903) 数据... (92/152)
2025-07-31 16:56:46,498 - INFO - 正在获取 沂南(101120903) 20250730 的天气数据...
2025-07-31 16:56:46,998 - INFO - ✅ 沂南 成功获取小时数据 24 条，每日数据 1 条
2025-07-31 16:56:46,999 - INFO -    ✅ 沂南 数据获取成功
2025-07-31 16:56:46,999 - INFO -    正在获取 兰陵(101120904) 数据... (93/152)
2025-07-31 16:56:46,999 - INFO - 正在获取 兰陵(101120904) 20250730 的天气数据...
2025-07-31 16:56:47,420 - INFO - ✅ 兰陵 成功获取小时数据 24 条，每日数据 1 条
2025-07-31 16:56:47,420 - INFO -    ✅ 兰陵 数据获取成功
2025-07-31 16:56:47,420 - INFO -    正在获取 临沭(101120905) 数据... (94/152)
2025-07-31 16:56:47,420 - INFO - 正在获取 临沭(101120905) 20250730 的天气数据...
2025-07-31 16:56:47,886 - INFO - ✅ 临沭 成功获取小时数据 24 条，每日数据 1 条
2025-07-31 16:56:47,886 - INFO -    ✅ 临沭 数据获取成功
2025-07-31 16:56:47,886 - INFO -    正在获取 郯城(101120906) 数据... (95/152)
2025-07-31 16:56:47,886 - INFO - 正在获取 郯城(101120906) 20250730 的天气数据...
2025-07-31 16:56:48,300 - INFO - ✅ 郯城 成功获取小时数据 24 条，每日数据 1 条
2025-07-31 16:56:48,301 - INFO -    ✅ 郯城 数据获取成功
2025-07-31 16:56:48,301 - INFO -    正在获取 蒙阴(101120907) 数据... (96/152)
2025-07-31 16:56:48,301 - INFO - 正在获取 蒙阴(101120907) 20250730 的天气数据...
2025-07-31 16:56:48,755 - INFO - ✅ 蒙阴 成功获取小时数据 24 条，每日数据 1 条
2025-07-31 16:56:48,756 - INFO -    ✅ 蒙阴 数据获取成功
2025-07-31 16:56:48,756 - INFO -    正在获取 平邑(101120908) 数据... (97/152)
2025-07-31 16:56:48,756 - INFO - 正在获取 平邑(101120908) 20250730 的天气数据...
2025-07-31 16:56:49,266 - INFO - ✅ 平邑 成功获取小时数据 24 条，每日数据 1 条
2025-07-31 16:56:49,266 - INFO -    ✅ 平邑 数据获取成功
2025-07-31 16:56:49,266 - INFO -    正在获取 费县(101120909) 数据... (98/152)
2025-07-31 16:56:49,267 - INFO - 正在获取 费县(101120909) 20250730 的天气数据...
2025-07-31 16:56:49,727 - INFO - ✅ 费县 成功获取小时数据 24 条，每日数据 1 条
2025-07-31 16:56:49,728 - INFO -    ✅ 费县 数据获取成功
2025-07-31 16:56:49,728 - INFO -    正在获取 沂水(101120910) 数据... (99/152)
2025-07-31 16:56:49,728 - INFO - 正在获取 沂水(101120910) 20250730 的天气数据...
2025-07-31 16:56:50,201 - INFO - ✅ 沂水 成功获取小时数据 24 条，每日数据 1 条
2025-07-31 16:56:50,201 - INFO -    ✅ 沂水 数据获取成功
2025-07-31 16:56:50,201 - INFO -    正在获取 兰山(101120911) 数据... (100/152)
2025-07-31 16:56:50,202 - INFO - 正在获取 兰山(101120911) 20250730 的天气数据...
2025-07-31 16:56:50,649 - INFO - ✅ 兰山 成功获取小时数据 24 条，每日数据 1 条
2025-07-31 16:56:50,649 - INFO -    ✅ 兰山 数据获取成功
2025-07-31 16:56:50,649 - INFO - ⏳ 批次完成，等待 2 秒后继续...
2025-07-31 16:56:52,653 - INFO - 🔄 处理批次 6: 地区 101-120
2025-07-31 16:56:52,654 - INFO -    正在获取 罗庄(101120912) 数据... (101/152)
2025-07-31 16:56:52,654 - INFO - 正在获取 罗庄(101120912) 20250730 的天气数据...
2025-07-31 16:56:53,058 - INFO - ✅ 罗庄 成功获取小时数据 24 条，每日数据 1 条
2025-07-31 16:56:53,058 - INFO -    ✅ 罗庄 数据获取成功
2025-07-31 16:56:53,059 - INFO -    正在获取 河东(101120913) 数据... (102/152)
2025-07-31 16:56:53,059 - INFO - 正在获取 河东(101120913) 20250730 的天气数据...
2025-07-31 16:56:53,516 - INFO - ✅ 河东 成功获取小时数据 24 条，每日数据 1 条
2025-07-31 16:56:53,516 - INFO -    ✅ 河东 数据获取成功
2025-07-31 16:56:53,516 - INFO -    正在获取 菏泽(101121001) 数据... (103/152)
2025-07-31 16:56:53,516 - INFO - 正在获取 菏泽(101121001) 20250730 的天气数据...
2025-07-31 16:56:53,917 - INFO - ✅ 菏泽 成功获取小时数据 24 条，每日数据 1 条
2025-07-31 16:56:53,917 - INFO -    ✅ 菏泽 数据获取成功
2025-07-31 16:56:53,917 - INFO -    正在获取 鄄城(101121002) 数据... (104/152)
2025-07-31 16:56:53,918 - INFO - 正在获取 鄄城(101121002) 20250730 的天气数据...
2025-07-31 16:56:54,311 - INFO - ✅ 鄄城 成功获取小时数据 24 条，每日数据 1 条
2025-07-31 16:56:54,311 - INFO -    ✅ 鄄城 数据获取成功
2025-07-31 16:56:54,312 - INFO -    正在获取 郓城(101121003) 数据... (105/152)
2025-07-31 16:56:54,312 - INFO - 正在获取 郓城(101121003) 20250730 的天气数据...
2025-07-31 16:56:54,754 - INFO - ✅ 郓城 成功获取小时数据 24 条，每日数据 1 条
2025-07-31 16:56:54,754 - INFO -    ✅ 郓城 数据获取成功
2025-07-31 16:56:54,754 - INFO -    正在获取 东明(101121004) 数据... (106/152)
2025-07-31 16:56:54,754 - INFO - 正在获取 东明(101121004) 20250730 的天气数据...
2025-07-31 16:56:55,192 - INFO - ✅ 东明 成功获取小时数据 24 条，每日数据 1 条
2025-07-31 16:56:55,193 - INFO -    ✅ 东明 数据获取成功
2025-07-31 16:56:55,193 - INFO -    正在获取 定陶(101121005) 数据... (107/152)
2025-07-31 16:56:55,193 - INFO - 正在获取 定陶(101121005) 20250730 的天气数据...
2025-07-31 16:56:55,610 - INFO - ✅ 定陶 成功获取小时数据 24 条，每日数据 1 条
2025-07-31 16:56:55,610 - INFO -    ✅ 定陶 数据获取成功
2025-07-31 16:56:55,610 - INFO -    正在获取 巨野(101121006) 数据... (108/152)
2025-07-31 16:56:55,611 - INFO - 正在获取 巨野(101121006) 20250730 的天气数据...
2025-07-31 16:56:55,997 - INFO - ✅ 巨野 成功获取小时数据 24 条，每日数据 1 条
2025-07-31 16:56:55,997 - INFO -    ✅ 巨野 数据获取成功
2025-07-31 16:56:55,997 - INFO -    正在获取 曹县(101121007) 数据... (109/152)
2025-07-31 16:56:55,997 - INFO - 正在获取 曹县(101121007) 20250730 的天气数据...
2025-07-31 16:56:56,406 - INFO - ✅ 曹县 成功获取小时数据 24 条，每日数据 1 条
2025-07-31 16:56:56,407 - INFO -    ✅ 曹县 数据获取成功
2025-07-31 16:56:56,407 - INFO -    正在获取 成武(101121008) 数据... (110/152)
2025-07-31 16:56:56,407 - INFO - 正在获取 成武(101121008) 20250730 的天气数据...
2025-07-31 16:56:56,844 - INFO - ✅ 成武 成功获取小时数据 24 条，每日数据 1 条
2025-07-31 16:56:56,844 - INFO -    ✅ 成武 数据获取成功
2025-07-31 16:56:56,844 - INFO -    正在获取 单县(101121009) 数据... (111/152)
2025-07-31 16:56:56,844 - INFO - 正在获取 单县(101121009) 20250730 的天气数据...
2025-07-31 16:56:57,268 - INFO - ✅ 单县 成功获取小时数据 24 条，每日数据 1 条
2025-07-31 16:56:57,269 - INFO -    ✅ 单县 数据获取成功
2025-07-31 16:56:57,269 - INFO -    正在获取 牡丹(101121010) 数据... (112/152)
2025-07-31 16:56:57,269 - INFO - 正在获取 牡丹(101121010) 20250730 的天气数据...
2025-07-31 16:56:57,674 - INFO - ✅ 牡丹 成功获取小时数据 24 条，每日数据 1 条
2025-07-31 16:56:57,675 - INFO -    ✅ 牡丹 数据获取成功
2025-07-31 16:56:57,675 - INFO -    正在获取 滨州(101121101) 数据... (113/152)
2025-07-31 16:56:57,675 - INFO - 正在获取 滨州(101121101) 20250730 的天气数据...
2025-07-31 16:56:58,098 - INFO - ✅ 滨州 成功获取小时数据 24 条，每日数据 1 条
2025-07-31 16:56:58,099 - INFO -    ✅ 滨州 数据获取成功
2025-07-31 16:56:58,099 - INFO -    正在获取 博兴(101121102) 数据... (114/152)
2025-07-31 16:56:58,099 - INFO - 正在获取 博兴(101121102) 20250730 的天气数据...
2025-07-31 16:56:58,527 - INFO - ✅ 博兴 成功获取小时数据 24 条，每日数据 1 条
2025-07-31 16:56:58,528 - INFO -    ✅ 博兴 数据获取成功
2025-07-31 16:56:58,528 - INFO -    正在获取 无棣(101121103) 数据... (115/152)
2025-07-31 16:56:58,528 - INFO - 正在获取 无棣(101121103) 20250730 的天气数据...
2025-07-31 16:56:58,928 - INFO - ✅ 无棣 成功获取小时数据 24 条，每日数据 1 条
2025-07-31 16:56:58,928 - INFO -    ✅ 无棣 数据获取成功
2025-07-31 16:56:58,928 - INFO -    正在获取 阳信(101121104) 数据... (116/152)
2025-07-31 16:56:58,928 - INFO - 正在获取 阳信(101121104) 20250730 的天气数据...
2025-07-31 16:56:59,325 - INFO - ✅ 阳信 成功获取小时数据 24 条，每日数据 1 条
2025-07-31 16:56:59,326 - INFO -    ✅ 阳信 数据获取成功
2025-07-31 16:56:59,326 - INFO -    正在获取 惠民(101121105) 数据... (117/152)
2025-07-31 16:56:59,326 - INFO - 正在获取 惠民(101121105) 20250730 的天气数据...
2025-07-31 16:56:59,777 - INFO - ✅ 惠民 成功获取小时数据 24 条，每日数据 1 条
2025-07-31 16:56:59,777 - INFO -    ✅ 惠民 数据获取成功
2025-07-31 16:56:59,777 - INFO -    正在获取 沾化(101121106) 数据... (118/152)
2025-07-31 16:56:59,778 - INFO - 正在获取 沾化(101121106) 20250730 的天气数据...
2025-07-31 16:57:00,192 - INFO - ✅ 沾化 成功获取小时数据 24 条，每日数据 1 条
2025-07-31 16:57:00,193 - INFO -    ✅ 沾化 数据获取成功
2025-07-31 16:57:00,193 - INFO -    正在获取 邹平(101121107) 数据... (119/152)
2025-07-31 16:57:00,193 - INFO - 正在获取 邹平(101121107) 20250730 的天气数据...
2025-07-31 16:57:00,609 - INFO - ✅ 邹平 成功获取小时数据 24 条，每日数据 1 条
2025-07-31 16:57:00,609 - INFO -    ✅ 邹平 数据获取成功
2025-07-31 16:57:00,610 - INFO -    正在获取 滨城(101121108) 数据... (120/152)
2025-07-31 16:57:00,610 - INFO - 正在获取 滨城(101121108) 20250730 的天气数据...
2025-07-31 16:57:01,052 - INFO - ✅ 滨城 成功获取小时数据 24 条，每日数据 1 条
2025-07-31 16:57:01,052 - INFO -    ✅ 滨城 数据获取成功
2025-07-31 16:57:01,053 - INFO - ⏳ 批次完成，等待 2 秒后继续...
2025-07-31 16:57:03,053 - INFO - 🔄 处理批次 7: 地区 121-140
2025-07-31 16:57:03,054 - INFO -    正在获取 东营(101121201) 数据... (121/152)
2025-07-31 16:57:03,054 - INFO - 正在获取 东营(101121201) 20250730 的天气数据...
2025-07-31 16:57:03,504 - INFO - ✅ 东营 成功获取小时数据 24 条，每日数据 1 条
2025-07-31 16:57:03,505 - INFO -    ✅ 东营 数据获取成功
2025-07-31 16:57:03,505 - INFO -    正在获取 河口(101121202) 数据... (122/152)
2025-07-31 16:57:03,505 - INFO - 正在获取 河口(101121202) 20250730 的天气数据...
2025-07-31 16:57:03,935 - INFO - ✅ 河口 成功获取小时数据 24 条，每日数据 1 条
2025-07-31 16:57:03,936 - INFO -    ✅ 河口 数据获取成功
2025-07-31 16:57:03,936 - INFO -    正在获取 垦利(101121203) 数据... (123/152)
2025-07-31 16:57:03,936 - INFO - 正在获取 垦利(101121203) 20250730 的天气数据...
2025-07-31 16:57:04,421 - INFO - ✅ 垦利 成功获取小时数据 24 条，每日数据 1 条
2025-07-31 16:57:04,422 - INFO -    ✅ 垦利 数据获取成功
2025-07-31 16:57:04,422 - INFO -    正在获取 利津(101121204) 数据... (124/152)
2025-07-31 16:57:04,422 - INFO - 正在获取 利津(101121204) 20250730 的天气数据...
2025-07-31 16:57:04,853 - INFO - ✅ 利津 成功获取小时数据 24 条，每日数据 1 条
2025-07-31 16:57:04,854 - INFO -    ✅ 利津 数据获取成功
2025-07-31 16:57:04,854 - INFO -    正在获取 广饶(101121205) 数据... (125/152)
2025-07-31 16:57:04,854 - INFO - 正在获取 广饶(101121205) 20250730 的天气数据...
2025-07-31 16:57:05,287 - INFO - ✅ 广饶 成功获取小时数据 24 条，每日数据 1 条
2025-07-31 16:57:05,287 - INFO -    ✅ 广饶 数据获取成功
2025-07-31 16:57:05,288 - INFO -    正在获取 东营区(101121206) 数据... (126/152)
2025-07-31 16:57:05,288 - INFO - 正在获取 东营区(101121206) 20250730 的天气数据...
2025-07-31 16:57:05,685 - INFO - ✅ 东营区 成功获取小时数据 24 条，每日数据 1 条
2025-07-31 16:57:05,685 - INFO -    ✅ 东营区 数据获取成功
2025-07-31 16:57:05,686 - INFO -    正在获取 威海(101121301) 数据... (127/152)
2025-07-31 16:57:05,686 - INFO - 正在获取 威海(101121301) 20250730 的天气数据...
2025-07-31 16:57:06,111 - INFO - ✅ 威海 成功获取小时数据 24 条，每日数据 1 条
2025-07-31 16:57:06,111 - INFO -    ✅ 威海 数据获取成功
2025-07-31 16:57:06,111 - INFO -    正在获取 文登(101121302) 数据... (128/152)
2025-07-31 16:57:06,111 - INFO - 正在获取 文登(101121302) 20250730 的天气数据...
2025-07-31 16:57:06,534 - INFO - ✅ 文登 成功获取小时数据 24 条，每日数据 1 条
2025-07-31 16:57:06,534 - INFO -    ✅ 文登 数据获取成功
2025-07-31 16:57:06,534 - INFO -    正在获取 荣成(101121303) 数据... (129/152)
2025-07-31 16:57:06,535 - INFO - 正在获取 荣成(101121303) 20250730 的天气数据...
2025-07-31 16:57:06,978 - INFO - ✅ 荣成 成功获取小时数据 24 条，每日数据 1 条
2025-07-31 16:57:06,979 - INFO -    ✅ 荣成 数据获取成功
2025-07-31 16:57:06,979 - INFO -    正在获取 乳山(101121304) 数据... (130/152)
2025-07-31 16:57:06,979 - INFO - 正在获取 乳山(101121304) 20250730 的天气数据...
2025-07-31 16:57:07,476 - INFO - ✅ 乳山 成功获取小时数据 24 条，每日数据 1 条
2025-07-31 16:57:07,477 - INFO -    ✅ 乳山 数据获取成功
2025-07-31 16:57:07,477 - INFO -    正在获取 环翠(101121307) 数据... (131/152)
2025-07-31 16:57:07,477 - INFO - 正在获取 环翠(101121307) 20250730 的天气数据...
2025-07-31 16:57:07,920 - INFO - ✅ 环翠 成功获取小时数据 24 条，每日数据 1 条
2025-07-31 16:57:07,921 - INFO -    ✅ 环翠 数据获取成功
2025-07-31 16:57:07,921 - INFO -    正在获取 枣庄(101121401) 数据... (132/152)
2025-07-31 16:57:07,921 - INFO - 正在获取 枣庄(101121401) 20250730 的天气数据...
2025-07-31 16:57:08,272 - INFO - ✅ 枣庄 成功获取小时数据 24 条，每日数据 1 条
2025-07-31 16:57:08,273 - INFO -    ✅ 枣庄 数据获取成功
2025-07-31 16:57:08,273 - INFO -    正在获取 薛城(101121402) 数据... (133/152)
2025-07-31 16:57:08,273 - INFO - 正在获取 薛城(101121402) 20250730 的天气数据...
2025-07-31 16:57:08,695 - INFO - ✅ 薛城 成功获取小时数据 24 条，每日数据 1 条
2025-07-31 16:57:08,695 - INFO -    ✅ 薛城 数据获取成功
2025-07-31 16:57:08,695 - INFO -    正在获取 峄城(101121403) 数据... (134/152)
2025-07-31 16:57:08,695 - INFO - 正在获取 峄城(101121403) 20250730 的天气数据...
2025-07-31 16:57:09,177 - INFO - ✅ 峄城 成功获取小时数据 24 条，每日数据 1 条
2025-07-31 16:57:09,177 - INFO -    ✅ 峄城 数据获取成功
2025-07-31 16:57:09,177 - INFO -    正在获取 台儿庄(101121404) 数据... (135/152)
2025-07-31 16:57:09,177 - INFO - 正在获取 台儿庄(101121404) 20250730 的天气数据...
2025-07-31 16:57:09,638 - INFO - ✅ 台儿庄 成功获取小时数据 24 条，每日数据 1 条
2025-07-31 16:57:09,638 - INFO -    ✅ 台儿庄 数据获取成功
2025-07-31 16:57:09,638 - INFO -    正在获取 滕州(101121405) 数据... (136/152)
2025-07-31 16:57:09,638 - INFO - 正在获取 滕州(101121405) 20250730 的天气数据...
2025-07-31 16:57:10,091 - INFO - ✅ 滕州 成功获取小时数据 24 条，每日数据 1 条
2025-07-31 16:57:10,091 - INFO -    ✅ 滕州 数据获取成功
2025-07-31 16:57:10,091 - INFO -    正在获取 市中(101121406) 数据... (137/152)
2025-07-31 16:57:10,091 - INFO - 正在获取 市中(101121406) 20250730 的天气数据...
2025-07-31 16:57:10,497 - INFO - ✅ 市中 成功获取小时数据 24 条，每日数据 1 条
2025-07-31 16:57:10,497 - INFO -    ✅ 市中 数据获取成功
2025-07-31 16:57:10,497 - INFO -    正在获取 山亭(101121407) 数据... (138/152)
2025-07-31 16:57:10,497 - INFO - 正在获取 山亭(101121407) 20250730 的天气数据...
2025-07-31 16:57:10,931 - INFO - ✅ 山亭 成功获取小时数据 24 条，每日数据 1 条
2025-07-31 16:57:10,932 - INFO -    ✅ 山亭 数据获取成功
2025-07-31 16:57:10,932 - INFO -    正在获取 日照(101121501) 数据... (139/152)
2025-07-31 16:57:10,932 - INFO - 正在获取 日照(101121501) 20250730 的天气数据...
2025-07-31 16:57:11,355 - INFO - ✅ 日照 成功获取小时数据 24 条，每日数据 1 条
2025-07-31 16:57:11,356 - INFO -    ✅ 日照 数据获取成功
2025-07-31 16:57:11,356 - INFO -    正在获取 五莲(101121502) 数据... (140/152)
2025-07-31 16:57:11,356 - INFO - 正在获取 五莲(101121502) 20250730 的天气数据...
2025-07-31 16:57:11,805 - INFO - ✅ 五莲 成功获取小时数据 24 条，每日数据 1 条
2025-07-31 16:57:11,806 - INFO -    ✅ 五莲 数据获取成功
2025-07-31 16:57:11,806 - INFO - ⏳ 批次完成，等待 2 秒后继续...
2025-07-31 16:57:13,808 - INFO - 🔄 处理批次 8: 地区 141-152
2025-07-31 16:57:13,808 - INFO -    正在获取 莒县(101121503) 数据... (141/152)
2025-07-31 16:57:13,808 - INFO - 正在获取 莒县(101121503) 20250730 的天气数据...
2025-07-31 16:57:14,915 - INFO - ✅ 莒县 成功获取小时数据 24 条，每日数据 1 条
2025-07-31 16:57:14,916 - INFO -    ✅ 莒县 数据获取成功
2025-07-31 16:57:14,916 - INFO -    正在获取 东港(101121504) 数据... (142/152)
2025-07-31 16:57:14,916 - INFO - 正在获取 东港(101121504) 20250730 的天气数据...
2025-07-31 16:57:15,369 - INFO - ✅ 东港 成功获取小时数据 24 条，每日数据 1 条
2025-07-31 16:57:15,369 - INFO -    ✅ 东港 数据获取成功
2025-07-31 16:57:15,369 - INFO -    正在获取 岚山(101121505) 数据... (143/152)
2025-07-31 16:57:15,369 - INFO - 正在获取 岚山(101121505) 20250730 的天气数据...
2025-07-31 16:57:15,776 - INFO - ✅ 岚山 成功获取小时数据 24 条，每日数据 1 条
2025-07-31 16:57:15,776 - INFO -    ✅ 岚山 数据获取成功
2025-07-31 16:57:15,776 - INFO -    正在获取 聊城(101121701) 数据... (144/152)
2025-07-31 16:57:15,776 - INFO - 正在获取 聊城(101121701) 20250730 的天气数据...
2025-07-31 16:57:16,240 - INFO - ✅ 聊城 成功获取小时数据 24 条，每日数据 1 条
2025-07-31 16:57:16,240 - INFO -    ✅ 聊城 数据获取成功
2025-07-31 16:57:16,240 - INFO -    正在获取 冠县(101121702) 数据... (145/152)
2025-07-31 16:57:16,240 - INFO - 正在获取 冠县(101121702) 20250730 的天气数据...
2025-07-31 16:57:16,654 - INFO - ✅ 冠县 成功获取小时数据 24 条，每日数据 1 条
2025-07-31 16:57:16,655 - INFO -    ✅ 冠县 数据获取成功
2025-07-31 16:57:16,655 - INFO -    正在获取 阳谷(101121703) 数据... (146/152)
2025-07-31 16:57:16,655 - INFO - 正在获取 阳谷(101121703) 20250730 的天气数据...
2025-07-31 16:57:17,090 - INFO - ✅ 阳谷 成功获取小时数据 24 条，每日数据 1 条
2025-07-31 16:57:17,090 - INFO -    ✅ 阳谷 数据获取成功
2025-07-31 16:57:17,090 - INFO -    正在获取 高唐(101121704) 数据... (147/152)
2025-07-31 16:57:17,090 - INFO - 正在获取 高唐(101121704) 20250730 的天气数据...
2025-07-31 16:57:17,530 - INFO - ✅ 高唐 成功获取小时数据 24 条，每日数据 1 条
2025-07-31 16:57:17,531 - INFO -    ✅ 高唐 数据获取成功
2025-07-31 16:57:17,531 - INFO -    正在获取 茌平(101121705) 数据... (148/152)
2025-07-31 16:57:17,531 - INFO - 正在获取 茌平(101121705) 20250730 的天气数据...
2025-07-31 16:57:17,988 - INFO - ✅ 茌平 成功获取小时数据 24 条，每日数据 1 条
2025-07-31 16:57:17,989 - INFO -    ✅ 茌平 数据获取成功
2025-07-31 16:57:17,989 - INFO -    正在获取 东阿(101121706) 数据... (149/152)
2025-07-31 16:57:17,989 - INFO - 正在获取 东阿(101121706) 20250730 的天气数据...
2025-07-31 16:57:18,471 - INFO - ✅ 东阿 成功获取小时数据 24 条，每日数据 1 条
2025-07-31 16:57:18,471 - INFO -    ✅ 东阿 数据获取成功
2025-07-31 16:57:18,471 - INFO -    正在获取 临清(101121707) 数据... (150/152)
2025-07-31 16:57:18,472 - INFO - 正在获取 临清(101121707) 20250730 的天气数据...
2025-07-31 16:57:18,891 - INFO - ✅ 临清 成功获取小时数据 24 条，每日数据 1 条
2025-07-31 16:57:18,892 - INFO -    ✅ 临清 数据获取成功
2025-07-31 16:57:18,892 - INFO -    正在获取 东昌府(101121708) 数据... (151/152)
2025-07-31 16:57:18,892 - INFO - 正在获取 东昌府(101121708) 20250730 的天气数据...
2025-07-31 16:57:19,318 - INFO - ✅ 东昌府 成功获取小时数据 24 条，每日数据 1 条
2025-07-31 16:57:19,319 - INFO -    ✅ 东昌府 数据获取成功
2025-07-31 16:57:19,319 - INFO -    正在获取 莘县(101121709) 数据... (152/152)
2025-07-31 16:57:19,319 - INFO - 正在获取 莘县(101121709) 20250730 的天气数据...
2025-07-31 16:57:19,704 - INFO - ✅ 莘县 成功获取小时数据 24 条，每日数据 1 条
2025-07-31 16:57:19,704 - INFO -    ✅ 莘县 数据获取成功
2025-07-31 16:57:19,704 - INFO - ✅ 数据获取完成！成功: 152/152 个地区
2025-07-31 16:57:19,704 - INFO -    - 小时数据: 3648 条
2025-07-31 16:57:19,704 - INFO -    - 每日数据: 152 条
2025-07-31 16:57:19,704 - INFO -    - 成功率: 100.0%
2025-07-31 16:57:19,704 - INFO - ✅ 步骤2完成 - 天气数据获取成功
2025-07-31 16:57:19,704 - INFO - 
🔄 执行步骤3: 保存数据到数据库...
2025-07-31 16:57:19,705 - INFO - 💾 开始保存所有地区的天气数据到数据库...
2025-07-31 16:57:19,719 - INFO - ✅ 数据库初始化完成
2025-07-31 16:57:19,719 - INFO - 📊 保存小时天气数据...
2025-07-31 16:57:19,721 - INFO - 正在保存 济南(101120101) 的小时数据 24 条...
2025-07-31 16:57:19,741 - INFO - ✅ 济南 小时数据保存完成: 新增0条，更新24条
2025-07-31 16:57:19,742 - INFO - 正在保存 长清(101120102) 的小时数据 24 条...
2025-07-31 16:57:19,749 - INFO - ✅ 长清 小时数据保存完成: 新增0条，更新24条
2025-07-31 16:57:19,749 - INFO - 正在保存 商河(101120103) 的小时数据 24 条...
2025-07-31 16:57:19,757 - INFO - ✅ 商河 小时数据保存完成: 新增0条，更新24条
2025-07-31 16:57:19,757 - INFO - 正在保存 章丘(101120104) 的小时数据 24 条...
2025-07-31 16:57:19,764 - INFO - ✅ 章丘 小时数据保存完成: 新增0条，更新24条
2025-07-31 16:57:19,764 - INFO - 正在保存 平阴(101120105) 的小时数据 24 条...
2025-07-31 16:57:19,769 - INFO - ✅ 平阴 小时数据保存完成: 新增0条，更新24条
2025-07-31 16:57:19,769 - INFO - 正在保存 济阳(101120106) 的小时数据 24 条...
2025-07-31 16:57:19,774 - INFO - ✅ 济阳 小时数据保存完成: 新增0条，更新24条
2025-07-31 16:57:19,774 - INFO - 正在保存 历下(101120107) 的小时数据 24 条...
2025-07-31 16:57:19,780 - INFO - ✅ 历下 小时数据保存完成: 新增0条，更新24条
2025-07-31 16:57:19,780 - INFO - 正在保存 市中(101120108) 的小时数据 24 条...
2025-07-31 16:57:19,784 - INFO - ✅ 市中 小时数据保存完成: 新增0条，更新24条
2025-07-31 16:57:19,785 - INFO - 正在保存 槐荫(101120109) 的小时数据 24 条...
2025-07-31 16:57:19,789 - INFO - ✅ 槐荫 小时数据保存完成: 新增0条，更新24条
2025-07-31 16:57:19,789 - INFO - 正在保存 天桥(101120110) 的小时数据 24 条...
2025-07-31 16:57:19,795 - INFO - ✅ 天桥 小时数据保存完成: 新增0条，更新24条
2025-07-31 16:57:19,795 - INFO - 正在保存 历城(101120111) 的小时数据 24 条...
2025-07-31 16:57:19,802 - INFO - ✅ 历城 小时数据保存完成: 新增0条，更新24条
2025-07-31 16:57:19,802 - INFO - 正在保存 莱芜(101121601) 的小时数据 24 条...
2025-07-31 16:57:19,809 - INFO - ✅ 莱芜 小时数据保存完成: 新增0条，更新24条
2025-07-31 16:57:19,809 - INFO - 正在保存 钢城(101121603) 的小时数据 24 条...
2025-07-31 16:57:19,815 - INFO - ✅ 钢城 小时数据保存完成: 新增0条，更新24条
2025-07-31 16:57:19,815 - INFO - 正在保存 青岛(101120201) 的小时数据 24 条...
2025-07-31 16:57:19,819 - INFO - ✅ 青岛 小时数据保存完成: 新增24条，更新0条
2025-07-31 16:57:19,819 - INFO - 正在保存 崂山(101120202) 的小时数据 24 条...
2025-07-31 16:57:19,824 - INFO - ✅ 崂山 小时数据保存完成: 新增24条，更新0条
2025-07-31 16:57:19,824 - INFO - 正在保存 市南(101120203) 的小时数据 24 条...
2025-07-31 16:57:19,828 - INFO - ✅ 市南 小时数据保存完成: 新增24条，更新0条
2025-07-31 16:57:19,828 - INFO - 正在保存 即墨(101120204) 的小时数据 24 条...
2025-07-31 16:57:19,832 - INFO - ✅ 即墨 小时数据保存完成: 新增24条，更新0条
2025-07-31 16:57:19,832 - INFO - 正在保存 胶州(101120205) 的小时数据 24 条...
2025-07-31 16:57:19,836 - INFO - ✅ 胶州 小时数据保存完成: 新增24条，更新0条
2025-07-31 16:57:19,836 - INFO - 正在保存 黄岛(101120206) 的小时数据 24 条...
2025-07-31 16:57:19,840 - INFO - ✅ 黄岛 小时数据保存完成: 新增24条，更新0条
2025-07-31 16:57:19,840 - INFO - 正在保存 莱西(101120207) 的小时数据 24 条...
2025-07-31 16:57:19,844 - INFO - ✅ 莱西 小时数据保存完成: 新增24条，更新0条
2025-07-31 16:57:19,844 - INFO - 正在保存 平度(101120208) 的小时数据 24 条...
2025-07-31 16:57:19,847 - INFO - ✅ 平度 小时数据保存完成: 新增24条，更新0条
2025-07-31 16:57:19,847 - INFO - 正在保存 市北(101120209) 的小时数据 24 条...
2025-07-31 16:57:19,851 - INFO - ✅ 市北 小时数据保存完成: 新增24条，更新0条
2025-07-31 16:57:19,851 - INFO - 正在保存 李沧(101120210) 的小时数据 24 条...
2025-07-31 16:57:19,854 - INFO - ✅ 李沧 小时数据保存完成: 新增24条，更新0条
2025-07-31 16:57:19,854 - INFO - 正在保存 城阳(101120211) 的小时数据 24 条...
2025-07-31 16:57:19,858 - INFO - ✅ 城阳 小时数据保存完成: 新增24条，更新0条
2025-07-31 16:57:19,858 - INFO - 正在保存 淄博(101120301) 的小时数据 24 条...
2025-07-31 16:57:19,861 - INFO - ✅ 淄博 小时数据保存完成: 新增24条，更新0条
2025-07-31 16:57:19,861 - INFO - 正在保存 淄川(101120302) 的小时数据 24 条...
2025-07-31 16:57:19,864 - INFO - ✅ 淄川 小时数据保存完成: 新增24条，更新0条
2025-07-31 16:57:19,864 - INFO - 正在保存 博山(101120303) 的小时数据 24 条...
2025-07-31 16:57:19,867 - INFO - ✅ 博山 小时数据保存完成: 新增24条，更新0条
2025-07-31 16:57:19,867 - INFO - 正在保存 高青(101120304) 的小时数据 24 条...
2025-07-31 16:57:19,870 - INFO - ✅ 高青 小时数据保存完成: 新增24条，更新0条
2025-07-31 16:57:19,870 - INFO - 正在保存 周村(101120305) 的小时数据 24 条...
2025-07-31 16:57:19,873 - INFO - ✅ 周村 小时数据保存完成: 新增24条，更新0条
2025-07-31 16:57:19,873 - INFO - 正在保存 沂源(101120306) 的小时数据 24 条...
2025-07-31 16:57:19,877 - INFO - ✅ 沂源 小时数据保存完成: 新增24条，更新0条
2025-07-31 16:57:19,877 - INFO - 正在保存 桓台(101120307) 的小时数据 24 条...
2025-07-31 16:57:19,879 - INFO - ✅ 桓台 小时数据保存完成: 新增24条，更新0条
2025-07-31 16:57:19,879 - INFO - 正在保存 临淄(101120308) 的小时数据 24 条...
2025-07-31 16:57:19,882 - INFO - ✅ 临淄 小时数据保存完成: 新增24条，更新0条
2025-07-31 16:57:19,882 - INFO - 正在保存 张店(101120309) 的小时数据 24 条...
2025-07-31 16:57:19,885 - INFO - ✅ 张店 小时数据保存完成: 新增24条，更新0条
2025-07-31 16:57:19,885 - INFO - 正在保存 德州(101120401) 的小时数据 24 条...
2025-07-31 16:57:19,888 - INFO - ✅ 德州 小时数据保存完成: 新增24条，更新0条
2025-07-31 16:57:19,888 - INFO - 正在保存 武城(101120402) 的小时数据 24 条...
2025-07-31 16:57:19,891 - INFO - ✅ 武城 小时数据保存完成: 新增24条，更新0条
2025-07-31 16:57:19,891 - INFO - 正在保存 临邑(101120403) 的小时数据 24 条...
2025-07-31 16:57:19,894 - INFO - ✅ 临邑 小时数据保存完成: 新增24条，更新0条
2025-07-31 16:57:19,894 - INFO - 正在保存 齐河(101120405) 的小时数据 24 条...
2025-07-31 16:57:19,898 - INFO - ✅ 齐河 小时数据保存完成: 新增24条，更新0条
2025-07-31 16:57:19,898 - INFO - 正在保存 乐陵(101120406) 的小时数据 24 条...
2025-07-31 16:57:19,901 - INFO - ✅ 乐陵 小时数据保存完成: 新增24条，更新0条
2025-07-31 16:57:19,901 - INFO - 正在保存 庆云(101120407) 的小时数据 24 条...
2025-07-31 16:57:19,904 - INFO - ✅ 庆云 小时数据保存完成: 新增24条，更新0条
2025-07-31 16:57:19,904 - INFO - 正在保存 平原(101120408) 的小时数据 24 条...
2025-07-31 16:57:19,907 - INFO - ✅ 平原 小时数据保存完成: 新增24条，更新0条
2025-07-31 16:57:19,907 - INFO - 正在保存 宁津(101120409) 的小时数据 24 条...
2025-07-31 16:57:19,910 - INFO - ✅ 宁津 小时数据保存完成: 新增24条，更新0条
2025-07-31 16:57:19,910 - INFO - 正在保存 夏津(101120410) 的小时数据 24 条...
2025-07-31 16:57:19,913 - INFO - ✅ 夏津 小时数据保存完成: 新增24条，更新0条
2025-07-31 16:57:19,913 - INFO - 正在保存 禹城(101120411) 的小时数据 24 条...
2025-07-31 16:57:19,916 - INFO - ✅ 禹城 小时数据保存完成: 新增24条，更新0条
2025-07-31 16:57:19,916 - INFO - 正在保存 德城(101120412) 的小时数据 24 条...
2025-07-31 16:57:19,919 - INFO - ✅ 德城 小时数据保存完成: 新增24条，更新0条
2025-07-31 16:57:19,919 - INFO - 正在保存 陵城(101120413) 的小时数据 24 条...
2025-07-31 16:57:19,922 - INFO - ✅ 陵城 小时数据保存完成: 新增24条，更新0条
2025-07-31 16:57:19,922 - INFO - 正在保存 烟台(101120501) 的小时数据 24 条...
2025-07-31 16:57:19,925 - INFO - ✅ 烟台 小时数据保存完成: 新增24条，更新0条
2025-07-31 16:57:19,925 - INFO - 正在保存 莱州(101120502) 的小时数据 24 条...
2025-07-31 16:57:19,927 - INFO - ✅ 莱州 小时数据保存完成: 新增24条，更新0条
2025-07-31 16:57:19,927 - INFO - 正在保存 蓬莱(101120504) 的小时数据 24 条...
2025-07-31 16:57:19,930 - INFO - ✅ 蓬莱 小时数据保存完成: 新增24条，更新0条
2025-07-31 16:57:19,930 - INFO - 正在保存 龙口(101120505) 的小时数据 24 条...
2025-07-31 16:57:19,933 - INFO - ✅ 龙口 小时数据保存完成: 新增24条，更新0条
2025-07-31 16:57:19,933 - INFO - 正在保存 招远(101120506) 的小时数据 24 条...
2025-07-31 16:57:19,936 - INFO - ✅ 招远 小时数据保存完成: 新增24条，更新0条
2025-07-31 16:57:19,936 - INFO - 正在保存 栖霞(101120507) 的小时数据 24 条...
2025-07-31 16:57:19,939 - INFO - ✅ 栖霞 小时数据保存完成: 新增24条，更新0条
2025-07-31 16:57:19,939 - INFO - 正在保存 福山(101120508) 的小时数据 24 条...
2025-07-31 16:57:19,942 - INFO - ✅ 福山 小时数据保存完成: 新增24条，更新0条
2025-07-31 16:57:19,942 - INFO - 正在保存 牟平(101120509) 的小时数据 24 条...
2025-07-31 16:57:19,949 - INFO - ✅ 牟平 小时数据保存完成: 新增24条，更新0条
2025-07-31 16:57:19,949 - INFO - 正在保存 莱阳(101120510) 的小时数据 24 条...
2025-07-31 16:57:19,953 - INFO - ✅ 莱阳 小时数据保存完成: 新增24条，更新0条
2025-07-31 16:57:19,953 - INFO - 正在保存 海阳(101120511) 的小时数据 24 条...
2025-07-31 16:57:19,957 - INFO - ✅ 海阳 小时数据保存完成: 新增24条，更新0条
2025-07-31 16:57:19,957 - INFO - 正在保存 芝罘(101120512) 的小时数据 24 条...
2025-07-31 16:57:19,960 - INFO - ✅ 芝罘 小时数据保存完成: 新增24条，更新0条
2025-07-31 16:57:19,960 - INFO - 正在保存 莱山(101120513) 的小时数据 24 条...
2025-07-31 16:57:19,963 - INFO - ✅ 莱山 小时数据保存完成: 新增24条，更新0条
2025-07-31 16:57:19,963 - INFO - 正在保存 潍坊(101120601) 的小时数据 24 条...
2025-07-31 16:57:19,966 - INFO - ✅ 潍坊 小时数据保存完成: 新增24条，更新0条
2025-07-31 16:57:19,966 - INFO - 正在保存 青州(101120602) 的小时数据 24 条...
2025-07-31 16:57:19,968 - INFO - ✅ 青州 小时数据保存完成: 新增24条，更新0条
2025-07-31 16:57:19,968 - INFO - 正在保存 寿光(101120603) 的小时数据 24 条...
2025-07-31 16:57:19,971 - INFO - ✅ 寿光 小时数据保存完成: 新增24条，更新0条
2025-07-31 16:57:19,971 - INFO - 正在保存 临朐(101120604) 的小时数据 24 条...
2025-07-31 16:57:19,974 - INFO - ✅ 临朐 小时数据保存完成: 新增24条，更新0条
2025-07-31 16:57:19,974 - INFO - 正在保存 昌乐(101120605) 的小时数据 24 条...
2025-07-31 16:57:19,977 - INFO - ✅ 昌乐 小时数据保存完成: 新增24条，更新0条
2025-07-31 16:57:19,977 - INFO - 正在保存 昌邑(101120606) 的小时数据 24 条...
2025-07-31 16:57:19,980 - INFO - ✅ 昌邑 小时数据保存完成: 新增24条，更新0条
2025-07-31 16:57:19,980 - INFO - 正在保存 安丘(101120607) 的小时数据 24 条...
2025-07-31 16:57:19,983 - INFO - ✅ 安丘 小时数据保存完成: 新增24条，更新0条
2025-07-31 16:57:19,983 - INFO - 正在保存 高密(101120608) 的小时数据 24 条...
2025-07-31 16:57:19,986 - INFO - ✅ 高密 小时数据保存完成: 新增24条，更新0条
2025-07-31 16:57:19,986 - INFO - 正在保存 诸城(101120609) 的小时数据 24 条...
2025-07-31 16:57:19,989 - INFO - ✅ 诸城 小时数据保存完成: 新增24条，更新0条
2025-07-31 16:57:19,989 - INFO - 正在保存 潍城(101120610) 的小时数据 24 条...
2025-07-31 16:57:19,992 - INFO - ✅ 潍城 小时数据保存完成: 新增24条，更新0条
2025-07-31 16:57:19,992 - INFO - 正在保存 寒亭(101120611) 的小时数据 24 条...
2025-07-31 16:57:19,995 - INFO - ✅ 寒亭 小时数据保存完成: 新增24条，更新0条
2025-07-31 16:57:19,995 - INFO - 正在保存 坊子(101120612) 的小时数据 24 条...
2025-07-31 16:57:19,997 - INFO - ✅ 坊子 小时数据保存完成: 新增24条，更新0条
2025-07-31 16:57:19,997 - INFO - 正在保存 奎文(101120613) 的小时数据 24 条...
2025-07-31 16:57:20,000 - INFO - ✅ 奎文 小时数据保存完成: 新增24条，更新0条
2025-07-31 16:57:20,000 - INFO - 正在保存 济宁(101120701) 的小时数据 24 条...
2025-07-31 16:57:20,003 - INFO - ✅ 济宁 小时数据保存完成: 新增24条，更新0条
2025-07-31 16:57:20,003 - INFO - 正在保存 嘉祥(101120702) 的小时数据 24 条...
2025-07-31 16:57:20,006 - INFO - ✅ 嘉祥 小时数据保存完成: 新增24条，更新0条
2025-07-31 16:57:20,006 - INFO - 正在保存 微山(101120703) 的小时数据 24 条...
2025-07-31 16:57:20,009 - INFO - ✅ 微山 小时数据保存完成: 新增24条，更新0条
2025-07-31 16:57:20,009 - INFO - 正在保存 鱼台(101120704) 的小时数据 24 条...
2025-07-31 16:57:20,012 - INFO - ✅ 鱼台 小时数据保存完成: 新增24条，更新0条
2025-07-31 16:57:20,012 - INFO - 正在保存 兖州(101120705) 的小时数据 24 条...
2025-07-31 16:57:20,016 - INFO - ✅ 兖州 小时数据保存完成: 新增24条，更新0条
2025-07-31 16:57:20,016 - INFO - 正在保存 金乡(101120706) 的小时数据 24 条...
2025-07-31 16:57:20,019 - INFO - ✅ 金乡 小时数据保存完成: 新增24条，更新0条
2025-07-31 16:57:20,019 - INFO - 正在保存 汶上(101120707) 的小时数据 24 条...
2025-07-31 16:57:20,022 - INFO - ✅ 汶上 小时数据保存完成: 新增24条，更新0条
2025-07-31 16:57:20,022 - INFO - 正在保存 泗水(101120708) 的小时数据 24 条...
2025-07-31 16:57:20,025 - INFO - ✅ 泗水 小时数据保存完成: 新增24条，更新0条
2025-07-31 16:57:20,025 - INFO - 正在保存 梁山(101120709) 的小时数据 24 条...
2025-07-31 16:57:20,028 - INFO - ✅ 梁山 小时数据保存完成: 新增24条，更新0条
2025-07-31 16:57:20,028 - INFO - 正在保存 曲阜(101120710) 的小时数据 24 条...
2025-07-31 16:57:20,032 - INFO - ✅ 曲阜 小时数据保存完成: 新增24条，更新0条
2025-07-31 16:57:20,032 - INFO - 正在保存 邹城(101120711) 的小时数据 24 条...
2025-07-31 16:57:20,035 - INFO - ✅ 邹城 小时数据保存完成: 新增24条，更新0条
2025-07-31 16:57:20,035 - INFO - 正在保存 任城(101120712) 的小时数据 24 条...
2025-07-31 16:57:20,038 - INFO - ✅ 任城 小时数据保存完成: 新增24条，更新0条
2025-07-31 16:57:20,038 - INFO - 正在保存 泰安(101120801) 的小时数据 24 条...
2025-07-31 16:57:20,042 - INFO - ✅ 泰安 小时数据保存完成: 新增24条，更新0条
2025-07-31 16:57:20,042 - INFO - 正在保存 新泰(101120802) 的小时数据 24 条...
2025-07-31 16:57:20,045 - INFO - ✅ 新泰 小时数据保存完成: 新增24条，更新0条
2025-07-31 16:57:20,045 - INFO - 正在保存 泰山(101120803) 的小时数据 24 条...
2025-07-31 16:57:20,048 - INFO - ✅ 泰山 小时数据保存完成: 新增24条，更新0条
2025-07-31 16:57:20,048 - INFO - 正在保存 肥城(101120804) 的小时数据 24 条...
2025-07-31 16:57:20,054 - INFO - ✅ 肥城 小时数据保存完成: 新增24条，更新0条
2025-07-31 16:57:20,054 - INFO - 正在保存 东平(101120805) 的小时数据 24 条...
2025-07-31 16:57:20,057 - INFO - ✅ 东平 小时数据保存完成: 新增24条，更新0条
2025-07-31 16:57:20,057 - INFO - 正在保存 宁阳(101120806) 的小时数据 24 条...
2025-07-31 16:57:20,061 - INFO - ✅ 宁阳 小时数据保存完成: 新增24条，更新0条
2025-07-31 16:57:20,061 - INFO - 正在保存 岱岳(101120807) 的小时数据 24 条...
2025-07-31 16:57:20,064 - INFO - ✅ 岱岳 小时数据保存完成: 新增24条，更新0条
2025-07-31 16:57:20,064 - INFO - 正在保存 临沂(101120901) 的小时数据 24 条...
2025-07-31 16:57:20,067 - INFO - ✅ 临沂 小时数据保存完成: 新增24条，更新0条
2025-07-31 16:57:20,067 - INFO - 正在保存 莒南(101120902) 的小时数据 24 条...
2025-07-31 16:57:20,070 - INFO - ✅ 莒南 小时数据保存完成: 新增24条，更新0条
2025-07-31 16:57:20,070 - INFO - 正在保存 沂南(101120903) 的小时数据 24 条...
2025-07-31 16:57:20,073 - INFO - ✅ 沂南 小时数据保存完成: 新增24条，更新0条
2025-07-31 16:57:20,073 - INFO - 正在保存 兰陵(101120904) 的小时数据 24 条...
2025-07-31 16:57:20,075 - INFO - ✅ 兰陵 小时数据保存完成: 新增24条，更新0条
2025-07-31 16:57:20,076 - INFO - 正在保存 临沭(101120905) 的小时数据 24 条...
2025-07-31 16:57:20,078 - INFO - ✅ 临沭 小时数据保存完成: 新增24条，更新0条
2025-07-31 16:57:20,078 - INFO - 正在保存 郯城(101120906) 的小时数据 24 条...
2025-07-31 16:57:20,084 - INFO - ✅ 郯城 小时数据保存完成: 新增24条，更新0条
2025-07-31 16:57:20,084 - INFO - 正在保存 蒙阴(101120907) 的小时数据 24 条...
2025-07-31 16:57:20,091 - INFO - ✅ 蒙阴 小时数据保存完成: 新增24条，更新0条
2025-07-31 16:57:20,091 - INFO - 正在保存 平邑(101120908) 的小时数据 24 条...
2025-07-31 16:57:20,094 - INFO - ✅ 平邑 小时数据保存完成: 新增24条，更新0条
2025-07-31 16:57:20,094 - INFO - 正在保存 费县(101120909) 的小时数据 24 条...
2025-07-31 16:57:20,097 - INFO - ✅ 费县 小时数据保存完成: 新增24条，更新0条
2025-07-31 16:57:20,097 - INFO - 正在保存 沂水(101120910) 的小时数据 24 条...
2025-07-31 16:57:20,100 - INFO - ✅ 沂水 小时数据保存完成: 新增24条，更新0条
2025-07-31 16:57:20,100 - INFO - 正在保存 兰山(101120911) 的小时数据 24 条...
2025-07-31 16:57:20,103 - INFO - ✅ 兰山 小时数据保存完成: 新增24条，更新0条
2025-07-31 16:57:20,103 - INFO - 正在保存 罗庄(101120912) 的小时数据 24 条...
2025-07-31 16:57:20,106 - INFO - ✅ 罗庄 小时数据保存完成: 新增24条，更新0条
2025-07-31 16:57:20,106 - INFO - 正在保存 河东(101120913) 的小时数据 24 条...
2025-07-31 16:57:20,108 - INFO - ✅ 河东 小时数据保存完成: 新增24条，更新0条
2025-07-31 16:57:20,108 - INFO - 正在保存 菏泽(101121001) 的小时数据 24 条...
2025-07-31 16:57:20,111 - INFO - ✅ 菏泽 小时数据保存完成: 新增24条，更新0条
2025-07-31 16:57:20,111 - INFO - 正在保存 鄄城(101121002) 的小时数据 24 条...
2025-07-31 16:57:20,114 - INFO - ✅ 鄄城 小时数据保存完成: 新增24条，更新0条
2025-07-31 16:57:20,114 - INFO - 正在保存 郓城(101121003) 的小时数据 24 条...
2025-07-31 16:57:20,117 - INFO - ✅ 郓城 小时数据保存完成: 新增24条，更新0条
2025-07-31 16:57:20,117 - INFO - 正在保存 东明(101121004) 的小时数据 24 条...
2025-07-31 16:57:20,120 - INFO - ✅ 东明 小时数据保存完成: 新增24条，更新0条
2025-07-31 16:57:20,120 - INFO - 正在保存 定陶(101121005) 的小时数据 24 条...
2025-07-31 16:57:20,123 - INFO - ✅ 定陶 小时数据保存完成: 新增24条，更新0条
2025-07-31 16:57:20,123 - INFO - 正在保存 巨野(101121006) 的小时数据 24 条...
2025-07-31 16:57:20,126 - INFO - ✅ 巨野 小时数据保存完成: 新增24条，更新0条
2025-07-31 16:57:20,126 - INFO - 正在保存 曹县(101121007) 的小时数据 24 条...
2025-07-31 16:57:20,129 - INFO - ✅ 曹县 小时数据保存完成: 新增24条，更新0条
2025-07-31 16:57:20,129 - INFO - 正在保存 成武(101121008) 的小时数据 24 条...
2025-07-31 16:57:20,131 - INFO - ✅ 成武 小时数据保存完成: 新增24条，更新0条
2025-07-31 16:57:20,131 - INFO - 正在保存 单县(101121009) 的小时数据 24 条...
2025-07-31 16:57:20,135 - INFO - ✅ 单县 小时数据保存完成: 新增24条，更新0条
2025-07-31 16:57:20,135 - INFO - 正在保存 牡丹(101121010) 的小时数据 24 条...
2025-07-31 16:57:20,138 - INFO - ✅ 牡丹 小时数据保存完成: 新增24条，更新0条
2025-07-31 16:57:20,138 - INFO - 正在保存 滨州(101121101) 的小时数据 24 条...
2025-07-31 16:57:20,141 - INFO - ✅ 滨州 小时数据保存完成: 新增24条，更新0条
2025-07-31 16:57:20,141 - INFO - 正在保存 博兴(101121102) 的小时数据 24 条...
2025-07-31 16:57:20,144 - INFO - ✅ 博兴 小时数据保存完成: 新增24条，更新0条
2025-07-31 16:57:20,144 - INFO - 正在保存 无棣(101121103) 的小时数据 24 条...
2025-07-31 16:57:20,147 - INFO - ✅ 无棣 小时数据保存完成: 新增24条，更新0条
2025-07-31 16:57:20,147 - INFO - 正在保存 阳信(101121104) 的小时数据 24 条...
2025-07-31 16:57:20,149 - INFO - ✅ 阳信 小时数据保存完成: 新增24条，更新0条
2025-07-31 16:57:20,149 - INFO - 正在保存 惠民(101121105) 的小时数据 24 条...
2025-07-31 16:57:20,152 - INFO - ✅ 惠民 小时数据保存完成: 新增24条，更新0条
2025-07-31 16:57:20,152 - INFO - 正在保存 沾化(101121106) 的小时数据 24 条...
2025-07-31 16:57:20,156 - INFO - ✅ 沾化 小时数据保存完成: 新增24条，更新0条
2025-07-31 16:57:20,156 - INFO - 正在保存 邹平(101121107) 的小时数据 24 条...
2025-07-31 16:57:20,159 - INFO - ✅ 邹平 小时数据保存完成: 新增24条，更新0条
2025-07-31 16:57:20,159 - INFO - 正在保存 滨城(101121108) 的小时数据 24 条...
2025-07-31 16:57:20,162 - INFO - ✅ 滨城 小时数据保存完成: 新增24条，更新0条
2025-07-31 16:57:20,162 - INFO - 正在保存 东营(101121201) 的小时数据 24 条...
2025-07-31 16:57:20,165 - INFO - ✅ 东营 小时数据保存完成: 新增24条，更新0条
2025-07-31 16:57:20,165 - INFO - 正在保存 河口(101121202) 的小时数据 24 条...
2025-07-31 16:57:20,168 - INFO - ✅ 河口 小时数据保存完成: 新增24条，更新0条
2025-07-31 16:57:20,168 - INFO - 正在保存 垦利(101121203) 的小时数据 24 条...
2025-07-31 16:57:20,171 - INFO - ✅ 垦利 小时数据保存完成: 新增24条，更新0条
2025-07-31 16:57:20,171 - INFO - 正在保存 利津(101121204) 的小时数据 24 条...
2025-07-31 16:57:20,176 - INFO - ✅ 利津 小时数据保存完成: 新增24条，更新0条
2025-07-31 16:57:20,176 - INFO - 正在保存 广饶(101121205) 的小时数据 24 条...
2025-07-31 16:57:20,179 - INFO - ✅ 广饶 小时数据保存完成: 新增24条，更新0条
2025-07-31 16:57:20,179 - INFO - 正在保存 东营区(101121206) 的小时数据 24 条...
2025-07-31 16:57:20,182 - INFO - ✅ 东营区 小时数据保存完成: 新增24条，更新0条
2025-07-31 16:57:20,182 - INFO - 正在保存 威海(101121301) 的小时数据 24 条...
2025-07-31 16:57:20,186 - INFO - ✅ 威海 小时数据保存完成: 新增24条，更新0条
2025-07-31 16:57:20,186 - INFO - 正在保存 文登(101121302) 的小时数据 24 条...
2025-07-31 16:57:20,189 - INFO - ✅ 文登 小时数据保存完成: 新增24条，更新0条
2025-07-31 16:57:20,189 - INFO - 正在保存 荣成(101121303) 的小时数据 24 条...
2025-07-31 16:57:20,192 - INFO - ✅ 荣成 小时数据保存完成: 新增24条，更新0条
2025-07-31 16:57:20,192 - INFO - 正在保存 乳山(101121304) 的小时数据 24 条...
2025-07-31 16:57:20,195 - INFO - ✅ 乳山 小时数据保存完成: 新增24条，更新0条
2025-07-31 16:57:20,195 - INFO - 正在保存 环翠(101121307) 的小时数据 24 条...
2025-07-31 16:57:20,198 - INFO - ✅ 环翠 小时数据保存完成: 新增24条，更新0条
2025-07-31 16:57:20,198 - INFO - 正在保存 枣庄(101121401) 的小时数据 24 条...
2025-07-31 16:57:20,201 - INFO - ✅ 枣庄 小时数据保存完成: 新增24条，更新0条
2025-07-31 16:57:20,201 - INFO - 正在保存 薛城(101121402) 的小时数据 24 条...
2025-07-31 16:57:20,204 - INFO - ✅ 薛城 小时数据保存完成: 新增24条，更新0条
2025-07-31 16:57:20,204 - INFO - 正在保存 峄城(101121403) 的小时数据 24 条...
2025-07-31 16:57:20,208 - INFO - ✅ 峄城 小时数据保存完成: 新增24条，更新0条
2025-07-31 16:57:20,208 - INFO - 正在保存 台儿庄(101121404) 的小时数据 24 条...
2025-07-31 16:57:20,211 - INFO - ✅ 台儿庄 小时数据保存完成: 新增24条，更新0条
2025-07-31 16:57:20,211 - INFO - 正在保存 滕州(101121405) 的小时数据 24 条...
2025-07-31 16:57:20,214 - INFO - ✅ 滕州 小时数据保存完成: 新增24条，更新0条
2025-07-31 16:57:20,214 - INFO - 正在保存 市中(101121406) 的小时数据 24 条...
2025-07-31 16:57:20,217 - INFO - ✅ 市中 小时数据保存完成: 新增24条，更新0条
2025-07-31 16:57:20,217 - INFO - 正在保存 山亭(101121407) 的小时数据 24 条...
2025-07-31 16:57:20,220 - INFO - ✅ 山亭 小时数据保存完成: 新增24条，更新0条
2025-07-31 16:57:20,220 - INFO - 正在保存 日照(101121501) 的小时数据 24 条...
2025-07-31 16:57:20,223 - INFO - ✅ 日照 小时数据保存完成: 新增24条，更新0条
2025-07-31 16:57:20,223 - INFO - 正在保存 五莲(101121502) 的小时数据 24 条...
2025-07-31 16:57:20,226 - INFO - ✅ 五莲 小时数据保存完成: 新增24条，更新0条
2025-07-31 16:57:20,226 - INFO - 正在保存 莒县(101121503) 的小时数据 24 条...
2025-07-31 16:57:20,229 - INFO - ✅ 莒县 小时数据保存完成: 新增24条，更新0条
2025-07-31 16:57:20,229 - INFO - 正在保存 东港(101121504) 的小时数据 24 条...
2025-07-31 16:57:20,232 - INFO - ✅ 东港 小时数据保存完成: 新增24条，更新0条
2025-07-31 16:57:20,232 - INFO - 正在保存 岚山(101121505) 的小时数据 24 条...
2025-07-31 16:57:20,235 - INFO - ✅ 岚山 小时数据保存完成: 新增24条，更新0条
2025-07-31 16:57:20,235 - INFO - 正在保存 聊城(101121701) 的小时数据 24 条...
2025-07-31 16:57:20,238 - INFO - ✅ 聊城 小时数据保存完成: 新增24条，更新0条
2025-07-31 16:57:20,238 - INFO - 正在保存 冠县(101121702) 的小时数据 24 条...
2025-07-31 16:57:20,242 - INFO - ✅ 冠县 小时数据保存完成: 新增24条，更新0条
2025-07-31 16:57:20,242 - INFO - 正在保存 阳谷(101121703) 的小时数据 24 条...
2025-07-31 16:57:20,244 - INFO - ✅ 阳谷 小时数据保存完成: 新增24条，更新0条
2025-07-31 16:57:20,244 - INFO - 正在保存 高唐(101121704) 的小时数据 24 条...
2025-07-31 16:57:20,247 - INFO - ✅ 高唐 小时数据保存完成: 新增24条，更新0条
2025-07-31 16:57:20,247 - INFO - 正在保存 茌平(101121705) 的小时数据 24 条...
2025-07-31 16:57:20,250 - INFO - ✅ 茌平 小时数据保存完成: 新增24条，更新0条
2025-07-31 16:57:20,250 - INFO - 正在保存 东阿(101121706) 的小时数据 24 条...
2025-07-31 16:57:20,253 - INFO - ✅ 东阿 小时数据保存完成: 新增24条，更新0条
2025-07-31 16:57:20,253 - INFO - 正在保存 临清(101121707) 的小时数据 24 条...
2025-07-31 16:57:20,257 - INFO - ✅ 临清 小时数据保存完成: 新增24条，更新0条
2025-07-31 16:57:20,257 - INFO - 正在保存 东昌府(101121708) 的小时数据 24 条...
2025-07-31 16:57:20,259 - INFO - ✅ 东昌府 小时数据保存完成: 新增24条，更新0条
2025-07-31 16:57:20,259 - INFO - 正在保存 莘县(101121709) 的小时数据 24 条...
2025-07-31 16:57:20,262 - INFO - ✅ 莘县 小时数据保存完成: 新增24条，更新0条
2025-07-31 16:57:20,262 - INFO - ✅ 所有地区小时数据保存完成: 总计新增3336条，更新312条
2025-07-31 16:57:20,262 - INFO - 📅 保存每日天气数据...
2025-07-31 16:57:20,262 - INFO - 正在保存 济南(101120101) 的每日数据...
2025-07-31 16:57:20,263 - INFO - 正在保存 长清(101120102) 的每日数据...
2025-07-31 16:57:20,264 - INFO - 正在保存 商河(101120103) 的每日数据...
2025-07-31 16:57:20,264 - INFO - 正在保存 章丘(101120104) 的每日数据...
2025-07-31 16:57:20,264 - INFO - 正在保存 平阴(101120105) 的每日数据...
2025-07-31 16:57:20,265 - INFO - 正在保存 济阳(101120106) 的每日数据...
2025-07-31 16:57:20,265 - INFO - 正在保存 历下(101120107) 的每日数据...
2025-07-31 16:57:20,266 - INFO - 正在保存 市中(101120108) 的每日数据...
2025-07-31 16:57:20,266 - INFO - 正在保存 槐荫(101120109) 的每日数据...
2025-07-31 16:57:20,266 - INFO - 正在保存 天桥(101120110) 的每日数据...
2025-07-31 16:57:20,267 - INFO - 正在保存 历城(101120111) 的每日数据...
2025-07-31 16:57:20,267 - INFO - 正在保存 莱芜(101121601) 的每日数据...
2025-07-31 16:57:20,268 - INFO - 正在保存 钢城(101121603) 的每日数据...
2025-07-31 16:57:20,268 - INFO - 正在保存 青岛(101120201) 的每日数据...
2025-07-31 16:57:20,269 - INFO - 正在保存 崂山(101120202) 的每日数据...
2025-07-31 16:57:20,269 - INFO - 正在保存 市南(101120203) 的每日数据...
2025-07-31 16:57:20,270 - INFO - 正在保存 即墨(101120204) 的每日数据...
2025-07-31 16:57:20,270 - INFO - 正在保存 胶州(101120205) 的每日数据...
2025-07-31 16:57:20,271 - INFO - 正在保存 黄岛(101120206) 的每日数据...
2025-07-31 16:57:20,271 - INFO - 正在保存 莱西(101120207) 的每日数据...
2025-07-31 16:57:20,271 - INFO - 正在保存 平度(101120208) 的每日数据...
2025-07-31 16:57:20,272 - INFO - 正在保存 市北(101120209) 的每日数据...
2025-07-31 16:57:20,273 - INFO - 正在保存 李沧(101120210) 的每日数据...
2025-07-31 16:57:20,273 - INFO - 正在保存 城阳(101120211) 的每日数据...
2025-07-31 16:57:20,274 - INFO - 正在保存 淄博(101120301) 的每日数据...
2025-07-31 16:57:20,274 - INFO - 正在保存 淄川(101120302) 的每日数据...
2025-07-31 16:57:20,275 - INFO - 正在保存 博山(101120303) 的每日数据...
2025-07-31 16:57:20,275 - INFO - 正在保存 高青(101120304) 的每日数据...
2025-07-31 16:57:20,276 - INFO - 正在保存 周村(101120305) 的每日数据...
2025-07-31 16:57:20,276 - INFO - 正在保存 沂源(101120306) 的每日数据...
2025-07-31 16:57:20,277 - INFO - 正在保存 桓台(101120307) 的每日数据...
2025-07-31 16:57:20,278 - INFO - 正在保存 临淄(101120308) 的每日数据...
2025-07-31 16:57:20,278 - INFO - 正在保存 张店(101120309) 的每日数据...
2025-07-31 16:57:20,279 - INFO - 正在保存 德州(101120401) 的每日数据...
2025-07-31 16:57:20,279 - INFO - 正在保存 武城(101120402) 的每日数据...
2025-07-31 16:57:20,280 - INFO - 正在保存 临邑(101120403) 的每日数据...
2025-07-31 16:57:20,280 - INFO - 正在保存 齐河(101120405) 的每日数据...
2025-07-31 16:57:20,281 - INFO - 正在保存 乐陵(101120406) 的每日数据...
2025-07-31 16:57:20,281 - INFO - 正在保存 庆云(101120407) 的每日数据...
2025-07-31 16:57:20,282 - INFO - 正在保存 平原(101120408) 的每日数据...
2025-07-31 16:57:20,282 - INFO - 正在保存 宁津(101120409) 的每日数据...
2025-07-31 16:57:20,283 - INFO - 正在保存 夏津(101120410) 的每日数据...
2025-07-31 16:57:20,283 - INFO - 正在保存 禹城(101120411) 的每日数据...
2025-07-31 16:57:20,283 - INFO - 正在保存 德城(101120412) 的每日数据...
2025-07-31 16:57:20,284 - INFO - 正在保存 陵城(101120413) 的每日数据...
2025-07-31 16:57:20,284 - INFO - 正在保存 烟台(101120501) 的每日数据...
2025-07-31 16:57:20,285 - INFO - 正在保存 莱州(101120502) 的每日数据...
2025-07-31 16:57:20,286 - INFO - 正在保存 蓬莱(101120504) 的每日数据...
2025-07-31 16:57:20,286 - INFO - 正在保存 龙口(101120505) 的每日数据...
2025-07-31 16:57:20,286 - INFO - 正在保存 招远(101120506) 的每日数据...
2025-07-31 16:57:20,287 - INFO - 正在保存 栖霞(101120507) 的每日数据...
2025-07-31 16:57:20,287 - INFO - 正在保存 福山(101120508) 的每日数据...
2025-07-31 16:57:20,288 - INFO - 正在保存 牟平(101120509) 的每日数据...
2025-07-31 16:57:20,288 - INFO - 正在保存 莱阳(101120510) 的每日数据...
2025-07-31 16:57:20,289 - INFO - 正在保存 海阳(101120511) 的每日数据...
2025-07-31 16:57:20,289 - INFO - 正在保存 芝罘(101120512) 的每日数据...
2025-07-31 16:57:20,290 - INFO - 正在保存 莱山(101120513) 的每日数据...
2025-07-31 16:57:20,290 - INFO - 正在保存 潍坊(101120601) 的每日数据...
2025-07-31 16:57:20,291 - INFO - 正在保存 青州(101120602) 的每日数据...
2025-07-31 16:57:20,291 - INFO - 正在保存 寿光(101120603) 的每日数据...
2025-07-31 16:57:20,291 - INFO - 正在保存 临朐(101120604) 的每日数据...
2025-07-31 16:57:20,292 - INFO - 正在保存 昌乐(101120605) 的每日数据...
2025-07-31 16:57:20,292 - INFO - 正在保存 昌邑(101120606) 的每日数据...
2025-07-31 16:57:20,293 - INFO - 正在保存 安丘(101120607) 的每日数据...
2025-07-31 16:57:20,294 - INFO - 正在保存 高密(101120608) 的每日数据...
2025-07-31 16:57:20,294 - INFO - 正在保存 诸城(101120609) 的每日数据...
2025-07-31 16:57:20,295 - INFO - 正在保存 潍城(101120610) 的每日数据...
2025-07-31 16:57:20,295 - INFO - 正在保存 寒亭(101120611) 的每日数据...
2025-07-31 16:57:20,296 - INFO - 正在保存 坊子(101120612) 的每日数据...
2025-07-31 16:57:20,296 - INFO - 正在保存 奎文(101120613) 的每日数据...
2025-07-31 16:57:20,296 - INFO - 正在保存 济宁(101120701) 的每日数据...
2025-07-31 16:57:20,297 - INFO - 正在保存 嘉祥(101120702) 的每日数据...
2025-07-31 16:57:20,297 - INFO - 正在保存 微山(101120703) 的每日数据...
2025-07-31 16:57:20,298 - INFO - 正在保存 鱼台(101120704) 的每日数据...
2025-07-31 16:57:20,298 - INFO - 正在保存 兖州(101120705) 的每日数据...
2025-07-31 16:57:20,299 - INFO - 正在保存 金乡(101120706) 的每日数据...
2025-07-31 16:57:20,299 - INFO - 正在保存 汶上(101120707) 的每日数据...
2025-07-31 16:57:20,299 - INFO - 正在保存 泗水(101120708) 的每日数据...
2025-07-31 16:57:20,300 - INFO - 正在保存 梁山(101120709) 的每日数据...
2025-07-31 16:57:20,300 - INFO - 正在保存 曲阜(101120710) 的每日数据...
2025-07-31 16:57:20,301 - INFO - 正在保存 邹城(101120711) 的每日数据...
2025-07-31 16:57:20,301 - INFO - 正在保存 任城(101120712) 的每日数据...
2025-07-31 16:57:20,302 - INFO - 正在保存 泰安(101120801) 的每日数据...
2025-07-31 16:57:20,302 - INFO - 正在保存 新泰(101120802) 的每日数据...
2025-07-31 16:57:20,302 - INFO - 正在保存 泰山(101120803) 的每日数据...
2025-07-31 16:57:20,303 - INFO - 正在保存 肥城(101120804) 的每日数据...
2025-07-31 16:57:20,303 - INFO - 正在保存 东平(101120805) 的每日数据...
2025-07-31 16:57:20,304 - INFO - 正在保存 宁阳(101120806) 的每日数据...
2025-07-31 16:57:20,304 - INFO - 正在保存 岱岳(101120807) 的每日数据...
2025-07-31 16:57:20,305 - INFO - 正在保存 临沂(101120901) 的每日数据...
2025-07-31 16:57:20,305 - INFO - 正在保存 莒南(101120902) 的每日数据...
2025-07-31 16:57:20,306 - INFO - 正在保存 沂南(101120903) 的每日数据...
2025-07-31 16:57:20,306 - INFO - 正在保存 兰陵(101120904) 的每日数据...
2025-07-31 16:57:20,307 - INFO - 正在保存 临沭(101120905) 的每日数据...
2025-07-31 16:57:20,307 - INFO - 正在保存 郯城(101120906) 的每日数据...
2025-07-31 16:57:20,308 - INFO - 正在保存 蒙阴(101120907) 的每日数据...
2025-07-31 16:57:20,308 - INFO - 正在保存 平邑(101120908) 的每日数据...
2025-07-31 16:57:20,308 - INFO - 正在保存 费县(101120909) 的每日数据...
2025-07-31 16:57:20,309 - INFO - 正在保存 沂水(101120910) 的每日数据...
2025-07-31 16:57:20,309 - INFO - 正在保存 兰山(101120911) 的每日数据...
2025-07-31 16:57:20,310 - INFO - 正在保存 罗庄(101120912) 的每日数据...
2025-07-31 16:57:20,310 - INFO - 正在保存 河东(101120913) 的每日数据...
2025-07-31 16:57:20,311 - INFO - 正在保存 菏泽(101121001) 的每日数据...
2025-07-31 16:57:20,311 - INFO - 正在保存 鄄城(101121002) 的每日数据...
2025-07-31 16:57:20,312 - INFO - 正在保存 郓城(101121003) 的每日数据...
2025-07-31 16:57:20,312 - INFO - 正在保存 东明(101121004) 的每日数据...
2025-07-31 16:57:20,312 - INFO - 正在保存 定陶(101121005) 的每日数据...
2025-07-31 16:57:20,313 - INFO - 正在保存 巨野(101121006) 的每日数据...
2025-07-31 16:57:20,313 - INFO - 正在保存 曹县(101121007) 的每日数据...
2025-07-31 16:57:20,314 - INFO - 正在保存 成武(101121008) 的每日数据...
2025-07-31 16:57:20,314 - INFO - 正在保存 单县(101121009) 的每日数据...
2025-07-31 16:57:20,315 - INFO - 正在保存 牡丹(101121010) 的每日数据...
2025-07-31 16:57:20,315 - INFO - 正在保存 滨州(101121101) 的每日数据...
2025-07-31 16:57:20,315 - INFO - 正在保存 博兴(101121102) 的每日数据...
2025-07-31 16:57:20,316 - INFO - 正在保存 无棣(101121103) 的每日数据...
2025-07-31 16:57:20,316 - INFO - 正在保存 阳信(101121104) 的每日数据...
2025-07-31 16:57:20,317 - INFO - 正在保存 惠民(101121105) 的每日数据...
2025-07-31 16:57:20,317 - INFO - 正在保存 沾化(101121106) 的每日数据...
2025-07-31 16:57:20,317 - INFO - 正在保存 邹平(101121107) 的每日数据...
2025-07-31 16:57:20,318 - INFO - 正在保存 滨城(101121108) 的每日数据...
2025-07-31 16:57:20,318 - INFO - 正在保存 东营(101121201) 的每日数据...
2025-07-31 16:57:20,319 - INFO - 正在保存 河口(101121202) 的每日数据...
2025-07-31 16:57:20,319 - INFO - 正在保存 垦利(101121203) 的每日数据...
2025-07-31 16:57:20,319 - INFO - 正在保存 利津(101121204) 的每日数据...
2025-07-31 16:57:20,320 - INFO - 正在保存 广饶(101121205) 的每日数据...
2025-07-31 16:57:20,320 - INFO - 正在保存 东营区(101121206) 的每日数据...
2025-07-31 16:57:20,321 - INFO - 正在保存 威海(101121301) 的每日数据...
2025-07-31 16:57:20,321 - INFO - 正在保存 文登(101121302) 的每日数据...
2025-07-31 16:57:20,322 - INFO - 正在保存 荣成(101121303) 的每日数据...
2025-07-31 16:57:20,322 - INFO - 正在保存 乳山(101121304) 的每日数据...
2025-07-31 16:57:20,322 - INFO - 正在保存 环翠(101121307) 的每日数据...
2025-07-31 16:57:20,323 - INFO - 正在保存 枣庄(101121401) 的每日数据...
2025-07-31 16:57:20,323 - INFO - 正在保存 薛城(101121402) 的每日数据...
2025-07-31 16:57:20,324 - INFO - 正在保存 峄城(101121403) 的每日数据...
2025-07-31 16:57:20,324 - INFO - 正在保存 台儿庄(101121404) 的每日数据...
2025-07-31 16:57:20,325 - INFO - 正在保存 滕州(101121405) 的每日数据...
2025-07-31 16:57:20,325 - INFO - 正在保存 市中(101121406) 的每日数据...
2025-07-31 16:57:20,326 - INFO - 正在保存 山亭(101121407) 的每日数据...
2025-07-31 16:57:20,326 - INFO - 正在保存 日照(101121501) 的每日数据...
2025-07-31 16:57:20,326 - INFO - 正在保存 五莲(101121502) 的每日数据...
2025-07-31 16:57:20,327 - INFO - 正在保存 莒县(101121503) 的每日数据...
2025-07-31 16:57:20,327 - INFO - 正在保存 东港(101121504) 的每日数据...
2025-07-31 16:57:20,328 - INFO - 正在保存 岚山(101121505) 的每日数据...
2025-07-31 16:57:20,328 - INFO - 正在保存 聊城(101121701) 的每日数据...
2025-07-31 16:57:20,329 - INFO - 正在保存 冠县(101121702) 的每日数据...
2025-07-31 16:57:20,329 - INFO - 正在保存 阳谷(101121703) 的每日数据...
2025-07-31 16:57:20,329 - INFO - 正在保存 高唐(101121704) 的每日数据...
2025-07-31 16:57:20,330 - INFO - 正在保存 茌平(101121705) 的每日数据...
2025-07-31 16:57:20,330 - INFO - 正在保存 东阿(101121706) 的每日数据...
2025-07-31 16:57:20,331 - INFO - 正在保存 临清(101121707) 的每日数据...
2025-07-31 16:57:20,331 - INFO - 正在保存 东昌府(101121708) 的每日数据...
2025-07-31 16:57:20,332 - INFO - 正在保存 莘县(101121709) 的每日数据...
2025-07-31 16:57:20,332 - INFO - ✅ 所有地区每日数据保存完成: 总计新增139条，更新13条
2025-07-31 16:57:20,333 - INFO - ✅ 步骤3完成 - 数据保存成功
2025-07-31 16:57:20,333 - INFO - 
🔄 执行步骤4: 生成统计报告...
2025-07-31 16:57:20,333 - INFO - 📊 获取数据库统计信息...
2025-07-31 16:57:20,451 - INFO - 📈 数据库统计信息:
2025-07-31 16:57:20,451 - INFO -    济南市小时数据: 240 条
2025-07-31 16:57:20,451 - INFO -    济南市日数据: 10 条
2025-07-31 16:57:20,451 - INFO -    区县小时数据: 6216 条
2025-07-31 16:57:20,451 - INFO -    区县日数据: 259 条
2025-07-31 16:57:20,451 - INFO -    济南市最新小时数据: 2025-07-30 23:00:00
2025-07-31 16:57:20,451 - INFO -    济南市最新日数据: 2025-07-30
2025-07-31 16:57:20,451 - INFO -    区县最新小时数据: 2025-07-30 23:00:00
2025-07-31 16:57:20,451 - INFO -    区县最新日数据: 2025-07-30
2025-07-31 16:57:20,451 - INFO - ✅ 步骤4完成 - 统计报告生成成功
2025-07-31 16:57:20,451 - INFO - 
============================================================
2025-07-31 16:57:20,451 - INFO - 🎉 每日自动执行完全成功！
2025-07-31 16:57:20,451 - INFO - 📊 执行结果:
2025-07-31 16:57:20,451 - INFO -    - JWT Token生成: ✅
2025-07-31 16:57:20,451 - INFO -    - 天气数据获取(152个地区): ✅
2025-07-31 16:57:20,451 - INFO -    - 数据库保存(152个地区): ✅
2025-07-31 16:57:20,451 - INFO -    - 统计报告: ✅
2025-07-31 16:57:20,451 - INFO - 📅 下次执行时间: 明天早上9:30
2025-07-31 16:57:20,451 - INFO - ============================================================
2025-07-31 16:57:20,451 - INFO - ✅ 每日自动执行完成，无需人工干预
