2025-07-30 11:00:05,699 - INFO - 🌤️  每日自动天气数据收集开始
2025-07-30 11:00:05,700 - INFO - ============================================================
2025-07-30 11:00:05,700 - INFO - ⏰ 执行时间: 2025-07-30 11:00:05
2025-07-30 11:00:05,700 - INFO - 🎯 目标: 自动收集昨天所有13个地区(济南市+12个区县)的天气数据并存入数据库
2025-07-30 11:00:05,700 - INFO - ============================================================
2025-07-30 11:00:05,700 - INFO - 🔍 检查系统状态...
2025-07-30 11:00:07,124 - INFO - ✅ MySQL连接正常
2025-07-30 11:00:08,320 - INFO - ✅ 网络连接正常
2025-07-30 11:00:08,320 - INFO - ✅ 系统状态检查完成
2025-07-30 11:00:08,320 - INFO - 
🔄 执行步骤1: 生成JWT Token...
2025-07-30 11:00:08,320 - INFO - 🔑 自动生成JWT Token...
2025-07-30 11:00:08,341 - INFO - ✅ JWT Token生成成功，有效期10小时
2025-07-30 11:00:08,341 - INFO - ✅ 步骤1完成 - JWT Token生成成功
2025-07-30 11:00:08,341 - INFO - 
🔄 执行步骤2: 获取昨天所有13个地区的天气数据...
2025-07-30 11:00:08,341 - INFO - 🌤️ 开始获取昨天所有13个地区的天气数据...
2025-07-30 11:00:08,342 - INFO - 正在获取 济南(101120101) 20250729 的天气数据...
2025-07-30 11:00:10,842 - INFO - ✅ 济南 成功获取 24 条记录
2025-07-30 11:00:10,843 - INFO - 正在获取 长清(101120102) 20250729 的天气数据...
2025-07-30 11:00:12,518 - INFO - ✅ 长清 成功获取 24 条记录
2025-07-30 11:00:12,519 - INFO - 正在获取 商河(101120103) 20250729 的天气数据...
2025-07-30 11:00:13,928 - INFO - ✅ 商河 成功获取 24 条记录
2025-07-30 11:00:13,929 - INFO - 正在获取 章丘(101120104) 20250729 的天气数据...
2025-07-30 11:00:14,619 - INFO - ✅ 章丘 成功获取 24 条记录
2025-07-30 11:00:14,619 - INFO - 正在获取 平阴(101120105) 20250729 的天气数据...
2025-07-30 11:00:15,101 - INFO - ✅ 平阴 成功获取 24 条记录
2025-07-30 11:00:15,101 - INFO - 正在获取 济阳(101120106) 20250729 的天气数据...
2025-07-30 11:00:17,533 - INFO - ✅ 济阳 成功获取 24 条记录
2025-07-30 11:00:17,534 - INFO - 正在获取 历下(101120107) 20250729 的天气数据...
2025-07-30 11:00:18,242 - INFO - ✅ 历下 成功获取 24 条记录
2025-07-30 11:00:18,243 - INFO - 正在获取 市中(101120108) 20250729 的天气数据...
2025-07-30 11:00:18,712 - INFO - ✅ 市中 成功获取 24 条记录
2025-07-30 11:00:18,713 - INFO - 正在获取 槐荫(101120109) 20250729 的天气数据...
2025-07-30 11:00:19,137 - INFO - ✅ 槐荫 成功获取 24 条记录
2025-07-30 11:00:19,138 - INFO - 正在获取 天桥(101120110) 20250729 的天气数据...
2025-07-30 11:00:19,600 - INFO - ✅ 天桥 成功获取 24 条记录
2025-07-30 11:00:19,600 - INFO - 正在获取 历城(101120111) 20250729 的天气数据...
2025-07-30 11:00:20,031 - INFO - ✅ 历城 成功获取 24 条记录
2025-07-30 11:00:20,031 - INFO - 正在获取 莱芜(101121601) 20250729 的天气数据...
2025-07-30 11:00:20,436 - INFO - ✅ 莱芜 成功获取 24 条记录
2025-07-30 11:00:20,436 - INFO - 正在获取 钢城(101121603) 20250729 的天气数据...
2025-07-30 11:00:20,901 - INFO - ✅ 钢城 成功获取 24 条记录
2025-07-30 11:00:20,901 - INFO - ✅ 总计成功获取 13/13 个地区的天气数据，共 312 条记录
2025-07-30 11:00:20,901 - INFO - ✅ 步骤2完成 - 天气数据获取成功
2025-07-30 11:00:20,902 - INFO - 
🔄 执行步骤3: 保存数据到数据库...
2025-07-30 11:00:20,902 - INFO - 💾 开始保存所有地区的天气数据到数据库...
2025-07-30 11:00:20,918 - INFO - ✅ 数据库初始化完成
2025-07-30 11:00:20,918 - INFO - 正在保存 济南(101120101) 的 24 条记录...
2025-07-30 11:00:20,937 - WARNING - ⚠️ 济南 数据保存返回格式异常
2025-07-30 11:00:20,939 - INFO - 正在保存 长清(101120102) 的 24 条记录...
2025-07-30 11:00:20,949 - INFO - ✅ 长清 保存完成: 新增24条，更新0条
2025-07-30 11:00:20,949 - INFO - 正在保存 商河(101120103) 的 24 条记录...
2025-07-30 11:00:20,958 - INFO - ✅ 商河 保存完成: 新增24条，更新0条
2025-07-30 11:00:20,958 - INFO - 正在保存 章丘(101120104) 的 24 条记录...
2025-07-30 11:00:20,965 - INFO - ✅ 章丘 保存完成: 新增24条，更新0条
2025-07-30 11:00:20,965 - INFO - 正在保存 平阴(101120105) 的 24 条记录...
2025-07-30 11:00:20,972 - INFO - ✅ 平阴 保存完成: 新增24条，更新0条
2025-07-30 11:00:20,972 - INFO - 正在保存 济阳(101120106) 的 24 条记录...
2025-07-30 11:00:20,979 - INFO - ✅ 济阳 保存完成: 新增24条，更新0条
2025-07-30 11:00:20,979 - INFO - 正在保存 历下(101120107) 的 24 条记录...
2025-07-30 11:00:20,985 - INFO - ✅ 历下 保存完成: 新增22条，更新2条
2025-07-30 11:00:20,985 - INFO - 正在保存 市中(101120108) 的 24 条记录...
2025-07-30 11:00:20,993 - INFO - ✅ 市中 保存完成: 新增24条，更新0条
2025-07-30 11:00:20,993 - INFO - 正在保存 槐荫(101120109) 的 24 条记录...
2025-07-30 11:00:20,999 - INFO - ✅ 槐荫 保存完成: 新增24条，更新0条
2025-07-30 11:00:20,999 - INFO - 正在保存 天桥(101120110) 的 24 条记录...
2025-07-30 11:00:21,005 - INFO - ✅ 天桥 保存完成: 新增24条，更新0条
2025-07-30 11:00:21,005 - INFO - 正在保存 历城(101120111) 的 24 条记录...
2025-07-30 11:00:21,010 - INFO - ✅ 历城 保存完成: 新增24条，更新0条
2025-07-30 11:00:21,011 - INFO - 正在保存 莱芜(101121601) 的 24 条记录...
2025-07-30 11:00:21,016 - INFO - ✅ 莱芜 保存完成: 新增24条，更新0条
2025-07-30 11:00:21,016 - INFO - 正在保存 钢城(101121603) 的 24 条记录...
2025-07-30 11:00:21,021 - INFO - ✅ 钢城 保存完成: 新增24条，更新0条
2025-07-30 11:00:21,021 - INFO - ✅ 所有地区小时数据保存完成: 总计新增286条，更新2条
2025-07-30 11:00:21,024 - INFO - ✅ 济南市每日汇总计算完成
2025-07-30 11:00:21,032 - INFO - ✅ 区县每日汇总计算完成
2025-07-30 11:00:21,033 - INFO - ✅ 步骤3完成 - 数据保存成功
2025-07-30 11:00:21,033 - INFO - 
🔄 执行步骤4: 生成统计报告...
2025-07-30 11:00:21,033 - INFO - 📊 获取数据库统计信息...
2025-07-30 11:00:21,389 - INFO - 📈 数据库统计信息:
2025-07-30 11:00:21,390 - INFO -    济南市小时数据: 432 条
2025-07-30 11:00:21,390 - INFO -    济南市日数据: 18 条
2025-07-30 11:00:21,390 - INFO -    区县小时数据: 3456 条
2025-07-30 11:00:21,390 - INFO -    区县日数据: 144 条
2025-07-30 11:00:21,390 - INFO -    济南市最新小时数据: 2025-07-29 23:00:00
2025-07-30 11:00:21,390 - INFO -    济南市最新日数据: 2025-07-29
2025-07-30 11:00:21,390 - INFO -    区县最新小时数据: 2025-07-29 23:00:00
2025-07-30 11:00:21,390 - INFO -    区县最新日数据: 2025-07-29
2025-07-30 11:00:21,390 - INFO - ✅ 步骤4完成 - 统计报告生成成功
2025-07-30 11:00:21,391 - INFO - 
============================================================
2025-07-30 11:00:21,391 - INFO - 🎉 每日自动执行完全成功！
2025-07-30 11:00:21,391 - INFO - 📊 执行结果:
2025-07-30 11:00:21,391 - INFO -    - JWT Token生成: ✅
2025-07-30 11:00:21,391 - INFO -    - 天气数据获取(13个地区): ✅
2025-07-30 11:00:21,391 - INFO -    - 数据库保存(13个地区): ✅
2025-07-30 11:00:21,391 - INFO -    - 统计报告: ✅
2025-07-30 11:00:21,391 - INFO - 📅 下次执行时间: 明天早上9:30
2025-07-30 11:00:21,391 - INFO - ============================================================
2025-07-30 11:00:21,391 - INFO - ✅ 每日自动执行完成，无需人工干预
