2025-07-31 15:11:10,419 - INFO - 🚀 开始获取历史天气数据...
2025-07-31 15:11:10,419 - INFO - 🗃️  初始化数据库...
2025-07-31 15:11:10,438 - INFO - ✅ 数据库初始化完成
2025-07-31 15:11:10,438 - INFO - 🔑 生成JWT Token...
2025-07-31 15:11:10,438 - INFO - ✅ JWT Token生成成功
2025-07-31 15:11:10,438 - INFO - 🌤️ 开始获取过去10天所有13个地区的天气数据...
2025-07-31 15:11:10,438 - INFO - 
📅 处理日期: 2025-07-30 (20250730)
2025-07-31 15:11:10,438 - INFO - 正在获取 济南(101120101) 20250730 的天气数据...
2025-07-31 15:11:10,756 - INFO - ✅ 济南 20250730 成功获取小时数据 24 条，每日数据 1 条
2025-07-31 15:11:11,261 - INFO - 正在获取 长清(101120102) 20250730 的天气数据...
2025-07-31 15:11:11,601 - INFO - ✅ 长清 20250730 成功获取小时数据 24 条，每日数据 1 条
2025-07-31 15:11:12,106 - INFO - 正在获取 商河(101120103) 20250730 的天气数据...
2025-07-31 15:11:12,448 - INFO - ✅ 商河 20250730 成功获取小时数据 24 条，每日数据 1 条
2025-07-31 15:11:12,953 - INFO - 正在获取 章丘(101120104) 20250730 的天气数据...
2025-07-31 15:11:13,320 - INFO - ✅ 章丘 20250730 成功获取小时数据 24 条，每日数据 1 条
2025-07-31 15:11:13,825 - INFO - 正在获取 平阴(101120105) 20250730 的天气数据...
2025-07-31 15:11:14,134 - INFO - ✅ 平阴 20250730 成功获取小时数据 24 条，每日数据 1 条
2025-07-31 15:11:14,639 - INFO - 正在获取 济阳(101120106) 20250730 的天气数据...
2025-07-31 15:11:14,930 - INFO - ✅ 济阳 20250730 成功获取小时数据 24 条，每日数据 1 条
2025-07-31 15:11:15,435 - INFO - 正在获取 历下(101120107) 20250730 的天气数据...
2025-07-31 15:11:15,641 - INFO - ✅ 历下 20250730 成功获取小时数据 24 条，每日数据 1 条
2025-07-31 15:11:16,147 - INFO - 正在获取 市中(101120108) 20250730 的天气数据...
2025-07-31 15:11:16,448 - INFO - ✅ 市中 20250730 成功获取小时数据 24 条，每日数据 1 条
2025-07-31 15:11:16,953 - INFO - 正在获取 槐荫(101120109) 20250730 的天气数据...
2025-07-31 15:11:17,277 - INFO - ✅ 槐荫 20250730 成功获取小时数据 24 条，每日数据 1 条
2025-07-31 15:11:17,781 - INFO - 正在获取 天桥(101120110) 20250730 的天气数据...
2025-07-31 15:11:18,126 - INFO - ✅ 天桥 20250730 成功获取小时数据 24 条，每日数据 1 条
2025-07-31 15:11:18,630 - INFO - 正在获取 历城(101120111) 20250730 的天气数据...
2025-07-31 15:11:18,979 - INFO - ✅ 历城 20250730 成功获取小时数据 24 条，每日数据 1 条
2025-07-31 15:11:19,484 - INFO - 正在获取 莱芜(101121601) 20250730 的天气数据...
2025-07-31 15:11:19,810 - INFO - ✅ 莱芜 20250730 成功获取小时数据 24 条，每日数据 1 条
2025-07-31 15:11:20,315 - INFO - 正在获取 钢城(101121603) 20250730 的天气数据...
2025-07-31 15:11:20,625 - INFO - ✅ 钢城 20250730 成功获取小时数据 24 条，每日数据 1 条
2025-07-31 15:11:21,126 - INFO - 💾 开始保存 20250730 小时数据到数据库...
2025-07-31 15:11:21,215 - INFO - ✅ 20250730 小时数据保存完成
2025-07-31 15:11:21,215 - INFO - 💾 开始保存 20250730 每日数据到数据库...
2025-07-31 15:11:21,225 - INFO - ✅ 20250730 每日数据保存完成
2025-07-31 15:11:21,226 - INFO - 📊 20250730 成功率: 13/13 (100.0%)
2025-07-31 15:11:21,226 - INFO - 
📅 处理日期: 2025-07-29 (20250729)
2025-07-31 15:11:21,226 - INFO - 正在获取 济南(101120101) 20250729 的天气数据...
2025-07-31 15:11:21,551 - INFO - ✅ 济南 20250729 成功获取小时数据 24 条，每日数据 1 条
2025-07-31 15:11:22,056 - INFO - 正在获取 长清(101120102) 20250729 的天气数据...
2025-07-31 15:11:22,420 - INFO - ✅ 长清 20250729 成功获取小时数据 24 条，每日数据 1 条
2025-07-31 15:11:22,921 - INFO - 正在获取 商河(101120103) 20250729 的天气数据...
2025-07-31 15:11:23,230 - INFO - ✅ 商河 20250729 成功获取小时数据 24 条，每日数据 1 条
2025-07-31 15:11:23,731 - INFO - 正在获取 章丘(101120104) 20250729 的天气数据...
2025-07-31 15:11:24,069 - INFO - ✅ 章丘 20250729 成功获取小时数据 24 条，每日数据 1 条
2025-07-31 15:11:24,572 - INFO - 正在获取 平阴(101120105) 20250729 的天气数据...
2025-07-31 15:11:24,915 - INFO - ✅ 平阴 20250729 成功获取小时数据 24 条，每日数据 1 条
2025-07-31 15:11:25,418 - INFO - 正在获取 济阳(101120106) 20250729 的天气数据...
2025-07-31 15:11:25,827 - INFO - ✅ 济阳 20250729 成功获取小时数据 24 条，每日数据 1 条
2025-07-31 15:11:26,331 - INFO - 正在获取 历下(101120107) 20250729 的天气数据...
2025-07-31 15:11:26,684 - INFO - ✅ 历下 20250729 成功获取小时数据 24 条，每日数据 1 条
2025-07-31 15:11:27,186 - INFO - 正在获取 市中(101120108) 20250729 的天气数据...
2025-07-31 15:11:27,517 - INFO - ✅ 市中 20250729 成功获取小时数据 24 条，每日数据 1 条
2025-07-31 15:11:28,023 - INFO - 正在获取 槐荫(101120109) 20250729 的天气数据...
2025-07-31 15:11:28,437 - INFO - ✅ 槐荫 20250729 成功获取小时数据 24 条，每日数据 1 条
2025-07-31 15:11:28,940 - INFO - 正在获取 天桥(101120110) 20250729 的天气数据...
2025-07-31 15:11:29,343 - INFO - ✅ 天桥 20250729 成功获取小时数据 24 条，每日数据 1 条
2025-07-31 15:11:29,844 - INFO - 正在获取 历城(101120111) 20250729 的天气数据...
2025-07-31 15:11:30,247 - INFO - ✅ 历城 20250729 成功获取小时数据 24 条，每日数据 1 条
2025-07-31 15:11:30,752 - INFO - 正在获取 莱芜(101121601) 20250729 的天气数据...
2025-07-31 15:11:31,092 - INFO - ✅ 莱芜 20250729 成功获取小时数据 24 条，每日数据 1 条
2025-07-31 15:11:31,596 - INFO - 正在获取 钢城(101121603) 20250729 的天气数据...
2025-07-31 15:11:31,961 - INFO - ✅ 钢城 20250729 成功获取小时数据 24 条，每日数据 1 条
2025-07-31 15:11:32,466 - INFO - 💾 开始保存 20250729 小时数据到数据库...
2025-07-31 15:11:32,543 - INFO - ✅ 20250729 小时数据保存完成
2025-07-31 15:11:32,543 - INFO - 💾 开始保存 20250729 每日数据到数据库...
2025-07-31 15:11:32,550 - INFO - ✅ 20250729 每日数据保存完成
2025-07-31 15:11:32,550 - INFO - 📊 20250729 成功率: 13/13 (100.0%)
2025-07-31 15:11:32,550 - INFO - 
📅 处理日期: 2025-07-28 (20250728)
2025-07-31 15:11:32,550 - INFO - 正在获取 济南(101120101) 20250728 的天气数据...
2025-07-31 15:11:32,857 - INFO - ✅ 济南 20250728 成功获取小时数据 24 条，每日数据 1 条
2025-07-31 15:11:33,359 - INFO - 正在获取 长清(101120102) 20250728 的天气数据...
2025-07-31 15:11:33,689 - INFO - ✅ 长清 20250728 成功获取小时数据 24 条，每日数据 1 条
2025-07-31 15:11:34,193 - INFO - 正在获取 商河(101120103) 20250728 的天气数据...
2025-07-31 15:11:34,579 - INFO - ✅ 商河 20250728 成功获取小时数据 24 条，每日数据 1 条
2025-07-31 15:11:35,085 - INFO - 正在获取 章丘(101120104) 20250728 的天气数据...
2025-07-31 15:11:35,443 - INFO - ✅ 章丘 20250728 成功获取小时数据 24 条，每日数据 1 条
2025-07-31 15:11:35,948 - INFO - 正在获取 平阴(101120105) 20250728 的天气数据...
2025-07-31 15:11:36,255 - INFO - ✅ 平阴 20250728 成功获取小时数据 24 条，每日数据 1 条
2025-07-31 15:11:36,757 - INFO - 正在获取 济阳(101120106) 20250728 的天气数据...
2025-07-31 15:11:37,100 - INFO - ✅ 济阳 20250728 成功获取小时数据 24 条，每日数据 1 条
2025-07-31 15:11:37,601 - INFO - 正在获取 历下(101120107) 20250728 的天气数据...
2025-07-31 15:11:37,989 - INFO - ✅ 历下 20250728 成功获取小时数据 24 条，每日数据 1 条
2025-07-31 15:11:38,494 - INFO - 正在获取 市中(101120108) 20250728 的天气数据...
2025-07-31 15:11:38,982 - INFO - ✅ 市中 20250728 成功获取小时数据 24 条，每日数据 1 条
2025-07-31 15:11:39,484 - INFO - 正在获取 槐荫(101120109) 20250728 的天气数据...
2025-07-31 15:11:39,819 - INFO - ✅ 槐荫 20250728 成功获取小时数据 24 条，每日数据 1 条
2025-07-31 15:11:40,321 - INFO - 正在获取 天桥(101120110) 20250728 的天气数据...
2025-07-31 15:11:40,677 - INFO - ✅ 天桥 20250728 成功获取小时数据 24 条，每日数据 1 条
2025-07-31 15:11:41,180 - INFO - 正在获取 历城(101120111) 20250728 的天气数据...
2025-07-31 15:11:41,655 - INFO - ✅ 历城 20250728 成功获取小时数据 24 条，每日数据 1 条
2025-07-31 15:11:42,160 - INFO - 正在获取 莱芜(101121601) 20250728 的天气数据...
2025-07-31 15:11:42,485 - INFO - ✅ 莱芜 20250728 成功获取小时数据 24 条，每日数据 1 条
2025-07-31 15:11:42,987 - INFO - 正在获取 钢城(101121603) 20250728 的天气数据...
2025-07-31 15:11:43,368 - INFO - ✅ 钢城 20250728 成功获取小时数据 24 条，每日数据 1 条
2025-07-31 15:11:43,868 - INFO - 💾 开始保存 20250728 小时数据到数据库...
2025-07-31 15:11:43,952 - INFO - ✅ 20250728 小时数据保存完成
2025-07-31 15:11:43,952 - INFO - 💾 开始保存 20250728 每日数据到数据库...
2025-07-31 15:11:43,960 - INFO - ✅ 20250728 每日数据保存完成
2025-07-31 15:11:43,960 - INFO - 📊 20250728 成功率: 13/13 (100.0%)
2025-07-31 15:11:43,960 - INFO - 
📅 处理日期: 2025-07-27 (20250727)
2025-07-31 15:11:43,960 - INFO - 正在获取 济南(101120101) 20250727 的天气数据...
2025-07-31 15:11:44,279 - INFO - ✅ 济南 20250727 成功获取小时数据 24 条，每日数据 1 条
2025-07-31 15:11:44,783 - INFO - 正在获取 长清(101120102) 20250727 的天气数据...
2025-07-31 15:11:45,167 - INFO - ✅ 长清 20250727 成功获取小时数据 24 条，每日数据 1 条
2025-07-31 15:11:45,670 - INFO - 正在获取 商河(101120103) 20250727 的天气数据...
2025-07-31 15:11:46,041 - INFO - ✅ 商河 20250727 成功获取小时数据 24 条，每日数据 1 条
2025-07-31 15:11:46,543 - INFO - 正在获取 章丘(101120104) 20250727 的天气数据...
2025-07-31 15:11:46,906 - INFO - ✅ 章丘 20250727 成功获取小时数据 24 条，每日数据 1 条
2025-07-31 15:11:47,409 - INFO - 正在获取 平阴(101120105) 20250727 的天气数据...
2025-07-31 15:11:47,763 - INFO - ✅ 平阴 20250727 成功获取小时数据 24 条，每日数据 1 条
2025-07-31 15:11:48,266 - INFO - 正在获取 济阳(101120106) 20250727 的天气数据...
2025-07-31 15:11:48,590 - INFO - ✅ 济阳 20250727 成功获取小时数据 24 条，每日数据 1 条
2025-07-31 15:11:49,095 - INFO - 正在获取 历下(101120107) 20250727 的天气数据...
2025-07-31 15:11:49,413 - INFO - ✅ 历下 20250727 成功获取小时数据 24 条，每日数据 1 条
2025-07-31 15:11:49,918 - INFO - 正在获取 市中(101120108) 20250727 的天气数据...
2025-07-31 15:11:50,423 - INFO - ✅ 市中 20250727 成功获取小时数据 24 条，每日数据 1 条
2025-07-31 15:11:50,926 - INFO - 正在获取 槐荫(101120109) 20250727 的天气数据...
2025-07-31 15:11:51,256 - INFO - ✅ 槐荫 20250727 成功获取小时数据 24 条，每日数据 1 条
2025-07-31 15:11:51,761 - INFO - 正在获取 天桥(101120110) 20250727 的天气数据...
2025-07-31 15:11:52,061 - INFO - ✅ 天桥 20250727 成功获取小时数据 24 条，每日数据 1 条
2025-07-31 15:11:52,562 - INFO - 正在获取 历城(101120111) 20250727 的天气数据...
2025-07-31 15:11:52,923 - INFO - ✅ 历城 20250727 成功获取小时数据 24 条，每日数据 1 条
2025-07-31 15:11:53,428 - INFO - 正在获取 莱芜(101121601) 20250727 的天气数据...
2025-07-31 15:11:53,859 - INFO - ✅ 莱芜 20250727 成功获取小时数据 24 条，每日数据 1 条
2025-07-31 15:11:54,360 - INFO - 正在获取 钢城(101121603) 20250727 的天气数据...
2025-07-31 15:11:54,806 - INFO - ✅ 钢城 20250727 成功获取小时数据 24 条，每日数据 1 条
2025-07-31 15:11:55,310 - INFO - 💾 开始保存 20250727 小时数据到数据库...
2025-07-31 15:11:55,398 - INFO - ✅ 20250727 小时数据保存完成
2025-07-31 15:11:55,398 - INFO - 💾 开始保存 20250727 每日数据到数据库...
2025-07-31 15:11:55,405 - INFO - ✅ 20250727 每日数据保存完成
2025-07-31 15:11:55,405 - INFO - 📊 20250727 成功率: 13/13 (100.0%)
2025-07-31 15:11:55,405 - INFO - 
📅 处理日期: 2025-07-26 (20250726)
2025-07-31 15:11:55,405 - INFO - 正在获取 济南(101120101) 20250726 的天气数据...
2025-07-31 15:11:55,778 - INFO - ✅ 济南 20250726 成功获取小时数据 24 条，每日数据 1 条
2025-07-31 15:11:56,283 - INFO - 正在获取 长清(101120102) 20250726 的天气数据...
2025-07-31 15:11:56,631 - INFO - ✅ 长清 20250726 成功获取小时数据 24 条，每日数据 1 条
2025-07-31 15:11:57,135 - INFO - 正在获取 商河(101120103) 20250726 的天气数据...
2025-07-31 15:11:57,475 - INFO - ✅ 商河 20250726 成功获取小时数据 24 条，每日数据 1 条
2025-07-31 15:11:57,981 - INFO - 正在获取 章丘(101120104) 20250726 的天气数据...
2025-07-31 15:11:58,296 - INFO - ✅ 章丘 20250726 成功获取小时数据 24 条，每日数据 1 条
2025-07-31 15:11:58,797 - INFO - 正在获取 平阴(101120105) 20250726 的天气数据...
2025-07-31 15:11:59,169 - INFO - ✅ 平阴 20250726 成功获取小时数据 24 条，每日数据 1 条
2025-07-31 15:11:59,673 - INFO - 正在获取 济阳(101120106) 20250726 的天气数据...
2025-07-31 15:12:00,134 - INFO - ✅ 济阳 20250726 成功获取小时数据 24 条，每日数据 1 条
2025-07-31 15:12:00,639 - INFO - 正在获取 历下(101120107) 20250726 的天气数据...
2025-07-31 15:12:00,984 - INFO - ✅ 历下 20250726 成功获取小时数据 24 条，每日数据 1 条
2025-07-31 15:12:01,487 - INFO - 正在获取 市中(101120108) 20250726 的天气数据...
2025-07-31 15:12:01,826 - INFO - ✅ 市中 20250726 成功获取小时数据 24 条，每日数据 1 条
2025-07-31 15:12:02,331 - INFO - 正在获取 槐荫(101120109) 20250726 的天气数据...
2025-07-31 15:12:02,701 - INFO - ✅ 槐荫 20250726 成功获取小时数据 24 条，每日数据 1 条
2025-07-31 15:12:03,204 - INFO - 正在获取 天桥(101120110) 20250726 的天气数据...
2025-07-31 15:12:03,727 - INFO - ✅ 天桥 20250726 成功获取小时数据 24 条，每日数据 1 条
2025-07-31 15:12:04,231 - INFO - 正在获取 历城(101120111) 20250726 的天气数据...
2025-07-31 15:12:04,603 - INFO - ✅ 历城 20250726 成功获取小时数据 24 条，每日数据 1 条
2025-07-31 15:12:05,104 - INFO - 正在获取 莱芜(101121601) 20250726 的天气数据...
2025-07-31 15:12:05,561 - INFO - ✅ 莱芜 20250726 成功获取小时数据 24 条，每日数据 1 条
2025-07-31 15:12:06,065 - INFO - 正在获取 钢城(101121603) 20250726 的天气数据...
2025-07-31 15:12:06,432 - INFO - ✅ 钢城 20250726 成功获取小时数据 24 条，每日数据 1 条
2025-07-31 15:12:06,936 - INFO - 💾 开始保存 20250726 小时数据到数据库...
2025-07-31 15:12:07,022 - INFO - ✅ 20250726 小时数据保存完成
2025-07-31 15:12:07,022 - INFO - 💾 开始保存 20250726 每日数据到数据库...
2025-07-31 15:12:07,030 - INFO - ✅ 20250726 每日数据保存完成
2025-07-31 15:12:07,030 - INFO - 📊 20250726 成功率: 13/13 (100.0%)
2025-07-31 15:12:07,030 - INFO - 
📅 处理日期: 2025-07-25 (20250725)
2025-07-31 15:12:07,031 - INFO - 正在获取 济南(101120101) 20250725 的天气数据...
2025-07-31 15:12:07,394 - INFO - ✅ 济南 20250725 成功获取小时数据 24 条，每日数据 1 条
2025-07-31 15:12:07,896 - INFO - 正在获取 长清(101120102) 20250725 的天气数据...
2025-07-31 15:12:08,226 - INFO - ✅ 长清 20250725 成功获取小时数据 24 条，每日数据 1 条
2025-07-31 15:12:08,729 - INFO - 正在获取 商河(101120103) 20250725 的天气数据...
2025-07-31 15:12:09,071 - INFO - ✅ 商河 20250725 成功获取小时数据 24 条，每日数据 1 条
2025-07-31 15:12:09,574 - INFO - 正在获取 章丘(101120104) 20250725 的天气数据...
2025-07-31 15:12:10,050 - INFO - ✅ 章丘 20250725 成功获取小时数据 24 条，每日数据 1 条
2025-07-31 15:12:10,556 - INFO - 正在获取 平阴(101120105) 20250725 的天气数据...
2025-07-31 15:12:10,929 - INFO - ✅ 平阴 20250725 成功获取小时数据 24 条，每日数据 1 条
2025-07-31 15:12:11,434 - INFO - 正在获取 济阳(101120106) 20250725 的天气数据...
2025-07-31 15:12:11,787 - INFO - ✅ 济阳 20250725 成功获取小时数据 24 条，每日数据 1 条
2025-07-31 15:12:12,292 - INFO - 正在获取 历下(101120107) 20250725 的天气数据...
2025-07-31 15:12:12,631 - INFO - ✅ 历下 20250725 成功获取小时数据 24 条，每日数据 1 条
2025-07-31 15:12:13,136 - INFO - 正在获取 市中(101120108) 20250725 的天气数据...
2025-07-31 15:12:13,464 - INFO - ✅ 市中 20250725 成功获取小时数据 24 条，每日数据 1 条
2025-07-31 15:12:13,965 - INFO - 正在获取 槐荫(101120109) 20250725 的天气数据...
2025-07-31 15:12:14,339 - INFO - ✅ 槐荫 20250725 成功获取小时数据 24 条，每日数据 1 条
2025-07-31 15:12:14,845 - INFO - 正在获取 天桥(101120110) 20250725 的天气数据...
2025-07-31 15:12:15,144 - INFO - ✅ 天桥 20250725 成功获取小时数据 24 条，每日数据 1 条
2025-07-31 15:12:15,647 - INFO - 正在获取 历城(101120111) 20250725 的天气数据...
2025-07-31 15:12:15,984 - INFO - ✅ 历城 20250725 成功获取小时数据 24 条，每日数据 1 条
2025-07-31 15:12:16,489 - INFO - 正在获取 莱芜(101121601) 20250725 的天气数据...
2025-07-31 15:12:16,843 - INFO - ✅ 莱芜 20250725 成功获取小时数据 24 条，每日数据 1 条
2025-07-31 15:12:17,348 - INFO - 正在获取 钢城(101121603) 20250725 的天气数据...
2025-07-31 15:12:17,862 - INFO - ✅ 钢城 20250725 成功获取小时数据 24 条，每日数据 1 条
2025-07-31 15:12:18,367 - INFO - 💾 开始保存 20250725 小时数据到数据库...
2025-07-31 15:12:18,452 - INFO - ✅ 20250725 小时数据保存完成
2025-07-31 15:12:18,452 - INFO - 💾 开始保存 20250725 每日数据到数据库...
2025-07-31 15:12:18,461 - INFO - ✅ 20250725 每日数据保存完成
2025-07-31 15:12:18,461 - INFO - 📊 20250725 成功率: 13/13 (100.0%)
2025-07-31 15:12:18,461 - INFO - 
📅 处理日期: 2025-07-24 (20250724)
2025-07-31 15:12:18,461 - INFO - 正在获取 济南(101120101) 20250724 的天气数据...
2025-07-31 15:12:18,971 - INFO - ✅ 济南 20250724 成功获取小时数据 24 条，每日数据 1 条
2025-07-31 15:12:19,476 - INFO - 正在获取 长清(101120102) 20250724 的天气数据...
2025-07-31 15:12:19,847 - INFO - ✅ 长清 20250724 成功获取小时数据 24 条，每日数据 1 条
2025-07-31 15:12:20,351 - INFO - 正在获取 商河(101120103) 20250724 的天气数据...
2025-07-31 15:12:20,730 - INFO - ✅ 商河 20250724 成功获取小时数据 24 条，每日数据 1 条
2025-07-31 15:12:21,234 - INFO - 正在获取 章丘(101120104) 20250724 的天气数据...
2025-07-31 15:12:21,592 - INFO - ✅ 章丘 20250724 成功获取小时数据 24 条，每日数据 1 条
2025-07-31 15:12:22,095 - INFO - 正在获取 平阴(101120105) 20250724 的天气数据...
2025-07-31 15:12:22,473 - INFO - ✅ 平阴 20250724 成功获取小时数据 24 条，每日数据 1 条
2025-07-31 15:12:22,977 - INFO - 正在获取 济阳(101120106) 20250724 的天气数据...
2025-07-31 15:12:23,397 - INFO - ✅ 济阳 20250724 成功获取小时数据 24 条，每日数据 1 条
2025-07-31 15:12:23,901 - INFO - 正在获取 历下(101120107) 20250724 的天气数据...
2025-07-31 15:12:24,179 - INFO - ✅ 历下 20250724 成功获取小时数据 24 条，每日数据 1 条
2025-07-31 15:12:24,683 - INFO - 正在获取 市中(101120108) 20250724 的天气数据...
2025-07-31 15:12:24,990 - INFO - ✅ 市中 20250724 成功获取小时数据 24 条，每日数据 1 条
2025-07-31 15:12:25,495 - INFO - 正在获取 槐荫(101120109) 20250724 的天气数据...
2025-07-31 15:12:25,834 - INFO - ✅ 槐荫 20250724 成功获取小时数据 24 条，每日数据 1 条
2025-07-31 15:12:26,340 - INFO - 正在获取 天桥(101120110) 20250724 的天气数据...
2025-07-31 15:12:26,751 - INFO - ✅ 天桥 20250724 成功获取小时数据 24 条，每日数据 1 条
2025-07-31 15:12:27,252 - INFO - 正在获取 历城(101120111) 20250724 的天气数据...
2025-07-31 15:12:27,569 - INFO - ✅ 历城 20250724 成功获取小时数据 24 条，每日数据 1 条
2025-07-31 15:12:28,072 - INFO - 正在获取 莱芜(101121601) 20250724 的天气数据...
2025-07-31 15:12:28,445 - INFO - ✅ 莱芜 20250724 成功获取小时数据 24 条，每日数据 1 条
2025-07-31 15:12:28,948 - INFO - 正在获取 钢城(101121603) 20250724 的天气数据...
2025-07-31 15:12:29,375 - INFO - ✅ 钢城 20250724 成功获取小时数据 24 条，每日数据 1 条
2025-07-31 15:12:29,881 - INFO - 💾 开始保存 20250724 小时数据到数据库...
2025-07-31 15:12:29,970 - INFO - ✅ 20250724 小时数据保存完成
2025-07-31 15:12:29,970 - INFO - 💾 开始保存 20250724 每日数据到数据库...
2025-07-31 15:12:29,976 - INFO - ✅ 20250724 每日数据保存完成
2025-07-31 15:12:29,977 - INFO - 📊 20250724 成功率: 13/13 (100.0%)
2025-07-31 15:12:29,977 - INFO - 
📅 处理日期: 2025-07-23 (20250723)
2025-07-31 15:12:29,977 - INFO - 正在获取 济南(101120101) 20250723 的天气数据...
2025-07-31 15:12:30,338 - INFO - ✅ 济南 20250723 成功获取小时数据 24 条，每日数据 1 条
2025-07-31 15:12:30,841 - INFO - 正在获取 长清(101120102) 20250723 的天气数据...
2025-07-31 15:12:31,271 - INFO - ✅ 长清 20250723 成功获取小时数据 24 条，每日数据 1 条
2025-07-31 15:12:31,777 - INFO - 正在获取 商河(101120103) 20250723 的天气数据...
2025-07-31 15:12:32,128 - INFO - ✅ 商河 20250723 成功获取小时数据 24 条，每日数据 1 条
2025-07-31 15:12:32,633 - INFO - 正在获取 章丘(101120104) 20250723 的天气数据...
2025-07-31 15:12:32,985 - INFO - ✅ 章丘 20250723 成功获取小时数据 24 条，每日数据 1 条
2025-07-31 15:12:33,491 - INFO - 正在获取 平阴(101120105) 20250723 的天气数据...
2025-07-31 15:12:33,888 - INFO - ✅ 平阴 20250723 成功获取小时数据 24 条，每日数据 1 条
2025-07-31 15:12:34,393 - INFO - 正在获取 济阳(101120106) 20250723 的天气数据...
2025-07-31 15:12:34,732 - INFO - ✅ 济阳 20250723 成功获取小时数据 24 条，每日数据 1 条
2025-07-31 15:12:35,234 - INFO - 正在获取 历下(101120107) 20250723 的天气数据...
2025-07-31 15:12:35,612 - INFO - ✅ 历下 20250723 成功获取小时数据 24 条，每日数据 1 条
2025-07-31 15:12:36,115 - INFO - 正在获取 市中(101120108) 20250723 的天气数据...
2025-07-31 15:12:36,421 - INFO - ✅ 市中 20250723 成功获取小时数据 24 条，每日数据 1 条
2025-07-31 15:12:36,926 - INFO - 正在获取 槐荫(101120109) 20250723 的天气数据...
2025-07-31 15:12:37,257 - INFO - ✅ 槐荫 20250723 成功获取小时数据 24 条，每日数据 1 条
2025-07-31 15:12:37,758 - INFO - 正在获取 天桥(101120110) 20250723 的天气数据...
2025-07-31 15:12:38,153 - INFO - ✅ 天桥 20250723 成功获取小时数据 24 条，每日数据 1 条
2025-07-31 15:12:38,654 - INFO - 正在获取 历城(101120111) 20250723 的天气数据...
2025-07-31 15:12:39,196 - INFO - ✅ 历城 20250723 成功获取小时数据 24 条，每日数据 1 条
2025-07-31 15:12:39,701 - INFO - 正在获取 莱芜(101121601) 20250723 的天气数据...
2025-07-31 15:12:40,203 - INFO - ✅ 莱芜 20250723 成功获取小时数据 24 条，每日数据 1 条
2025-07-31 15:12:40,707 - INFO - 正在获取 钢城(101121603) 20250723 的天气数据...
2025-07-31 15:12:41,100 - INFO - ✅ 钢城 20250723 成功获取小时数据 24 条，每日数据 1 条
2025-07-31 15:12:41,606 - INFO - 💾 开始保存 20250723 小时数据到数据库...
2025-07-31 15:12:41,697 - INFO - ✅ 20250723 小时数据保存完成
2025-07-31 15:12:41,697 - INFO - 💾 开始保存 20250723 每日数据到数据库...
2025-07-31 15:12:41,704 - INFO - ✅ 20250723 每日数据保存完成
2025-07-31 15:12:41,704 - INFO - 📊 20250723 成功率: 13/13 (100.0%)
2025-07-31 15:12:41,704 - INFO - 
📅 处理日期: 2025-07-22 (20250722)
2025-07-31 15:12:41,704 - INFO - 正在获取 济南(101120101) 20250722 的天气数据...
2025-07-31 15:12:42,118 - INFO - ✅ 济南 20250722 成功获取小时数据 24 条，每日数据 1 条
2025-07-31 15:12:42,623 - INFO - 正在获取 长清(101120102) 20250722 的天气数据...
2025-07-31 15:12:43,148 - INFO - ✅ 长清 20250722 成功获取小时数据 24 条，每日数据 1 条
2025-07-31 15:12:43,653 - INFO - 正在获取 商河(101120103) 20250722 的天气数据...
2025-07-31 15:12:43,989 - INFO - ✅ 商河 20250722 成功获取小时数据 24 条，每日数据 1 条
2025-07-31 15:12:44,492 - INFO - 正在获取 章丘(101120104) 20250722 的天气数据...
2025-07-31 15:12:44,946 - INFO - ✅ 章丘 20250722 成功获取小时数据 24 条，每日数据 1 条
2025-07-31 15:12:45,450 - INFO - 正在获取 平阴(101120105) 20250722 的天气数据...
2025-07-31 15:12:45,840 - INFO - ✅ 平阴 20250722 成功获取小时数据 24 条，每日数据 1 条
2025-07-31 15:12:46,342 - INFO - 正在获取 济阳(101120106) 20250722 的天气数据...
2025-07-31 15:12:46,682 - INFO - ✅ 济阳 20250722 成功获取小时数据 24 条，每日数据 1 条
2025-07-31 15:12:47,185 - INFO - 正在获取 历下(101120107) 20250722 的天气数据...
2025-07-31 15:12:47,538 - INFO - ✅ 历下 20250722 成功获取小时数据 24 条，每日数据 1 条
2025-07-31 15:12:48,038 - INFO - 正在获取 市中(101120108) 20250722 的天气数据...
2025-07-31 15:12:48,395 - INFO - ✅ 市中 20250722 成功获取小时数据 24 条，每日数据 1 条
2025-07-31 15:12:48,899 - INFO - 正在获取 槐荫(101120109) 20250722 的天气数据...
2025-07-31 15:12:49,295 - INFO - ✅ 槐荫 20250722 成功获取小时数据 24 条，每日数据 1 条
2025-07-31 15:12:49,798 - INFO - 正在获取 天桥(101120110) 20250722 的天气数据...
2025-07-31 15:12:50,163 - INFO - ✅ 天桥 20250722 成功获取小时数据 24 条，每日数据 1 条
2025-07-31 15:12:50,667 - INFO - 正在获取 历城(101120111) 20250722 的天气数据...
2025-07-31 15:12:51,029 - INFO - ✅ 历城 20250722 成功获取小时数据 24 条，每日数据 1 条
2025-07-31 15:12:51,534 - INFO - 正在获取 莱芜(101121601) 20250722 的天气数据...
2025-07-31 15:12:51,935 - INFO - ✅ 莱芜 20250722 成功获取小时数据 24 条，每日数据 1 条
2025-07-31 15:12:52,441 - INFO - 正在获取 钢城(101121603) 20250722 的天气数据...
2025-07-31 15:12:52,754 - INFO - ✅ 钢城 20250722 成功获取小时数据 24 条，每日数据 1 条
2025-07-31 15:12:53,255 - INFO - 💾 开始保存 20250722 小时数据到数据库...
2025-07-31 15:12:53,329 - INFO - ✅ 20250722 小时数据保存完成
2025-07-31 15:12:53,329 - INFO - 💾 开始保存 20250722 每日数据到数据库...
2025-07-31 15:12:53,336 - INFO - ✅ 20250722 每日数据保存完成
2025-07-31 15:12:53,336 - INFO - 📊 20250722 成功率: 13/13 (100.0%)
2025-07-31 15:12:53,336 - INFO - 
📅 处理日期: 2025-07-21 (20250721)
2025-07-31 15:12:53,336 - INFO - 正在获取 济南(101120101) 20250721 的天气数据...
2025-07-31 15:12:53,704 - INFO - ✅ 济南 20250721 成功获取小时数据 24 条，每日数据 1 条
2025-07-31 15:12:54,206 - INFO - 正在获取 长清(101120102) 20250721 的天气数据...
2025-07-31 15:12:54,571 - INFO - ✅ 长清 20250721 成功获取小时数据 24 条，每日数据 1 条
2025-07-31 15:12:55,072 - INFO - 正在获取 商河(101120103) 20250721 的天气数据...
2025-07-31 15:12:55,511 - INFO - ✅ 商河 20250721 成功获取小时数据 24 条，每日数据 1 条
2025-07-31 15:12:56,015 - INFO - 正在获取 章丘(101120104) 20250721 的天气数据...
2025-07-31 15:13:01,022 - ERROR - ❌ 章丘 20250721 请求失败: HTTPSConnectionPool(host='jd46h2979n.re.qweatherapi.com', port=443): Max retries exceeded with url: /v7/historical/weather?location=101120104&date=20250721 (Caused by SSLError(SSLEOFError(8, '[SSL: UNEXPECTED_EOF_WHILE_READING] EOF occurred in violation of protocol (_ssl.c:1028)')))
2025-07-31 15:13:01,527 - INFO - 正在获取 平阴(101120105) 20250721 的天气数据...
2025-07-31 15:13:03,221 - INFO - ✅ 平阴 20250721 成功获取小时数据 24 条，每日数据 1 条
2025-07-31 15:13:03,727 - INFO - 正在获取 济阳(101120106) 20250721 的天气数据...
2025-07-31 15:13:04,363 - INFO - ✅ 济阳 20250721 成功获取小时数据 24 条，每日数据 1 条
2025-07-31 15:13:04,867 - INFO - 正在获取 历下(101120107) 20250721 的天气数据...
2025-07-31 15:13:05,361 - INFO - ✅ 历下 20250721 成功获取小时数据 24 条，每日数据 1 条
2025-07-31 15:13:05,867 - INFO - 正在获取 市中(101120108) 20250721 的天气数据...
2025-07-31 15:13:06,681 - INFO - ✅ 市中 20250721 成功获取小时数据 24 条，每日数据 1 条
2025-07-31 15:13:07,186 - INFO - 正在获取 槐荫(101120109) 20250721 的天气数据...
2025-07-31 15:13:07,663 - INFO - ✅ 槐荫 20250721 成功获取小时数据 24 条，每日数据 1 条
2025-07-31 15:13:08,167 - INFO - 正在获取 天桥(101120110) 20250721 的天气数据...
2025-07-31 15:13:08,574 - INFO - ✅ 天桥 20250721 成功获取小时数据 24 条，每日数据 1 条
2025-07-31 15:13:09,076 - INFO - 正在获取 历城(101120111) 20250721 的天气数据...
2025-07-31 15:13:09,666 - INFO - ✅ 历城 20250721 成功获取小时数据 24 条，每日数据 1 条
2025-07-31 15:13:10,168 - INFO - 正在获取 莱芜(101121601) 20250721 的天气数据...
2025-07-31 15:13:10,578 - INFO - ✅ 莱芜 20250721 成功获取小时数据 24 条，每日数据 1 条
2025-07-31 15:13:11,084 - INFO - 正在获取 钢城(101121603) 20250721 的天气数据...
2025-07-31 15:13:11,759 - INFO - ✅ 钢城 20250721 成功获取小时数据 24 条，每日数据 1 条
2025-07-31 15:13:12,267 - INFO - 💾 开始保存 20250721 小时数据到数据库...
2025-07-31 15:13:12,352 - INFO - ✅ 20250721 小时数据保存完成
2025-07-31 15:13:12,352 - INFO - 💾 开始保存 20250721 每日数据到数据库...
2025-07-31 15:13:12,361 - INFO - ✅ 20250721 每日数据保存完成
2025-07-31 15:13:12,361 - INFO - 📊 20250721 成功率: 12/13 (92.3%)
2025-07-31 15:13:12,361 - INFO - 
🎉 历史数据获取完成！
2025-07-31 15:13:12,361 - INFO - 📊 总体成功率: 129/130 (99.2%)
2025-07-31 15:13:12,361 - INFO - 🎉 历史数据获取任务完成！
2025-07-31 15:13:12,361 - INFO - 📊 数据库统计信息:
2025-07-31 15:13:12,361 - ERROR - ❌ 程序执行失败: module 'mysql_db_utils' has no attribute 'show_database_stats'
