2025-07-28 16:22:12,992 - INFO - 🌤️  历史气象数据收集开始
2025-07-28 16:22:12,992 - INFO - ================================================================================
2025-07-28 16:22:12,992 - INFO - ⏰ 执行时间: 2025-07-28 16:22:12
2025-07-28 16:22:12,992 - INFO - 🎯 目标:
2025-07-28 16:22:12,992 - INFO -    1. 收集11个区县的气象数据（7.12-7.26）
2025-07-28 16:22:12,993 - INFO -    2. 收集所有12个区县历史10天的气象数据
2025-07-28 16:22:12,993 - INFO -    3. 更新每日汇总数据
2025-07-28 16:22:12,993 - INFO - ================================================================================
2025-07-28 16:22:12,993 - INFO - 
🔄 步骤1: 生成JWT Token...
2025-07-28 16:22:12,993 - INFO - 🔑 生成JWT Token...
2025-07-28 16:22:13,046 - INFO - ✅ JWT Token生成成功
2025-07-28 16:22:13,046 - INFO - ✅ JWT Token生成成功
2025-07-28 16:22:13,046 - INFO - 
🔄 步骤2: 收集缺失的11个区县气象数据...
2025-07-28 16:22:13,046 - INFO - 🏘️ 开始收集缺失的11个区县气象数据...
2025-07-28 16:22:13,322 - INFO - 
📅 正在处理日期: 20250712
2025-07-28 16:22:13,322 - INFO - 正在获取 长清(101120102) 20250712 的天气数据...
2025-07-28 16:22:13,773 - ERROR - ❌ 长清请求失败: 400 Client Error:  for url: https://jd46h2979n.re.qweatherapi.com/v7/historical/weather?location=101120102&date=20250712
2025-07-28 16:22:14,278 - INFO - 正在获取 商河(101120103) 20250712 的天气数据...
2025-07-28 16:22:14,721 - ERROR - ❌ 商河请求失败: 400 Client Error:  for url: https://jd46h2979n.re.qweatherapi.com/v7/historical/weather?location=101120103&date=20250712
2025-07-28 16:22:15,227 - INFO - 正在获取 章丘(101120104) 20250712 的天气数据...
2025-07-28 16:22:15,649 - ERROR - ❌ 章丘请求失败: 400 Client Error:  for url: https://jd46h2979n.re.qweatherapi.com/v7/historical/weather?location=101120104&date=20250712
2025-07-28 16:22:16,155 - INFO - 正在获取 平阴(101120105) 20250712 的天气数据...
2025-07-28 16:22:16,577 - ERROR - ❌ 平阴请求失败: 400 Client Error:  for url: https://jd46h2979n.re.qweatherapi.com/v7/historical/weather?location=101120105&date=20250712
2025-07-28 16:22:17,081 - INFO - 正在获取 济阳(101120106) 20250712 的天气数据...
2025-07-28 16:22:17,492 - ERROR - ❌ 济阳请求失败: 400 Client Error:  for url: https://jd46h2979n.re.qweatherapi.com/v7/historical/weather?location=101120106&date=20250712
2025-07-28 16:22:17,995 - INFO - 正在获取 市中(101120108) 20250712 的天气数据...
2025-07-28 16:22:18,450 - ERROR - ❌ 市中请求失败: 400 Client Error:  for url: https://jd46h2979n.re.qweatherapi.com/v7/historical/weather?location=101120108&date=20250712
2025-07-28 16:22:18,954 - INFO - 正在获取 槐荫(101120109) 20250712 的天气数据...
2025-07-28 16:22:19,491 - ERROR - ❌ 槐荫请求失败: 400 Client Error:  for url: https://jd46h2979n.re.qweatherapi.com/v7/historical/weather?location=101120109&date=20250712
2025-07-28 16:22:19,996 - INFO - 正在获取 天桥(101120110) 20250712 的天气数据...
2025-07-28 16:22:20,409 - ERROR - ❌ 天桥请求失败: 400 Client Error:  for url: https://jd46h2979n.re.qweatherapi.com/v7/historical/weather?location=101120110&date=20250712
2025-07-28 16:22:20,915 - INFO - 正在获取 历城(101120111) 20250712 的天气数据...
2025-07-28 16:22:21,322 - ERROR - ❌ 历城请求失败: 400 Client Error:  for url: https://jd46h2979n.re.qweatherapi.com/v7/historical/weather?location=101120111&date=20250712
2025-07-28 16:22:21,828 - INFO - 正在获取 莱芜(101121601) 20250712 的天气数据...
2025-07-28 16:22:22,245 - ERROR - ❌ 莱芜请求失败: 400 Client Error:  for url: https://jd46h2979n.re.qweatherapi.com/v7/historical/weather?location=101121601&date=20250712
2025-07-28 16:22:22,750 - INFO - 正在获取 钢城(101121603) 20250712 的天气数据...
2025-07-28 16:22:23,162 - ERROR - ❌ 钢城请求失败: 400 Client Error:  for url: https://jd46h2979n.re.qweatherapi.com/v7/historical/weather?location=101121603&date=20250712
2025-07-28 16:22:23,665 - INFO - 
📅 正在处理日期: 20250713
2025-07-28 16:22:23,666 - INFO - 正在获取 长清(101120102) 20250713 的天气数据...
2025-07-28 16:22:24,085 - ERROR - ❌ 长清请求失败: 400 Client Error:  for url: https://jd46h2979n.re.qweatherapi.com/v7/historical/weather?location=101120102&date=20250713
2025-07-28 16:22:24,590 - INFO - 正在获取 商河(101120103) 20250713 的天气数据...
2025-07-28 16:22:25,004 - ERROR - ❌ 商河请求失败: 400 Client Error:  for url: https://jd46h2979n.re.qweatherapi.com/v7/historical/weather?location=101120103&date=20250713
2025-07-28 16:22:25,509 - INFO - 正在获取 章丘(101120104) 20250713 的天气数据...
2025-07-28 16:22:25,908 - ERROR - ❌ 章丘请求失败: 400 Client Error:  for url: https://jd46h2979n.re.qweatherapi.com/v7/historical/weather?location=101120104&date=20250713
2025-07-28 16:22:26,413 - INFO - 正在获取 平阴(101120105) 20250713 的天气数据...
2025-07-28 16:22:26,847 - ERROR - ❌ 平阴请求失败: 400 Client Error:  for url: https://jd46h2979n.re.qweatherapi.com/v7/historical/weather?location=101120105&date=20250713
2025-07-28 16:22:27,352 - INFO - 正在获取 济阳(101120106) 20250713 的天气数据...
2025-07-28 16:22:27,768 - ERROR - ❌ 济阳请求失败: 400 Client Error:  for url: https://jd46h2979n.re.qweatherapi.com/v7/historical/weather?location=101120106&date=20250713
2025-07-28 16:22:28,271 - INFO - 正在获取 市中(101120108) 20250713 的天气数据...
2025-07-28 16:22:28,702 - ERROR - ❌ 市中请求失败: 400 Client Error:  for url: https://jd46h2979n.re.qweatherapi.com/v7/historical/weather?location=101120108&date=20250713
2025-07-28 16:22:29,207 - INFO - 正在获取 槐荫(101120109) 20250713 的天气数据...
2025-07-28 16:22:29,611 - ERROR - ❌ 槐荫请求失败: 400 Client Error:  for url: https://jd46h2979n.re.qweatherapi.com/v7/historical/weather?location=101120109&date=20250713
2025-07-28 16:22:30,115 - INFO - 正在获取 天桥(101120110) 20250713 的天气数据...
2025-07-28 16:22:30,536 - ERROR - ❌ 天桥请求失败: 400 Client Error:  for url: https://jd46h2979n.re.qweatherapi.com/v7/historical/weather?location=101120110&date=20250713
2025-07-28 16:22:31,038 - INFO - 正在获取 历城(101120111) 20250713 的天气数据...
2025-07-28 16:22:31,455 - ERROR - ❌ 历城请求失败: 400 Client Error:  for url: https://jd46h2979n.re.qweatherapi.com/v7/historical/weather?location=101120111&date=20250713
2025-07-28 16:22:31,959 - INFO - 正在获取 莱芜(101121601) 20250713 的天气数据...
2025-07-28 16:22:32,419 - ERROR - ❌ 莱芜请求失败: 400 Client Error:  for url: https://jd46h2979n.re.qweatherapi.com/v7/historical/weather?location=101121601&date=20250713
2025-07-28 16:22:32,920 - INFO - 正在获取 钢城(101121603) 20250713 的天气数据...
2025-07-28 16:22:33,344 - ERROR - ❌ 钢城请求失败: 400 Client Error:  for url: https://jd46h2979n.re.qweatherapi.com/v7/historical/weather?location=101121603&date=20250713
2025-07-28 16:22:33,847 - INFO - 
📅 正在处理日期: 20250714
2025-07-28 16:22:33,847 - INFO - 正在获取 长清(101120102) 20250714 的天气数据...
2025-07-28 16:22:34,271 - ERROR - ❌ 长清请求失败: 400 Client Error:  for url: https://jd46h2979n.re.qweatherapi.com/v7/historical/weather?location=101120102&date=20250714
2025-07-28 16:22:34,777 - INFO - 正在获取 商河(101120103) 20250714 的天气数据...
2025-07-28 16:22:35,198 - ERROR - ❌ 商河请求失败: 400 Client Error:  for url: https://jd46h2979n.re.qweatherapi.com/v7/historical/weather?location=101120103&date=20250714
2025-07-28 16:22:35,703 - INFO - 正在获取 章丘(101120104) 20250714 的天气数据...
2025-07-28 16:22:36,127 - ERROR - ❌ 章丘请求失败: 400 Client Error:  for url: https://jd46h2979n.re.qweatherapi.com/v7/historical/weather?location=101120104&date=20250714
2025-07-28 16:22:36,632 - INFO - 正在获取 平阴(101120105) 20250714 的天气数据...
2025-07-28 16:22:37,033 - ERROR - ❌ 平阴请求失败: 400 Client Error:  for url: https://jd46h2979n.re.qweatherapi.com/v7/historical/weather?location=101120105&date=20250714
2025-07-28 16:22:37,538 - INFO - 正在获取 济阳(101120106) 20250714 的天气数据...
2025-07-28 16:22:37,942 - ERROR - ❌ 济阳请求失败: 400 Client Error:  for url: https://jd46h2979n.re.qweatherapi.com/v7/historical/weather?location=101120106&date=20250714
2025-07-28 16:22:38,445 - INFO - 正在获取 市中(101120108) 20250714 的天气数据...
2025-07-28 16:22:38,874 - ERROR - ❌ 市中请求失败: 400 Client Error:  for url: https://jd46h2979n.re.qweatherapi.com/v7/historical/weather?location=101120108&date=20250714
2025-07-28 16:22:39,377 - INFO - 正在获取 槐荫(101120109) 20250714 的天气数据...
2025-07-28 16:22:39,794 - ERROR - ❌ 槐荫请求失败: 400 Client Error:  for url: https://jd46h2979n.re.qweatherapi.com/v7/historical/weather?location=101120109&date=20250714
2025-07-28 16:22:40,299 - INFO - 正在获取 天桥(101120110) 20250714 的天气数据...
2025-07-28 16:22:40,834 - ERROR - ❌ 天桥请求失败: 400 Client Error:  for url: https://jd46h2979n.re.qweatherapi.com/v7/historical/weather?location=101120110&date=20250714
2025-07-28 16:22:41,340 - INFO - 正在获取 历城(101120111) 20250714 的天气数据...
2025-07-28 16:22:41,782 - ERROR - ❌ 历城请求失败: 400 Client Error:  for url: https://jd46h2979n.re.qweatherapi.com/v7/historical/weather?location=101120111&date=20250714
2025-07-28 16:22:42,285 - INFO - 正在获取 莱芜(101121601) 20250714 的天气数据...
2025-07-28 16:22:42,683 - ERROR - ❌ 莱芜请求失败: 400 Client Error:  for url: https://jd46h2979n.re.qweatherapi.com/v7/historical/weather?location=101121601&date=20250714
2025-07-28 16:22:43,184 - INFO - 正在获取 钢城(101121603) 20250714 的天气数据...
2025-07-28 16:22:43,651 - ERROR - ❌ 钢城请求失败: 400 Client Error:  for url: https://jd46h2979n.re.qweatherapi.com/v7/historical/weather?location=101121603&date=20250714
2025-07-28 16:22:44,156 - INFO - 
📅 正在处理日期: 20250715
2025-07-28 16:22:44,156 - INFO - 正在获取 长清(101120102) 20250715 的天气数据...
2025-07-28 16:22:44,710 - ERROR - ❌ 长清请求失败: 400 Client Error:  for url: https://jd46h2979n.re.qweatherapi.com/v7/historical/weather?location=101120102&date=20250715
2025-07-28 16:22:45,215 - INFO - 正在获取 商河(101120103) 20250715 的天气数据...
2025-07-28 16:22:45,690 - ERROR - ❌ 商河请求失败: 400 Client Error:  for url: https://jd46h2979n.re.qweatherapi.com/v7/historical/weather?location=101120103&date=20250715
2025-07-28 16:22:46,195 - INFO - 正在获取 章丘(101120104) 20250715 的天气数据...
2025-07-28 16:22:46,639 - ERROR - ❌ 章丘请求失败: 400 Client Error:  for url: https://jd46h2979n.re.qweatherapi.com/v7/historical/weather?location=101120104&date=20250715
2025-07-28 16:22:47,144 - INFO - 正在获取 平阴(101120105) 20250715 的天气数据...
2025-07-28 16:22:47,573 - ERROR - ❌ 平阴请求失败: 400 Client Error:  for url: https://jd46h2979n.re.qweatherapi.com/v7/historical/weather?location=101120105&date=20250715
2025-07-28 16:22:48,078 - INFO - 正在获取 济阳(101120106) 20250715 的天气数据...
2025-07-28 16:22:48,545 - ERROR - ❌ 济阳请求失败: 400 Client Error:  for url: https://jd46h2979n.re.qweatherapi.com/v7/historical/weather?location=101120106&date=20250715
2025-07-28 16:22:49,051 - INFO - 正在获取 市中(101120108) 20250715 的天气数据...
2025-07-28 16:22:49,460 - ERROR - ❌ 市中请求失败: 400 Client Error:  for url: https://jd46h2979n.re.qweatherapi.com/v7/historical/weather?location=101120108&date=20250715
2025-07-28 16:22:49,964 - INFO - 正在获取 槐荫(101120109) 20250715 的天气数据...
2025-07-28 16:22:50,608 - ERROR - ❌ 槐荫请求失败: 400 Client Error:  for url: https://jd46h2979n.re.qweatherapi.com/v7/historical/weather?location=101120109&date=20250715
2025-07-28 16:22:51,111 - INFO - 正在获取 天桥(101120110) 20250715 的天气数据...
2025-07-28 16:22:51,709 - ERROR - ❌ 天桥请求失败: 400 Client Error:  for url: https://jd46h2979n.re.qweatherapi.com/v7/historical/weather?location=101120110&date=20250715
2025-07-28 16:22:52,214 - INFO - 正在获取 历城(101120111) 20250715 的天气数据...
2025-07-28 16:22:52,782 - ERROR - ❌ 历城请求失败: 400 Client Error:  for url: https://jd46h2979n.re.qweatherapi.com/v7/historical/weather?location=101120111&date=20250715
2025-07-28 16:22:53,286 - INFO - 正在获取 莱芜(101121601) 20250715 的天气数据...
2025-07-28 16:22:53,791 - ERROR - ❌ 莱芜请求失败: 400 Client Error:  for url: https://jd46h2979n.re.qweatherapi.com/v7/historical/weather?location=101121601&date=20250715
2025-07-28 16:22:54,294 - INFO - 正在获取 钢城(101121603) 20250715 的天气数据...
2025-07-28 16:22:58,198 - ERROR - ❌ 钢城请求失败: 400 Client Error:  for url: https://jd46h2979n.re.qweatherapi.com/v7/historical/weather?location=101121603&date=20250715
2025-07-28 16:22:58,700 - INFO - 
📅 正在处理日期: 20250716
2025-07-28 16:22:58,700 - INFO - 正在获取 长清(101120102) 20250716 的天气数据...
2025-07-28 16:22:59,137 - ERROR - ❌ 长清请求失败: 400 Client Error:  for url: https://jd46h2979n.re.qweatherapi.com/v7/historical/weather?location=101120102&date=20250716
2025-07-28 16:22:59,638 - INFO - 正在获取 商河(101120103) 20250716 的天气数据...
2025-07-28 16:23:00,061 - ERROR - ❌ 商河请求失败: 400 Client Error:  for url: https://jd46h2979n.re.qweatherapi.com/v7/historical/weather?location=101120103&date=20250716
2025-07-28 16:23:00,565 - INFO - 正在获取 章丘(101120104) 20250716 的天气数据...
2025-07-28 16:23:02,053 - ERROR - ❌ 章丘请求失败: 400 Client Error:  for url: https://jd46h2979n.re.qweatherapi.com/v7/historical/weather?location=101120104&date=20250716
2025-07-28 16:23:02,558 - INFO - 正在获取 平阴(101120105) 20250716 的天气数据...
2025-07-28 16:23:04,025 - ERROR - ❌ 平阴请求失败: 400 Client Error:  for url: https://jd46h2979n.re.qweatherapi.com/v7/historical/weather?location=101120105&date=20250716
2025-07-28 16:23:04,530 - INFO - 正在获取 济阳(101120106) 20250716 的天气数据...
2025-07-28 16:23:04,919 - ERROR - ❌ 济阳请求失败: 400 Client Error:  for url: https://jd46h2979n.re.qweatherapi.com/v7/historical/weather?location=101120106&date=20250716
2025-07-28 16:23:05,422 - INFO - 正在获取 市中(101120108) 20250716 的天气数据...
2025-07-28 16:23:06,289 - ERROR - ❌ 市中请求失败: 400 Client Error:  for url: https://jd46h2979n.re.qweatherapi.com/v7/historical/weather?location=101120108&date=20250716
2025-07-28 16:23:06,794 - INFO - 正在获取 槐荫(101120109) 20250716 的天气数据...
2025-07-28 16:23:07,448 - ERROR - ❌ 槐荫请求失败: 400 Client Error:  for url: https://jd46h2979n.re.qweatherapi.com/v7/historical/weather?location=101120109&date=20250716
2025-07-28 16:23:07,953 - INFO - 正在获取 天桥(101120110) 20250716 的天气数据...
2025-07-28 16:23:08,364 - ERROR - ❌ 天桥请求失败: 400 Client Error:  for url: https://jd46h2979n.re.qweatherapi.com/v7/historical/weather?location=101120110&date=20250716
2025-07-28 16:23:08,869 - INFO - 正在获取 历城(101120111) 20250716 的天气数据...
2025-07-28 16:23:09,293 - ERROR - ❌ 历城请求失败: 400 Client Error:  for url: https://jd46h2979n.re.qweatherapi.com/v7/historical/weather?location=101120111&date=20250716
2025-07-28 16:23:09,794 - INFO - 正在获取 莱芜(101121601) 20250716 的天气数据...
2025-07-28 16:23:10,262 - ERROR - ❌ 莱芜请求失败: 400 Client Error:  for url: https://jd46h2979n.re.qweatherapi.com/v7/historical/weather?location=101121601&date=20250716
2025-07-28 16:23:10,768 - INFO - 正在获取 钢城(101121603) 20250716 的天气数据...
2025-07-28 16:23:11,219 - ERROR - ❌ 钢城请求失败: 400 Client Error:  for url: https://jd46h2979n.re.qweatherapi.com/v7/historical/weather?location=101121603&date=20250716
2025-07-28 16:23:11,724 - INFO - 
📅 正在处理日期: 20250717
2025-07-28 16:23:11,725 - INFO - 正在获取 长清(101120102) 20250717 的天气数据...
2025-07-28 16:23:12,102 - ERROR - ❌ 长清请求失败: 400 Client Error:  for url: https://jd46h2979n.re.qweatherapi.com/v7/historical/weather?location=101120102&date=20250717
2025-07-28 16:23:12,607 - INFO - 正在获取 商河(101120103) 20250717 的天气数据...
2025-07-28 16:23:13,000 - ERROR - ❌ 商河请求失败: 400 Client Error:  for url: https://jd46h2979n.re.qweatherapi.com/v7/historical/weather?location=101120103&date=20250717
2025-07-28 16:23:13,501 - INFO - 正在获取 章丘(101120104) 20250717 的天气数据...
2025-07-28 16:23:13,936 - ERROR - ❌ 章丘请求失败: 400 Client Error:  for url: https://jd46h2979n.re.qweatherapi.com/v7/historical/weather?location=101120104&date=20250717
2025-07-28 16:23:14,440 - INFO - 正在获取 平阴(101120105) 20250717 的天气数据...
2025-07-28 16:23:14,913 - ERROR - ❌ 平阴请求失败: 400 Client Error:  for url: https://jd46h2979n.re.qweatherapi.com/v7/historical/weather?location=101120105&date=20250717
2025-07-28 16:23:15,418 - INFO - 正在获取 济阳(101120106) 20250717 的天气数据...
2025-07-28 16:23:15,893 - ERROR - ❌ 济阳请求失败: 400 Client Error:  for url: https://jd46h2979n.re.qweatherapi.com/v7/historical/weather?location=101120106&date=20250717
2025-07-28 16:23:16,397 - INFO - 正在获取 市中(101120108) 20250717 的天气数据...
2025-07-28 16:23:16,820 - ERROR - ❌ 市中请求失败: 400 Client Error:  for url: https://jd46h2979n.re.qweatherapi.com/v7/historical/weather?location=101120108&date=20250717
2025-07-28 16:23:17,324 - INFO - 正在获取 槐荫(101120109) 20250717 的天气数据...
2025-07-28 16:23:17,726 - ERROR - ❌ 槐荫请求失败: 400 Client Error:  for url: https://jd46h2979n.re.qweatherapi.com/v7/historical/weather?location=101120109&date=20250717
2025-07-28 16:23:18,231 - INFO - 正在获取 天桥(101120110) 20250717 的天气数据...
2025-07-28 16:23:18,667 - ERROR - ❌ 天桥请求失败: 400 Client Error:  for url: https://jd46h2979n.re.qweatherapi.com/v7/historical/weather?location=101120110&date=20250717
2025-07-28 16:23:19,169 - INFO - 正在获取 历城(101120111) 20250717 的天气数据...
2025-07-28 16:23:19,574 - ERROR - ❌ 历城请求失败: 400 Client Error:  for url: https://jd46h2979n.re.qweatherapi.com/v7/historical/weather?location=101120111&date=20250717
2025-07-28 16:23:20,080 - INFO - 正在获取 莱芜(101121601) 20250717 的天气数据...
2025-07-28 16:23:20,489 - ERROR - ❌ 莱芜请求失败: 400 Client Error:  for url: https://jd46h2979n.re.qweatherapi.com/v7/historical/weather?location=101121601&date=20250717
2025-07-28 16:23:20,994 - INFO - 正在获取 钢城(101121603) 20250717 的天气数据...
2025-07-28 16:23:22,071 - ERROR - ❌ 钢城请求失败: 400 Client Error:  for url: https://jd46h2979n.re.qweatherapi.com/v7/historical/weather?location=101121603&date=20250717
2025-07-28 16:23:22,576 - INFO - 
📅 正在处理日期: 20250718
2025-07-28 16:23:22,577 - INFO - 正在获取 长清(101120102) 20250718 的天气数据...
2025-07-28 16:23:23,032 - INFO - ✅ 成功获取长清天气数据，共 24 条记录
2025-07-28 16:23:23,047 - INFO - ✅ 长清 20250718 数据保存成功
2025-07-28 16:23:23,549 - INFO - 正在获取 商河(101120103) 20250718 的天气数据...
2025-07-28 16:23:24,331 - INFO - ✅ 成功获取商河天气数据，共 24 条记录
2025-07-28 16:23:24,346 - INFO - ✅ 商河 20250718 数据保存成功
2025-07-28 16:23:24,850 - INFO - 正在获取 章丘(101120104) 20250718 的天气数据...
2025-07-28 16:23:25,262 - INFO - ✅ 成功获取章丘天气数据，共 24 条记录
2025-07-28 16:23:25,275 - INFO - ✅ 章丘 20250718 数据保存成功
2025-07-28 16:23:25,780 - INFO - 正在获取 平阴(101120105) 20250718 的天气数据...
2025-07-28 16:23:27,654 - INFO - ✅ 成功获取平阴天气数据，共 24 条记录
2025-07-28 16:23:27,669 - INFO - ✅ 平阴 20250718 数据保存成功
2025-07-28 16:23:28,172 - INFO - 正在获取 济阳(101120106) 20250718 的天气数据...
2025-07-28 16:23:28,627 - INFO - ✅ 成功获取济阳天气数据，共 24 条记录
2025-07-28 16:23:28,641 - INFO - ✅ 济阳 20250718 数据保存成功
2025-07-28 16:23:29,146 - INFO - 正在获取 市中(101120108) 20250718 的天气数据...
2025-07-28 16:23:29,615 - INFO - ✅ 成功获取市中天气数据，共 24 条记录
2025-07-28 16:23:29,628 - INFO - ✅ 市中 20250718 数据保存成功
2025-07-28 16:23:30,131 - INFO - 正在获取 槐荫(101120109) 20250718 的天气数据...
2025-07-28 16:23:30,998 - INFO - ✅ 成功获取槐荫天气数据，共 24 条记录
2025-07-28 16:23:31,014 - INFO - ✅ 槐荫 20250718 数据保存成功
2025-07-28 16:23:31,519 - INFO - 正在获取 天桥(101120110) 20250718 的天气数据...
2025-07-28 16:23:32,169 - INFO - ✅ 成功获取天桥天气数据，共 24 条记录
2025-07-28 16:23:32,187 - INFO - ✅ 天桥 20250718 数据保存成功
2025-07-28 16:23:32,690 - INFO - 正在获取 历城(101120111) 20250718 的天气数据...
2025-07-28 16:23:33,135 - INFO - ✅ 成功获取历城天气数据，共 24 条记录
2025-07-28 16:23:33,150 - INFO - ✅ 历城 20250718 数据保存成功
2025-07-28 16:23:33,654 - INFO - 正在获取 莱芜(101121601) 20250718 的天气数据...
2025-07-28 16:23:34,183 - INFO - ✅ 成功获取莱芜天气数据，共 24 条记录
2025-07-28 16:23:34,198 - INFO - ✅ 莱芜 20250718 数据保存成功
2025-07-28 16:23:34,702 - INFO - 正在获取 钢城(101121603) 20250718 的天气数据...
2025-07-28 16:23:35,340 - INFO - ✅ 成功获取钢城天气数据，共 24 条记录
2025-07-28 16:23:35,358 - INFO - ✅ 钢城 20250718 数据保存成功
2025-07-28 16:23:35,863 - INFO - 
📅 正在处理日期: 20250719
2025-07-28 16:23:35,863 - INFO - 正在获取 长清(101120102) 20250719 的天气数据...
2025-07-28 16:23:36,429 - INFO - ✅ 成功获取长清天气数据，共 24 条记录
2025-07-28 16:23:36,446 - INFO - ✅ 长清 20250719 数据保存成功
2025-07-28 16:23:36,951 - INFO - 正在获取 商河(101120103) 20250719 的天气数据...
2025-07-28 16:23:37,409 - INFO - ✅ 成功获取商河天气数据，共 24 条记录
2025-07-28 16:23:37,421 - INFO - ✅ 商河 20250719 数据保存成功
2025-07-28 16:23:37,921 - INFO - 正在获取 章丘(101120104) 20250719 的天气数据...
2025-07-28 16:23:38,429 - INFO - ✅ 成功获取章丘天气数据，共 24 条记录
2025-07-28 16:23:38,443 - INFO - ✅ 章丘 20250719 数据保存成功
2025-07-28 16:23:38,948 - INFO - 正在获取 平阴(101120105) 20250719 的天气数据...
2025-07-28 16:23:39,396 - INFO - ✅ 成功获取平阴天气数据，共 24 条记录
2025-07-28 16:23:39,408 - INFO - ✅ 平阴 20250719 数据保存成功
2025-07-28 16:23:39,912 - INFO - 正在获取 济阳(101120106) 20250719 的天气数据...
2025-07-28 16:23:40,455 - INFO - ✅ 成功获取济阳天气数据，共 24 条记录
2025-07-28 16:23:40,470 - INFO - ✅ 济阳 20250719 数据保存成功
2025-07-28 16:23:40,973 - INFO - 正在获取 市中(101120108) 20250719 的天气数据...
2025-07-28 16:23:41,489 - INFO - ✅ 成功获取市中天气数据，共 24 条记录
2025-07-28 16:23:41,502 - INFO - ✅ 市中 20250719 数据保存成功
2025-07-28 16:23:42,007 - INFO - 正在获取 槐荫(101120109) 20250719 的天气数据...
2025-07-28 16:23:42,894 - INFO - ✅ 成功获取槐荫天气数据，共 24 条记录
2025-07-28 16:23:42,909 - INFO - ✅ 槐荫 20250719 数据保存成功
2025-07-28 16:23:43,413 - INFO - 正在获取 天桥(101120110) 20250719 的天气数据...
2025-07-28 16:23:44,297 - INFO - ✅ 成功获取天桥天气数据，共 24 条记录
2025-07-28 16:23:44,310 - INFO - ✅ 天桥 20250719 数据保存成功
2025-07-28 16:23:44,815 - INFO - 正在获取 历城(101120111) 20250719 的天气数据...
2025-07-28 16:23:45,263 - INFO - ✅ 成功获取历城天气数据，共 24 条记录
2025-07-28 16:23:45,283 - INFO - ✅ 历城 20250719 数据保存成功
2025-07-28 16:23:45,788 - INFO - 正在获取 莱芜(101121601) 20250719 的天气数据...
2025-07-28 16:23:46,271 - INFO - ✅ 成功获取莱芜天气数据，共 24 条记录
2025-07-28 16:23:46,282 - INFO - ✅ 莱芜 20250719 数据保存成功
2025-07-28 16:23:46,787 - INFO - 正在获取 钢城(101121603) 20250719 的天气数据...
2025-07-28 16:23:47,235 - INFO - ✅ 成功获取钢城天气数据，共 24 条记录
2025-07-28 16:23:47,246 - INFO - ✅ 钢城 20250719 数据保存成功
2025-07-28 16:23:47,751 - INFO - 
📅 正在处理日期: 20250720
2025-07-28 16:23:47,751 - INFO - 正在获取 长清(101120102) 20250720 的天气数据...
2025-07-28 16:23:48,234 - INFO - ✅ 成功获取长清天气数据，共 24 条记录
2025-07-28 16:23:48,247 - INFO - ✅ 长清 20250720 数据保存成功
2025-07-28 16:23:48,750 - INFO - 正在获取 商河(101120103) 20250720 的天气数据...
2025-07-28 16:23:49,170 - INFO - ✅ 成功获取商河天气数据，共 24 条记录
2025-07-28 16:23:49,184 - INFO - ✅ 商河 20250720 数据保存成功
2025-07-28 16:23:49,689 - INFO - 正在获取 章丘(101120104) 20250720 的天气数据...
2025-07-28 16:23:50,158 - INFO - ✅ 成功获取章丘天气数据，共 24 条记录
2025-07-28 16:23:50,171 - INFO - ✅ 章丘 20250720 数据保存成功
2025-07-28 16:23:50,675 - INFO - 正在获取 平阴(101120105) 20250720 的天气数据...
2025-07-28 16:23:51,110 - INFO - ✅ 成功获取平阴天气数据，共 24 条记录
2025-07-28 16:23:51,122 - INFO - ✅ 平阴 20250720 数据保存成功
2025-07-28 16:23:51,627 - INFO - 正在获取 济阳(101120106) 20250720 的天气数据...
2025-07-28 16:23:52,041 - INFO - ✅ 成功获取济阳天气数据，共 24 条记录
2025-07-28 16:23:52,055 - INFO - ✅ 济阳 20250720 数据保存成功
2025-07-28 16:23:52,558 - INFO - 正在获取 市中(101120108) 20250720 的天气数据...
2025-07-28 16:23:52,974 - INFO - ✅ 成功获取市中天气数据，共 24 条记录
2025-07-28 16:23:52,991 - INFO - ✅ 市中 20250720 数据保存成功
2025-07-28 16:23:53,493 - INFO - 正在获取 槐荫(101120109) 20250720 的天气数据...
2025-07-28 16:23:53,911 - INFO - ✅ 成功获取槐荫天气数据，共 24 条记录
2025-07-28 16:23:53,925 - INFO - ✅ 槐荫 20250720 数据保存成功
2025-07-28 16:23:54,426 - INFO - 正在获取 天桥(101120110) 20250720 的天气数据...
2025-07-28 16:23:54,852 - INFO - ✅ 成功获取天桥天气数据，共 24 条记录
2025-07-28 16:23:54,871 - INFO - ✅ 天桥 20250720 数据保存成功
2025-07-28 16:23:55,374 - INFO - 正在获取 历城(101120111) 20250720 的天气数据...
2025-07-28 16:23:55,795 - INFO - ✅ 成功获取历城天气数据，共 24 条记录
2025-07-28 16:23:55,806 - INFO - ✅ 历城 20250720 数据保存成功
2025-07-28 16:23:56,311 - INFO - 正在获取 莱芜(101121601) 20250720 的天气数据...
2025-07-28 16:23:56,750 - INFO - ✅ 成功获取莱芜天气数据，共 24 条记录
2025-07-28 16:23:56,763 - INFO - ✅ 莱芜 20250720 数据保存成功
2025-07-28 16:23:57,264 - INFO - 正在获取 钢城(101121603) 20250720 的天气数据...
2025-07-28 16:23:57,727 - INFO - ✅ 成功获取钢城天气数据，共 24 条记录
2025-07-28 16:23:57,739 - INFO - ✅ 钢城 20250720 数据保存成功
2025-07-28 16:23:58,244 - INFO - 
📅 正在处理日期: 20250721
2025-07-28 16:23:58,244 - INFO - 正在获取 长清(101120102) 20250721 的天气数据...
2025-07-28 16:23:58,780 - INFO - ✅ 成功获取长清天气数据，共 24 条记录
2025-07-28 16:23:58,793 - INFO - ✅ 长清 20250721 数据保存成功
2025-07-28 16:23:59,298 - INFO - 正在获取 商河(101120103) 20250721 的天气数据...
2025-07-28 16:24:00,184 - INFO - ✅ 成功获取商河天气数据，共 24 条记录
2025-07-28 16:24:00,199 - INFO - ✅ 商河 20250721 数据保存成功
2025-07-28 16:24:00,703 - INFO - 正在获取 章丘(101120104) 20250721 的天气数据...
2025-07-28 16:24:01,204 - INFO - ✅ 成功获取章丘天气数据，共 24 条记录
2025-07-28 16:24:01,217 - INFO - ✅ 章丘 20250721 数据保存成功
2025-07-28 16:24:01,722 - INFO - 正在获取 平阴(101120105) 20250721 的天气数据...
2025-07-28 16:24:02,432 - INFO - ✅ 成功获取平阴天气数据，共 24 条记录
2025-07-28 16:24:02,441 - INFO - ✅ 平阴 20250721 数据保存成功
2025-07-28 16:24:02,945 - INFO - 正在获取 济阳(101120106) 20250721 的天气数据...
2025-07-28 16:24:03,543 - INFO - ✅ 成功获取济阳天气数据，共 24 条记录
2025-07-28 16:24:03,554 - INFO - ✅ 济阳 20250721 数据保存成功
2025-07-28 16:24:04,055 - INFO - 正在获取 市中(101120108) 20250721 的天气数据...
2025-07-28 16:24:04,546 - INFO - ✅ 成功获取市中天气数据，共 24 条记录
2025-07-28 16:24:04,562 - INFO - ✅ 市中 20250721 数据保存成功
2025-07-28 16:24:05,065 - INFO - 正在获取 槐荫(101120109) 20250721 的天气数据...
2025-07-28 16:24:05,602 - INFO - ✅ 成功获取槐荫天气数据，共 24 条记录
2025-07-28 16:24:05,616 - INFO - ✅ 槐荫 20250721 数据保存成功
2025-07-28 16:24:06,122 - INFO - 正在获取 天桥(101120110) 20250721 的天气数据...
2025-07-28 16:24:06,574 - INFO - ✅ 成功获取天桥天气数据，共 24 条记录
2025-07-28 16:24:06,590 - INFO - ✅ 天桥 20250721 数据保存成功
2025-07-28 16:24:07,093 - INFO - 正在获取 历城(101120111) 20250721 的天气数据...
2025-07-28 16:24:07,896 - INFO - ✅ 成功获取历城天气数据，共 24 条记录
2025-07-28 16:24:07,909 - INFO - ✅ 历城 20250721 数据保存成功
2025-07-28 16:24:08,412 - INFO - 正在获取 莱芜(101121601) 20250721 的天气数据...
2025-07-28 16:24:08,885 - INFO - ✅ 成功获取莱芜天气数据，共 24 条记录
2025-07-28 16:24:08,901 - INFO - ✅ 莱芜 20250721 数据保存成功
2025-07-28 16:24:09,406 - INFO - 正在获取 钢城(101121603) 20250721 的天气数据...
2025-07-28 16:24:09,801 - INFO - ✅ 成功获取钢城天气数据，共 24 条记录
2025-07-28 16:24:09,813 - INFO - ✅ 钢城 20250721 数据保存成功
2025-07-28 16:24:10,316 - INFO - 
📅 正在处理日期: 20250722
2025-07-28 16:24:10,316 - INFO - 正在获取 长清(101120102) 20250722 的天气数据...
2025-07-28 16:24:10,762 - INFO - ✅ 成功获取长清天气数据，共 24 条记录
2025-07-28 16:24:10,776 - INFO - ✅ 长清 20250722 数据保存成功
2025-07-28 16:24:11,276 - INFO - 正在获取 商河(101120103) 20250722 的天气数据...
2025-07-28 16:24:11,712 - INFO - ✅ 成功获取商河天气数据，共 24 条记录
2025-07-28 16:24:11,726 - INFO - ✅ 商河 20250722 数据保存成功
2025-07-28 16:24:12,231 - INFO - 正在获取 章丘(101120104) 20250722 的天气数据...
2025-07-28 16:24:12,768 - INFO - ✅ 成功获取章丘天气数据，共 24 条记录
2025-07-28 16:24:12,794 - INFO - ✅ 章丘 20250722 数据保存成功
