2025-07-28 16:44:58,685 - INFO - 🌤️  历史气象数据收集开始
2025-07-28 16:44:58,685 - INFO - ================================================================================
2025-07-28 16:44:58,685 - INFO - ⏰ 执行时间: 2025-07-28 16:44:58
2025-07-28 16:44:58,685 - INFO - 🎯 目标:
2025-07-28 16:44:58,685 - INFO -    1. 收集11个区县的气象数据（7.12-7.26）
2025-07-28 16:44:58,685 - INFO -    2. 收集所有12个区县历史10天的气象数据
2025-07-28 16:44:58,685 - INFO -    3. 更新每日汇总数据
2025-07-28 16:44:58,685 - INFO - ================================================================================
2025-07-28 16:44:58,685 - INFO - 
🔄 步骤1: 生成JWT Token...
2025-07-28 16:44:58,685 - INFO - 🔑 生成JWT Token...
2025-07-28 16:44:58,726 - INFO - ✅ JWT Token生成成功
2025-07-28 16:44:58,726 - INFO - ✅ JWT Token生成成功
2025-07-28 16:44:58,726 - INFO - 
🔄 步骤2: 收集缺失的11个区县气象数据...
2025-07-28 16:44:58,726 - INFO - 🏘️ 开始收集缺失的11个区县气象数据...
2025-07-28 16:44:58,994 - INFO - 
📅 正在处理日期: 20250712
2025-07-28 16:44:58,995 - INFO - 正在获取 长清(101120102) 20250712 的天气数据...
2025-07-28 16:44:59,535 - ERROR - ❌ 长清请求失败: 400 Client Error:  for url: https://jd46h2979n.re.qweatherapi.com/v7/historical/weather?location=101120102&date=20250712
2025-07-28 16:45:00,041 - INFO - 正在获取 商河(101120103) 20250712 的天气数据...
2025-07-28 16:45:00,472 - ERROR - ❌ 商河请求失败: 400 Client Error:  for url: https://jd46h2979n.re.qweatherapi.com/v7/historical/weather?location=101120103&date=20250712
2025-07-28 16:45:00,976 - INFO - 正在获取 章丘(101120104) 20250712 的天气数据...
2025-07-28 16:45:01,377 - ERROR - ❌ 章丘请求失败: 400 Client Error:  for url: https://jd46h2979n.re.qweatherapi.com/v7/historical/weather?location=101120104&date=20250712
2025-07-28 16:45:01,879 - INFO - 正在获取 平阴(101120105) 20250712 的天气数据...
2025-07-28 16:45:02,335 - ERROR - ❌ 平阴请求失败: 400 Client Error:  for url: https://jd46h2979n.re.qweatherapi.com/v7/historical/weather?location=101120105&date=20250712
2025-07-28 16:45:02,839 - INFO - 正在获取 济阳(101120106) 20250712 的天气数据...
2025-07-28 16:45:03,249 - ERROR - ❌ 济阳请求失败: 400 Client Error:  for url: https://jd46h2979n.re.qweatherapi.com/v7/historical/weather?location=101120106&date=20250712
2025-07-28 16:45:03,752 - INFO - 正在获取 市中(101120108) 20250712 的天气数据...
2025-07-28 16:45:04,170 - ERROR - ❌ 市中请求失败: 400 Client Error:  for url: https://jd46h2979n.re.qweatherapi.com/v7/historical/weather?location=101120108&date=20250712
2025-07-28 16:45:04,676 - INFO - 正在获取 槐荫(101120109) 20250712 的天气数据...
2025-07-28 16:45:05,084 - ERROR - ❌ 槐荫请求失败: 400 Client Error:  for url: https://jd46h2979n.re.qweatherapi.com/v7/historical/weather?location=101120109&date=20250712
2025-07-28 16:45:05,589 - INFO - 正在获取 天桥(101120110) 20250712 的天气数据...
2025-07-28 16:45:05,987 - ERROR - ❌ 天桥请求失败: 400 Client Error:  for url: https://jd46h2979n.re.qweatherapi.com/v7/historical/weather?location=101120110&date=20250712
2025-07-28 16:45:06,492 - INFO - 正在获取 历城(101120111) 20250712 的天气数据...
2025-07-28 16:45:06,952 - ERROR - ❌ 历城请求失败: 400 Client Error:  for url: https://jd46h2979n.re.qweatherapi.com/v7/historical/weather?location=101120111&date=20250712
2025-07-28 16:45:07,455 - INFO - 正在获取 莱芜(101121601) 20250712 的天气数据...
2025-07-28 16:45:07,869 - ERROR - ❌ 莱芜请求失败: 400 Client Error:  for url: https://jd46h2979n.re.qweatherapi.com/v7/historical/weather?location=101121601&date=20250712
2025-07-28 16:45:08,373 - INFO - 正在获取 钢城(101121603) 20250712 的天气数据...
2025-07-28 16:45:08,797 - ERROR - ❌ 钢城请求失败: 400 Client Error:  for url: https://jd46h2979n.re.qweatherapi.com/v7/historical/weather?location=101121603&date=20250712
2025-07-28 16:45:09,303 - INFO - 
📅 正在处理日期: 20250713
2025-07-28 16:45:09,303 - INFO - 正在获取 长清(101120102) 20250713 的天气数据...
2025-07-28 16:45:09,718 - ERROR - ❌ 长清请求失败: 400 Client Error:  for url: https://jd46h2979n.re.qweatherapi.com/v7/historical/weather?location=101120102&date=20250713
2025-07-28 16:45:10,223 - INFO - 正在获取 商河(101120103) 20250713 的天气数据...
2025-07-28 16:45:10,638 - ERROR - ❌ 商河请求失败: 400 Client Error:  for url: https://jd46h2979n.re.qweatherapi.com/v7/historical/weather?location=101120103&date=20250713
2025-07-28 16:45:11,139 - INFO - 正在获取 章丘(101120104) 20250713 的天气数据...
2025-07-28 16:45:11,548 - ERROR - ❌ 章丘请求失败: 400 Client Error:  for url: https://jd46h2979n.re.qweatherapi.com/v7/historical/weather?location=101120104&date=20250713
2025-07-28 16:45:12,054 - INFO - 正在获取 平阴(101120105) 20250713 的天气数据...
2025-07-28 16:45:12,465 - ERROR - ❌ 平阴请求失败: 400 Client Error:  for url: https://jd46h2979n.re.qweatherapi.com/v7/historical/weather?location=101120105&date=20250713
2025-07-28 16:45:12,970 - INFO - 正在获取 济阳(101120106) 20250713 的天气数据...
2025-07-28 16:45:13,410 - ERROR - ❌ 济阳请求失败: 400 Client Error:  for url: https://jd46h2979n.re.qweatherapi.com/v7/historical/weather?location=101120106&date=20250713
2025-07-28 16:45:13,913 - INFO - 正在获取 市中(101120108) 20250713 的天气数据...
2025-07-28 16:45:14,758 - ERROR - ❌ 市中请求失败: 400 Client Error:  for url: https://jd46h2979n.re.qweatherapi.com/v7/historical/weather?location=101120108&date=20250713
2025-07-28 16:45:15,264 - INFO - 正在获取 槐荫(101120109) 20250713 的天气数据...
2025-07-28 16:45:15,774 - ERROR - ❌ 槐荫请求失败: 400 Client Error:  for url: https://jd46h2979n.re.qweatherapi.com/v7/historical/weather?location=101120109&date=20250713
2025-07-28 16:45:16,275 - INFO - 正在获取 天桥(101120110) 20250713 的天气数据...
2025-07-28 16:45:17,399 - ERROR - ❌ 天桥请求失败: 400 Client Error:  for url: https://jd46h2979n.re.qweatherapi.com/v7/historical/weather?location=101120110&date=20250713
2025-07-28 16:45:17,905 - INFO - 正在获取 历城(101120111) 20250713 的天气数据...
2025-07-28 16:45:19,024 - ERROR - ❌ 历城请求失败: 400 Client Error:  for url: https://jd46h2979n.re.qweatherapi.com/v7/historical/weather?location=101120111&date=20250713
2025-07-28 16:45:19,528 - INFO - 正在获取 莱芜(101121601) 20250713 的天气数据...
2025-07-28 16:45:20,327 - ERROR - ❌ 莱芜请求失败: 400 Client Error:  for url: https://jd46h2979n.re.qweatherapi.com/v7/historical/weather?location=101121601&date=20250713
2025-07-28 16:45:20,832 - INFO - 正在获取 钢城(101121603) 20250713 的天气数据...
2025-07-28 16:45:21,263 - ERROR - ❌ 钢城请求失败: 400 Client Error:  for url: https://jd46h2979n.re.qweatherapi.com/v7/historical/weather?location=101121603&date=20250713
2025-07-28 16:45:21,764 - INFO - 
📅 正在处理日期: 20250714
2025-07-28 16:45:21,764 - INFO - 正在获取 长清(101120102) 20250714 的天气数据...
2025-07-28 16:45:22,203 - ERROR - ❌ 长清请求失败: 400 Client Error:  for url: https://jd46h2979n.re.qweatherapi.com/v7/historical/weather?location=101120102&date=20250714
2025-07-28 16:45:22,705 - INFO - 正在获取 商河(101120103) 20250714 的天气数据...
2025-07-28 16:45:24,255 - ERROR - ❌ 商河请求失败: 400 Client Error:  for url: https://jd46h2979n.re.qweatherapi.com/v7/historical/weather?location=101120103&date=20250714
2025-07-28 16:45:24,761 - INFO - 正在获取 章丘(101120104) 20250714 的天气数据...
2025-07-28 16:45:25,163 - ERROR - ❌ 章丘请求失败: 400 Client Error:  for url: https://jd46h2979n.re.qweatherapi.com/v7/historical/weather?location=101120104&date=20250714
2025-07-28 16:45:25,666 - INFO - 正在获取 平阴(101120105) 20250714 的天气数据...
2025-07-28 16:45:26,379 - ERROR - ❌ 平阴请求失败: 400 Client Error:  for url: https://jd46h2979n.re.qweatherapi.com/v7/historical/weather?location=101120105&date=20250714
2025-07-28 16:45:26,881 - INFO - 正在获取 济阳(101120106) 20250714 的天气数据...
2025-07-28 16:45:27,367 - ERROR - ❌ 济阳请求失败: 400 Client Error:  for url: https://jd46h2979n.re.qweatherapi.com/v7/historical/weather?location=101120106&date=20250714
2025-07-28 16:45:27,867 - INFO - 正在获取 市中(101120108) 20250714 的天气数据...
2025-07-28 16:45:28,484 - ERROR - ❌ 市中请求失败: 400 Client Error:  for url: https://jd46h2979n.re.qweatherapi.com/v7/historical/weather?location=101120108&date=20250714
2025-07-28 16:45:28,990 - INFO - 正在获取 槐荫(101120109) 20250714 的天气数据...
2025-07-28 16:45:29,431 - ERROR - ❌ 槐荫请求失败: 400 Client Error:  for url: https://jd46h2979n.re.qweatherapi.com/v7/historical/weather?location=101120109&date=20250714
2025-07-28 16:45:29,936 - INFO - 正在获取 天桥(101120110) 20250714 的天气数据...
2025-07-28 16:45:32,203 - ERROR - ❌ 天桥请求失败: 400 Client Error:  for url: https://jd46h2979n.re.qweatherapi.com/v7/historical/weather?location=101120110&date=20250714
2025-07-28 16:45:32,709 - INFO - 正在获取 历城(101120111) 20250714 的天气数据...
2025-07-28 16:45:33,152 - ERROR - ❌ 历城请求失败: 400 Client Error:  for url: https://jd46h2979n.re.qweatherapi.com/v7/historical/weather?location=101120111&date=20250714
2025-07-28 16:45:33,655 - INFO - 正在获取 莱芜(101121601) 20250714 的天气数据...
2025-07-28 16:45:34,162 - ERROR - ❌ 莱芜请求失败: 400 Client Error:  for url: https://jd46h2979n.re.qweatherapi.com/v7/historical/weather?location=101121601&date=20250714
2025-07-28 16:45:34,663 - INFO - 正在获取 钢城(101121603) 20250714 的天气数据...
2025-07-28 16:45:35,082 - ERROR - ❌ 钢城请求失败: 400 Client Error:  for url: https://jd46h2979n.re.qweatherapi.com/v7/historical/weather?location=101121603&date=20250714
2025-07-28 16:45:35,586 - INFO - 
📅 正在处理日期: 20250715
2025-07-28 16:45:35,586 - INFO - 正在获取 长清(101120102) 20250715 的天气数据...
2025-07-28 16:45:36,042 - ERROR - ❌ 长清请求失败: 400 Client Error:  for url: https://jd46h2979n.re.qweatherapi.com/v7/historical/weather?location=101120102&date=20250715
2025-07-28 16:45:36,548 - INFO - 正在获取 商河(101120103) 20250715 的天气数据...
2025-07-28 16:45:37,004 - ERROR - ❌ 商河请求失败: 400 Client Error:  for url: https://jd46h2979n.re.qweatherapi.com/v7/historical/weather?location=101120103&date=20250715
2025-07-28 16:45:37,508 - INFO - 正在获取 章丘(101120104) 20250715 的天气数据...
2025-07-28 16:45:37,941 - ERROR - ❌ 章丘请求失败: 400 Client Error:  for url: https://jd46h2979n.re.qweatherapi.com/v7/historical/weather?location=101120104&date=20250715
2025-07-28 16:45:38,447 - INFO - 正在获取 平阴(101120105) 20250715 的天气数据...
2025-07-28 16:45:38,855 - ERROR - ❌ 平阴请求失败: 400 Client Error:  for url: https://jd46h2979n.re.qweatherapi.com/v7/historical/weather?location=101120105&date=20250715
2025-07-28 16:45:39,358 - INFO - 正在获取 济阳(101120106) 20250715 的天气数据...
2025-07-28 16:45:39,778 - ERROR - ❌ 济阳请求失败: 400 Client Error:  for url: https://jd46h2979n.re.qweatherapi.com/v7/historical/weather?location=101120106&date=20250715
2025-07-28 16:45:40,280 - INFO - 正在获取 市中(101120108) 20250715 的天气数据...
2025-07-28 16:45:40,693 - ERROR - ❌ 市中请求失败: 400 Client Error:  for url: https://jd46h2979n.re.qweatherapi.com/v7/historical/weather?location=101120108&date=20250715
2025-07-28 16:45:41,198 - INFO - 正在获取 槐荫(101120109) 20250715 的天气数据...
2025-07-28 16:45:41,623 - ERROR - ❌ 槐荫请求失败: 400 Client Error:  for url: https://jd46h2979n.re.qweatherapi.com/v7/historical/weather?location=101120109&date=20250715
2025-07-28 16:45:42,127 - INFO - 正在获取 天桥(101120110) 20250715 的天气数据...
2025-07-28 16:45:42,582 - ERROR - ❌ 天桥请求失败: 400 Client Error:  for url: https://jd46h2979n.re.qweatherapi.com/v7/historical/weather?location=101120110&date=20250715
2025-07-28 16:45:43,083 - INFO - 正在获取 历城(101120111) 20250715 的天气数据...
2025-07-28 16:45:43,498 - ERROR - ❌ 历城请求失败: 400 Client Error:  for url: https://jd46h2979n.re.qweatherapi.com/v7/historical/weather?location=101120111&date=20250715
2025-07-28 16:45:44,000 - INFO - 正在获取 莱芜(101121601) 20250715 的天气数据...
2025-07-28 16:45:44,442 - ERROR - ❌ 莱芜请求失败: 400 Client Error:  for url: https://jd46h2979n.re.qweatherapi.com/v7/historical/weather?location=101121601&date=20250715
2025-07-28 16:45:44,948 - INFO - 正在获取 钢城(101121603) 20250715 的天气数据...
2025-07-28 16:45:45,365 - ERROR - ❌ 钢城请求失败: 400 Client Error:  for url: https://jd46h2979n.re.qweatherapi.com/v7/historical/weather?location=101121603&date=20250715
2025-07-28 16:45:45,870 - INFO - 
📅 正在处理日期: 20250716
2025-07-28 16:45:45,871 - INFO - 正在获取 长清(101120102) 20250716 的天气数据...
2025-07-28 16:45:46,346 - ERROR - ❌ 长清请求失败: 400 Client Error:  for url: https://jd46h2979n.re.qweatherapi.com/v7/historical/weather?location=101120102&date=20250716
2025-07-28 16:45:46,850 - INFO - 正在获取 商河(101120103) 20250716 的天气数据...
2025-07-28 16:45:47,253 - ERROR - ❌ 商河请求失败: 400 Client Error:  for url: https://jd46h2979n.re.qweatherapi.com/v7/historical/weather?location=101120103&date=20250716
2025-07-28 16:45:47,757 - INFO - 正在获取 章丘(101120104) 20250716 的天气数据...
2025-07-28 16:45:48,163 - ERROR - ❌ 章丘请求失败: 400 Client Error:  for url: https://jd46h2979n.re.qweatherapi.com/v7/historical/weather?location=101120104&date=20250716
2025-07-28 16:45:48,668 - INFO - 正在获取 平阴(101120105) 20250716 的天气数据...
2025-07-28 16:45:49,085 - ERROR - ❌ 平阴请求失败: 400 Client Error:  for url: https://jd46h2979n.re.qweatherapi.com/v7/historical/weather?location=101120105&date=20250716
2025-07-28 16:45:49,591 - INFO - 正在获取 济阳(101120106) 20250716 的天气数据...
2025-07-28 16:45:50,021 - ERROR - ❌ 济阳请求失败: 400 Client Error:  for url: https://jd46h2979n.re.qweatherapi.com/v7/historical/weather?location=101120106&date=20250716
2025-07-28 16:45:50,523 - INFO - 正在获取 市中(101120108) 20250716 的天气数据...
2025-07-28 16:45:50,927 - ERROR - ❌ 市中请求失败: 400 Client Error:  for url: https://jd46h2979n.re.qweatherapi.com/v7/historical/weather?location=101120108&date=20250716
2025-07-28 16:45:51,429 - INFO - 正在获取 槐荫(101120109) 20250716 的天气数据...
2025-07-28 16:45:51,834 - ERROR - ❌ 槐荫请求失败: 400 Client Error:  for url: https://jd46h2979n.re.qweatherapi.com/v7/historical/weather?location=101120109&date=20250716
2025-07-28 16:45:52,339 - INFO - 正在获取 天桥(101120110) 20250716 的天气数据...
2025-07-28 16:45:52,794 - ERROR - ❌ 天桥请求失败: 400 Client Error:  for url: https://jd46h2979n.re.qweatherapi.com/v7/historical/weather?location=101120110&date=20250716
2025-07-28 16:45:53,299 - INFO - 正在获取 历城(101120111) 20250716 的天气数据...
2025-07-28 16:45:53,735 - ERROR - ❌ 历城请求失败: 400 Client Error:  for url: https://jd46h2979n.re.qweatherapi.com/v7/historical/weather?location=101120111&date=20250716
2025-07-28 16:45:54,241 - INFO - 正在获取 莱芜(101121601) 20250716 的天气数据...
2025-07-28 16:45:54,682 - ERROR - ❌ 莱芜请求失败: 400 Client Error:  for url: https://jd46h2979n.re.qweatherapi.com/v7/historical/weather?location=101121601&date=20250716
2025-07-28 16:45:55,187 - INFO - 正在获取 钢城(101121603) 20250716 的天气数据...
2025-07-28 16:45:55,628 - ERROR - ❌ 钢城请求失败: 400 Client Error:  for url: https://jd46h2979n.re.qweatherapi.com/v7/historical/weather?location=101121603&date=20250716
2025-07-28 16:45:56,133 - INFO - 
📅 正在处理日期: 20250717
2025-07-28 16:45:56,134 - INFO - 正在获取 长清(101120102) 20250717 的天气数据...
2025-07-28 16:45:56,556 - ERROR - ❌ 长清请求失败: 400 Client Error:  for url: https://jd46h2979n.re.qweatherapi.com/v7/historical/weather?location=101120102&date=20250717
2025-07-28 16:45:57,057 - INFO - 正在获取 商河(101120103) 20250717 的天气数据...
2025-07-28 16:45:57,482 - ERROR - ❌ 商河请求失败: 400 Client Error:  for url: https://jd46h2979n.re.qweatherapi.com/v7/historical/weather?location=101120103&date=20250717
2025-07-28 16:45:57,987 - INFO - 正在获取 章丘(101120104) 20250717 的天气数据...
2025-07-28 16:45:58,380 - ERROR - ❌ 章丘请求失败: 400 Client Error:  for url: https://jd46h2979n.re.qweatherapi.com/v7/historical/weather?location=101120104&date=20250717
2025-07-28 16:45:58,881 - INFO - 正在获取 平阴(101120105) 20250717 的天气数据...
2025-07-28 16:45:59,382 - ERROR - ❌ 平阴请求失败: 400 Client Error:  for url: https://jd46h2979n.re.qweatherapi.com/v7/historical/weather?location=101120105&date=20250717
2025-07-28 16:45:59,885 - INFO - 正在获取 济阳(101120106) 20250717 的天气数据...
2025-07-28 16:46:00,313 - ERROR - ❌ 济阳请求失败: 400 Client Error:  for url: https://jd46h2979n.re.qweatherapi.com/v7/historical/weather?location=101120106&date=20250717
2025-07-28 16:46:00,816 - INFO - 正在获取 市中(101120108) 20250717 的天气数据...
2025-07-28 16:46:01,240 - ERROR - ❌ 市中请求失败: 400 Client Error:  for url: https://jd46h2979n.re.qweatherapi.com/v7/historical/weather?location=101120108&date=20250717
2025-07-28 16:46:01,743 - INFO - 正在获取 槐荫(101120109) 20250717 的天气数据...
2025-07-28 16:46:02,165 - ERROR - ❌ 槐荫请求失败: 400 Client Error:  for url: https://jd46h2979n.re.qweatherapi.com/v7/historical/weather?location=101120109&date=20250717
2025-07-28 16:46:02,669 - INFO - 正在获取 天桥(101120110) 20250717 的天气数据...
2025-07-28 16:46:03,063 - ERROR - ❌ 天桥请求失败: 400 Client Error:  for url: https://jd46h2979n.re.qweatherapi.com/v7/historical/weather?location=101120110&date=20250717
2025-07-28 16:46:03,568 - INFO - 正在获取 历城(101120111) 20250717 的天气数据...
2025-07-28 16:46:04,007 - ERROR - ❌ 历城请求失败: 400 Client Error:  for url: https://jd46h2979n.re.qweatherapi.com/v7/historical/weather?location=101120111&date=20250717
2025-07-28 16:46:04,513 - INFO - 正在获取 莱芜(101121601) 20250717 的天气数据...
2025-07-28 16:46:04,929 - ERROR - ❌ 莱芜请求失败: 400 Client Error:  for url: https://jd46h2979n.re.qweatherapi.com/v7/historical/weather?location=101121601&date=20250717
2025-07-28 16:46:05,434 - INFO - 正在获取 钢城(101121603) 20250717 的天气数据...
2025-07-28 16:46:05,912 - ERROR - ❌ 钢城请求失败: 400 Client Error:  for url: https://jd46h2979n.re.qweatherapi.com/v7/historical/weather?location=101121603&date=20250717
2025-07-28 16:46:06,413 - INFO - 
📅 正在处理日期: 20250718
2025-07-28 16:46:06,413 - INFO - 正在获取 长清(101120102) 20250718 的天气数据...
2025-07-28 16:46:06,872 - INFO - ✅ 成功获取长清天气数据，共 24 条记录
2025-07-28 16:46:06,893 - INFO - ✅ 长清 20250718 数据保存成功
2025-07-28 16:46:07,399 - INFO - 正在获取 商河(101120103) 20250718 的天气数据...
2025-07-28 16:46:07,820 - INFO - ✅ 成功获取商河天气数据，共 24 条记录
2025-07-28 16:46:07,835 - INFO - ✅ 商河 20250718 数据保存成功
2025-07-28 16:46:08,339 - INFO - 正在获取 章丘(101120104) 20250718 的天气数据...
2025-07-28 16:46:08,749 - INFO - ✅ 成功获取章丘天气数据，共 24 条记录
2025-07-28 16:46:08,765 - INFO - ✅ 章丘 20250718 数据保存成功
2025-07-28 16:46:09,267 - INFO - 正在获取 平阴(101120105) 20250718 的天气数据...
2025-07-28 16:46:09,671 - INFO - ✅ 成功获取平阴天气数据，共 24 条记录
2025-07-28 16:46:09,682 - INFO - ✅ 平阴 20250718 数据保存成功
2025-07-28 16:46:10,184 - INFO - 正在获取 济阳(101120106) 20250718 的天气数据...
2025-07-28 16:46:10,579 - INFO - ✅ 成功获取济阳天气数据，共 24 条记录
2025-07-28 16:46:10,592 - INFO - ✅ 济阳 20250718 数据保存成功
2025-07-28 16:46:11,097 - INFO - 正在获取 市中(101120108) 20250718 的天气数据...
2025-07-28 16:46:12,262 - INFO - ✅ 成功获取市中天气数据，共 24 条记录
2025-07-28 16:46:12,277 - INFO - ✅ 市中 20250718 数据保存成功
2025-07-28 16:46:12,782 - INFO - 正在获取 槐荫(101120109) 20250718 的天气数据...
2025-07-28 16:46:13,200 - INFO - ✅ 成功获取槐荫天气数据，共 24 条记录
2025-07-28 16:46:13,217 - INFO - ✅ 槐荫 20250718 数据保存成功
2025-07-28 16:46:13,722 - INFO - 正在获取 天桥(101120110) 20250718 的天气数据...
2025-07-28 16:46:14,169 - INFO - ✅ 成功获取天桥天气数据，共 24 条记录
2025-07-28 16:46:14,185 - INFO - ✅ 天桥 20250718 数据保存成功
2025-07-28 16:46:14,690 - INFO - 正在获取 历城(101120111) 20250718 的天气数据...
2025-07-28 16:46:15,143 - INFO - ✅ 成功获取历城天气数据，共 24 条记录
2025-07-28 16:46:15,163 - INFO - ✅ 历城 20250718 数据保存成功
2025-07-28 16:46:15,668 - INFO - 正在获取 莱芜(101121601) 20250718 的天气数据...
2025-07-28 16:46:16,171 - INFO - ✅ 成功获取莱芜天气数据，共 24 条记录
2025-07-28 16:46:16,185 - INFO - ✅ 莱芜 20250718 数据保存成功
2025-07-28 16:46:16,688 - INFO - 正在获取 钢城(101121603) 20250718 的天气数据...
2025-07-28 16:46:17,096 - INFO - ✅ 成功获取钢城天气数据，共 24 条记录
2025-07-28 16:46:17,111 - INFO - ✅ 钢城 20250718 数据保存成功
2025-07-28 16:46:17,616 - INFO - 
📅 正在处理日期: 20250719
2025-07-28 16:46:17,616 - INFO - 正在获取 长清(101120102) 20250719 的天气数据...
2025-07-28 16:46:18,020 - INFO - ✅ 成功获取长清天气数据，共 24 条记录
2025-07-28 16:46:18,032 - INFO - ✅ 长清 20250719 数据保存成功
2025-07-28 16:46:18,537 - INFO - 正在获取 商河(101120103) 20250719 的天气数据...
2025-07-28 16:46:18,950 - INFO - ✅ 成功获取商河天气数据，共 24 条记录
2025-07-28 16:46:18,965 - INFO - ✅ 商河 20250719 数据保存成功
2025-07-28 16:46:19,469 - INFO - 正在获取 章丘(101120104) 20250719 的天气数据...
2025-07-28 16:46:19,901 - INFO - ✅ 成功获取章丘天气数据，共 24 条记录
2025-07-28 16:46:19,914 - INFO - ✅ 章丘 20250719 数据保存成功
2025-07-28 16:46:20,418 - INFO - 正在获取 平阴(101120105) 20250719 的天气数据...
2025-07-28 16:46:20,829 - INFO - ✅ 成功获取平阴天气数据，共 24 条记录
2025-07-28 16:46:20,841 - INFO - ✅ 平阴 20250719 数据保存成功
2025-07-28 16:46:21,346 - INFO - 正在获取 济阳(101120106) 20250719 的天气数据...
2025-07-28 16:46:21,781 - INFO - ✅ 成功获取济阳天气数据，共 24 条记录
2025-07-28 16:46:21,795 - INFO - ✅ 济阳 20250719 数据保存成功
2025-07-28 16:46:22,297 - INFO - 正在获取 市中(101120108) 20250719 的天气数据...
2025-07-28 16:46:22,760 - INFO - ✅ 成功获取市中天气数据，共 24 条记录
2025-07-28 16:46:22,772 - INFO - ✅ 市中 20250719 数据保存成功
2025-07-28 16:46:23,278 - INFO - 正在获取 槐荫(101120109) 20250719 的天气数据...
2025-07-28 16:46:23,728 - INFO - ✅ 成功获取槐荫天气数据，共 24 条记录
2025-07-28 16:46:23,742 - INFO - ✅ 槐荫 20250719 数据保存成功
2025-07-28 16:46:24,248 - INFO - 正在获取 天桥(101120110) 20250719 的天气数据...
2025-07-28 16:46:24,658 - INFO - ✅ 成功获取天桥天气数据，共 24 条记录
2025-07-28 16:46:24,668 - INFO - ✅ 天桥 20250719 数据保存成功
2025-07-28 16:46:25,170 - INFO - 正在获取 历城(101120111) 20250719 的天气数据...
2025-07-28 16:46:25,614 - INFO - ✅ 成功获取历城天气数据，共 24 条记录
2025-07-28 16:46:25,627 - INFO - ✅ 历城 20250719 数据保存成功
2025-07-28 16:46:26,132 - INFO - 正在获取 莱芜(101121601) 20250719 的天气数据...
2025-07-28 16:46:26,557 - INFO - ✅ 成功获取莱芜天气数据，共 24 条记录
2025-07-28 16:46:26,569 - INFO - ✅ 莱芜 20250719 数据保存成功
2025-07-28 16:46:27,071 - INFO - 正在获取 钢城(101121603) 20250719 的天气数据...
2025-07-28 16:46:27,557 - INFO - ✅ 成功获取钢城天气数据，共 24 条记录
2025-07-28 16:46:27,567 - INFO - ✅ 钢城 20250719 数据保存成功
2025-07-28 16:46:28,072 - INFO - 
📅 正在处理日期: 20250720
2025-07-28 16:46:28,073 - INFO - 正在获取 长清(101120102) 20250720 的天气数据...
2025-07-28 16:46:28,485 - INFO - ✅ 成功获取长清天气数据，共 24 条记录
2025-07-28 16:46:28,499 - INFO - ✅ 长清 20250720 数据保存成功
2025-07-28 16:46:29,004 - INFO - 正在获取 商河(101120103) 20250720 的天气数据...
2025-07-28 16:46:29,403 - INFO - ✅ 成功获取商河天气数据，共 24 条记录
2025-07-28 16:46:29,416 - INFO - ✅ 商河 20250720 数据保存成功
2025-07-28 16:46:29,919 - INFO - 正在获取 章丘(101120104) 20250720 的天气数据...
2025-07-28 16:46:30,335 - INFO - ✅ 成功获取章丘天气数据，共 24 条记录
2025-07-28 16:46:30,350 - INFO - ✅ 章丘 20250720 数据保存成功
2025-07-28 16:46:30,855 - INFO - 正在获取 平阴(101120105) 20250720 的天气数据...
2025-07-28 16:46:31,290 - INFO - ✅ 成功获取平阴天气数据，共 24 条记录
2025-07-28 16:46:31,302 - INFO - ✅ 平阴 20250720 数据保存成功
2025-07-28 16:46:31,808 - INFO - 正在获取 济阳(101120106) 20250720 的天气数据...
2025-07-28 16:46:32,221 - INFO - ✅ 成功获取济阳天气数据，共 24 条记录
2025-07-28 16:46:32,236 - INFO - ✅ 济阳 20250720 数据保存成功
2025-07-28 16:46:32,741 - INFO - 正在获取 市中(101120108) 20250720 的天气数据...
2025-07-28 16:46:33,164 - INFO - ✅ 成功获取市中天气数据，共 24 条记录
2025-07-28 16:46:33,181 - INFO - ✅ 市中 20250720 数据保存成功
2025-07-28 16:46:33,686 - INFO - 正在获取 槐荫(101120109) 20250720 的天气数据...
2025-07-28 16:46:34,124 - INFO - ✅ 成功获取槐荫天气数据，共 24 条记录
2025-07-28 16:46:34,136 - INFO - ✅ 槐荫 20250720 数据保存成功
2025-07-28 16:46:34,638 - INFO - 正在获取 天桥(101120110) 20250720 的天气数据...
2025-07-28 16:46:35,070 - INFO - ✅ 成功获取天桥天气数据，共 24 条记录
2025-07-28 16:46:35,082 - INFO - ✅ 天桥 20250720 数据保存成功
2025-07-28 16:46:35,586 - INFO - 正在获取 历城(101120111) 20250720 的天气数据...
2025-07-28 16:46:36,010 - INFO - ✅ 成功获取历城天气数据，共 24 条记录
2025-07-28 16:46:36,021 - INFO - ✅ 历城 20250720 数据保存成功
2025-07-28 16:46:36,526 - INFO - 正在获取 莱芜(101121601) 20250720 的天气数据...
2025-07-28 16:46:36,949 - INFO - ✅ 成功获取莱芜天气数据，共 24 条记录
2025-07-28 16:46:36,961 - INFO - ✅ 莱芜 20250720 数据保存成功
2025-07-28 16:46:37,464 - INFO - 正在获取 钢城(101121603) 20250720 的天气数据...
2025-07-28 16:46:37,897 - INFO - ✅ 成功获取钢城天气数据，共 24 条记录
2025-07-28 16:46:37,910 - INFO - ✅ 钢城 20250720 数据保存成功
2025-07-28 16:46:38,416 - INFO - 
📅 正在处理日期: 20250721
2025-07-28 16:46:38,416 - INFO - 正在获取 长清(101120102) 20250721 的天气数据...
2025-07-28 16:46:38,845 - INFO - ✅ 成功获取长清天气数据，共 24 条记录
2025-07-28 16:46:38,859 - INFO - ✅ 长清 20250721 数据保存成功
2025-07-28 16:46:39,362 - INFO - 正在获取 商河(101120103) 20250721 的天气数据...
2025-07-28 16:46:39,779 - INFO - ✅ 成功获取商河天气数据，共 24 条记录
2025-07-28 16:46:39,793 - INFO - ✅ 商河 20250721 数据保存成功
2025-07-28 16:46:40,299 - INFO - 正在获取 章丘(101120104) 20250721 的天气数据...
2025-07-28 16:46:40,937 - INFO - ✅ 成功获取章丘天气数据，共 24 条记录
2025-07-28 16:46:40,949 - INFO - ✅ 章丘 20250721 数据保存成功
2025-07-28 16:46:41,455 - INFO - 正在获取 平阴(101120105) 20250721 的天气数据...
2025-07-28 16:46:41,938 - INFO - ✅ 成功获取平阴天气数据，共 24 条记录
2025-07-28 16:46:41,954 - INFO - ✅ 平阴 20250721 数据保存成功
2025-07-28 16:46:42,458 - INFO - 正在获取 济阳(101120106) 20250721 的天气数据...
2025-07-28 16:46:42,902 - INFO - ✅ 成功获取济阳天气数据，共 24 条记录
2025-07-28 16:46:42,914 - INFO - ✅ 济阳 20250721 数据保存成功
2025-07-28 16:46:43,419 - INFO - 正在获取 市中(101120108) 20250721 的天气数据...
2025-07-28 16:46:43,919 - INFO - ✅ 成功获取市中天气数据，共 24 条记录
2025-07-28 16:46:43,932 - INFO - ✅ 市中 20250721 数据保存成功
2025-07-28 16:46:44,437 - INFO - 正在获取 槐荫(101120109) 20250721 的天气数据...
2025-07-28 16:46:44,887 - INFO - ✅ 成功获取槐荫天气数据，共 24 条记录
2025-07-28 16:46:44,898 - INFO - ✅ 槐荫 20250721 数据保存成功
2025-07-28 16:46:45,403 - INFO - 正在获取 天桥(101120110) 20250721 的天气数据...
2025-07-28 16:46:45,825 - INFO - ✅ 成功获取天桥天气数据，共 24 条记录
2025-07-28 16:46:45,845 - INFO - ✅ 天桥 20250721 数据保存成功
2025-07-28 16:46:46,349 - INFO - 正在获取 历城(101120111) 20250721 的天气数据...
2025-07-28 16:46:46,754 - INFO - ✅ 成功获取历城天气数据，共 24 条记录
2025-07-28 16:46:46,768 - INFO - ✅ 历城 20250721 数据保存成功
2025-07-28 16:46:47,273 - INFO - 正在获取 莱芜(101121601) 20250721 的天气数据...
2025-07-28 16:46:47,705 - INFO - ✅ 成功获取莱芜天气数据，共 24 条记录
2025-07-28 16:46:47,717 - INFO - ✅ 莱芜 20250721 数据保存成功
2025-07-28 16:46:48,222 - INFO - 正在获取 钢城(101121603) 20250721 的天气数据...
2025-07-28 16:46:48,662 - INFO - ✅ 成功获取钢城天气数据，共 24 条记录
2025-07-28 16:46:48,670 - INFO - ✅ 钢城 20250721 数据保存成功
2025-07-28 16:46:49,174 - INFO - 
📅 正在处理日期: 20250722
2025-07-28 16:46:49,174 - INFO - 正在获取 长清(101120102) 20250722 的天气数据...
2025-07-28 16:46:49,590 - INFO - ✅ 成功获取长清天气数据，共 24 条记录
2025-07-28 16:46:49,602 - INFO - ✅ 长清 20250722 数据保存成功
2025-07-28 16:46:50,107 - INFO - 正在获取 商河(101120103) 20250722 的天气数据...
2025-07-28 16:46:50,521 - INFO - ✅ 成功获取商河天气数据，共 24 条记录
2025-07-28 16:46:50,541 - INFO - ✅ 商河 20250722 数据保存成功
2025-07-28 16:46:51,042 - INFO - 正在获取 章丘(101120104) 20250722 的天气数据...
2025-07-28 16:46:51,448 - INFO - ✅ 成功获取章丘天气数据，共 24 条记录
2025-07-28 16:46:51,460 - INFO - ✅ 章丘 20250722 数据保存成功
2025-07-28 16:46:51,965 - INFO - 正在获取 平阴(101120105) 20250722 的天气数据...
2025-07-28 16:46:52,379 - INFO - ✅ 成功获取平阴天气数据，共 24 条记录
2025-07-28 16:46:52,391 - INFO - ✅ 平阴 20250722 数据保存成功
2025-07-28 16:46:52,896 - INFO - 正在获取 济阳(101120106) 20250722 的天气数据...
2025-07-28 16:46:53,347 - INFO - ✅ 成功获取济阳天气数据，共 24 条记录
2025-07-28 16:46:53,362 - INFO - ✅ 济阳 20250722 数据保存成功
2025-07-28 16:46:53,867 - INFO - 正在获取 市中(101120108) 20250722 的天气数据...
2025-07-28 16:46:54,281 - INFO - ✅ 成功获取市中天气数据，共 24 条记录
2025-07-28 16:46:54,295 - INFO - ✅ 市中 20250722 数据保存成功
2025-07-28 16:46:54,801 - INFO - 正在获取 槐荫(101120109) 20250722 的天气数据...
2025-07-28 16:46:55,245 - INFO - ✅ 成功获取槐荫天气数据，共 24 条记录
2025-07-28 16:46:55,259 - INFO - ✅ 槐荫 20250722 数据保存成功
2025-07-28 16:46:55,764 - INFO - 正在获取 天桥(101120110) 20250722 的天气数据...
2025-07-28 16:46:56,228 - INFO - ✅ 成功获取天桥天气数据，共 24 条记录
2025-07-28 16:46:56,241 - INFO - ✅ 天桥 20250722 数据保存成功
2025-07-28 16:46:56,743 - INFO - 正在获取 历城(101120111) 20250722 的天气数据...
2025-07-28 16:46:57,169 - INFO - ✅ 成功获取历城天气数据，共 24 条记录
2025-07-28 16:46:57,183 - INFO - ✅ 历城 20250722 数据保存成功
2025-07-28 16:46:57,687 - INFO - 正在获取 莱芜(101121601) 20250722 的天气数据...
2025-07-28 16:46:58,096 - INFO - ✅ 成功获取莱芜天气数据，共 24 条记录
2025-07-28 16:46:58,109 - INFO - ✅ 莱芜 20250722 数据保存成功
2025-07-28 16:46:58,610 - INFO - 正在获取 钢城(101121603) 20250722 的天气数据...
2025-07-28 16:46:59,025 - INFO - ✅ 成功获取钢城天气数据，共 24 条记录
2025-07-28 16:46:59,040 - INFO - ✅ 钢城 20250722 数据保存成功
2025-07-28 16:46:59,543 - INFO - 
📅 正在处理日期: 20250723
2025-07-28 16:46:59,544 - INFO - 正在获取 长清(101120102) 20250723 的天气数据...
2025-07-28 16:46:59,994 - INFO - ✅ 成功获取长清天气数据，共 24 条记录
2025-07-28 16:47:00,010 - INFO - ✅ 长清 20250723 数据保存成功
2025-07-28 16:47:00,515 - INFO - 正在获取 商河(101120103) 20250723 的天气数据...
2025-07-28 16:47:00,941 - INFO - ✅ 成功获取商河天气数据，共 24 条记录
2025-07-28 16:47:00,956 - INFO - ✅ 商河 20250723 数据保存成功
2025-07-28 16:47:01,458 - INFO - 正在获取 章丘(101120104) 20250723 的天气数据...
2025-07-28 16:47:01,873 - INFO - ✅ 成功获取章丘天气数据，共 24 条记录
2025-07-28 16:47:01,891 - INFO - ✅ 章丘 20250723 数据保存成功
2025-07-28 16:47:02,397 - INFO - 正在获取 平阴(101120105) 20250723 的天气数据...
2025-07-28 16:47:02,806 - INFO - ✅ 成功获取平阴天气数据，共 24 条记录
2025-07-28 16:47:02,820 - INFO - ✅ 平阴 20250723 数据保存成功
2025-07-28 16:47:03,325 - INFO - 正在获取 济阳(101120106) 20250723 的天气数据...
2025-07-28 16:47:03,748 - INFO - ✅ 成功获取济阳天气数据，共 24 条记录
2025-07-28 16:47:03,761 - INFO - ✅ 济阳 20250723 数据保存成功
2025-07-28 16:47:04,266 - INFO - 正在获取 市中(101120108) 20250723 的天气数据...
2025-07-28 16:47:04,687 - INFO - ✅ 成功获取市中天气数据，共 24 条记录
2025-07-28 16:47:04,709 - INFO - ✅ 市中 20250723 数据保存成功
2025-07-28 16:47:05,214 - INFO - 正在获取 槐荫(101120109) 20250723 的天气数据...
2025-07-28 16:47:05,653 - INFO - ✅ 成功获取槐荫天气数据，共 24 条记录
2025-07-28 16:47:05,669 - INFO - ✅ 槐荫 20250723 数据保存成功
2025-07-28 16:47:06,175 - INFO - 正在获取 天桥(101120110) 20250723 的天气数据...
2025-07-28 16:47:06,595 - INFO - ✅ 成功获取天桥天气数据，共 24 条记录
2025-07-28 16:47:06,609 - INFO - ✅ 天桥 20250723 数据保存成功
2025-07-28 16:47:07,114 - INFO - 正在获取 历城(101120111) 20250723 的天气数据...
2025-07-28 16:47:07,541 - INFO - ✅ 成功获取历城天气数据，共 24 条记录
2025-07-28 16:47:07,556 - INFO - ✅ 历城 20250723 数据保存成功
2025-07-28 16:47:08,059 - INFO - 正在获取 莱芜(101121601) 20250723 的天气数据...
2025-07-28 16:47:08,475 - INFO - ✅ 成功获取莱芜天气数据，共 24 条记录
2025-07-28 16:47:08,490 - INFO - ✅ 莱芜 20250723 数据保存成功
2025-07-28 16:47:08,995 - INFO - 正在获取 钢城(101121603) 20250723 的天气数据...
2025-07-28 16:47:09,412 - INFO - ✅ 成功获取钢城天气数据，共 24 条记录
2025-07-28 16:47:09,426 - INFO - ✅ 钢城 20250723 数据保存成功
2025-07-28 16:47:09,927 - INFO - 
📅 正在处理日期: 20250724
2025-07-28 16:47:09,928 - INFO - 正在获取 长清(101120102) 20250724 的天气数据...
2025-07-28 16:47:10,341 - INFO - ✅ 成功获取长清天气数据，共 24 条记录
2025-07-28 16:47:10,356 - INFO - ✅ 长清 20250724 数据保存成功
2025-07-28 16:47:10,858 - INFO - 正在获取 商河(101120103) 20250724 的天气数据...
2025-07-28 16:47:11,300 - INFO - ✅ 成功获取商河天气数据，共 24 条记录
2025-07-28 16:47:11,314 - INFO - ✅ 商河 20250724 数据保存成功
2025-07-28 16:47:11,819 - INFO - 正在获取 章丘(101120104) 20250724 的天气数据...
2025-07-28 16:47:12,529 - INFO - ✅ 成功获取章丘天气数据，共 24 条记录
2025-07-28 16:47:12,543 - INFO - ✅ 章丘 20250724 数据保存成功
2025-07-28 16:47:13,047 - INFO - 正在获取 平阴(101120105) 20250724 的天气数据...
2025-07-28 16:47:13,488 - INFO - ✅ 成功获取平阴天气数据，共 24 条记录
2025-07-28 16:47:13,503 - INFO - ✅ 平阴 20250724 数据保存成功
2025-07-28 16:47:14,006 - INFO - 正在获取 济阳(101120106) 20250724 的天气数据...
2025-07-28 16:47:14,425 - INFO - ✅ 成功获取济阳天气数据，共 24 条记录
2025-07-28 16:47:14,438 - INFO - ✅ 济阳 20250724 数据保存成功
2025-07-28 16:47:14,941 - INFO - 正在获取 市中(101120108) 20250724 的天气数据...
2025-07-28 16:47:15,363 - INFO - ✅ 成功获取市中天气数据，共 24 条记录
2025-07-28 16:47:15,377 - INFO - ✅ 市中 20250724 数据保存成功
2025-07-28 16:47:15,882 - INFO - 正在获取 槐荫(101120109) 20250724 的天气数据...
2025-07-28 16:47:16,316 - INFO - ✅ 成功获取槐荫天气数据，共 24 条记录
2025-07-28 16:47:16,335 - INFO - ✅ 槐荫 20250724 数据保存成功
2025-07-28 16:47:16,840 - INFO - 正在获取 天桥(101120110) 20250724 的天气数据...
2025-07-28 16:47:17,483 - INFO - ✅ 成功获取天桥天气数据，共 24 条记录
2025-07-28 16:47:17,500 - INFO - ✅ 天桥 20250724 数据保存成功
2025-07-28 16:47:18,006 - INFO - 正在获取 历城(101120111) 20250724 的天气数据...
2025-07-28 16:47:18,420 - INFO - ✅ 成功获取历城天气数据，共 24 条记录
2025-07-28 16:47:18,434 - INFO - ✅ 历城 20250724 数据保存成功
2025-07-28 16:47:18,939 - INFO - 正在获取 莱芜(101121601) 20250724 的天气数据...
2025-07-28 16:47:19,616 - INFO - ✅ 成功获取莱芜天气数据，共 24 条记录
2025-07-28 16:47:19,629 - INFO - ✅ 莱芜 20250724 数据保存成功
2025-07-28 16:47:20,134 - INFO - 正在获取 钢城(101121603) 20250724 的天气数据...
2025-07-28 16:47:20,845 - INFO - ✅ 成功获取钢城天气数据，共 24 条记录
2025-07-28 16:47:20,860 - INFO - ✅ 钢城 20250724 数据保存成功
2025-07-28 16:47:21,365 - INFO - 
📅 正在处理日期: 20250725
2025-07-28 16:47:21,365 - INFO - 正在获取 长清(101120102) 20250725 的天气数据...
2025-07-28 16:47:21,799 - INFO - ✅ 成功获取长清天气数据，共 24 条记录
2025-07-28 16:47:21,812 - INFO - ✅ 长清 20250725 数据保存成功
2025-07-28 16:47:22,318 - INFO - 正在获取 商河(101120103) 20250725 的天气数据...
2025-07-28 16:47:22,772 - INFO - ✅ 成功获取商河天气数据，共 24 条记录
2025-07-28 16:47:22,792 - INFO - ✅ 商河 20250725 数据保存成功
2025-07-28 16:47:23,297 - INFO - 正在获取 章丘(101120104) 20250725 的天气数据...
2025-07-28 16:47:23,708 - INFO - ✅ 成功获取章丘天气数据，共 24 条记录
2025-07-28 16:47:23,722 - INFO - ✅ 章丘 20250725 数据保存成功
2025-07-28 16:47:24,226 - INFO - 正在获取 平阴(101120105) 20250725 的天气数据...
2025-07-28 16:47:24,629 - INFO - ✅ 成功获取平阴天气数据，共 24 条记录
2025-07-28 16:47:24,641 - INFO - ✅ 平阴 20250725 数据保存成功
2025-07-28 16:47:25,143 - INFO - 正在获取 济阳(101120106) 20250725 的天气数据...
2025-07-28 16:47:25,620 - INFO - ✅ 成功获取济阳天气数据，共 24 条记录
2025-07-28 16:47:25,632 - INFO - ✅ 济阳 20250725 数据保存成功
2025-07-28 16:47:26,138 - INFO - 正在获取 市中(101120108) 20250725 的天气数据...
2025-07-28 16:47:26,556 - INFO - ✅ 成功获取市中天气数据，共 24 条记录
2025-07-28 16:47:26,569 - INFO - ✅ 市中 20250725 数据保存成功
2025-07-28 16:47:27,071 - INFO - 正在获取 槐荫(101120109) 20250725 的天气数据...
2025-07-28 16:47:27,500 - INFO - ✅ 成功获取槐荫天气数据，共 24 条记录
2025-07-28 16:47:27,514 - INFO - ✅ 槐荫 20250725 数据保存成功
2025-07-28 16:47:28,017 - INFO - 正在获取 天桥(101120110) 20250725 的天气数据...
2025-07-28 16:47:28,462 - INFO - ✅ 成功获取天桥天气数据，共 24 条记录
2025-07-28 16:47:28,476 - INFO - ✅ 天桥 20250725 数据保存成功
2025-07-28 16:47:28,981 - INFO - 正在获取 历城(101120111) 20250725 的天气数据...
2025-07-28 16:47:29,388 - INFO - ✅ 成功获取历城天气数据，共 24 条记录
2025-07-28 16:47:29,402 - INFO - ✅ 历城 20250725 数据保存成功
2025-07-28 16:47:29,906 - INFO - 正在获取 莱芜(101121601) 20250725 的天气数据...
2025-07-28 16:47:30,327 - INFO - ✅ 成功获取莱芜天气数据，共 24 条记录
2025-07-28 16:47:30,345 - INFO - ✅ 莱芜 20250725 数据保存成功
2025-07-28 16:47:30,850 - INFO - 正在获取 钢城(101121603) 20250725 的天气数据...
2025-07-28 16:47:31,308 - INFO - ✅ 成功获取钢城天气数据，共 24 条记录
2025-07-28 16:47:31,320 - INFO - ✅ 钢城 20250725 数据保存成功
2025-07-28 16:47:31,823 - INFO - 
📅 正在处理日期: 20250726
2025-07-28 16:47:31,823 - INFO - 正在获取 长清(101120102) 20250726 的天气数据...
2025-07-28 16:47:32,248 - INFO - ✅ 成功获取长清天气数据，共 24 条记录
2025-07-28 16:47:32,265 - INFO - ✅ 长清 20250726 数据保存成功
2025-07-28 16:47:32,765 - INFO - 正在获取 商河(101120103) 20250726 的天气数据...
2025-07-28 16:47:33,307 - INFO - ✅ 成功获取商河天气数据，共 24 条记录
2025-07-28 16:47:33,321 - INFO - ✅ 商河 20250726 数据保存成功
2025-07-28 16:47:33,826 - INFO - 正在获取 章丘(101120104) 20250726 的天气数据...
2025-07-28 16:47:34,251 - INFO - ✅ 成功获取章丘天气数据，共 24 条记录
2025-07-28 16:47:34,266 - INFO - ✅ 章丘 20250726 数据保存成功
2025-07-28 16:47:34,770 - INFO - 正在获取 平阴(101120105) 20250726 的天气数据...
2025-07-28 16:47:37,302 - INFO - ✅ 成功获取平阴天气数据，共 24 条记录
2025-07-28 16:47:37,319 - INFO - ✅ 平阴 20250726 数据保存成功
2025-07-28 16:47:37,824 - INFO - 正在获取 济阳(101120106) 20250726 的天气数据...
2025-07-28 16:47:38,922 - INFO - ✅ 成功获取济阳天气数据，共 24 条记录
2025-07-28 16:47:38,935 - INFO - ✅ 济阳 20250726 数据保存成功
2025-07-28 16:47:39,440 - INFO - 正在获取 市中(101120108) 20250726 的天气数据...
2025-07-28 16:47:40,040 - INFO - ✅ 成功获取市中天气数据，共 24 条记录
2025-07-28 16:47:40,052 - INFO - ✅ 市中 20250726 数据保存成功
2025-07-28 16:47:40,558 - INFO - 正在获取 槐荫(101120109) 20250726 的天气数据...
2025-07-28 16:47:40,961 - INFO - ✅ 成功获取槐荫天气数据，共 24 条记录
2025-07-28 16:47:40,975 - INFO - ✅ 槐荫 20250726 数据保存成功
2025-07-28 16:47:41,479 - INFO - 正在获取 天桥(101120110) 20250726 的天气数据...
2025-07-28 16:47:41,918 - INFO - ✅ 成功获取天桥天气数据，共 24 条记录
2025-07-28 16:47:41,931 - INFO - ✅ 天桥 20250726 数据保存成功
2025-07-28 16:47:42,436 - INFO - 正在获取 历城(101120111) 20250726 的天气数据...
2025-07-28 16:47:42,866 - INFO - ✅ 成功获取历城天气数据，共 24 条记录
2025-07-28 16:47:42,883 - INFO - ✅ 历城 20250726 数据保存成功
2025-07-28 16:47:43,388 - INFO - 正在获取 莱芜(101121601) 20250726 的天气数据...
2025-07-28 16:47:44,330 - INFO - ✅ 成功获取莱芜天气数据，共 24 条记录
2025-07-28 16:47:44,347 - INFO - ✅ 莱芜 20250726 数据保存成功
2025-07-28 16:47:44,853 - INFO - 正在获取 钢城(101121603) 20250726 的天气数据...
2025-07-28 16:47:45,259 - INFO - ✅ 成功获取钢城天气数据，共 24 条记录
2025-07-28 16:47:45,272 - INFO - ✅ 钢城 20250726 数据保存成功
2025-07-28 16:47:45,777 - INFO - 
📅 正在处理日期: 20250727
2025-07-28 16:47:45,778 - INFO - 正在获取 长清(101120102) 20250727 的天气数据...
2025-07-28 16:47:46,208 - INFO - ✅ 成功获取长清天气数据，共 24 条记录
2025-07-28 16:47:46,222 - INFO - ✅ 长清 20250727 数据保存成功
2025-07-28 16:47:46,728 - INFO - 正在获取 商河(101120103) 20250727 的天气数据...
2025-07-28 16:47:47,246 - INFO - ✅ 成功获取商河天气数据，共 24 条记录
2025-07-28 16:47:47,262 - INFO - ✅ 商河 20250727 数据保存成功
2025-07-28 16:47:47,767 - INFO - 正在获取 章丘(101120104) 20250727 的天气数据...
2025-07-28 16:47:48,191 - INFO - ✅ 成功获取章丘天气数据，共 24 条记录
2025-07-28 16:47:48,206 - INFO - ✅ 章丘 20250727 数据保存成功
2025-07-28 16:47:48,711 - INFO - 正在获取 平阴(101120105) 20250727 的天气数据...
2025-07-28 16:47:49,123 - INFO - ✅ 成功获取平阴天气数据，共 24 条记录
2025-07-28 16:47:49,133 - INFO - ✅ 平阴 20250727 数据保存成功
2025-07-28 16:47:49,638 - INFO - 正在获取 济阳(101120106) 20250727 的天气数据...
2025-07-28 16:47:50,075 - INFO - ✅ 成功获取济阳天气数据，共 24 条记录
2025-07-28 16:47:50,087 - INFO - ✅ 济阳 20250727 数据保存成功
2025-07-28 16:47:50,591 - INFO - 正在获取 市中(101120108) 20250727 的天气数据...
2025-07-28 16:47:50,998 - INFO - ✅ 成功获取市中天气数据，共 24 条记录
2025-07-28 16:47:51,015 - INFO - ✅ 市中 20250727 数据保存成功
2025-07-28 16:47:51,520 - INFO - 正在获取 槐荫(101120109) 20250727 的天气数据...
2025-07-28 16:47:51,946 - INFO - ✅ 成功获取槐荫天气数据，共 24 条记录
2025-07-28 16:47:51,959 - INFO - ✅ 槐荫 20250727 数据保存成功
2025-07-28 16:47:52,464 - INFO - 正在获取 天桥(101120110) 20250727 的天气数据...
2025-07-28 16:47:52,873 - INFO - ✅ 成功获取天桥天气数据，共 24 条记录
2025-07-28 16:47:52,886 - INFO - ✅ 天桥 20250727 数据保存成功
2025-07-28 16:47:53,391 - INFO - 正在获取 历城(101120111) 20250727 的天气数据...
2025-07-28 16:47:53,786 - INFO - ✅ 成功获取历城天气数据，共 24 条记录
2025-07-28 16:47:53,798 - INFO - ✅ 历城 20250727 数据保存成功
2025-07-28 16:47:54,300 - INFO - 正在获取 莱芜(101121601) 20250727 的天气数据...
2025-07-28 16:47:54,729 - INFO - ✅ 成功获取莱芜天气数据，共 24 条记录
2025-07-28 16:47:54,741 - INFO - ✅ 莱芜 20250727 数据保存成功
2025-07-28 16:47:55,246 - INFO - 正在获取 钢城(101121603) 20250727 的天气数据...
2025-07-28 16:47:55,703 - INFO - ✅ 成功获取钢城天气数据，共 24 条记录
2025-07-28 16:47:55,717 - INFO - ✅ 钢城 20250727 数据保存成功
2025-07-28 16:47:56,220 - INFO - 🏘️ 区县数据收集完成: 成功110个，失败66个
2025-07-28 16:47:56,221 - INFO - ✅ 步骤2完成 - 成功110个，失败66个
2025-07-28 16:47:56,221 - INFO - 
🔄 步骤3: 收集所有12个区县历史10天数据...
2025-07-28 16:47:56,221 - INFO - 📅 开始收集所有12个区县过去10天的历史数据...
2025-07-28 16:47:56,221 - INFO - 
📅 正在处理历史日期: 20250718
2025-07-28 16:47:56,221 - INFO - 正在获取 济南市(101120101) 20250718 的天气数据...
2025-07-28 16:47:56,663 - INFO - ✅ 成功获取济南市天气数据，共 24 条记录
2025-07-28 16:47:56,676 - ERROR - ❌ 济南市 20250718 历史数据保存失败
2025-07-28 16:47:57,182 - INFO - 正在获取 长清(101120102) 20250718 的天气数据...
2025-07-28 16:47:57,889 - INFO - ✅ 成功获取长清天气数据，共 24 条记录
2025-07-28 16:47:57,901 - INFO - ✅ 长清 20250718 历史数据保存成功
2025-07-28 16:47:58,406 - INFO - 正在获取 商河(101120103) 20250718 的天气数据...
2025-07-28 16:47:58,818 - INFO - ✅ 成功获取商河天气数据，共 24 条记录
2025-07-28 16:47:58,835 - INFO - ✅ 商河 20250718 历史数据保存成功
2025-07-28 16:47:59,338 - INFO - 正在获取 章丘(101120104) 20250718 的天气数据...
2025-07-28 16:47:59,828 - INFO - ✅ 成功获取章丘天气数据，共 24 条记录
2025-07-28 16:47:59,838 - INFO - ✅ 章丘 20250718 历史数据保存成功
2025-07-28 16:48:00,341 - INFO - 正在获取 平阴(101120105) 20250718 的天气数据...
2025-07-28 16:48:00,761 - INFO - ✅ 成功获取平阴天气数据，共 24 条记录
2025-07-28 16:48:00,774 - INFO - ✅ 平阴 20250718 历史数据保存成功
2025-07-28 16:48:01,276 - INFO - 正在获取 济阳(101120106) 20250718 的天气数据...
2025-07-28 16:48:01,701 - INFO - ✅ 成功获取济阳天气数据，共 24 条记录
2025-07-28 16:48:01,714 - INFO - ✅ 济阳 20250718 历史数据保存成功
2025-07-28 16:48:02,219 - INFO - 正在获取 历下(101120107) 20250718 的天气数据...
2025-07-28 16:48:02,632 - INFO - ✅ 成功获取历下天气数据，共 24 条记录
2025-07-28 16:48:02,649 - INFO - ✅ 历下 20250718 历史数据保存成功
2025-07-28 16:48:03,154 - INFO - 正在获取 市中(101120108) 20250718 的天气数据...
2025-07-28 16:48:03,559 - INFO - ✅ 成功获取市中天气数据，共 24 条记录
2025-07-28 16:48:03,569 - INFO - ✅ 市中 20250718 历史数据保存成功
2025-07-28 16:48:04,073 - INFO - 正在获取 槐荫(101120109) 20250718 的天气数据...
2025-07-28 16:48:04,483 - INFO - ✅ 成功获取槐荫天气数据，共 24 条记录
2025-07-28 16:48:04,493 - INFO - ✅ 槐荫 20250718 历史数据保存成功
2025-07-28 16:48:04,997 - INFO - 正在获取 天桥(101120110) 20250718 的天气数据...
2025-07-28 16:48:05,397 - INFO - ✅ 成功获取天桥天气数据，共 24 条记录
2025-07-28 16:48:05,413 - INFO - ✅ 天桥 20250718 历史数据保存成功
2025-07-28 16:48:05,916 - INFO - 正在获取 历城(101120111) 20250718 的天气数据...
2025-07-28 16:48:06,305 - INFO - ✅ 成功获取历城天气数据，共 24 条记录
2025-07-28 16:48:06,316 - INFO - ✅ 历城 20250718 历史数据保存成功
2025-07-28 16:48:06,820 - INFO - 正在获取 莱芜(101121601) 20250718 的天气数据...
2025-07-28 16:48:07,240 - INFO - ✅ 成功获取莱芜天气数据，共 24 条记录
2025-07-28 16:48:07,253 - INFO - ✅ 莱芜 20250718 历史数据保存成功
2025-07-28 16:48:07,756 - INFO - 正在获取 钢城(101121603) 20250718 的天气数据...
2025-07-28 16:48:08,208 - INFO - ✅ 成功获取钢城天气数据，共 24 条记录
2025-07-28 16:48:08,218 - INFO - ✅ 钢城 20250718 历史数据保存成功
2025-07-28 16:48:08,723 - INFO - 
📅 正在处理历史日期: 20250719
2025-07-28 16:48:08,723 - INFO - 正在获取 济南市(101120101) 20250719 的天气数据...
2025-07-28 16:48:09,131 - INFO - ✅ 成功获取济南市天气数据，共 24 条记录
2025-07-28 16:48:09,146 - ERROR - ❌ 济南市 20250719 历史数据保存失败
2025-07-28 16:48:09,649 - INFO - 正在获取 长清(101120102) 20250719 的天气数据...
2025-07-28 16:48:10,066 - INFO - ✅ 成功获取长清天气数据，共 24 条记录
2025-07-28 16:48:10,078 - INFO - ✅ 长清 20250719 历史数据保存成功
2025-07-28 16:48:10,583 - INFO - 正在获取 商河(101120103) 20250719 的天气数据...
2025-07-28 16:48:11,017 - INFO - ✅ 成功获取商河天气数据，共 24 条记录
2025-07-28 16:48:11,028 - INFO - ✅ 商河 20250719 历史数据保存成功
2025-07-28 16:48:11,534 - INFO - 正在获取 章丘(101120104) 20250719 的天气数据...
2025-07-28 16:48:11,959 - INFO - ✅ 成功获取章丘天气数据，共 24 条记录
2025-07-28 16:48:11,969 - INFO - ✅ 章丘 20250719 历史数据保存成功
2025-07-28 16:48:12,471 - INFO - 正在获取 平阴(101120105) 20250719 的天气数据...
2025-07-28 16:48:12,891 - INFO - ✅ 成功获取平阴天气数据，共 24 条记录
2025-07-28 16:48:12,901 - INFO - ✅ 平阴 20250719 历史数据保存成功
2025-07-28 16:48:13,404 - INFO - 正在获取 济阳(101120106) 20250719 的天气数据...
2025-07-28 16:48:13,846 - INFO - ✅ 成功获取济阳天气数据，共 24 条记录
2025-07-28 16:48:13,859 - INFO - ✅ 济阳 20250719 历史数据保存成功
2025-07-28 16:48:14,365 - INFO - 正在获取 历下(101120107) 20250719 的天气数据...
2025-07-28 16:48:14,779 - INFO - ✅ 成功获取历下天气数据，共 24 条记录
2025-07-28 16:48:14,793 - INFO - ✅ 历下 20250719 历史数据保存成功
2025-07-28 16:48:15,298 - INFO - 正在获取 市中(101120108) 20250719 的天气数据...
2025-07-28 16:48:15,740 - INFO - ✅ 成功获取市中天气数据，共 24 条记录
2025-07-28 16:48:15,752 - INFO - ✅ 市中 20250719 历史数据保存成功
2025-07-28 16:48:16,257 - INFO - 正在获取 槐荫(101120109) 20250719 的天气数据...
2025-07-28 16:48:16,671 - INFO - ✅ 成功获取槐荫天气数据，共 24 条记录
2025-07-28 16:48:16,684 - INFO - ✅ 槐荫 20250719 历史数据保存成功
2025-07-28 16:48:17,189 - INFO - 正在获取 天桥(101120110) 20250719 的天气数据...
2025-07-28 16:48:17,613 - INFO - ✅ 成功获取天桥天气数据，共 24 条记录
2025-07-28 16:48:17,624 - INFO - ✅ 天桥 20250719 历史数据保存成功
2025-07-28 16:48:18,130 - INFO - 正在获取 历城(101120111) 20250719 的天气数据...
2025-07-28 16:48:18,551 - INFO - ✅ 成功获取历城天气数据，共 24 条记录
2025-07-28 16:48:18,565 - INFO - ✅ 历城 20250719 历史数据保存成功
2025-07-28 16:48:19,070 - INFO - 正在获取 莱芜(101121601) 20250719 的天气数据...
2025-07-28 16:48:19,499 - INFO - ✅ 成功获取莱芜天气数据，共 24 条记录
2025-07-28 16:48:19,512 - INFO - ✅ 莱芜 20250719 历史数据保存成功
2025-07-28 16:48:20,016 - INFO - 正在获取 钢城(101121603) 20250719 的天气数据...
2025-07-28 16:48:20,450 - INFO - ✅ 成功获取钢城天气数据，共 24 条记录
2025-07-28 16:48:20,461 - INFO - ✅ 钢城 20250719 历史数据保存成功
2025-07-28 16:48:20,966 - INFO - 
📅 正在处理历史日期: 20250720
2025-07-28 16:48:20,967 - INFO - 正在获取 济南市(101120101) 20250720 的天气数据...
2025-07-28 16:48:21,402 - INFO - ✅ 成功获取济南市天气数据，共 24 条记录
2025-07-28 16:48:21,416 - ERROR - ❌ 济南市 20250720 历史数据保存失败
2025-07-28 16:48:21,921 - INFO - 正在获取 长清(101120102) 20250720 的天气数据...
2025-07-28 16:48:22,363 - INFO - ✅ 成功获取长清天气数据，共 24 条记录
2025-07-28 16:48:22,374 - INFO - ✅ 长清 20250720 历史数据保存成功
2025-07-28 16:48:22,880 - INFO - 正在获取 商河(101120103) 20250720 的天气数据...
2025-07-28 16:48:23,302 - INFO - ✅ 成功获取商河天气数据，共 24 条记录
2025-07-28 16:48:23,315 - INFO - ✅ 商河 20250720 历史数据保存成功
2025-07-28 16:48:23,820 - INFO - 正在获取 章丘(101120104) 20250720 的天气数据...
2025-07-28 16:48:24,270 - INFO - ✅ 成功获取章丘天气数据，共 24 条记录
2025-07-28 16:48:24,283 - INFO - ✅ 章丘 20250720 历史数据保存成功
2025-07-28 16:48:24,788 - INFO - 正在获取 平阴(101120105) 20250720 的天气数据...
2025-07-28 16:48:25,204 - INFO - ✅ 成功获取平阴天气数据，共 24 条记录
2025-07-28 16:48:25,219 - INFO - ✅ 平阴 20250720 历史数据保存成功
2025-07-28 16:48:25,724 - INFO - 正在获取 济阳(101120106) 20250720 的天气数据...
2025-07-28 16:48:26,131 - INFO - ✅ 成功获取济阳天气数据，共 24 条记录
2025-07-28 16:48:26,144 - INFO - ✅ 济阳 20250720 历史数据保存成功
2025-07-28 16:48:26,650 - INFO - 正在获取 历下(101120107) 20250720 的天气数据...
2025-07-28 16:48:27,074 - INFO - ✅ 成功获取历下天气数据，共 24 条记录
2025-07-28 16:48:27,086 - INFO - ✅ 历下 20250720 历史数据保存成功
2025-07-28 16:48:27,591 - INFO - 正在获取 市中(101120108) 20250720 的天气数据...
2025-07-28 16:48:28,002 - INFO - ✅ 成功获取市中天气数据，共 24 条记录
2025-07-28 16:48:28,017 - INFO - ✅ 市中 20250720 历史数据保存成功
2025-07-28 16:48:28,523 - INFO - 正在获取 槐荫(101120109) 20250720 的天气数据...
2025-07-28 16:48:28,954 - INFO - ✅ 成功获取槐荫天气数据，共 24 条记录
2025-07-28 16:48:28,972 - INFO - ✅ 槐荫 20250720 历史数据保存成功
2025-07-28 16:48:29,474 - INFO - 正在获取 天桥(101120110) 20250720 的天气数据...
2025-07-28 16:48:29,878 - INFO - ✅ 成功获取天桥天气数据，共 24 条记录
2025-07-28 16:48:29,894 - INFO - ✅ 天桥 20250720 历史数据保存成功
2025-07-28 16:48:30,400 - INFO - 正在获取 历城(101120111) 20250720 的天气数据...
2025-07-28 16:48:30,823 - INFO - ✅ 成功获取历城天气数据，共 24 条记录
2025-07-28 16:48:30,837 - INFO - ✅ 历城 20250720 历史数据保存成功
2025-07-28 16:48:31,342 - INFO - 正在获取 莱芜(101121601) 20250720 的天气数据...
2025-07-28 16:48:31,755 - INFO - ✅ 成功获取莱芜天气数据，共 24 条记录
2025-07-28 16:48:31,770 - INFO - ✅ 莱芜 20250720 历史数据保存成功
2025-07-28 16:48:32,275 - INFO - 正在获取 钢城(101121603) 20250720 的天气数据...
2025-07-28 16:48:32,702 - INFO - ✅ 成功获取钢城天气数据，共 24 条记录
2025-07-28 16:48:32,717 - INFO - ✅ 钢城 20250720 历史数据保存成功
2025-07-28 16:48:33,222 - INFO - 
📅 正在处理历史日期: 20250721
2025-07-28 16:48:33,223 - INFO - 正在获取 济南市(101120101) 20250721 的天气数据...
2025-07-28 16:48:33,643 - INFO - ✅ 成功获取济南市天气数据，共 24 条记录
2025-07-28 16:48:33,656 - ERROR - ❌ 济南市 20250721 历史数据保存失败
2025-07-28 16:48:34,161 - INFO - 正在获取 长清(101120102) 20250721 的天气数据...
2025-07-28 16:48:34,614 - INFO - ✅ 成功获取长清天气数据，共 24 条记录
2025-07-28 16:48:34,624 - INFO - ✅ 长清 20250721 历史数据保存成功
2025-07-28 16:48:35,126 - INFO - 正在获取 商河(101120103) 20250721 的天气数据...
2025-07-28 16:48:35,564 - INFO - ✅ 成功获取商河天气数据，共 24 条记录
2025-07-28 16:48:35,577 - INFO - ✅ 商河 20250721 历史数据保存成功
2025-07-28 16:48:36,082 - INFO - 正在获取 章丘(101120104) 20250721 的天气数据...
2025-07-28 16:48:36,479 - INFO - ✅ 成功获取章丘天气数据，共 24 条记录
2025-07-28 16:48:36,493 - INFO - ✅ 章丘 20250721 历史数据保存成功
2025-07-28 16:48:36,998 - INFO - 正在获取 平阴(101120105) 20250721 的天气数据...
2025-07-28 16:48:37,401 - INFO - ✅ 成功获取平阴天气数据，共 24 条记录
2025-07-28 16:48:37,416 - INFO - ✅ 平阴 20250721 历史数据保存成功
2025-07-28 16:48:37,921 - INFO - 正在获取 济阳(101120106) 20250721 的天气数据...
2025-07-28 16:48:38,347 - INFO - ✅ 成功获取济阳天气数据，共 24 条记录
2025-07-28 16:48:38,363 - INFO - ✅ 济阳 20250721 历史数据保存成功
2025-07-28 16:48:38,865 - INFO - 正在获取 历下(101120107) 20250721 的天气数据...
2025-07-28 16:48:39,282 - INFO - ✅ 成功获取历下天气数据，共 24 条记录
2025-07-28 16:48:39,296 - INFO - ✅ 历下 20250721 历史数据保存成功
2025-07-28 16:48:39,798 - INFO - 正在获取 市中(101120108) 20250721 的天气数据...
2025-07-28 16:48:40,192 - INFO - ✅ 成功获取市中天气数据，共 24 条记录
2025-07-28 16:48:40,207 - INFO - ✅ 市中 20250721 历史数据保存成功
2025-07-28 16:48:40,712 - INFO - 正在获取 槐荫(101120109) 20250721 的天气数据...
2025-07-28 16:48:41,134 - INFO - ✅ 成功获取槐荫天气数据，共 24 条记录
2025-07-28 16:48:41,149 - INFO - ✅ 槐荫 20250721 历史数据保存成功
2025-07-28 16:48:41,654 - INFO - 正在获取 天桥(101120110) 20250721 的天气数据...
2025-07-28 16:48:42,092 - INFO - ✅ 成功获取天桥天气数据，共 24 条记录
2025-07-28 16:48:42,105 - INFO - ✅ 天桥 20250721 历史数据保存成功
2025-07-28 16:48:42,606 - INFO - 正在获取 历城(101120111) 20250721 的天气数据...
2025-07-28 16:48:43,048 - INFO - ✅ 成功获取历城天气数据，共 24 条记录
2025-07-28 16:48:43,061 - INFO - ✅ 历城 20250721 历史数据保存成功
2025-07-28 16:48:43,566 - INFO - 正在获取 莱芜(101121601) 20250721 的天气数据...
2025-07-28 16:48:44,001 - INFO - ✅ 成功获取莱芜天气数据，共 24 条记录
2025-07-28 16:48:44,016 - INFO - ✅ 莱芜 20250721 历史数据保存成功
2025-07-28 16:48:44,522 - INFO - 正在获取 钢城(101121603) 20250721 的天气数据...
2025-07-28 16:48:44,936 - INFO - ✅ 成功获取钢城天气数据，共 24 条记录
2025-07-28 16:48:44,950 - INFO - ✅ 钢城 20250721 历史数据保存成功
2025-07-28 16:48:45,453 - INFO - 
📅 正在处理历史日期: 20250722
2025-07-28 16:48:45,453 - INFO - 正在获取 济南市(101120101) 20250722 的天气数据...
2025-07-28 16:48:45,993 - INFO - ✅ 成功获取济南市天气数据，共 24 条记录
2025-07-28 16:48:46,005 - ERROR - ❌ 济南市 20250722 历史数据保存失败
2025-07-28 16:48:46,510 - INFO - 正在获取 长清(101120102) 20250722 的天气数据...
2025-07-28 16:48:46,972 - INFO - ✅ 成功获取长清天气数据，共 24 条记录
2025-07-28 16:48:46,996 - INFO - ✅ 长清 20250722 历史数据保存成功
2025-07-28 16:48:47,499 - INFO - 正在获取 商河(101120103) 20250722 的天气数据...
2025-07-28 16:48:47,924 - INFO - ✅ 成功获取商河天气数据，共 24 条记录
2025-07-28 16:48:47,935 - INFO - ✅ 商河 20250722 历史数据保存成功
2025-07-28 16:48:48,440 - INFO - 正在获取 章丘(101120104) 20250722 的天气数据...
2025-07-28 16:48:48,879 - INFO - ✅ 成功获取章丘天气数据，共 24 条记录
2025-07-28 16:48:48,892 - INFO - ✅ 章丘 20250722 历史数据保存成功
2025-07-28 16:48:49,398 - INFO - 正在获取 平阴(101120105) 20250722 的天气数据...
2025-07-28 16:48:49,883 - INFO - ✅ 成功获取平阴天气数据，共 24 条记录
2025-07-28 16:48:49,892 - INFO - ✅ 平阴 20250722 历史数据保存成功
2025-07-28 16:48:50,395 - INFO - 正在获取 济阳(101120106) 20250722 的天气数据...
2025-07-28 16:48:51,052 - INFO - ✅ 成功获取济阳天气数据，共 24 条记录
2025-07-28 16:48:51,065 - INFO - ✅ 济阳 20250722 历史数据保存成功
2025-07-28 16:48:51,571 - INFO - 正在获取 历下(101120107) 20250722 的天气数据...
2025-07-28 16:48:52,102 - INFO - ✅ 成功获取历下天气数据，共 24 条记录
2025-07-28 16:48:52,116 - INFO - ✅ 历下 20250722 历史数据保存成功
2025-07-28 16:48:52,621 - INFO - 正在获取 市中(101120108) 20250722 的天气数据...
2025-07-28 16:48:53,056 - INFO - ✅ 成功获取市中天气数据，共 24 条记录
2025-07-28 16:48:53,069 - INFO - ✅ 市中 20250722 历史数据保存成功
2025-07-28 16:48:53,574 - INFO - 正在获取 槐荫(101120109) 20250722 的天气数据...
2025-07-28 16:48:55,010 - INFO - ✅ 成功获取槐荫天气数据，共 24 条记录
2025-07-28 16:48:55,020 - INFO - ✅ 槐荫 20250722 历史数据保存成功
2025-07-28 16:48:55,525 - INFO - 正在获取 天桥(101120110) 20250722 的天气数据...
2025-07-28 16:48:55,978 - INFO - ✅ 成功获取天桥天气数据，共 24 条记录
2025-07-28 16:48:55,991 - INFO - ✅ 天桥 20250722 历史数据保存成功
2025-07-28 16:48:56,496 - INFO - 正在获取 历城(101120111) 20250722 的天气数据...
2025-07-28 16:48:56,919 - INFO - ✅ 成功获取历城天气数据，共 24 条记录
2025-07-28 16:48:56,930 - INFO - ✅ 历城 20250722 历史数据保存成功
2025-07-28 16:48:57,435 - INFO - 正在获取 莱芜(101121601) 20250722 的天气数据...
2025-07-28 16:48:57,876 - INFO - ✅ 成功获取莱芜天气数据，共 24 条记录
2025-07-28 16:48:57,891 - INFO - ✅ 莱芜 20250722 历史数据保存成功
2025-07-28 16:48:58,397 - INFO - 正在获取 钢城(101121603) 20250722 的天气数据...
2025-07-28 16:48:58,817 - INFO - ✅ 成功获取钢城天气数据，共 24 条记录
2025-07-28 16:48:58,830 - INFO - ✅ 钢城 20250722 历史数据保存成功
2025-07-28 16:48:59,335 - INFO - 
📅 正在处理历史日期: 20250723
2025-07-28 16:48:59,335 - INFO - 正在获取 济南市(101120101) 20250723 的天气数据...
2025-07-28 16:48:59,748 - INFO - ✅ 成功获取济南市天气数据，共 24 条记录
2025-07-28 16:48:59,760 - ERROR - ❌ 济南市 20250723 历史数据保存失败
2025-07-28 16:49:00,265 - INFO - 正在获取 长清(101120102) 20250723 的天气数据...
2025-07-28 16:49:00,693 - INFO - ✅ 成功获取长清天气数据，共 24 条记录
2025-07-28 16:49:00,704 - INFO - ✅ 长清 20250723 历史数据保存成功
2025-07-28 16:49:01,209 - INFO - 正在获取 商河(101120103) 20250723 的天气数据...
2025-07-28 16:49:01,682 - INFO - ✅ 成功获取商河天气数据，共 24 条记录
2025-07-28 16:49:01,696 - INFO - ✅ 商河 20250723 历史数据保存成功
2025-07-28 16:49:02,196 - INFO - 正在获取 章丘(101120104) 20250723 的天气数据...
2025-07-28 16:49:02,629 - INFO - ✅ 成功获取章丘天气数据，共 24 条记录
2025-07-28 16:49:02,642 - INFO - ✅ 章丘 20250723 历史数据保存成功
2025-07-28 16:49:03,147 - INFO - 正在获取 平阴(101120105) 20250723 的天气数据...
2025-07-28 16:49:03,548 - INFO - ✅ 成功获取平阴天气数据，共 24 条记录
2025-07-28 16:49:03,560 - INFO - ✅ 平阴 20250723 历史数据保存成功
2025-07-28 16:49:04,062 - INFO - 正在获取 济阳(101120106) 20250723 的天气数据...
2025-07-28 16:49:04,464 - INFO - ✅ 成功获取济阳天气数据，共 24 条记录
2025-07-28 16:49:04,477 - INFO - ✅ 济阳 20250723 历史数据保存成功
2025-07-28 16:49:04,983 - INFO - 正在获取 历下(101120107) 20250723 的天气数据...
2025-07-28 16:49:05,395 - INFO - ✅ 成功获取历下天气数据，共 24 条记录
2025-07-28 16:49:05,406 - INFO - ✅ 历下 20250723 历史数据保存成功
2025-07-28 16:49:05,919 - INFO - 正在获取 市中(101120108) 20250723 的天气数据...
2025-07-28 16:49:06,366 - INFO - ✅ 成功获取市中天气数据，共 24 条记录
2025-07-28 16:49:06,380 - INFO - ✅ 市中 20250723 历史数据保存成功
2025-07-28 16:49:06,884 - INFO - 正在获取 槐荫(101120109) 20250723 的天气数据...
2025-07-28 16:49:07,310 - INFO - ✅ 成功获取槐荫天气数据，共 24 条记录
2025-07-28 16:49:07,322 - INFO - ✅ 槐荫 20250723 历史数据保存成功
2025-07-28 16:49:07,825 - INFO - 正在获取 天桥(101120110) 20250723 的天气数据...
2025-07-28 16:49:08,248 - INFO - ✅ 成功获取天桥天气数据，共 24 条记录
2025-07-28 16:49:08,261 - INFO - ✅ 天桥 20250723 历史数据保存成功
2025-07-28 16:49:08,767 - INFO - 正在获取 历城(101120111) 20250723 的天气数据...
2025-07-28 16:49:09,194 - INFO - ✅ 成功获取历城天气数据，共 24 条记录
2025-07-28 16:49:09,207 - INFO - ✅ 历城 20250723 历史数据保存成功
2025-07-28 16:49:09,708 - INFO - 正在获取 莱芜(101121601) 20250723 的天气数据...
2025-07-28 16:49:10,107 - INFO - ✅ 成功获取莱芜天气数据，共 24 条记录
2025-07-28 16:49:10,116 - INFO - ✅ 莱芜 20250723 历史数据保存成功
2025-07-28 16:49:10,619 - INFO - 正在获取 钢城(101121603) 20250723 的天气数据...
2025-07-28 16:49:11,024 - INFO - ✅ 成功获取钢城天气数据，共 24 条记录
2025-07-28 16:49:11,038 - INFO - ✅ 钢城 20250723 历史数据保存成功
2025-07-28 16:49:11,542 - INFO - 
📅 正在处理历史日期: 20250724
2025-07-28 16:49:11,543 - INFO - 正在获取 济南市(101120101) 20250724 的天气数据...
2025-07-28 16:49:11,996 - INFO - ✅ 成功获取济南市天气数据，共 24 条记录
2025-07-28 16:49:12,010 - ERROR - ❌ 济南市 20250724 历史数据保存失败
2025-07-28 16:49:12,511 - INFO - 正在获取 长清(101120102) 20250724 的天气数据...
2025-07-28 16:49:12,941 - INFO - ✅ 成功获取长清天气数据，共 24 条记录
2025-07-28 16:49:12,952 - INFO - ✅ 长清 20250724 历史数据保存成功
2025-07-28 16:49:13,453 - INFO - 正在获取 商河(101120103) 20250724 的天气数据...
2025-07-28 16:49:13,907 - INFO - ✅ 成功获取商河天气数据，共 24 条记录
2025-07-28 16:49:13,920 - INFO - ✅ 商河 20250724 历史数据保存成功
2025-07-28 16:49:14,425 - INFO - 正在获取 章丘(101120104) 20250724 的天气数据...
2025-07-28 16:49:14,871 - INFO - ✅ 成功获取章丘天气数据，共 24 条记录
2025-07-28 16:49:14,885 - INFO - ✅ 章丘 20250724 历史数据保存成功
2025-07-28 16:49:15,390 - INFO - 正在获取 平阴(101120105) 20250724 的天气数据...
2025-07-28 16:49:15,804 - INFO - ✅ 成功获取平阴天气数据，共 24 条记录
2025-07-28 16:49:15,818 - INFO - ✅ 平阴 20250724 历史数据保存成功
2025-07-28 16:49:16,319 - INFO - 正在获取 济阳(101120106) 20250724 的天气数据...
2025-07-28 16:49:16,752 - INFO - ✅ 成功获取济阳天气数据，共 24 条记录
2025-07-28 16:49:16,764 - INFO - ✅ 济阳 20250724 历史数据保存成功
2025-07-28 16:49:17,264 - INFO - 正在获取 历下(101120107) 20250724 的天气数据...
2025-07-28 16:49:17,696 - INFO - ✅ 成功获取历下天气数据，共 24 条记录
2025-07-28 16:49:17,706 - INFO - ✅ 历下 20250724 历史数据保存成功
2025-07-28 16:49:18,211 - INFO - 正在获取 市中(101120108) 20250724 的天气数据...
2025-07-28 16:49:18,622 - INFO - ✅ 成功获取市中天气数据，共 24 条记录
2025-07-28 16:49:18,635 - INFO - ✅ 市中 20250724 历史数据保存成功
2025-07-28 16:49:19,140 - INFO - 正在获取 槐荫(101120109) 20250724 的天气数据...
2025-07-28 16:49:19,579 - INFO - ✅ 成功获取槐荫天气数据，共 24 条记录
2025-07-28 16:49:19,593 - INFO - ✅ 槐荫 20250724 历史数据保存成功
2025-07-28 16:49:20,098 - INFO - 正在获取 天桥(101120110) 20250724 的天气数据...
2025-07-28 16:49:20,539 - INFO - ✅ 成功获取天桥天气数据，共 24 条记录
2025-07-28 16:49:20,553 - INFO - ✅ 天桥 20250724 历史数据保存成功
2025-07-28 16:49:21,056 - INFO - 正在获取 历城(101120111) 20250724 的天气数据...
2025-07-28 16:49:21,460 - INFO - ✅ 成功获取历城天气数据，共 24 条记录
2025-07-28 16:49:21,475 - INFO - ✅ 历城 20250724 历史数据保存成功
2025-07-28 16:49:21,980 - INFO - 正在获取 莱芜(101121601) 20250724 的天气数据...
2025-07-28 16:49:22,412 - INFO - ✅ 成功获取莱芜天气数据，共 24 条记录
2025-07-28 16:49:22,425 - INFO - ✅ 莱芜 20250724 历史数据保存成功
2025-07-28 16:49:22,926 - INFO - 正在获取 钢城(101121603) 20250724 的天气数据...
2025-07-28 16:49:23,410 - INFO - ✅ 成功获取钢城天气数据，共 24 条记录
2025-07-28 16:49:23,424 - INFO - ✅ 钢城 20250724 历史数据保存成功
2025-07-28 16:49:23,930 - INFO - 
📅 正在处理历史日期: 20250725
2025-07-28 16:49:23,930 - INFO - 正在获取 济南市(101120101) 20250725 的天气数据...
2025-07-28 16:49:24,338 - INFO - ✅ 成功获取济南市天气数据，共 24 条记录
2025-07-28 16:49:24,349 - ERROR - ❌ 济南市 20250725 历史数据保存失败
2025-07-28 16:49:24,852 - INFO - 正在获取 长清(101120102) 20250725 的天气数据...
2025-07-28 16:49:25,257 - INFO - ✅ 成功获取长清天气数据，共 24 条记录
2025-07-28 16:49:25,273 - INFO - ✅ 长清 20250725 历史数据保存成功
2025-07-28 16:49:25,774 - INFO - 正在获取 商河(101120103) 20250725 的天气数据...
2025-07-28 16:49:26,208 - INFO - ✅ 成功获取商河天气数据，共 24 条记录
2025-07-28 16:49:26,217 - INFO - ✅ 商河 20250725 历史数据保存成功
2025-07-28 16:49:26,719 - INFO - 正在获取 章丘(101120104) 20250725 的天气数据...
2025-07-28 16:49:27,167 - INFO - ✅ 成功获取章丘天气数据，共 24 条记录
2025-07-28 16:49:27,179 - INFO - ✅ 章丘 20250725 历史数据保存成功
2025-07-28 16:49:27,684 - INFO - 正在获取 平阴(101120105) 20250725 的天气数据...
2025-07-28 16:49:28,085 - INFO - ✅ 成功获取平阴天气数据，共 24 条记录
2025-07-28 16:49:28,097 - INFO - ✅ 平阴 20250725 历史数据保存成功
2025-07-28 16:49:28,603 - INFO - 正在获取 济阳(101120106) 20250725 的天气数据...
2025-07-28 16:49:29,013 - INFO - ✅ 成功获取济阳天气数据，共 24 条记录
2025-07-28 16:49:29,029 - INFO - ✅ 济阳 20250725 历史数据保存成功
2025-07-28 16:49:29,534 - INFO - 正在获取 历下(101120107) 20250725 的天气数据...
2025-07-28 16:49:29,946 - INFO - ✅ 成功获取历下天气数据，共 24 条记录
2025-07-28 16:49:29,961 - INFO - ✅ 历下 20250725 历史数据保存成功
2025-07-28 16:49:30,467 - INFO - 正在获取 市中(101120108) 20250725 的天气数据...
2025-07-28 16:49:30,875 - INFO - ✅ 成功获取市中天气数据，共 24 条记录
2025-07-28 16:49:30,888 - INFO - ✅ 市中 20250725 历史数据保存成功
2025-07-28 16:49:31,392 - INFO - 正在获取 槐荫(101120109) 20250725 的天气数据...
2025-07-28 16:49:31,846 - INFO - ✅ 成功获取槐荫天气数据，共 24 条记录
2025-07-28 16:49:31,860 - INFO - ✅ 槐荫 20250725 历史数据保存成功
2025-07-28 16:49:32,366 - INFO - 正在获取 天桥(101120110) 20250725 的天气数据...
2025-07-28 16:49:32,791 - INFO - ✅ 成功获取天桥天气数据，共 24 条记录
2025-07-28 16:49:32,804 - INFO - ✅ 天桥 20250725 历史数据保存成功
2025-07-28 16:49:33,309 - INFO - 正在获取 历城(101120111) 20250725 的天气数据...
2025-07-28 16:49:33,737 - INFO - ✅ 成功获取历城天气数据，共 24 条记录
2025-07-28 16:49:33,747 - INFO - ✅ 历城 20250725 历史数据保存成功
2025-07-28 16:49:34,252 - INFO - 正在获取 莱芜(101121601) 20250725 的天气数据...
2025-07-28 16:49:34,662 - INFO - ✅ 成功获取莱芜天气数据，共 24 条记录
2025-07-28 16:49:34,676 - INFO - ✅ 莱芜 20250725 历史数据保存成功
2025-07-28 16:49:35,182 - INFO - 正在获取 钢城(101121603) 20250725 的天气数据...
2025-07-28 16:49:35,616 - INFO - ✅ 成功获取钢城天气数据，共 24 条记录
2025-07-28 16:49:35,637 - INFO - ✅ 钢城 20250725 历史数据保存成功
2025-07-28 16:49:36,141 - INFO - 
📅 正在处理历史日期: 20250726
2025-07-28 16:49:36,142 - INFO - 正在获取 济南市(101120101) 20250726 的天气数据...
2025-07-28 16:49:36,568 - INFO - ✅ 成功获取济南市天气数据，共 24 条记录
2025-07-28 16:49:36,580 - ERROR - ❌ 济南市 20250726 历史数据保存失败
2025-07-28 16:49:37,081 - INFO - 正在获取 长清(101120102) 20250726 的天气数据...
2025-07-28 16:49:37,517 - INFO - ✅ 成功获取长清天气数据，共 24 条记录
2025-07-28 16:49:37,530 - INFO - ✅ 长清 20250726 历史数据保存成功
2025-07-28 16:49:38,031 - INFO - 正在获取 商河(101120103) 20250726 的天气数据...
2025-07-28 16:49:38,470 - INFO - ✅ 成功获取商河天气数据，共 24 条记录
2025-07-28 16:49:38,481 - INFO - ✅ 商河 20250726 历史数据保存成功
2025-07-28 16:49:38,986 - INFO - 正在获取 章丘(101120104) 20250726 的天气数据...
2025-07-28 16:49:39,389 - INFO - ✅ 成功获取章丘天气数据，共 24 条记录
2025-07-28 16:49:39,402 - INFO - ✅ 章丘 20250726 历史数据保存成功
2025-07-28 16:49:39,904 - INFO - 正在获取 平阴(101120105) 20250726 的天气数据...
2025-07-28 16:49:40,318 - INFO - ✅ 成功获取平阴天气数据，共 24 条记录
2025-07-28 16:49:40,340 - INFO - ✅ 平阴 20250726 历史数据保存成功
2025-07-28 16:49:40,846 - INFO - 正在获取 济阳(101120106) 20250726 的天气数据...
2025-07-28 16:49:41,290 - INFO - ✅ 成功获取济阳天气数据，共 24 条记录
2025-07-28 16:49:41,305 - INFO - ✅ 济阳 20250726 历史数据保存成功
2025-07-28 16:49:41,806 - INFO - 正在获取 历下(101120107) 20250726 的天气数据...
2025-07-28 16:49:42,221 - INFO - ✅ 成功获取历下天气数据，共 24 条记录
2025-07-28 16:49:42,235 - INFO - ✅ 历下 20250726 历史数据保存成功
2025-07-28 16:49:42,740 - INFO - 正在获取 市中(101120108) 20250726 的天气数据...
2025-07-28 16:49:43,174 - INFO - ✅ 成功获取市中天气数据，共 24 条记录
2025-07-28 16:49:43,185 - INFO - ✅ 市中 20250726 历史数据保存成功
2025-07-28 16:49:43,686 - INFO - 正在获取 槐荫(101120109) 20250726 的天气数据...
2025-07-28 16:49:44,099 - INFO - ✅ 成功获取槐荫天气数据，共 24 条记录
2025-07-28 16:49:44,110 - INFO - ✅ 槐荫 20250726 历史数据保存成功
2025-07-28 16:49:44,614 - INFO - 正在获取 天桥(101120110) 20250726 的天气数据...
2025-07-28 16:49:45,018 - INFO - ✅ 成功获取天桥天气数据，共 24 条记录
2025-07-28 16:49:45,033 - INFO - ✅ 天桥 20250726 历史数据保存成功
2025-07-28 16:49:45,536 - INFO - 正在获取 历城(101120111) 20250726 的天气数据...
2025-07-28 16:49:45,932 - INFO - ✅ 成功获取历城天气数据，共 24 条记录
2025-07-28 16:49:45,945 - INFO - ✅ 历城 20250726 历史数据保存成功
2025-07-28 16:49:46,450 - INFO - 正在获取 莱芜(101121601) 20250726 的天气数据...
2025-07-28 16:49:46,884 - INFO - ✅ 成功获取莱芜天气数据，共 24 条记录
2025-07-28 16:49:46,896 - INFO - ✅ 莱芜 20250726 历史数据保存成功
2025-07-28 16:49:47,401 - INFO - 正在获取 钢城(101121603) 20250726 的天气数据...
2025-07-28 16:49:47,853 - INFO - ✅ 成功获取钢城天气数据，共 24 条记录
2025-07-28 16:49:47,866 - INFO - ✅ 钢城 20250726 历史数据保存成功
2025-07-28 16:49:48,371 - INFO - 
📅 正在处理历史日期: 20250727
2025-07-28 16:49:48,372 - INFO - 正在获取 济南市(101120101) 20250727 的天气数据...
2025-07-28 16:49:48,771 - INFO - ✅ 成功获取济南市天气数据，共 24 条记录
2025-07-28 16:49:48,786 - ERROR - ❌ 济南市 20250727 历史数据保存失败
2025-07-28 16:49:49,291 - INFO - 正在获取 长清(101120102) 20250727 的天气数据...
2025-07-28 16:49:49,718 - INFO - ✅ 成功获取长清天气数据，共 24 条记录
2025-07-28 16:49:49,728 - INFO - ✅ 长清 20250727 历史数据保存成功
2025-07-28 16:49:50,233 - INFO - 正在获取 商河(101120103) 20250727 的天气数据...
2025-07-28 16:49:50,669 - INFO - ✅ 成功获取商河天气数据，共 24 条记录
2025-07-28 16:49:50,680 - INFO - ✅ 商河 20250727 历史数据保存成功
2025-07-28 16:49:51,184 - INFO - 正在获取 章丘(101120104) 20250727 的天气数据...
2025-07-28 16:49:51,601 - INFO - ✅ 成功获取章丘天气数据，共 24 条记录
2025-07-28 16:49:51,611 - INFO - ✅ 章丘 20250727 历史数据保存成功
2025-07-28 16:49:52,115 - INFO - 正在获取 平阴(101120105) 20250727 的天气数据...
2025-07-28 16:49:52,522 - INFO - ✅ 成功获取平阴天气数据，共 24 条记录
2025-07-28 16:49:52,533 - INFO - ✅ 平阴 20250727 历史数据保存成功
2025-07-28 16:49:53,035 - INFO - 正在获取 济阳(101120106) 20250727 的天气数据...
2025-07-28 16:49:53,441 - INFO - ✅ 成功获取济阳天气数据，共 24 条记录
2025-07-28 16:49:53,455 - INFO - ✅ 济阳 20250727 历史数据保存成功
2025-07-28 16:49:53,960 - INFO - 正在获取 历下(101120107) 20250727 的天气数据...
2025-07-28 16:49:54,372 - INFO - ✅ 成功获取历下天气数据，共 24 条记录
2025-07-28 16:49:54,382 - INFO - ✅ 历下 20250727 历史数据保存成功
2025-07-28 16:49:54,885 - INFO - 正在获取 市中(101120108) 20250727 的天气数据...
2025-07-28 16:49:55,314 - INFO - ✅ 成功获取市中天气数据，共 24 条记录
2025-07-28 16:49:55,326 - INFO - ✅ 市中 20250727 历史数据保存成功
2025-07-28 16:49:55,832 - INFO - 正在获取 槐荫(101120109) 20250727 的天气数据...
2025-07-28 16:49:56,244 - INFO - ✅ 成功获取槐荫天气数据，共 24 条记录
2025-07-28 16:49:56,256 - INFO - ✅ 槐荫 20250727 历史数据保存成功
2025-07-28 16:49:56,759 - INFO - 正在获取 天桥(101120110) 20250727 的天气数据...
2025-07-28 16:49:57,194 - INFO - ✅ 成功获取天桥天气数据，共 24 条记录
2025-07-28 16:49:57,206 - INFO - ✅ 天桥 20250727 历史数据保存成功
2025-07-28 16:49:57,711 - INFO - 正在获取 历城(101120111) 20250727 的天气数据...
2025-07-28 16:49:58,118 - INFO - ✅ 成功获取历城天气数据，共 24 条记录
2025-07-28 16:49:58,130 - INFO - ✅ 历城 20250727 历史数据保存成功
2025-07-28 16:49:58,635 - INFO - 正在获取 莱芜(101121601) 20250727 的天气数据...
2025-07-28 16:49:59,045 - INFO - ✅ 成功获取莱芜天气数据，共 24 条记录
2025-07-28 16:49:59,054 - INFO - ✅ 莱芜 20250727 历史数据保存成功
2025-07-28 16:49:59,558 - INFO - 正在获取 钢城(101121603) 20250727 的天气数据...
2025-07-28 16:49:59,980 - INFO - ✅ 成功获取钢城天气数据，共 24 条记录
2025-07-28 16:49:59,994 - INFO - ✅ 钢城 20250727 历史数据保存成功
2025-07-28 16:50:00,497 - INFO - 📅 历史数据收集完成: 成功120个，失败10个
2025-07-28 16:50:00,497 - INFO - ✅ 步骤3完成 - 成功120个，失败10个
2025-07-28 16:50:00,497 - INFO - 
🔄 步骤4: 更新每日汇总数据...
2025-07-28 16:50:00,497 - INFO - 📊 开始更新每日汇总数据...
2025-07-28 16:50:00,504 - INFO - ✅ 济南市每日汇总更新完成
2025-07-28 16:50:00,515 - INFO - ✅ 区县每日汇总更新完成
2025-07-28 16:50:00,515 - INFO - ✅ 步骤4完成 - 每日汇总更新成功
2025-07-28 16:50:00,515 - INFO - 
🔄 步骤5: 生成统计报告...
2025-07-28 16:50:00,515 - INFO - 📊 获取数据库统计信息...
2025-07-28 16:50:00,552 - INFO - 📈 数据库统计信息:
2025-07-28 16:50:00,552 - INFO -    济南市数据:
2025-07-28 16:50:00,552 - INFO -      小时数据: 384 条
2025-07-28 16:50:00,552 - INFO -      每日数据: 16 条
2025-07-28 16:50:00,552 - INFO -      最新小时数据: 2025-07-27 23:00:00
2025-07-28 16:50:00,552 - INFO -      最新每日数据: 2025-07-27
2025-07-28 16:50:00,552 - INFO -    区县数据:
2025-07-28 16:50:00,552 - INFO -      小时数据: 2880 条
2025-07-28 16:50:00,552 - INFO -      每日数据: 120 条
2025-07-28 16:50:00,552 - INFO -      最新小时数据: 2025-07-27 23:00:00
2025-07-28 16:50:00,552 - INFO -      最新每日数据: 2025-07-27
2025-07-28 16:50:00,552 - INFO - ✅ 步骤5完成 - 统计报告生成成功
2025-07-28 16:50:00,552 - INFO - 
================================================================================
2025-07-28 16:50:00,552 - INFO - 🎉 历史气象数据收集完成！
2025-07-28 16:50:00,552 - INFO - 📊 执行结果:
2025-07-28 16:50:00,552 - INFO -    - 缺失区县数据收集: 成功110个，失败66个
2025-07-28 16:50:00,552 - INFO -    - 历史10天数据收集: 成功120个，失败10个
2025-07-28 16:50:00,552 - INFO -    - 每日汇总更新: ✅
2025-07-28 16:50:00,552 - INFO -    - 统计报告: ✅
2025-07-28 16:50:00,552 - INFO - ================================================================================
