2025-08-07 18:21:17,375 - INFO - 🔄 开始重试失败地区数据收集
2025-08-07 18:21:17,375 - INFO - ============================================================
2025-08-07 18:21:17,375 - INFO - ⏰ 执行时间: 2025-08-07 18:21:17
2025-08-07 18:21:17,375 - INFO - 🎯 目标: 重试获取西林和隆林的天气数据
2025-08-07 18:21:17,375 - INFO - ============================================================
2025-08-07 18:21:17,375 - INFO - 
🔄 生成JWT Token...
2025-08-07 18:21:17,375 - INFO - 🔑 自动生成JWT Token...
2025-08-07 18:21:17,377 - INFO - ✅ JWT Token生成成功，有效期10小时
2025-08-07 18:21:17,377 - INFO - ✅ JWT Token生成成功
2025-08-07 18:21:17,377 - INFO - 
📅 处理日期: 2025-08-06
2025-08-07 18:21:17,377 - INFO - 🎯 重试地区: 2 个
2025-08-07 18:21:17,377 - INFO - 
🔄 重试获取 西林(101301009) 的天气数据...
2025-08-07 18:21:17,377 - INFO - 正在获取 西林(101301009) 20250806 的天气数据...
2025-08-07 18:21:17,694 - INFO - ✅ 西林 成功获取 24 条小时记录和 1 条每日记录
2025-08-07 18:21:17,694 - INFO - 💾 开始保存天气数据到数据库...
2025-08-07 18:21:19,034 - ERROR - 数据库连接失败: (1045, "Access denied for user 'root'@'localhost' (using password: NO)")
2025-08-07 18:21:19,034 - ERROR - ❌ 数据库操作失败: (1045, "Access denied for user 'root'@'localhost' (using password: NO)")
2025-08-07 18:21:19,035 - WARNING - ⚠️ 西林 重试成功但保存失败
2025-08-07 18:21:21,040 - INFO - 
🔄 重试获取 隆林(101301008) 的天气数据...
2025-08-07 18:21:21,040 - INFO - 正在获取 隆林(101301008) 20250806 的天气数据...
2025-08-07 18:21:21,234 - INFO - ✅ 隆林 成功获取 24 条小时记录和 1 条每日记录
2025-08-07 18:21:21,235 - INFO - 💾 开始保存天气数据到数据库...
2025-08-07 18:21:21,236 - ERROR - 数据库连接失败: (1045, "Access denied for user 'root'@'localhost' (using password: NO)")
2025-08-07 18:21:21,236 - ERROR - ❌ 数据库操作失败: (1045, "Access denied for user 'root'@'localhost' (using password: NO)")
2025-08-07 18:21:21,236 - WARNING - ⚠️ 隆林 重试成功但保存失败
2025-08-07 18:21:23,241 - INFO - 
============================================================
2025-08-07 18:21:23,241 - INFO - 🎉 重试完成！
2025-08-07 18:21:23,242 - INFO - 📊 重试结果:
2025-08-07 18:21:23,242 - INFO -    ✅ 成功: 0 个地区
2025-08-07 18:21:23,242 - INFO -    ❌ 失败: 2 个地区
2025-08-07 18:21:23,242 - INFO -    📈 成功率: 0.0%
2025-08-07 18:21:23,242 - INFO - ============================================================
